2025-10-25T04:01:36.227Z - info: Website generation (lazy) started at 12:01:34
2025-10-25T04:01:36.910Z - warn: ENOENT: no such file or directory, open '/Users/damithch/Repos/nus-cs2103/cs2103-website-base/node_modules/.cache/gh-pages/https!github.com!nus-cs2103-AY2526S1!website.git/book/_markbind/variables.md'
2025-10-25T04:01:36.910Z - warn: ENOENT: no such file or directory, open '/Users/damithch/Repos/nus-cs2103/cs2103-website-base/node_modules/.cache/gh-pages/https!github.com!nus-cs2103-AY2526S1!website.git/_markbind/variables.md'
2025-10-25T04:01:36.931Z - info: Building assets...
2025-10-25T04:01:39.703Z - info: Assets built
2025-10-25T04:01:39.704Z - info: Generating landing page...
2025-10-25T04:01:40.703Z - info: Landing page built, other pages will be built as you navigate to them!
2025-10-25T04:01:40.775Z - info: Site data built
2025-10-25T04:01:40.775Z - info: Website generation (lazy) complete! Total build time: 5.892s
2025-10-25T04:01:40.787Z - info: Serving "/Users/damithch/Repos/nus-cs2103/cs2103-website-base/_site" at http://127.0.0.1:8080
2025-10-25T04:01:40.787Z - info: Press CTRL+C to stop ...
2025-10-25T04:03:19.039Z - info: [12:03:19] Reload for file change: /Users/damithch/Repos/nus-cs2103/cs2103-website-base/schedule/week11/notices-cs2103-fragment.md
2025-10-25T04:03:19.044Z - info: Synchronizing opened pages list before reload
2025-10-25T04:03:19.048Z - info: Current opened pages, from most-to-least recent:
2025-10-25T04:03:19.049Z - info: 1. index
2025-10-25T04:03:20.066Z - info: Rebuilding 1 pages
2025-10-25T04:03:20.740Z - info: Site data built
2025-10-25T04:03:20.740Z - info: Pages rebuilt
2025-10-25T04:03:20.740Z - info: Website regeneration complete! Total build time: 0.678s
2025-10-25T04:03:44.761Z - info: Building /Users/damithch/Repos/nus-cs2103/cs2103-website-base/admin/tp-ped as some of its dependencies were changed since the last visit
2025-10-25T04:03:45.760Z - info: Site data built
2025-10-25T04:03:45.760Z - info: Lazy website regeneration complete! Total build time: 0.999s
2025-10-25T04:06:11.873Z - info: [12:06:11] Reload for file change: /Users/damithch/Repos/nus-cs2103/cs2103-website-base/admin/tp-ped-fragment.md
2025-10-25T04:06:11.877Z - info: Synchronizing opened pages list before reload
2025-10-25T04:06:11.878Z - info: Current opened pages, from most-to-least recent:
2025-10-25T04:06:11.879Z - info: 1. admin/tp-ped
2025-10-25T04:06:12.889Z - info: Rebuilding 1 pages
2025-10-25T04:06:13.764Z - info: Site data built
2025-10-25T04:06:13.764Z - info: Pages rebuilt
2025-10-25T04:06:13.764Z - info: Website regeneration complete! Total build time: 0.877s
2025-10-25T04:06:31.300Z - info: [12:06:31] Reload for file change: /Users/damithch/Repos/nus-cs2103/cs2103-website-base/admin/tp-ped-fragment.md
2025-10-25T04:06:31.301Z - info: Synchronizing opened pages list before reload
2025-10-25T04:06:31.301Z - info: Current opened pages, from most-to-least recent:
2025-10-25T04:06:31.301Z - info: 1. admin/tp-ped
2025-10-25T04:06:32.318Z - info: Rebuilding 1 pages
2025-10-25T04:06:33.173Z - info: Site data built
2025-10-25T04:06:33.173Z - info: Pages rebuilt
2025-10-25T04:06:33.173Z - info: Website regeneration complete! Total build time: 0.857s
2025-10-25T04:07:24.941Z - info: [12:07:24] Reload for file change: /Users/damithch/Repos/nus-cs2103/cs2103-website-base/admin/tp-ped-fragment.md
2025-10-25T04:07:24.944Z - info: Synchronizing opened pages list before reload
2025-10-25T04:07:24.945Z - info: Current opened pages, from most-to-least recent:
2025-10-25T04:07:24.945Z - info: 1. admin/tp-ped
2025-10-25T04:07:25.951Z - info: Rebuilding 1 pages
2025-10-25T04:07:26.836Z - info: Site data built
2025-10-25T04:07:26.836Z - info: Pages rebuilt
2025-10-25T04:07:26.836Z - info: Website regeneration complete! Total build time: 0.888s
2025-10-25T04:09:05.932Z - info: [12:09:05] Reload for file change: /Users/damithch/Repos/nus-cs2103/cs2103-website-base/admin/tp-ped-fragment.md
2025-10-25T04:09:05.950Z - info: Synchronizing opened pages list before reload
2025-10-25T04:09:05.968Z - info: Current opened pages, from most-to-least recent:
2025-10-25T04:09:05.968Z - info: 1. admin/tp-ped
2025-10-25T04:09:06.981Z - info: Rebuilding 1 pages
2025-10-25T04:09:07.878Z - info: Site data built
2025-10-25T04:09:07.878Z - info: Pages rebuilt
2025-10-25T04:09:07.878Z - info: Website regeneration complete! Total build time: 0.9s
2025-10-25T04:09:41.860Z - info: [12:09:41] Reload for file change: /Users/damithch/Repos/nus-cs2103/cs2103-website-base/admin/tp-ped-fragment.md
2025-10-25T04:09:41.863Z - info: Synchronizing opened pages list before reload
2025-10-25T04:09:41.863Z - info: Current opened pages, from most-to-least recent:
2025-10-25T04:09:41.863Z - info: 1. admin/tp-ped
2025-10-25T04:09:42.872Z - info: Rebuilding 1 pages
2025-10-25T04:09:43.744Z - info: Site data built
2025-10-25T04:09:43.744Z - info: Pages rebuilt
2025-10-25T04:09:43.744Z - info: Website regeneration complete! Total build time: 0.875s
2025-10-25T04:12:46.274Z - info: [12:12:46] Reload for file change: /Users/damithch/Repos/nus-cs2103/cs2103-website-base/admin/tp-ped-fragment.md
2025-10-25T04:12:46.283Z - info: Synchronizing opened pages list before reload
2025-10-25T04:12:46.285Z - info: Current opened pages, from most-to-least recent:
2025-10-25T04:12:46.285Z - info: 1. admin/tp-ped
2025-10-25T04:12:47.298Z - info: Rebuilding 1 pages
2025-10-25T04:12:48.214Z - info: Site data built
2025-10-25T04:12:48.214Z - info: Pages rebuilt
2025-10-25T04:12:48.214Z - info: Website regeneration complete! Total build time: 0.92s
2025-10-25T04:13:55.791Z - info: [12:13:55] Reload for file change: /Users/damithch/Repos/nus-cs2103/cs2103-website-base/admin/tp-ped-fragment.md
2025-10-25T04:13:55.793Z - info: Synchronizing opened pages list before reload
2025-10-25T04:13:55.793Z - info: Current opened pages, from most-to-least recent:
2025-10-25T04:13:55.794Z - info: 1. admin/tp-ped
2025-10-25T04:13:56.801Z - info: Rebuilding 1 pages
2025-10-25T04:13:57.649Z - info: Site data built
2025-10-25T04:13:57.649Z - info: Pages rebuilt
2025-10-25T04:13:57.649Z - info: Website regeneration complete! Total build time: 0.851s
2025-10-25T04:15:57.229Z - info: [12:15:57] Reload for file change: /Users/damithch/Repos/nus-cs2103/cs2103-website-base/admin/tp-testing-fragment.md
2025-10-25T04:15:57.233Z - info: Synchronizing opened pages list before reload
2025-10-25T04:15:57.239Z - info: Current opened pages, from most-to-least recent:
2025-10-25T04:15:57.239Z - info: 1. admin/tp-ped
2025-10-25T04:15:58.245Z - info: Rebuilding 1 pages
2025-10-25T04:15:59.129Z - info: Site data built
2025-10-25T04:15:59.129Z - info: Pages rebuilt
2025-10-25T04:15:59.129Z - info: Website regeneration complete! Total build time: 0.886s
2025-10-25T04:18:41.301Z - info: [12:18:41] Reload for file change: /Users/damithch/Repos/nus-cs2103/cs2103-website-base/admin/tp-pe-fragment.md
2025-10-25T04:18:41.305Z - info: Synchronizing opened pages list before reload
2025-10-25T04:18:41.306Z - info: Current opened pages, from most-to-least recent:
2025-10-25T04:18:41.306Z - info: 1. admin/tp-ped
2025-10-25T04:18:42.313Z - info: Rebuilding 1 pages
2025-10-25T04:18:43.208Z - info: Site data built
2025-10-25T04:18:43.208Z - info: Pages rebuilt
2025-10-25T04:18:43.208Z - info: Website regeneration complete! Total build time: 0.896s
2025-10-25T04:19:46.143Z - info: [12:19:46] Reload for file change: /Users/damithch/Repos/nus-cs2103/cs2103-website-base/admin/tp-ped-fragment.md
2025-10-25T04:19:46.148Z - info: Synchronizing opened pages list before reload
2025-10-25T04:19:46.151Z - info: Current opened pages, from most-to-least recent:
2025-10-25T04:19:46.152Z - info: 1. admin/tp-ped
2025-10-25T04:19:47.160Z - info: Rebuilding 1 pages
2025-10-25T04:19:48.031Z - info: Site data built
2025-10-25T04:19:48.031Z - info: Pages rebuilt
2025-10-25T04:19:48.031Z - info: Website regeneration complete! Total build time: 0.873s
2025-10-25T04:22:14.440Z - info: [12:22:14] Reload for file change: /Users/damithch/Repos/nus-cs2103/cs2103-website-base/admin/tp-testing-fragment.md
2025-10-25T04:22:14.452Z - info: Synchronizing opened pages list before reload
2025-10-25T04:22:14.455Z - info: Current opened pages, from most-to-least recent:
2025-10-25T04:22:14.456Z - info: 1. admin/tp-ped
2025-10-25T04:22:15.467Z - info: Rebuilding 1 pages
2025-10-25T04:22:16.337Z - info: Site data built
2025-10-25T04:22:16.338Z - info: Pages rebuilt
2025-10-25T04:22:16.338Z - info: Website regeneration complete! Total build time: 0.875s
2025-10-25T04:23:02.701Z - info: Website generation started at 12:23:01
2025-10-25T04:23:03.083Z - warn: ENOENT: no such file or directory, open '/Users/damithch/Repos/nus-cs2103/cs2103-website-base/node_modules/.cache/gh-pages/https!github.com!nus-cs2103-AY2526S1!website.git/book/_markbind/variables.md'
2025-10-25T04:23:03.083Z - warn: ENOENT: no such file or directory, open '/Users/damithch/Repos/nus-cs2103/cs2103-website-base/node_modules/.cache/gh-pages/https!github.com!nus-cs2103-AY2526S1!website.git/_markbind/variables.md'
2025-10-25T04:23:03.103Z - info: Building assets...
2025-10-25T04:23:06.365Z - info: Assets built
2025-10-25T04:23:06.366Z - info: Generating pages...
2025-10-25T04:23:12.247Z - debug:  
2025-10-25T04:23:12.247Z - debug:  
2025-10-25T04:23:12.247Z - debug:  
2025-10-25T04:23:15.525Z - debug:  
2025-10-25T04:23:15.525Z - debug:  
2025-10-25T04:23:15.525Z - debug:  
2025-10-25T04:23:15.526Z - debug:  
2025-10-25T04:23:15.526Z - debug:  
2025-10-25T04:23:15.526Z - debug:  
2025-10-25T04:23:15.526Z - debug:  
2025-10-25T04:23:15.526Z - debug:  
2025-10-25T04:23:15.526Z - debug:  
2025-10-25T04:23:18.574Z - debug:  
2025-10-25T04:23:18.576Z - debug:  
2025-10-25T04:23:18.604Z - debug:  
2025-10-25T04:23:18.604Z - debug:  
2025-10-25T04:23:18.633Z - debug:  
2025-10-25T04:23:18.678Z - debug:  
2025-10-25T04:23:27.560Z - debug:  
2025-10-25T04:24:29.223Z - debug:  
2025-10-25T04:24:41.326Z - debug:  
2025-10-25T04:24:41.342Z - debug:  
2025-10-25T04:24:51.114Z - info: Pages built
2025-10-25T04:24:51.197Z - info: Site data built
2025-10-25T04:24:51.197Z - info: Website generation complete! Total build time: 109.596s
2025-10-25T04:24:51.197Z - info: Build success!
2025-10-25T04:25:17.902Z - info: The website has been deployed at: https://nus-cs2103-ay2526s1.github.io/website
2025-10-25T04:32:05.310Z - info: Website generation (lazy) started at 12:32:03
2025-10-25T04:32:05.754Z - warn: ENOENT: no such file or directory, open '/Users/damithch/Repos/nus-cs2103/cs2103-website-base/node_modules/.cache/gh-pages/https!github.com!nus-cs2103-AY2526S1!website.git/book/_markbind/variables.md'
2025-10-25T04:32:05.754Z - warn: ENOENT: no such file or directory, open '/Users/damithch/Repos/nus-cs2103/cs2103-website-base/node_modules/.cache/gh-pages/https!github.com!nus-cs2103-AY2526S1!website.git/_markbind/variables.md'
2025-10-25T04:32:05.775Z - info: Building assets...
2025-10-25T04:32:08.590Z - info: Assets built
2025-10-25T04:32:08.590Z - info: Generating landing page...
2025-10-25T04:32:10.133Z - info: Landing page built, other pages will be built as you navigate to them!
2025-10-25T04:32:10.220Z - info: Site data built
2025-10-25T04:32:10.220Z - info: Website generation (lazy) complete! Total build time: 6.309s
2025-10-25T04:32:10.240Z - info: Serving "/Users/damithch/Repos/nus-cs2103/cs2103-website-base/_site" at http://127.0.0.1:8080
2025-10-25T04:32:10.240Z - info: Press CTRL+C to stop ...
2025-10-25T04:34:21.942Z - info: [12:34:21] Reload for file change: /Users/damithch/Repos/nus-cs2103/cs2103-website-base/admin/tp-testing-fragment.md
2025-10-25T04:34:21.946Z - info: Synchronizing opened pages list before reload
2025-10-25T04:34:21.947Z - info: Current opened pages, from most-to-least recent:
2025-10-25T04:34:21.947Z - info: 1. index
2025-10-25T04:34:21.951Z - info: [12:34:21] Reload for file change: /Users/damithch/Repos/nus-cs2103/cs2103-website-base/admin/tp-ped-fragment.md
2025-10-25T04:34:21.951Z - info: Synchronizing opened pages list before reload
2025-10-25T04:34:21.952Z - info: Current opened pages, from most-to-least recent:
2025-10-25T04:34:21.952Z - info: 1. index
2025-10-25T04:34:22.963Z - info: Assets built
2025-10-25T04:34:26.624Z - info: Building /Users/damithch/Repos/nus-cs2103/cs2103-website-base/admin/tp-ped as some of its dependencies were changed since the last visit
2025-10-25T04:34:27.875Z - info: Site data built
2025-10-25T04:34:27.875Z - info: Lazy website regeneration complete! Total build time: 1.251s
2025-10-25T04:35:06.299Z - info: [12:35:06] Reload for file change: /Users/damithch/Repos/nus-cs2103/cs2103-website-base/admin/tp-testing-fragment.md
2025-10-25T04:35:06.301Z - info: Synchronizing opened pages list before reload
2025-10-25T04:35:06.302Z - info: Current opened pages, from most-to-least recent:
2025-10-25T04:35:06.303Z - info: 1. admin/tp-ped
2025-10-25T04:35:07.314Z - info: Rebuilding 1 pages
2025-10-25T04:35:08.233Z - info: Site data built
2025-10-25T04:35:08.233Z - info: Pages rebuilt
2025-10-25T04:35:08.233Z - info: Website regeneration complete! Total build time: 0.921s
2025-10-25T04:35:32.818Z - info: [12:35:32] Reload for file change: /Users/damithch/Repos/nus-cs2103/cs2103-website-base/admin/tp-ped-fragment.md
2025-10-25T04:35:32.819Z - info: Synchronizing opened pages list before reload
2025-10-25T04:35:32.819Z - info: Current opened pages, from most-to-least recent:
2025-10-25T04:35:32.819Z - info: 1. admin/tp-ped
2025-10-25T04:35:33.836Z - info: Rebuilding 1 pages
2025-10-25T04:35:34.649Z - info: Site data built
2025-10-25T04:35:34.649Z - info: Pages rebuilt
2025-10-25T04:35:34.649Z - info: Website regeneration complete! Total build time: 0.815s
2025-10-25T04:36:05.423Z - info: [12:36:05] Reload for file change: /Users/damithch/Repos/nus-cs2103/cs2103-website-base/admin/tp-testing-fragment.md
2025-10-25T04:36:05.424Z - info: Synchronizing opened pages list before reload
2025-10-25T04:36:05.425Z - info: Current opened pages, from most-to-least recent:
2025-10-25T04:36:05.425Z - info: 1. admin/tp-ped
2025-10-25T04:36:06.432Z - info: Rebuilding 1 pages
2025-10-25T04:36:07.282Z - info: Site data built
2025-10-25T04:36:07.282Z - info: Pages rebuilt
2025-10-25T04:36:07.282Z - info: Website regeneration complete! Total build time: 0.853s
2025-10-25T04:37:08.293Z - info: [12:37:08] Reload for file change: /Users/damithch/Repos/nus-cs2103/cs2103-website-base/admin/tp-ped-fragment.md
2025-10-25T04:37:08.295Z - info: Synchronizing opened pages list before reload
2025-10-25T04:37:08.295Z - info: Current opened pages, from most-to-least recent:
2025-10-25T04:37:08.296Z - info: 1. admin/tp-ped
2025-10-25T04:37:09.308Z - info: Rebuilding 1 pages
2025-10-25T04:37:10.125Z - info: Site data built
2025-10-25T04:37:10.126Z - info: Pages rebuilt
2025-10-25T04:37:10.126Z - info: Website regeneration complete! Total build time: 0.82s
2025-10-25T04:39:29.621Z - info: [12:39:29] Reload for file change: /Users/damithch/Repos/nus-cs2103/cs2103-website-base/admin/tp-ped-fragment.md
2025-10-25T04:39:29.622Z - info: Synchronizing opened pages list before reload
2025-10-25T04:39:29.623Z - info: Current opened pages, from most-to-least recent:
2025-10-25T04:39:29.623Z - info: 1. admin/tp-ped
2025-10-25T04:39:30.637Z - info: Rebuilding 1 pages
2025-10-25T04:39:31.535Z - info: Site data built
2025-10-25T04:39:31.535Z - info: Pages rebuilt
2025-10-25T04:39:31.535Z - info: Website regeneration complete! Total build time: 0.9s
2025-10-25T04:40:41.646Z - info: [12:40:41] Reload for file change: /Users/damithch/Repos/nus-cs2103/cs2103-website-base/admin/tp-ped-fragment.md
2025-10-25T04:40:41.650Z - info: Synchronizing opened pages list before reload
2025-10-25T04:40:41.651Z - info: Current opened pages, from most-to-least recent:
2025-10-25T04:40:41.651Z - info: 1. admin/tp-ped
2025-10-25T04:40:42.658Z - info: Rebuilding 1 pages
2025-10-25T04:40:43.502Z - info: Site data built
2025-10-25T04:40:43.502Z - info: Pages rebuilt
2025-10-25T04:40:43.502Z - info: Website regeneration complete! Total build time: 0.848s
2025-10-25T04:40:58.335Z - info: [12:40:58] Reload for file change: /Users/damithch/Repos/nus-cs2103/cs2103-website-base/admin/tp-testing-fragment.md
2025-10-25T04:40:58.336Z - info: Synchronizing opened pages list before reload
2025-10-25T04:40:58.337Z - info: Current opened pages, from most-to-least recent:
2025-10-25T04:40:58.337Z - info: 1. admin/tp-ped
2025-10-25T04:40:59.345Z - info: Rebuilding 1 pages
2025-10-25T04:41:00.172Z - info: Site data built
2025-10-25T04:41:00.172Z - info: Pages rebuilt
2025-10-25T04:41:00.172Z - info: Website regeneration complete! Total build time: 0.83s
2025-10-25T04:43:44.427Z - info: [12:43:44] Reload for file change: /Users/damithch/Repos/nus-cs2103/cs2103-website-base/admin/tp-ped-fragment.md
2025-10-25T04:43:44.429Z - info: Synchronizing opened pages list before reload
2025-10-25T04:43:44.430Z - info: Current opened pages, from most-to-least recent:
2025-10-25T04:43:44.430Z - info: 1. admin/tp-ped
2025-10-25T04:43:44.523Z - info: [12:43:44] Reload for file change: /Users/damithch/Repos/nus-cs2103/cs2103-website-base/admin/tp-pe-fragment.md
2025-10-25T04:43:44.524Z - info: Synchronizing opened pages list before reload
2025-10-25T04:43:44.525Z - info: Current opened pages, from most-to-least recent:
2025-10-25T04:43:44.525Z - info: 1. admin/tp-ped
2025-10-25T04:43:45.437Z - info: Rebuilding 1 pages
2025-10-25T04:43:46.284Z - info: Site data built
2025-10-25T04:43:46.284Z - info: Pages rebuilt
2025-10-25T04:43:46.284Z - info: Website regeneration complete! Total build time: 0.85s
2025-10-25T04:44:05.465Z - info: Building /Users/damithch/Repos/nus-cs2103/cs2103-website-base/admin/tp-pe as some of its dependencies were changed since the last visit
2025-10-25T04:44:06.321Z - info: Site data built
2025-10-25T04:44:06.321Z - info: Lazy website regeneration complete! Total build time: 0.857s
2025-10-25T04:46:15.637Z - info: [12:46:15] Reload for file change: /Users/damithch/Repos/nus-cs2103/cs2103-website-base/admin/tp-pe-fragment.md
2025-10-25T04:46:15.639Z - info: Synchronizing opened pages list before reload
2025-10-25T04:46:15.641Z - info: Current opened pages, from most-to-least recent:
2025-10-25T04:46:15.641Z - info: 1. admin/tp-pe
2025-10-25T04:46:16.652Z - info: Rebuilding 1 pages
2025-10-25T04:46:17.520Z - info: Site data built
2025-10-25T04:46:17.520Z - info: Pages rebuilt
2025-10-25T04:46:17.520Z - info: Website regeneration complete! Total build time: 0.87s
2025-10-25T04:47:28.828Z - info: [12:47:28] Reload for file change: /Users/damithch/Repos/nus-cs2103/cs2103-website-base/admin/tp-pe-fragment.md
2025-10-25T04:47:28.829Z - info: Synchronizing opened pages list before reload
2025-10-25T04:47:28.831Z - info: Current opened pages, from most-to-least recent:
2025-10-25T04:47:28.831Z - info: 1. admin/tp-pe
2025-10-25T04:47:29.872Z - info: Rebuilding 1 pages
2025-10-25T04:47:30.739Z - info: Site data built
2025-10-25T04:47:30.739Z - info: Pages rebuilt
2025-10-25T04:47:30.739Z - info: Website regeneration complete! Total build time: 0.874s
2025-10-25T04:48:01.479Z - info: [12:48:01] Reload for file change: /Users/damithch/Repos/nus-cs2103/cs2103-website-base/admin/tp-ped-fragment.md
2025-10-25T04:48:01.480Z - info: Synchronizing opened pages list before reload
2025-10-25T04:48:01.482Z - info: Current opened pages, from most-to-least recent:
2025-10-25T04:48:01.482Z - info: 1. admin/tp-pe
2025-10-25T04:48:02.497Z - info: Rebuilding 1 pages
2025-10-25T04:48:03.430Z - info: Site data built
2025-10-25T04:48:03.430Z - info: Pages rebuilt
2025-10-25T04:48:03.430Z - info: Website regeneration complete! Total build time: 0.939s
2025-10-25T04:49:56.224Z - info: [12:49:56] Reload for file change: /Users/damithch/Repos/nus-cs2103/cs2103-website-base/admin/tp-ped-fragment.md
2025-10-25T04:49:56.226Z - info: Synchronizing opened pages list before reload
2025-10-25T04:49:56.228Z - info: Current opened pages, from most-to-least recent:
2025-10-25T04:49:56.228Z - info: 1. admin/tp-pe
2025-10-25T04:49:57.236Z - info: Rebuilding 1 pages
2025-10-25T04:49:58.090Z - info: Site data built
2025-10-25T04:49:58.090Z - info: Pages rebuilt
2025-10-25T04:49:58.090Z - info: Website regeneration complete! Total build time: 0.857s
2025-10-25T04:51:56.575Z - info: [12:51:56] Reload for file change: /Users/damithch/Repos/nus-cs2103/cs2103-website-base/admin/tp-ped-fragment.md
2025-10-25T04:51:56.576Z - info: Synchronizing opened pages list before reload
2025-10-25T04:51:56.576Z - info: Current opened pages, from most-to-least recent:
2025-10-25T04:51:56.576Z - info: 1. admin/tp-pe
2025-10-25T04:51:57.584Z - info: Rebuilding 1 pages
2025-10-25T04:51:58.452Z - info: Site data built
2025-10-25T04:51:58.452Z - info: Pages rebuilt
2025-10-25T04:51:58.452Z - info: Website regeneration complete! Total build time: 0.872s
2025-10-25T04:53:27.021Z - info: [12:53:27] Reload for file change: /Users/damithch/Repos/nus-cs2103/cs2103-website-base/admin/tp-pe-fragment.md
2025-10-25T04:53:27.024Z - info: Synchronizing opened pages list before reload
2025-10-25T04:53:27.025Z - info: Current opened pages, from most-to-least recent:
2025-10-25T04:53:27.025Z - info: 1. admin/tp-pe
2025-10-25T04:53:28.032Z - info: Rebuilding 1 pages
2025-10-25T04:53:28.962Z - info: Site data built
2025-10-25T04:53:28.962Z - info: Pages rebuilt
2025-10-25T04:53:28.962Z - info: Website regeneration complete! Total build time: 0.932s
2025-10-25T04:54:36.857Z - info: [12:54:36] Reload for file change: /Users/damithch/Repos/nus-cs2103/cs2103-website-base/admin/tp-pe-fragment.md
2025-10-25T04:54:36.862Z - info: Synchronizing opened pages list before reload
2025-10-25T04:54:36.866Z - info: Current opened pages, from most-to-least recent:
2025-10-25T04:54:36.866Z - info: 1. admin/tp-pe
2025-10-25T04:54:37.876Z - info: Rebuilding 1 pages
2025-10-25T04:54:38.851Z - info: Site data built
2025-10-25T04:54:38.851Z - info: Pages rebuilt
2025-10-25T04:54:38.851Z - info: Website regeneration complete! Total build time: 0.977s
2025-10-25T04:55:08.571Z - info: [12:55:08] Reload for file change: /Users/damithch/Repos/nus-cs2103/cs2103-website-base/admin/tp-pe-fragment.md
2025-10-25T04:55:08.573Z - info: Synchronizing opened pages list before reload
2025-10-25T04:55:08.574Z - info: Current opened pages, from most-to-least recent:
2025-10-25T04:55:08.574Z - info: 1. admin/tp-pe
2025-10-25T04:55:09.579Z - info: Rebuilding 1 pages
2025-10-25T04:55:10.396Z - info: Site data built
2025-10-25T04:55:10.396Z - info: Pages rebuilt
2025-10-25T04:55:10.396Z - info: Website regeneration complete! Total build time: 0.819s
2025-10-25T04:57:03.601Z - info: Website generation started at 12:57:02
2025-10-25T04:57:04.040Z - warn: ENOENT: no such file or directory, open '/Users/damithch/Repos/nus-cs2103/cs2103-website-base/node_modules/.cache/gh-pages/https!github.com!nus-cs2103-AY2526S1!website.git/book/_markbind/variables.md'
2025-10-25T04:57:04.041Z - warn: ENOENT: no such file or directory, open '/Users/damithch/Repos/nus-cs2103/cs2103-website-base/node_modules/.cache/gh-pages/https!github.com!nus-cs2103-AY2526S1!website.git/_markbind/variables.md'
2025-10-25T04:57:04.060Z - info: Building assets...
