2025-10-29T04:20:46.697Z - info: Website generation started at 12:20:45
2025-10-29T04:20:47.310Z - warn: ENOENT: no such file or directory, open '/Users/damithch/Repos/nus-cs2103/cs2103-website-base/node_modules/.cache/gh-pages/https!github.com!nus-tic2002-AY2526S1!website.git/book/_markbind/variables.md'
2025-10-29T04:20:47.310Z - warn: ENOENT: no such file or directory, open '/Users/damithch/Repos/nus-cs2103/cs2103-website-base/node_modules/.cache/gh-pages/https!github.com!nus-tic2002-AY2526S1!website.git/_markbind/variables.md'
2025-10-29T04:20:47.407Z - info: Building assets...
2025-10-29T04:20:51.320Z - info: Assets built
2025-10-29T04:20:51.322Z - info: Generating pages...
2025-10-29T04:20:58.777Z - debug:  
2025-10-29T04:20:58.778Z - debug:  
2025-10-29T04:20:58.778Z - debug:  
2025-10-29T04:21:01.826Z - debug:  
2025-10-29T04:21:01.826Z - debug:  
2025-10-29T04:21:01.826Z - debug:  
2025-10-29T04:21:01.826Z - debug:  
2025-10-29T04:21:01.826Z - debug:  
2025-10-29T04:21:01.826Z - debug:  
2025-10-29T04:21:01.826Z - debug:  
2025-10-29T04:21:01.826Z - debug:  
2025-10-29T04:21:01.826Z - debug:  
2025-10-29T04:21:04.133Z - debug:  
2025-10-29T04:21:04.190Z - debug:  
2025-10-29T04:21:04.272Z - debug:  
2025-10-29T04:21:04.345Z - debug:  
2025-10-29T04:21:04.395Z - debug:  
2025-10-29T04:21:04.395Z - debug:  
2025-10-29T04:21:14.303Z - debug:  
2025-10-29T04:22:13.471Z - debug:  
2025-10-29T04:22:26.031Z - debug:  
2025-10-29T04:22:26.037Z - debug:  
2025-10-29T04:22:35.894Z - info: Pages built
2025-10-29T04:22:35.971Z - info: Site data built
2025-10-29T04:22:35.971Z - info: Website generation complete! Total build time: 110.574s
2025-10-29T04:22:35.971Z - info: Build success!
2025-10-29T04:23:01.903Z - info: The website has been deployed at: https://nus-cs2103-ay2526s1.github.io/website
