2025-08-17T06:39:01.543Z - info: Website generation (lazy) started at 14:39:00
2025-08-17T06:39:02.034Z - warn: ENOENT: no such file or directory, open '/Users/damithch/Repos/nus-cs2103/cs2103-website-base/node_modules/.cache/gh-pages/https!github.com!nus-cs2103-AY2526S1!website.git/book/_markbind/variables.md'
2025-08-17T06:39:02.034Z - warn: ENOENT: no such file or directory, open '/Users/damithch/Repos/nus-cs2103/cs2103-website-base/node_modules/.cache/gh-pages/https!github.com!nus-cs2103-AY2526S1!website.git/_markbind/variables.md'
2025-08-17T06:39:02.053Z - info: Building assets...
2025-08-17T06:39:04.666Z - info: Assets built
2025-08-17T06:39:04.667Z - info: Generating landing page...
2025-08-17T06:39:05.030Z - info: Landing page built, other pages will be built as you navigate to them!
2025-08-17T06:39:05.101Z - info: Site data built
2025-08-17T06:39:05.101Z - info: Website generation (lazy) complete! Total build time: 4.672s
2025-08-17T06:39:05.109Z - info: Serving "/Users/damithch/Repos/nus-cs2103/cs2103-website-base/_site" at http://127.0.0.1:8080
2025-08-17T06:39:05.109Z - info: Press CTRL+C to stop ...
2025-08-17T06:39:10.748Z - info: Building /Users/damithch/Repos/nus-cs2103/cs2103-website-base/schedule/week1/topics as some of its dependencies were changed since the last visit
2025-08-17T06:39:13.150Z - debug:  
2025-08-17T06:39:13.310Z - info: Site data built
2025-08-17T06:39:13.310Z - info: Lazy website regeneration complete! Total build time: 2.563s
2025-08-17T06:40:06.708Z - info: [14:40:06] Reload for file change: /Users/damithch/Repos/nus-cs2103/cs2103-website-base/book/gitAndGithub/gitPrep/text.md
2025-08-17T06:40:06.711Z - info: Synchronizing opened pages list before reload
2025-08-17T06:40:06.713Z - info: Current opened pages, from most-to-least recent:
2025-08-17T06:40:06.714Z - info: 1. schedule/week1/topics
2025-08-17T06:40:07.722Z - info: Rebuilding 1 pages
2025-08-17T06:40:09.344Z - info: Site data built
2025-08-17T06:40:09.344Z - info: Pages rebuilt
2025-08-17T06:40:09.344Z - info: Website regeneration complete! Total build time: 1.625s
2025-08-17T06:40:27.927Z - info: Website generation started at 14:40:27
2025-08-17T06:40:28.238Z - warn: ENOENT: no such file or directory, open '/Users/damithch/Repos/nus-cs2103/cs2103-website-base/node_modules/.cache/gh-pages/https!github.com!nus-cs2103-AY2526S1!website.git/book/_markbind/variables.md'
2025-08-17T06:40:28.239Z - warn: ENOENT: no such file or directory, open '/Users/damithch/Repos/nus-cs2103/cs2103-website-base/node_modules/.cache/gh-pages/https!github.com!nus-cs2103-AY2526S1!website.git/_markbind/variables.md'
2025-08-17T06:40:28.258Z - info: Building assets...
