2025-09-10T10:05:29.870Z - info: Website generation (lazy) started at 18:05:28
2025-09-10T10:05:30.565Z - warn: ENOENT: no such file or directory, open '/Users/damithch/Repos/nus-cs2103/cs2103-website-base/node_modules/.cache/gh-pages/https!github.com!nus-tic2002-AY2526S1!website.git/book/_markbind/variables.md'
2025-09-10T10:05:30.565Z - warn: ENOENT: no such file or directory, open '/Users/damithch/Repos/nus-cs2103/cs2103-website-base/node_modules/.cache/gh-pages/https!github.com!nus-tic2002-AY2526S1!website.git/_markbind/variables.md'
2025-09-10T10:05:30.585Z - info: Building assets...
2025-09-10T10:05:33.085Z - info: Assets built
2025-09-10T10:05:33.086Z - info: Generating landing page...
2025-09-10T10:05:33.671Z - info: Landing page built, other pages will be built as you navigate to them!
2025-09-10T10:05:33.747Z - info: Site data built
2025-09-10T10:05:33.747Z - info: Website generation (lazy) complete! Total build time: 5.559s
2025-09-10T10:05:33.757Z - info: Serving "/Users/damithch/Repos/nus-cs2103/cs2103-website-base/_site" at http://127.0.0.1:8080
2025-09-10T10:05:33.757Z - info: Press CTRL+C to stop ...
2025-09-10T10:05:58.414Z - info: Building /Users/damithch/Repos/nus-cs2103/cs2103-website-base/schedule/week5/project as some of its dependencies were changed since the last visit
2025-09-10T10:05:59.437Z - info: Site data built
2025-09-10T10:05:59.437Z - info: Lazy website regeneration complete! Total build time: 1.023s
2025-09-10T10:08:29.865Z - info: [18:08:29] Reload for file change: /Users/damithch/Repos/nus-cs2103/cs2103-website-base/admin/tp-tasks-fragment.md
2025-09-10T10:08:29.877Z - info: Synchronizing opened pages list before reload
2025-09-10T10:08:29.878Z - info: Current opened pages, from most-to-least recent:
2025-09-10T10:08:29.878Z - info: 1. schedule/week5/project
2025-09-10T10:08:30.889Z - info: Rebuilding 1 pages
2025-09-10T10:08:31.889Z - info: Site data built
2025-09-10T10:08:31.889Z - info: Pages rebuilt
2025-09-10T10:08:31.890Z - info: Website regeneration complete! Total build time: 1.003s
2025-09-10T10:09:03.165Z - info: [18:09:03] Reload for file change: /Users/damithch/Repos/nus-cs2103/cs2103-website-base/admin/tp-tasks-fragment.md
2025-09-10T10:09:03.167Z - info: Synchronizing opened pages list before reload
2025-09-10T10:09:03.169Z - info: Current opened pages, from most-to-least recent:
2025-09-10T10:09:03.169Z - info: 1. schedule/week5/project
2025-09-10T10:09:04.178Z - info: Rebuilding 1 pages
2025-09-10T10:09:05.151Z - info: Site data built
2025-09-10T10:09:05.151Z - info: Pages rebuilt
2025-09-10T10:09:05.151Z - info: Website regeneration complete! Total build time: 0.975s
2025-09-10T10:10:46.693Z - info: [18:10:46] Reload for file change: /Users/damithch/Repos/nus-cs2103/cs2103-website-base/admin/tp-tasks-fragment.md
2025-09-10T10:10:46.695Z - info: Synchronizing opened pages list before reload
2025-09-10T10:10:46.696Z - info: Current opened pages, from most-to-least recent:
2025-09-10T10:10:46.696Z - info: 1. schedule/week5/project
2025-09-10T10:10:47.714Z - info: Rebuilding 1 pages
2025-09-10T10:10:48.661Z - info: Site data built
2025-09-10T10:10:48.661Z - info: Pages rebuilt
2025-09-10T10:10:48.661Z - info: Website regeneration complete! Total build time: 0.948s
2025-09-10T14:52:14.660Z - info: Website generation (lazy) started at 22:52:13
2025-09-10T14:52:15.483Z - warn: ENOENT: no such file or directory, open '/Users/damithch/Repos/nus-cs2103/cs2103-website-base/node_modules/.cache/gh-pages/https!github.com!nus-tic2002-AY2526S1!website.git/book/_markbind/variables.md'
2025-09-10T14:52:15.484Z - warn: ENOENT: no such file or directory, open '/Users/damithch/Repos/nus-cs2103/cs2103-website-base/node_modules/.cache/gh-pages/https!github.com!nus-tic2002-AY2526S1!website.git/_markbind/variables.md'
2025-09-10T14:52:15.537Z - info: Building assets...
2025-09-10T14:52:19.373Z - info: Assets built
2025-09-10T14:52:19.373Z - info: Generating landing page...
2025-09-10T14:52:19.888Z - info: Landing page built, other pages will be built as you navigate to them!
2025-09-10T14:52:19.959Z - info: Site data built
2025-09-10T14:52:19.959Z - info: Website generation (lazy) complete! Total build time: 6.575s
2025-09-10T14:52:19.968Z - info: Serving "/Users/damithch/Repos/nus-cs2103/cs2103-website-base/_site" at http://127.0.0.1:8080
2025-09-10T14:52:19.968Z - info: Press CTRL+C to stop ...
2025-09-10T15:51:03.197Z - info: Building /Users/damithch/Repos/nus-cs2103/cs2103-website-base/schedule/week6/index as some of its dependencies were changed since the last visit
2025-09-10T15:51:03.700Z - info: Site data built
2025-09-10T15:51:03.700Z - info: Lazy website regeneration complete! Total build time: 0.504s
2025-09-10T15:51:08.282Z - info: Building /Users/damithch/Repos/nus-cs2103/cs2103-website-base/schedule/week6/admin as some of its dependencies were changed since the last visit
2025-09-10T15:51:08.491Z - info: Site data built
2025-09-10T15:51:08.491Z - info: Lazy website regeneration complete! Total build time: 0.209s
2025-09-10T15:51:16.765Z - info: Building /Users/damithch/Repos/nus-cs2103/cs2103-website-base/schedule/week6/topics as some of its dependencies were changed since the last visit
2025-09-10T15:51:18.727Z - debug:  
2025-09-10T15:51:18.727Z - debug:  
2025-09-10T15:51:18.852Z - info: Site data built
2025-09-10T15:51:18.852Z - info: Lazy website regeneration complete! Total build time: 2.087s
2025-09-10T15:51:55.744Z - info: Building /Users/damithch/Repos/nus-cs2103/cs2103-website-base/schedule/week6/project as some of its dependencies were changed since the last visit
2025-09-10T15:51:57.122Z - info: Site data built
2025-09-10T15:51:57.122Z - info: Lazy website regeneration complete! Total build time: 1.379s
