2025-06-29T16:03:54.809Z - info: [00:03:54] Reload for file change: /Users/damithch/Repos/nus-cs2103/cs2103-website-base/book/gitAndGithub/checkout/text.md
2025-06-29T16:03:54.821Z - info: Synchronizing opened pages list before reload
2025-06-29T16:03:54.822Z - info: Current opened pages, from most-to-least recent:
2025-06-29T16:03:54.822Z - info: 1. book/gitAndGithub/checkout/index
2025-06-29T16:03:55.833Z - info: Rebuilding 1 pages
2025-06-29T16:03:55.916Z - info: Site data built
2025-06-29T16:03:55.916Z - info: Pages rebuilt
2025-06-29T16:03:55.916Z - info: Website regeneration complete! Total build time: 0.09s
2025-06-29T16:04:50.680Z - info: [00:04:50] Reload for file change: /Users/damithch/Repos/nus-cs2103/cs2103-website-base/book/gitAndGithub/checkout/text.md
2025-06-29T16:04:50.681Z - info: Synchronizing opened pages list before reload
2025-06-29T16:04:50.681Z - info: Current opened pages, from most-to-least recent:
2025-06-29T16:04:50.682Z - info: 1. book/gitAndGithub/checkout/index
2025-06-29T16:04:51.699Z - info: Rebuilding 1 pages
2025-06-29T16:04:51.779Z - info: Site data built
2025-06-29T16:04:51.779Z - info: Pages rebuilt
2025-06-29T16:04:51.779Z - info: Website regeneration complete! Total build time: 0.083s
2025-06-29T16:09:02.174Z - info: [00:09:02] Reload for file change: /Users/damithch/Repos/nus-cs2103/cs2103-website-base/book/gitAndGithub/checkout/text.md
2025-06-29T16:09:02.175Z - info: Synchronizing opened pages list before reload
2025-06-29T16:09:02.175Z - info: Current opened pages, from most-to-least recent:
2025-06-29T16:09:02.175Z - info: 1. book/gitAndGithub/checkout/index
2025-06-29T16:09:03.190Z - info: Rebuilding 1 pages
2025-06-29T16:09:03.261Z - info: Site data built
2025-06-29T16:09:03.261Z - info: Pages rebuilt
2025-06-29T16:09:03.261Z - info: Website regeneration complete! Total build time: 0.074s
2025-06-29T16:10:19.751Z - info: [00:10:19] Reload for file change: /Users/damithch/Repos/nus-cs2103/cs2103-website-base/book/gitAndGithub/checkout/text.md
2025-06-29T16:10:19.752Z - info: Synchronizing opened pages list before reload
2025-06-29T16:10:19.752Z - info: Current opened pages, from most-to-least recent:
2025-06-29T16:10:19.753Z - info: 1. book/gitAndGithub/checkout/index
2025-06-29T16:10:20.763Z - info: Rebuilding 1 pages
2025-06-29T16:10:20.829Z - info: Site data built
2025-06-29T16:10:20.829Z - info: Pages rebuilt
2025-06-29T16:10:20.829Z - info: Website regeneration complete! Total build time: 0.069s
2025-06-29T16:10:54.657Z - info: [00:10:54] Reload for file change: /Users/damithch/Repos/nus-cs2103/cs2103-website-base/book/gitAndGithub/checkout/text.md
2025-06-29T16:10:54.657Z - info: Synchronizing opened pages list before reload
2025-06-29T16:10:54.657Z - info: Current opened pages, from most-to-least recent:
2025-06-29T16:10:54.657Z - info: 1. book/gitAndGithub/checkout/index
2025-06-29T16:10:55.660Z - info: Rebuilding 1 pages
2025-06-29T16:10:55.746Z - info: Site data built
2025-06-29T16:10:55.746Z - info: Pages rebuilt
2025-06-29T16:10:55.746Z - info: Website regeneration complete! Total build time: 0.089s
2025-06-29T16:17:14.764Z - info: [00:17:14] Reload for file change: /Users/damithch/Repos/nus-cs2103/cs2103-website-base/book/gitAndGithub/checkout/text.md
2025-06-29T16:17:14.766Z - info: Synchronizing opened pages list before reload
2025-06-29T16:17:14.767Z - info: Current opened pages, from most-to-least recent:
2025-06-29T16:17:14.767Z - info: 1. book/gitAndGithub/checkout/index
2025-06-29T16:17:15.772Z - info: Rebuilding 1 pages
2025-06-29T16:17:15.849Z - info: Site data built
2025-06-29T16:17:15.849Z - info: Pages rebuilt
2025-06-29T16:17:15.849Z - info: Website regeneration complete! Total build time: 0.079s
2025-06-29T16:17:35.338Z - info: [00:17:35] Reload for file change: /Users/damithch/Repos/nus-cs2103/cs2103-website-base/book/gitAndGithub/checkout/text.md
2025-06-29T16:17:35.339Z - info: Synchronizing opened pages list before reload
2025-06-29T16:17:35.339Z - info: Current opened pages, from most-to-least recent:
2025-06-29T16:17:35.340Z - info: 1. book/gitAndGithub/checkout/index
2025-06-29T16:17:36.352Z - info: Rebuilding 1 pages
2025-06-29T16:17:36.424Z - info: Site data built
2025-06-29T16:17:36.425Z - info: Pages rebuilt
2025-06-29T16:17:36.425Z - info: Website regeneration complete! Total build time: 0.076s
2025-06-29T16:19:29.460Z - info: [00:19:29] Reload for file change: /Users/damithch/Repos/nus-cs2103/cs2103-website-base/book/gitAndGithub/checkout/text.md
2025-06-29T16:19:29.461Z - info: Synchronizing opened pages list before reload
2025-06-29T16:19:29.466Z - info: Current opened pages, from most-to-least recent:
2025-06-29T16:19:29.468Z - info: 1. book/gitAndGithub/checkout/index
2025-06-29T16:19:30.474Z - info: Rebuilding 1 pages
2025-06-29T16:19:30.561Z - info: Site data built
2025-06-29T16:19:30.561Z - info: Pages rebuilt
2025-06-29T16:19:30.561Z - info: Website regeneration complete! Total build time: 0.089s
2025-06-29T16:20:26.926Z - info: [00:20:26] Reload for file change: /Users/damithch/Repos/nus-cs2103/cs2103-website-base/book/gitAndGithub/checkout/text.md
2025-06-29T16:20:26.947Z - info: Synchronizing opened pages list before reload
2025-06-29T16:20:26.955Z - info: Current opened pages, from most-to-least recent:
2025-06-29T16:20:26.955Z - info: 1. book/gitAndGithub/checkout/index
2025-06-29T16:20:27.962Z - info: Rebuilding 1 pages
2025-06-29T16:20:28.050Z - info: Site data built
2025-06-29T16:20:28.051Z - info: Pages rebuilt
2025-06-29T16:20:28.051Z - info: Website regeneration complete! Total build time: 0.092s
2025-06-29T16:21:47.255Z - info: [00:21:47] Reload for file change: /Users/damithch/Repos/nus-cs2103/cs2103-website-base/book/gitAndGithub/checkout/text.md
2025-06-29T16:21:47.269Z - info: Synchronizing opened pages list before reload
2025-06-29T16:21:47.273Z - info: Current opened pages, from most-to-least recent:
2025-06-29T16:21:47.276Z - info: 1. book/gitAndGithub/checkout/index
2025-06-29T16:21:48.343Z - info: Rebuilding 1 pages
2025-06-29T16:21:48.435Z - info: Site data built
2025-06-29T16:21:48.435Z - info: Pages rebuilt
2025-06-29T16:21:48.435Z - info: Website regeneration complete! Total build time: 0.094s
2025-06-29T16:22:06.884Z - info: [00:22:06] Reload for file change: /Users/damithch/Repos/nus-cs2103/cs2103-website-base/book/gitAndGithub/checkout/text.md
2025-06-29T16:22:06.884Z - info: Synchronizing opened pages list before reload
2025-06-29T16:22:06.884Z - info: Current opened pages, from most-to-least recent:
2025-06-29T16:22:06.885Z - info: 1. book/gitAndGithub/checkout/index
2025-06-29T16:22:07.888Z - info: Rebuilding 1 pages
2025-06-29T16:22:07.970Z - info: Site data built
2025-06-29T16:22:07.971Z - info: Pages rebuilt
2025-06-29T16:22:07.971Z - info: Website regeneration complete! Total build time: 0.085s
2025-06-29T16:23:41.290Z - info: [00:23:41] Reload for file change: /Users/damithch/Repos/nus-cs2103/cs2103-website-base/book/gitAndGithub/checkout/text.md
2025-06-29T16:23:41.291Z - info: Synchronizing opened pages list before reload
2025-06-29T16:23:41.292Z - info: Current opened pages, from most-to-least recent:
2025-06-29T16:23:41.292Z - info: 1. book/gitAndGithub/checkout/index
2025-06-29T16:23:42.302Z - info: Rebuilding 1 pages
2025-06-29T16:23:42.382Z - info: Site data built
2025-06-29T16:23:42.382Z - info: Pages rebuilt
2025-06-29T16:23:42.382Z - info: Website regeneration complete! Total build time: 0.083s
2025-06-29T16:26:06.676Z - info: [00:26:06] Reload for file change: /Users/damithch/Repos/nus-cs2103/cs2103-website-base/book/gitAndGithub/checkout/text.md
2025-06-29T16:26:06.686Z - info: Synchronizing opened pages list before reload
2025-06-29T16:26:06.689Z - info: Current opened pages, from most-to-least recent:
2025-06-29T16:26:06.690Z - info: 1. book/gitAndGithub/checkout/index
2025-06-29T16:26:07.717Z - info: Rebuilding 1 pages
2025-06-29T16:26:07.805Z - info: Site data built
2025-06-29T16:26:07.805Z - info: Pages rebuilt
2025-06-29T16:26:07.805Z - info: Website regeneration complete! Total build time: 0.091s
2025-06-29T16:26:32.407Z - info: [00:26:32] Reload for file change: /Users/damithch/Repos/nus-cs2103/cs2103-website-base/book/gitAndGithub/checkout/text.md
2025-06-29T16:26:32.408Z - info: Synchronizing opened pages list before reload
2025-06-29T16:26:32.408Z - info: Current opened pages, from most-to-least recent:
2025-06-29T16:26:32.409Z - info: 1. book/gitAndGithub/checkout/index
2025-06-29T16:26:33.416Z - info: Rebuilding 1 pages
2025-06-29T16:26:33.508Z - info: Site data built
2025-06-29T16:26:33.508Z - info: Pages rebuilt
2025-06-29T16:26:33.508Z - info: Website regeneration complete! Total build time: 0.095s
2025-06-29T16:27:15.862Z - info: [00:27:15] Reload for file change: /Users/damithch/Repos/nus-cs2103/cs2103-website-base/book/gitAndGithub/checkout/text.md
2025-06-29T16:27:15.862Z - info: Synchronizing opened pages list before reload
2025-06-29T16:27:15.862Z - info: Current opened pages, from most-to-least recent:
2025-06-29T16:27:15.863Z - info: 1. book/gitAndGithub/checkout/index
2025-06-29T16:27:16.870Z - info: Rebuilding 1 pages
2025-06-29T16:27:16.960Z - info: Site data built
2025-06-29T16:27:16.960Z - info: Pages rebuilt
2025-06-29T16:27:16.960Z - info: Website regeneration complete! Total build time: 0.093s
2025-06-29T17:01:27.669Z - info: [01:01:27] Reload for file change: /Users/damithch/Repos/nus-cs2103/cs2103-website-base/book/gitAndGithub/checkout/text.md
2025-06-29T17:01:27.671Z - info: Synchronizing opened pages list before reload
2025-06-29T17:01:27.672Z - info: Current opened pages, from most-to-least recent:
2025-06-29T17:01:27.672Z - info: 1. book/gitAndGithub/checkout/index
2025-06-29T17:01:28.700Z - info: Rebuilding 1 pages
2025-06-29T17:01:28.771Z - info: Site data built
2025-06-29T17:01:28.771Z - info: Pages rebuilt
2025-06-29T17:01:28.772Z - info: Website regeneration complete! Total build time: 0.094s
