2025-10-02T03:40:52.252Z - info: Website generation (lazy) started at 11:40:50
2025-10-02T03:40:52.735Z - warn: ENOENT: no such file or directory, open '/Users/damithch/Repos/nus-cs2103/cs2103-website-base/node_modules/.cache/gh-pages/https!github.com!nus-cs2103-AY2526S1!website.git/book/_markbind/variables.md'
2025-10-02T03:40:52.735Z - warn: ENOENT: no such file or directory, open '/Users/damithch/Repos/nus-cs2103/cs2103-website-base/node_modules/.cache/gh-pages/https!github.com!nus-cs2103-AY2526S1!website.git/_markbind/variables.md'
2025-10-02T03:40:52.754Z - info: Building assets...
2025-10-02T03:40:55.438Z - info: Assets built
2025-10-02T03:40:55.439Z - info: Generating landing page...
2025-10-02T03:40:55.941Z - info: Landing page built, other pages will be built as you navigate to them!
2025-10-02T03:40:56.009Z - info: Site data built
2025-10-02T03:40:56.009Z - info: Website generation (lazy) complete! Total build time: 5.072s
2025-10-02T03:40:56.018Z - info: Serving "/Users/damithch/Repos/nus-cs2103/cs2103-website-base/_site" at http://127.0.0.1:8080
2025-10-02T03:40:56.018Z - info: Press CTRL+C to stop ...
2025-10-02T03:40:59.777Z - info: Building /Users/damithch/Repos/nus-cs2103/cs2103-website-base/schedule/week7/project as some of its dependencies were changed since the last visit
2025-10-02T03:41:00.915Z - info: Site data built
2025-10-02T03:41:00.915Z - info: Lazy website regeneration complete! Total build time: 1.139s
2025-10-02T03:41:30.067Z - info: [11:41:30] Reload for file change: /Users/damithch/Repos/nus-cs2103/cs2103-website-base/admin/appendixE-gitHub.md
2025-10-02T03:41:30.069Z - info: Synchronizing opened pages list before reload
2025-10-02T03:41:30.069Z - info: Current opened pages, from most-to-least recent:
2025-10-02T03:41:30.070Z - info: 1. schedule/week7/project
2025-10-02T03:41:31.076Z - info: Rebuilding 1 pages
2025-10-02T03:41:32.267Z - info: Site data built
2025-10-02T03:41:32.267Z - info: Pages rebuilt
2025-10-02T03:41:32.267Z - info: Website regeneration complete! Total build time: 1.194s
2025-10-02T03:42:50.839Z - info: [11:42:50] Reload for file change: /Users/damithch/Repos/nus-cs2103/cs2103-website-base/admin/tp-tasks-fragment.md
2025-10-02T03:42:50.843Z - info: Synchronizing opened pages list before reload
2025-10-02T03:42:50.844Z - info: Current opened pages, from most-to-least recent:
2025-10-02T03:42:50.845Z - info: 1. schedule/week7/project
2025-10-02T03:42:51.850Z - info: Rebuilding 1 pages
2025-10-02T03:42:53.065Z - info: Site data built
2025-10-02T03:42:53.065Z - info: Pages rebuilt
2025-10-02T03:42:53.065Z - info: Website regeneration complete! Total build time: 1.217s
2025-10-02T03:43:38.417Z - info: Website generation started at 11:43:37
2025-10-02T03:43:38.770Z - warn: ENOENT: no such file or directory, open '/Users/damithch/Repos/nus-cs2103/cs2103-website-base/node_modules/.cache/gh-pages/https!github.com!nus-cs2103-AY2526S1!website.git/book/_markbind/variables.md'
2025-10-02T03:43:38.770Z - warn: ENOENT: no such file or directory, open '/Users/damithch/Repos/nus-cs2103/cs2103-website-base/node_modules/.cache/gh-pages/https!github.com!nus-cs2103-AY2526S1!website.git/_markbind/variables.md'
2025-10-02T03:43:38.790Z - info: Building assets...
