2025-07-28T18:12:41.709Z - info: Website generation (lazy) started at 02:12:40
2025-07-28T18:12:42.338Z - warn: ENOENT: no such file or directory, open '/Users/damithch/Repos/nus-cs2103/cs2103-website-base/node_modules/.cache/gh-pages/https!github.com!nus-cs2103-AY2526S1!website.git/book/_markbind/variables.md'
2025-07-28T18:12:42.339Z - warn: ENOENT: no such file or directory, open '/Users/damithch/Repos/nus-cs2103/cs2103-website-base/node_modules/.cache/gh-pages/https!github.com!nus-cs2103-AY2526S1!website.git/_markbind/variables.md'
2025-07-28T18:12:42.359Z - info: Building assets...
2025-07-28T18:12:44.984Z - info: Assets built
2025-07-28T18:12:44.984Z - info: Generating landing page...
2025-07-28T18:12:45.230Z - info: Landing page built, other pages will be built as you navigate to them!
2025-07-28T18:12:45.309Z - info: Site data built
2025-07-28T18:12:45.309Z - info: Website generation (lazy) complete! Total build time: 4.855s
2025-07-28T18:12:45.322Z - info: Serving "/Users/damithch/Repos/nus-cs2103/cs2103-website-base/_site" at http://127.0.0.1:8080
2025-07-28T18:12:45.322Z - info: Press CTRL+C to stop ...
2025-07-28T18:19:43.196Z - info: Building /Users/damithch/Repos/nus-cs2103/cs2103-website-base/se-book-adapted/git-trail/index as some of its dependencies were changed since the last visit
2025-07-28T18:19:43.562Z - info: Site data built
2025-07-28T18:19:43.563Z - info: Lazy website regeneration complete! Total build time: 0.368s
2025-07-28T18:19:50.830Z - info: Building /Users/damithch/Repos/nus-cs2103/cs2103-website-base/book/gitAndGithub/gitPrep/index as some of its dependencies were changed since the last visit
2025-07-28T18:19:50.986Z - info: Site data built
2025-07-28T18:19:50.986Z - info: Lazy website regeneration complete! Total build time: 0.157s
2025-07-28T18:20:52.912Z - info: [02:20:52] Reload for file change: /Users/damithch/Repos/nus-cs2103/cs2103-website-base/book/gitAndGithub/gitPrep/text.md
2025-07-28T18:20:52.916Z - info: Synchronizing opened pages list before reload
2025-07-28T18:20:52.918Z - info: Current opened pages, from most-to-least recent:
2025-07-28T18:20:52.918Z - info: 1. book/gitAndGithub/gitPrep/index
2025-07-28T18:20:52.919Z - info: 2. se-book-adapted/git-trail/index
2025-07-28T18:20:53.933Z - info: Rebuilding 2 pages
2025-07-28T18:20:54.275Z - info: Site data built
2025-07-28T18:20:54.275Z - info: Pages rebuilt
2025-07-28T18:20:54.275Z - info: Website regeneration complete! Total build time: 0.345s
2025-07-28T18:23:06.522Z - info: [02:23:06] Reload for file change: /Users/damithch/Repos/nus-cs2103/cs2103-website-base/book/gitAndGithub/gitPrep/text.md
2025-07-28T18:23:06.523Z - info: Synchronizing opened pages list before reload
2025-07-28T18:23:06.524Z - info: Current opened pages, from most-to-least recent:
2025-07-28T18:23:06.525Z - info: 1. book/gitAndGithub/gitPrep/index
2025-07-28T18:23:07.535Z - info: Rebuilding 1 pages
2025-07-28T18:23:07.702Z - info: Site data built
2025-07-28T18:23:07.702Z - info: Pages rebuilt
2025-07-28T18:23:07.703Z - info: Website regeneration complete! Total build time: 0.171s
2025-07-28T18:23:56.692Z - info: Building /Users/damithch/Repos/nus-cs2103/cs2103-website-base/se-book-adapted/git-trail/index as some of its dependencies were changed since the last visit
2025-07-28T18:23:56.994Z - info: Site data built
2025-07-28T18:23:56.994Z - info: Lazy website regeneration complete! Total build time: 0.303s
2025-07-28T18:24:02.709Z - info: Building /Users/damithch/Repos/nus-cs2103/cs2103-website-base/book/gitAndGithub/commit/index as some of its dependencies were changed since the last visit
2025-07-28T18:24:02.828Z - info: Site data built
2025-07-28T18:24:02.828Z - info: Lazy website regeneration complete! Total build time: 0.12s
2025-07-28T18:26:00.979Z - info: [02:26:00] Reload for file change: /Users/damithch/Repos/nus-cs2103/cs2103-website-base/book/gitAndGithub/commit/cli_3.md
2025-07-28T18:26:00.980Z - info: Synchronizing opened pages list before reload
2025-07-28T18:26:00.981Z - info: Current opened pages, from most-to-least recent:
2025-07-28T18:26:00.981Z - info: 1. book/gitAndGithub/commit/index
2025-07-28T18:26:00.981Z - info: 2. se-book-adapted/git-trail/index
2025-07-28T18:26:01.990Z - info: Rebuilding 1 pages
2025-07-28T18:26:02.146Z - info: Site data built
2025-07-28T18:26:02.146Z - info: Pages rebuilt
2025-07-28T18:26:02.146Z - info: Website regeneration complete! Total build time: 0.159s
2025-07-28T18:27:04.504Z - info: Building /Users/damithch/Repos/nus-cs2103/cs2103-website-base/book/gitAndGithub/commitMessage/index as some of its dependencies were changed since the last visit
2025-07-28T18:27:04.616Z - info: Site data built
2025-07-28T18:27:04.616Z - info: Lazy website regeneration complete! Total build time: 0.113s
2025-07-28T18:27:51.144Z - info: [02:27:51] Reload for file change: /Users/damithch/Repos/nus-cs2103/cs2103-website-base/book/gitAndGithub/commitMessage/text.md
2025-07-28T18:27:51.145Z - info: Synchronizing opened pages list before reload
2025-07-28T18:27:51.145Z - info: Current opened pages, from most-to-least recent:
2025-07-28T18:27:51.146Z - info: 1. book/gitAndGithub/commitMessage/index
2025-07-28T18:27:51.146Z - info: 2. se-book-adapted/git-trail/index
2025-07-28T18:27:52.152Z - info: Rebuilding 2 pages
2025-07-28T18:27:52.432Z - info: Site data built
2025-07-28T18:27:52.432Z - info: Pages rebuilt
2025-07-28T18:27:52.432Z - info: Website regeneration complete! Total build time: 0.282s
2025-07-28T18:28:57.735Z - info: [02:28:57] Reload for file change: /Users/damithch/Repos/nus-cs2103/cs2103-website-base/book/gitAndGithub/commitMessage/text.md
2025-07-28T18:28:57.736Z - info: Synchronizing opened pages list before reload
2025-07-28T18:28:57.737Z - info: Current opened pages, from most-to-least recent:
2025-07-28T18:28:57.737Z - info: 1. book/gitAndGithub/commitMessage/index
2025-07-28T18:28:58.742Z - info: Rebuilding 1 pages
2025-07-28T18:28:58.828Z - info: Site data built
2025-07-28T18:28:58.828Z - info: Pages rebuilt
2025-07-28T18:28:58.828Z - info: Website regeneration complete! Total build time: 0.088s
2025-07-28T18:29:30.102Z - info: [02:29:30] Reload for file change: /Users/damithch/Repos/nus-cs2103/cs2103-website-base/book/gitAndGithub/commitMessage/text.md
2025-07-28T18:29:30.103Z - info: Synchronizing opened pages list before reload
2025-07-28T18:29:30.104Z - info: Current opened pages, from most-to-least recent:
2025-07-28T18:29:30.104Z - info: 1. book/gitAndGithub/commitMessage/index
2025-07-28T18:29:31.120Z - info: Rebuilding 1 pages
2025-07-28T18:29:31.203Z - info: Site data built
2025-07-28T18:29:31.203Z - info: Pages rebuilt
2025-07-28T18:29:31.203Z - info: Website regeneration complete! Total build time: 0.085s
2025-07-28T18:30:48.723Z - info: [02:30:48] Reload for file change: /Users/damithch/Repos/nus-cs2103/cs2103-website-base/book/gitAndGithub/commitMessage/text.md
2025-07-28T18:30:48.724Z - info: Synchronizing opened pages list before reload
2025-07-28T18:30:48.726Z - info: Current opened pages, from most-to-least recent:
2025-07-28T18:30:48.726Z - info: 1. book/gitAndGithub/commitMessage/index
2025-07-28T18:30:49.740Z - info: Rebuilding 1 pages
2025-07-28T18:30:49.827Z - info: Site data built
2025-07-28T18:30:49.827Z - info: Pages rebuilt
2025-07-28T18:30:49.827Z - info: Website regeneration complete! Total build time: 0.089s
2025-07-28T18:33:54.694Z - info: [02:33:54] Reload for file change: /Users/damithch/Repos/nus-cs2103/cs2103-website-base/book/gitAndGithub/commitMessage/text.md
2025-07-28T18:33:54.698Z - info: Synchronizing opened pages list before reload
2025-07-28T18:33:54.698Z - info: Current opened pages, from most-to-least recent:
2025-07-28T18:33:54.699Z - info: 1. book/gitAndGithub/commitMessage/index
2025-07-28T18:33:55.705Z - info: Rebuilding 1 pages
2025-07-28T18:33:55.804Z - info: Site data built
2025-07-28T18:33:55.804Z - info: Pages rebuilt
2025-07-28T18:33:55.804Z - info: Website regeneration complete! Total build time: 0.102s
2025-07-28T18:34:32.656Z - info: [02:34:32] Reload for file change: /Users/damithch/Repos/nus-cs2103/cs2103-website-base/book/gitAndGithub/commitMessage/text.md
2025-07-28T18:34:32.657Z - info: Synchronizing opened pages list before reload
2025-07-28T18:34:32.657Z - info: Current opened pages, from most-to-least recent:
2025-07-28T18:34:32.658Z - info: 1. book/gitAndGithub/commitMessage/index
2025-07-28T18:34:33.665Z - info: Rebuilding 1 pages
2025-07-28T18:34:33.745Z - info: Site data built
2025-07-28T18:34:33.745Z - info: Pages rebuilt
2025-07-28T18:34:33.745Z - info: Website regeneration complete! Total build time: 0.082s
2025-07-28T18:36:42.901Z - info: [02:36:42] Reload for file change: /Users/damithch/Repos/nus-cs2103/cs2103-website-base/book/gitAndGithub/commitMessage/text.md
2025-07-28T18:36:42.904Z - info: Synchronizing opened pages list before reload
2025-07-28T18:36:42.907Z - info: Current opened pages, from most-to-least recent:
2025-07-28T18:36:42.908Z - info: 1. book/gitAndGithub/commitMessage/index
2025-07-28T18:36:43.921Z - info: Rebuilding 1 pages
2025-07-28T18:36:44.015Z - info: Site data built
2025-07-28T18:36:44.015Z - info: Pages rebuilt
2025-07-28T18:36:44.015Z - info: Website regeneration complete! Total build time: 0.098s
2025-07-28T18:36:56.855Z - info: [02:36:56] Reload for file change: /Users/damithch/Repos/nus-cs2103/cs2103-website-base/book/gitAndGithub/commitMessage/text.md
2025-07-28T18:36:56.856Z - info: Synchronizing opened pages list before reload
2025-07-28T18:36:56.858Z - info: Current opened pages, from most-to-least recent:
2025-07-28T18:36:56.858Z - info: 1. book/gitAndGithub/commitMessage/index
2025-07-28T18:36:56.922Z - info: [02:36:56] Reload for file change: /Users/damithch/Repos/nus-cs2103/cs2103-website-base/book/gitAndGithub/commitMessage/text.md
2025-07-28T18:36:56.923Z - info: Synchronizing opened pages list before reload
2025-07-28T18:36:56.923Z - info: Current opened pages, from most-to-least recent:
2025-07-28T18:36:56.923Z - info: 1. book/gitAndGithub/commitMessage/index
2025-07-28T18:36:57.866Z - info: Rebuilding 1 pages
2025-07-28T18:36:57.956Z - info: Site data built
2025-07-28T18:36:57.956Z - info: Pages rebuilt
2025-07-28T18:36:57.956Z - info: Website regeneration complete! Total build time: 0.093s
2025-07-28T18:39:08.146Z - info: [02:39:08] Reload for file change: /Users/damithch/Repos/nus-cs2103/cs2103-website-base/book/gitAndGithub/commitMessage/text.md
2025-07-28T18:39:08.148Z - info: Synchronizing opened pages list before reload
2025-07-28T18:39:08.149Z - info: Current opened pages, from most-to-least recent:
2025-07-28T18:39:08.149Z - info: 1. book/gitAndGithub/commitMessage/index
2025-07-28T18:39:09.156Z - info: Rebuilding 1 pages
2025-07-28T18:39:09.225Z - info: Site data built
2025-07-28T18:39:09.225Z - info: Pages rebuilt
2025-07-28T18:39:09.225Z - info: Website regeneration complete! Total build time: 0.071s
2025-07-28T18:41:31.548Z - info: [02:41:31] Reload for file add: /Users/damithch/Repos/nus-cs2103/cs2103-website-base/book/gitAndGithub/commitMessage/images/sorucetreeCommitDialog.png
2025-07-28T18:41:31.559Z - info: Synchronizing opened pages list before reload
2025-07-28T18:41:31.562Z - info: Current opened pages, from most-to-least recent:
2025-07-28T18:41:31.562Z - info: 1. book/gitAndGithub/commitMessage/index
2025-07-28T18:41:31.847Z - info: [02:41:31] Reload for file change: /Users/damithch/Repos/nus-cs2103/cs2103-website-base/book/gitAndGithub/commitMessage/images/sorucetreeCommitDialog.png
2025-07-28T18:41:31.847Z - info: Synchronizing opened pages list before reload
2025-07-28T18:41:31.847Z - info: Current opened pages, from most-to-least recent:
2025-07-28T18:41:31.847Z - info: 1. book/gitAndGithub/commitMessage/index
2025-07-28T18:41:32.721Z - info: Assets built
2025-07-28T18:42:10.570Z - info: [02:42:10] Reload for file deletion: /Users/damithch/Repos/nus-cs2103/cs2103-website-base/book/gitAndGithub/commitMessage/images/sorucetreeCommitDialog.png
2025-07-28T18:42:10.570Z - info: Synchronizing opened pages list before reload
2025-07-28T18:42:10.571Z - info: Current opened pages, from most-to-least recent:
2025-07-28T18:42:10.571Z - info: 1. book/gitAndGithub/commitMessage/index
2025-07-28T18:42:10.714Z - info: [02:42:10] Reload for file add: /Users/damithch/Repos/nus-cs2103/cs2103-website-base/book/gitAndGithub/commitMessage/images/sourcetreeCommitDialog.png
2025-07-28T18:42:10.714Z - info: Synchronizing opened pages list before reload
2025-07-28T18:42:10.714Z - info: Current opened pages, from most-to-least recent:
2025-07-28T18:42:10.714Z - info: 1. book/gitAndGithub/commitMessage/index
2025-07-28T18:42:11.711Z - debug: Assets removed
2025-07-28T18:42:11.831Z - info: Assets built
2025-07-28T18:42:11.834Z - info: [02:42:11] Reload for file change: /Users/damithch/Repos/nus-cs2103/cs2103-website-base/book/gitAndGithub/commitMessage/text.md
2025-07-28T18:42:11.834Z - info: Synchronizing opened pages list before reload
2025-07-28T18:42:11.834Z - info: Current opened pages, from most-to-least recent:
2025-07-28T18:42:11.834Z - info: 1. book/gitAndGithub/commitMessage/index
2025-07-28T18:42:12.841Z - info: Rebuilding 1 pages
2025-07-28T18:42:12.943Z - info: Site data built
2025-07-28T18:42:12.943Z - info: Pages rebuilt
2025-07-28T18:42:12.943Z - info: Website regeneration complete! Total build time: 0.103s
2025-07-28T18:42:51.785Z - info: [02:42:51] Reload for file change: /Users/damithch/Repos/nus-cs2103/cs2103-website-base/book/gitAndGithub/commitMessage/text.md
2025-07-28T18:42:51.786Z - info: Synchronizing opened pages list before reload
2025-07-28T18:42:51.786Z - info: Current opened pages, from most-to-least recent:
2025-07-28T18:42:51.786Z - info: 1. book/gitAndGithub/commitMessage/index
2025-07-28T18:42:52.795Z - info: Rebuilding 1 pages
2025-07-28T18:42:52.854Z - info: Site data built
2025-07-28T18:42:52.854Z - info: Pages rebuilt
2025-07-28T18:42:52.854Z - info: Website regeneration complete! Total build time: 0.062s
2025-07-28T18:44:03.814Z - info: [02:44:03] Reload for file change: /Users/damithch/Repos/nus-cs2103/cs2103-website-base/book/gitAndGithub/commitMessage/text.md
2025-07-28T18:44:03.814Z - info: Synchronizing opened pages list before reload
2025-07-28T18:44:03.815Z - info: Current opened pages, from most-to-least recent:
2025-07-28T18:44:03.815Z - info: 1. book/gitAndGithub/commitMessage/index
2025-07-28T18:44:04.824Z - info: Rebuilding 1 pages
2025-07-28T18:44:04.906Z - info: Site data built
2025-07-28T18:44:04.906Z - info: Pages rebuilt
2025-07-28T18:44:04.906Z - info: Website regeneration complete! Total build time: 0.084s
2025-07-28T18:44:58.190Z - info: [02:44:58] Reload for file change: /Users/damithch/Repos/nus-cs2103/cs2103-website-base/book/gitAndGithub/commitMessage/text.md
2025-07-28T18:44:58.191Z - info: Synchronizing opened pages list before reload
2025-07-28T18:44:58.192Z - info: Current opened pages, from most-to-least recent:
2025-07-28T18:44:58.192Z - info: 1. book/gitAndGithub/commitMessage/index
2025-07-28T18:44:59.207Z - info: Rebuilding 1 pages
2025-07-28T18:44:59.283Z - info: Site data built
2025-07-28T18:44:59.283Z - info: Pages rebuilt
2025-07-28T18:44:59.283Z - info: Website regeneration complete! Total build time: 0.079s
2025-07-28T18:45:10.805Z - info: [02:45:10] Reload for file change: /Users/damithch/Repos/nus-cs2103/cs2103-website-base/book/gitAndGithub/commitMessage/text.md
2025-07-28T18:45:10.805Z - info: Synchronizing opened pages list before reload
2025-07-28T18:45:10.806Z - info: Current opened pages, from most-to-least recent:
2025-07-28T18:45:10.806Z - info: 1. book/gitAndGithub/commitMessage/index
2025-07-28T18:45:11.809Z - info: Rebuilding 1 pages
2025-07-28T18:45:11.892Z - info: Site data built
2025-07-28T18:45:11.892Z - info: Pages rebuilt
2025-07-28T18:45:11.892Z - info: Website regeneration complete! Total build time: 0.084s
2025-07-28T18:51:25.039Z - info: [02:51:25] Reload for file change: /Users/damithch/Repos/nus-cs2103/cs2103-website-base/book/gitAndGithub/commitMessage/text.md
2025-07-28T18:51:25.040Z - info: Synchronizing opened pages list before reload
2025-07-28T18:51:25.041Z - info: Current opened pages, from most-to-least recent:
2025-07-28T18:51:25.041Z - info: 1. book/gitAndGithub/commitMessage/index
2025-07-28T18:51:26.044Z - info: Rebuilding 1 pages
2025-07-28T18:51:26.121Z - info: Site data built
2025-07-28T18:51:26.121Z - info: Pages rebuilt
2025-07-28T18:51:26.121Z - info: Website regeneration complete! Total build time: 0.078s
2025-07-28T18:52:39.808Z - info: [02:52:39] Reload for file change: /Users/damithch/Repos/nus-cs2103/cs2103-website-base/book/gitAndGithub/commitMessage/text.md
2025-07-28T18:52:39.810Z - info: Synchronizing opened pages list before reload
2025-07-28T18:52:39.812Z - info: Current opened pages, from most-to-least recent:
2025-07-28T18:52:39.812Z - info: 1. book/gitAndGithub/commitMessage/index
2025-07-28T18:52:40.823Z - info: Rebuilding 1 pages
2025-07-28T18:52:40.858Z - error:  Template render error: (/Users/damithch/Repos/nus-cs2103/cs2103-website-base/book/gitAndGithub/commitMessage/text.md) [Line 76, Column 19]
  Template render error: (/Users/damithch/Repos/nus-cs2103/cs2103-website-base/book/gitAndGithub/commitMessage/text.md) [Line 293, Column 12]
  Error: Unable to call `show_protip`, which is undefined or falsey
    at Object._prettifyError (/opt/homebrew/lib/node_modules/markbind-cli/node_modules/nunjucks/src/lib.js:32:11)
    at /opt/homebrew/lib/node_modules/markbind-cli/node_modules/@markbind/core/src/patches/nunjucks/context-overrides-frame.js:383:17
    at Template.root [as rootRenderFunc] (eval at _compile (/opt/homebrew/lib/node_modules/markbind-cli/node_modules/nunjucks/src/environment.js:527:18), <anonymous>:265:3)
    at Template.render (/opt/homebrew/lib/node_modules/markbind-cli/node_modules/@markbind/core/src/patches/nunjucks/context-overrides-frame.js:372:8)
    at /opt/homebrew/lib/node_modules/markbind-cli/node_modules/@markbind/core/src/patches/nunjucks/context-overrides-frame.js:54:25
    at createTemplate (/opt/homebrew/lib/node_modules/markbind-cli/node_modules/@markbind/core/src/patches/nunjucks/load-event.js:121:7)
    at handle (/opt/homebrew/lib/node_modules/markbind-cli/node_modules/@markbind/core/src/patches/nunjucks/load-event.js:133:9)
    at /opt/homebrew/lib/node_modules/markbind-cli/node_modules/@markbind/core/src/patches/nunjucks/load-event.js:145:7
    at next (/opt/homebrew/lib/node_modules/markbind-cli/node_modules/nunjucks/src/lib.js:258:7)
    at Object.asyncIter (/opt/homebrew/lib/node_modules/markbind-cli/node_modules/nunjucks/src/lib.js:263:3)
    at Environment.getTemplate (/opt/homebrew/lib/node_modules/markbind-cli/node_modules/@markbind/core/src/patches/nunjucks/load-event.js:127:7)
    at Environment.render (/opt/homebrew/lib/node_modules/markbind-cli/node_modules/@markbind/core/src/patches/nunjucks/context-overrides-frame.js:48:8)
    at VariableRenderer.renderFile (/opt/homebrew/lib/node_modules/markbind-cli/node_modules/@markbind/core/src/variables/VariableRenderer.js:73:24)
    at VariableProcessor.renderWithSiteVariables (/opt/homebrew/lib/node_modules/markbind-cli/node_modules/@markbind/core/src/variables/VariableProcessor.js:154:57)
    at VariableProcessor.renderIncludeFile (/opt/homebrew/lib/node_modules/markbind-cli/node_modules/@markbind/core/src/variables/VariableProcessor.js:231:38)
    at processInclude (/opt/homebrew/lib/node_modules/markbind-cli/node_modules/@markbind/core/src/html/includePanelProcessor.js:198:68)
2025-07-28T18:52:40.859Z - error:  Template render error: (/Users/damithch/Repos/nus-cs2103/cs2103-website-base/book/gitAndGithub/commitMessage/text.md) [Line 76, Column 19]
  Template render error: (/Users/damithch/Repos/nus-cs2103/cs2103-website-base/book/gitAndGithub/commitMessage/text.md) [Line 293, Column 12]
  Error: Unable to call `show_protip`, which is undefined or falsey
    at Object._prettifyError (/opt/homebrew/lib/node_modules/markbind-cli/node_modules/nunjucks/src/lib.js:32:11)
    at /opt/homebrew/lib/node_modules/markbind-cli/node_modules/@markbind/core/src/patches/nunjucks/context-overrides-frame.js:383:17
    at Template.root [as rootRenderFunc] (eval at _compile (/opt/homebrew/lib/node_modules/markbind-cli/node_modules/nunjucks/src/environment.js:527:18), <anonymous>:265:3)
    at Template.render (/opt/homebrew/lib/node_modules/markbind-cli/node_modules/@markbind/core/src/patches/nunjucks/context-overrides-frame.js:372:8)
    at /opt/homebrew/lib/node_modules/markbind-cli/node_modules/@markbind/core/src/patches/nunjucks/context-overrides-frame.js:54:25
    at Environment.getTemplate (/opt/homebrew/lib/node_modules/markbind-cli/node_modules/@markbind/core/src/patches/nunjucks/load-event.js:85:7)
    at Environment.render (/opt/homebrew/lib/node_modules/markbind-cli/node_modules/@markbind/core/src/patches/nunjucks/context-overrides-frame.js:48:8)
    at VariableRenderer.renderFile (/opt/homebrew/lib/node_modules/markbind-cli/node_modules/@markbind/core/src/variables/VariableRenderer.js:73:24)
    at VariableProcessor.renderWithSiteVariables (/opt/homebrew/lib/node_modules/markbind-cli/node_modules/@markbind/core/src/variables/VariableProcessor.js:154:57)
    at VariableProcessor.renderIncludeFile (/opt/homebrew/lib/node_modules/markbind-cli/node_modules/@markbind/core/src/variables/VariableProcessor.js:231:38)
    at processInclude (/opt/homebrew/lib/node_modules/markbind-cli/node_modules/@markbind/core/src/html/includePanelProcessor.js:198:68)
    at NodeProcessor.processNode (/opt/homebrew/lib/node_modules/markbind-cli/node_modules/@markbind/core/src/html/NodeProcessor.js:173:71)
    at NodeProcessor.traverse (/opt/homebrew/lib/node_modules/markbind-cli/node_modules/@markbind/core/src/html/NodeProcessor.js:345:24)
    at /opt/homebrew/lib/node_modules/markbind-cli/node_modules/@markbind/core/src/html/NodeProcessor.js:349:22
    at Array.forEach (<anonymous>)
    at NodeProcessor.traverse (/opt/homebrew/lib/node_modules/markbind-cli/node_modules/@markbind/core/src/html/NodeProcessor.js:348:27)
2025-07-28T18:52:40.859Z - error:  Template render error: (/Users/damithch/Repos/nus-cs2103/cs2103-website-base/book/gitAndGithub/commitMessage/text.md) [Line 76, Column 19]
  Template render error: (/Users/damithch/Repos/nus-cs2103/cs2103-website-base/book/gitAndGithub/commitMessage/text.md) [Line 293, Column 12]
  Error: Unable to call `show_protip`, which is undefined or falsey
    at Object._prettifyError (/opt/homebrew/lib/node_modules/markbind-cli/node_modules/nunjucks/src/lib.js:32:11)
    at /opt/homebrew/lib/node_modules/markbind-cli/node_modules/@markbind/core/src/patches/nunjucks/context-overrides-frame.js:383:17
    at Template.root [as rootRenderFunc] (eval at _compile (/opt/homebrew/lib/node_modules/markbind-cli/node_modules/nunjucks/src/environment.js:527:18), <anonymous>:265:3)
    at Template.render (/opt/homebrew/lib/node_modules/markbind-cli/node_modules/@markbind/core/src/patches/nunjucks/context-overrides-frame.js:372:8)
    at /opt/homebrew/lib/node_modules/markbind-cli/node_modules/@markbind/core/src/patches/nunjucks/context-overrides-frame.js:54:25
    at Environment.getTemplate (/opt/homebrew/lib/node_modules/markbind-cli/node_modules/@markbind/core/src/patches/nunjucks/load-event.js:85:7)
    at Environment.render (/opt/homebrew/lib/node_modules/markbind-cli/node_modules/@markbind/core/src/patches/nunjucks/context-overrides-frame.js:48:8)
    at VariableRenderer.renderFile (/opt/homebrew/lib/node_modules/markbind-cli/node_modules/@markbind/core/src/variables/VariableRenderer.js:73:24)
    at VariableProcessor.renderWithSiteVariables (/opt/homebrew/lib/node_modules/markbind-cli/node_modules/@markbind/core/src/variables/VariableProcessor.js:154:57)
    at VariableProcessor.renderIncludeFile (/opt/homebrew/lib/node_modules/markbind-cli/node_modules/@markbind/core/src/variables/VariableProcessor.js:231:38)
    at processInclude (/opt/homebrew/lib/node_modules/markbind-cli/node_modules/@markbind/core/src/html/includePanelProcessor.js:198:68)
    at NodeProcessor.processNode (/opt/homebrew/lib/node_modules/markbind-cli/node_modules/@markbind/core/src/html/NodeProcessor.js:173:71)
    at NodeProcessor.traverse (/opt/homebrew/lib/node_modules/markbind-cli/node_modules/@markbind/core/src/html/NodeProcessor.js:345:24)
    at /opt/homebrew/lib/node_modules/markbind-cli/node_modules/@markbind/core/src/html/NodeProcessor.js:349:22
    at Array.forEach (<anonymous>)
    at NodeProcessor.traverse (/opt/homebrew/lib/node_modules/markbind-cli/node_modules/@markbind/core/src/html/NodeProcessor.js:348:27)
2025-07-28T18:52:40.896Z - info: Site data built
2025-07-28T18:52:40.896Z - info: Pages rebuilt
2025-07-28T18:52:40.896Z - info: Website regeneration complete! Total build time: 0.076s
2025-07-28T18:52:49.628Z - info: [02:52:49] Reload for file change: /Users/damithch/Repos/nus-cs2103/cs2103-website-base/book/gitAndGithub/commitMessage/text.md
2025-07-28T18:52:49.629Z - info: Synchronizing opened pages list before reload
2025-07-28T18:52:49.629Z - info: Current opened pages, from most-to-least recent:
2025-07-28T18:52:49.630Z - info: 1. book/gitAndGithub/commitMessage/index
2025-07-28T18:52:50.638Z - info: Rebuilding 1 pages
2025-07-28T18:52:50.670Z - error:  Template render error: (/Users/damithch/Repos/nus-cs2103/cs2103-website-base/book/gitAndGithub/commitMessage/text.md) [Line 76, Column 20]
  Template render error: (/Users/damithch/Repos/nus-cs2103/cs2103-website-base/book/gitAndGithub/commitMessage/text.md) [Line 293, Column 12]
  Error: Unable to call `show_pro_tip`, which is undefined or falsey
    at Object._prettifyError (/opt/homebrew/lib/node_modules/markbind-cli/node_modules/nunjucks/src/lib.js:32:11)
    at /opt/homebrew/lib/node_modules/markbind-cli/node_modules/@markbind/core/src/patches/nunjucks/context-overrides-frame.js:383:17
    at Template.root [as rootRenderFunc] (eval at _compile (/opt/homebrew/lib/node_modules/markbind-cli/node_modules/nunjucks/src/environment.js:527:18), <anonymous>:265:3)
    at Template.render (/opt/homebrew/lib/node_modules/markbind-cli/node_modules/@markbind/core/src/patches/nunjucks/context-overrides-frame.js:372:8)
    at /opt/homebrew/lib/node_modules/markbind-cli/node_modules/@markbind/core/src/patches/nunjucks/context-overrides-frame.js:54:25
    at createTemplate (/opt/homebrew/lib/node_modules/markbind-cli/node_modules/@markbind/core/src/patches/nunjucks/load-event.js:121:7)
    at handle (/opt/homebrew/lib/node_modules/markbind-cli/node_modules/@markbind/core/src/patches/nunjucks/load-event.js:133:9)
    at /opt/homebrew/lib/node_modules/markbind-cli/node_modules/@markbind/core/src/patches/nunjucks/load-event.js:145:7
    at next (/opt/homebrew/lib/node_modules/markbind-cli/node_modules/nunjucks/src/lib.js:258:7)
    at Object.asyncIter (/opt/homebrew/lib/node_modules/markbind-cli/node_modules/nunjucks/src/lib.js:263:3)
    at Environment.getTemplate (/opt/homebrew/lib/node_modules/markbind-cli/node_modules/@markbind/core/src/patches/nunjucks/load-event.js:127:7)
    at Environment.render (/opt/homebrew/lib/node_modules/markbind-cli/node_modules/@markbind/core/src/patches/nunjucks/context-overrides-frame.js:48:8)
    at VariableRenderer.renderFile (/opt/homebrew/lib/node_modules/markbind-cli/node_modules/@markbind/core/src/variables/VariableRenderer.js:73:24)
    at VariableProcessor.renderWithSiteVariables (/opt/homebrew/lib/node_modules/markbind-cli/node_modules/@markbind/core/src/variables/VariableProcessor.js:154:57)
    at VariableProcessor.renderIncludeFile (/opt/homebrew/lib/node_modules/markbind-cli/node_modules/@markbind/core/src/variables/VariableProcessor.js:231:38)
    at processInclude (/opt/homebrew/lib/node_modules/markbind-cli/node_modules/@markbind/core/src/html/includePanelProcessor.js:198:68)
2025-07-28T18:52:50.671Z - error:  Template render error: (/Users/damithch/Repos/nus-cs2103/cs2103-website-base/book/gitAndGithub/commitMessage/text.md) [Line 76, Column 20]
  Template render error: (/Users/damithch/Repos/nus-cs2103/cs2103-website-base/book/gitAndGithub/commitMessage/text.md) [Line 293, Column 12]
  Error: Unable to call `show_pro_tip`, which is undefined or falsey
    at Object._prettifyError (/opt/homebrew/lib/node_modules/markbind-cli/node_modules/nunjucks/src/lib.js:32:11)
    at /opt/homebrew/lib/node_modules/markbind-cli/node_modules/@markbind/core/src/patches/nunjucks/context-overrides-frame.js:383:17
    at Template.root [as rootRenderFunc] (eval at _compile (/opt/homebrew/lib/node_modules/markbind-cli/node_modules/nunjucks/src/environment.js:527:18), <anonymous>:265:3)
    at Template.render (/opt/homebrew/lib/node_modules/markbind-cli/node_modules/@markbind/core/src/patches/nunjucks/context-overrides-frame.js:372:8)
    at /opt/homebrew/lib/node_modules/markbind-cli/node_modules/@markbind/core/src/patches/nunjucks/context-overrides-frame.js:54:25
    at Environment.getTemplate (/opt/homebrew/lib/node_modules/markbind-cli/node_modules/@markbind/core/src/patches/nunjucks/load-event.js:85:7)
    at Environment.render (/opt/homebrew/lib/node_modules/markbind-cli/node_modules/@markbind/core/src/patches/nunjucks/context-overrides-frame.js:48:8)
    at VariableRenderer.renderFile (/opt/homebrew/lib/node_modules/markbind-cli/node_modules/@markbind/core/src/variables/VariableRenderer.js:73:24)
    at VariableProcessor.renderWithSiteVariables (/opt/homebrew/lib/node_modules/markbind-cli/node_modules/@markbind/core/src/variables/VariableProcessor.js:154:57)
    at VariableProcessor.renderIncludeFile (/opt/homebrew/lib/node_modules/markbind-cli/node_modules/@markbind/core/src/variables/VariableProcessor.js:231:38)
    at processInclude (/opt/homebrew/lib/node_modules/markbind-cli/node_modules/@markbind/core/src/html/includePanelProcessor.js:198:68)
    at NodeProcessor.processNode (/opt/homebrew/lib/node_modules/markbind-cli/node_modules/@markbind/core/src/html/NodeProcessor.js:173:71)
    at NodeProcessor.traverse (/opt/homebrew/lib/node_modules/markbind-cli/node_modules/@markbind/core/src/html/NodeProcessor.js:345:24)
    at /opt/homebrew/lib/node_modules/markbind-cli/node_modules/@markbind/core/src/html/NodeProcessor.js:349:22
    at Array.forEach (<anonymous>)
    at NodeProcessor.traverse (/opt/homebrew/lib/node_modules/markbind-cli/node_modules/@markbind/core/src/html/NodeProcessor.js:348:27)
2025-07-28T18:52:50.671Z - error:  Template render error: (/Users/damithch/Repos/nus-cs2103/cs2103-website-base/book/gitAndGithub/commitMessage/text.md) [Line 76, Column 20]
  Template render error: (/Users/damithch/Repos/nus-cs2103/cs2103-website-base/book/gitAndGithub/commitMessage/text.md) [Line 293, Column 12]
  Error: Unable to call `show_pro_tip`, which is undefined or falsey
    at Object._prettifyError (/opt/homebrew/lib/node_modules/markbind-cli/node_modules/nunjucks/src/lib.js:32:11)
    at /opt/homebrew/lib/node_modules/markbind-cli/node_modules/@markbind/core/src/patches/nunjucks/context-overrides-frame.js:383:17
    at Template.root [as rootRenderFunc] (eval at _compile (/opt/homebrew/lib/node_modules/markbind-cli/node_modules/nunjucks/src/environment.js:527:18), <anonymous>:265:3)
    at Template.render (/opt/homebrew/lib/node_modules/markbind-cli/node_modules/@markbind/core/src/patches/nunjucks/context-overrides-frame.js:372:8)
    at /opt/homebrew/lib/node_modules/markbind-cli/node_modules/@markbind/core/src/patches/nunjucks/context-overrides-frame.js:54:25
    at Environment.getTemplate (/opt/homebrew/lib/node_modules/markbind-cli/node_modules/@markbind/core/src/patches/nunjucks/load-event.js:85:7)
    at Environment.render (/opt/homebrew/lib/node_modules/markbind-cli/node_modules/@markbind/core/src/patches/nunjucks/context-overrides-frame.js:48:8)
    at VariableRenderer.renderFile (/opt/homebrew/lib/node_modules/markbind-cli/node_modules/@markbind/core/src/variables/VariableRenderer.js:73:24)
    at VariableProcessor.renderWithSiteVariables (/opt/homebrew/lib/node_modules/markbind-cli/node_modules/@markbind/core/src/variables/VariableProcessor.js:154:57)
    at VariableProcessor.renderIncludeFile (/opt/homebrew/lib/node_modules/markbind-cli/node_modules/@markbind/core/src/variables/VariableProcessor.js:231:38)
    at processInclude (/opt/homebrew/lib/node_modules/markbind-cli/node_modules/@markbind/core/src/html/includePanelProcessor.js:198:68)
    at NodeProcessor.processNode (/opt/homebrew/lib/node_modules/markbind-cli/node_modules/@markbind/core/src/html/NodeProcessor.js:173:71)
    at NodeProcessor.traverse (/opt/homebrew/lib/node_modules/markbind-cli/node_modules/@markbind/core/src/html/NodeProcessor.js:345:24)
    at /opt/homebrew/lib/node_modules/markbind-cli/node_modules/@markbind/core/src/html/NodeProcessor.js:349:22
    at Array.forEach (<anonymous>)
    at NodeProcessor.traverse (/opt/homebrew/lib/node_modules/markbind-cli/node_modules/@markbind/core/src/html/NodeProcessor.js:348:27)
2025-07-28T18:52:50.727Z - info: Site data built
2025-07-28T18:52:50.728Z - info: Pages rebuilt
2025-07-28T18:52:50.728Z - info: Website regeneration complete! Total build time: 0.093s
2025-07-28T18:53:15.203Z - info: [02:53:15] Reload for file change: /Users/damithch/Repos/nus-cs2103/cs2103-website-base/book/gitAndGithub/commitMessage/text.md
2025-07-28T18:53:15.207Z - info: Synchronizing opened pages list before reload
2025-07-28T18:53:15.208Z - info: Current opened pages, from most-to-least recent:
2025-07-28T18:53:15.208Z - info: 1. book/gitAndGithub/commitMessage/index
2025-07-28T18:53:16.214Z - info: Rebuilding 1 pages
2025-07-28T18:53:16.351Z - info: Site data built
2025-07-28T18:53:16.352Z - info: Pages rebuilt
2025-07-28T18:53:16.352Z - info: Website regeneration complete! Total build time: 0.141s
2025-07-28T18:54:57.980Z - info: [02:54:57] Reload for file change: /Users/damithch/Repos/nus-cs2103/cs2103-website-base/book/gitAndGithub/commitMessage/text.md
2025-07-28T18:54:57.985Z - info: Synchronizing opened pages list before reload
2025-07-28T18:54:57.986Z - info: Current opened pages, from most-to-least recent:
2025-07-28T18:54:57.986Z - info: 1. book/gitAndGithub/commitMessage/index
2025-07-28T18:54:58.996Z - info: Rebuilding 1 pages
2025-07-28T18:54:59.107Z - info: Site data built
2025-07-28T18:54:59.108Z - info: Pages rebuilt
2025-07-28T18:54:59.108Z - info: Website regeneration complete! Total build time: 0.116s
2025-07-28T18:56:28.757Z - info: [02:56:28] Reload for file change: /Users/damithch/Repos/nus-cs2103/cs2103-website-base/book/gitAndGithub/commitMessage/text.md
2025-07-28T18:56:28.761Z - info: Synchronizing opened pages list before reload
2025-07-28T18:56:28.764Z - info: Current opened pages, from most-to-least recent:
2025-07-28T18:56:28.764Z - info: 1. book/gitAndGithub/commitMessage/index
2025-07-28T18:56:29.782Z - info: Rebuilding 1 pages
2025-07-28T18:56:29.916Z - info: Site data built
2025-07-28T18:56:29.916Z - info: Pages rebuilt
2025-07-28T18:56:29.916Z - info: Website regeneration complete! Total build time: 0.138s
2025-07-28T18:57:53.583Z - info: [02:57:53] Reload for file change: /Users/damithch/Repos/nus-cs2103/cs2103-website-base/book/gitAndGithub/commitMessage/text.md
2025-07-28T18:57:53.584Z - info: Synchronizing opened pages list before reload
2025-07-28T18:57:53.593Z - info: Current opened pages, from most-to-least recent:
2025-07-28T18:57:53.594Z - info: 1. book/gitAndGithub/commitMessage/index
2025-07-28T18:57:54.610Z - info: Rebuilding 1 pages
2025-07-28T18:57:54.690Z - info: Site data built
2025-07-28T18:57:54.690Z - info: Pages rebuilt
2025-07-28T18:57:54.690Z - info: Website regeneration complete! Total build time: 0.083s
2025-07-28T18:58:10.433Z - info: [02:58:10] Reload for file change: /Users/damithch/Repos/nus-cs2103/cs2103-website-base/book/gitAndGithub/commitMessage/text.md
2025-07-28T18:58:10.433Z - info: Synchronizing opened pages list before reload
2025-07-28T18:58:10.433Z - info: Current opened pages, from most-to-least recent:
2025-07-28T18:58:10.433Z - info: 1. book/gitAndGithub/commitMessage/index
2025-07-28T18:58:11.446Z - info: Rebuilding 1 pages
2025-07-28T18:58:11.519Z - info: Site data built
2025-07-28T18:58:11.519Z - info: Pages rebuilt
2025-07-28T18:58:11.519Z - info: Website regeneration complete! Total build time: 0.075s
2025-07-28T18:58:50.101Z - info: [02:58:50] Reload for file change: /Users/damithch/Repos/nus-cs2103/cs2103-website-base/book/gitAndGithub/commitMessage/text.md
2025-07-28T18:58:50.102Z - info: Synchronizing opened pages list before reload
2025-07-28T18:58:50.102Z - info: Current opened pages, from most-to-least recent:
2025-07-28T18:58:50.102Z - info: 1. book/gitAndGithub/commitMessage/index
2025-07-28T18:58:51.106Z - info: Rebuilding 1 pages
2025-07-28T18:58:51.191Z - info: Site data built
2025-07-28T18:58:51.192Z - info: Pages rebuilt
2025-07-28T18:58:51.192Z - info: Website regeneration complete! Total build time: 0.088s
2025-07-28T19:02:44.678Z - info: [03:02:44] Reload for file change: /Users/damithch/Repos/nus-cs2103/cs2103-website-base/book/gitAndGithub/commitMessage/text.md
2025-07-28T19:02:44.682Z - info: Synchronizing opened pages list before reload
2025-07-28T19:02:44.691Z - info: Current opened pages, from most-to-least recent:
2025-07-28T19:02:44.692Z - info: 1. book/gitAndGithub/commitMessage/index
2025-07-28T19:02:45.700Z - info: Rebuilding 1 pages
2025-07-28T19:02:45.815Z - info: Site data built
2025-07-28T19:02:45.815Z - info: Pages rebuilt
2025-07-28T19:02:45.815Z - info: Website regeneration complete! Total build time: 0.118s
2025-07-28T19:02:54.168Z - info: [03:02:54] Reload for file change: /Users/damithch/Repos/nus-cs2103/cs2103-website-base/book/gitAndGithub/commitMessage/text.md
2025-07-28T19:02:54.169Z - info: Synchronizing opened pages list before reload
2025-07-28T19:02:54.169Z - info: Current opened pages, from most-to-least recent:
2025-07-28T19:02:54.169Z - info: 1. book/gitAndGithub/commitMessage/index
2025-07-28T19:02:55.183Z - info: Rebuilding 1 pages
2025-07-28T19:02:55.256Z - info: Site data built
2025-07-28T19:02:55.256Z - info: Pages rebuilt
2025-07-28T19:02:55.256Z - info: Website regeneration complete! Total build time: 0.075s
2025-07-28T19:02:59.924Z - info: [03:02:59] Reload for file change: /Users/damithch/Repos/nus-cs2103/cs2103-website-base/book/gitAndGithub/commitMessage/text.md
2025-07-28T19:02:59.924Z - info: Synchronizing opened pages list before reload
2025-07-28T19:02:59.924Z - info: Current opened pages, from most-to-least recent:
2025-07-28T19:02:59.925Z - info: 1. book/gitAndGithub/commitMessage/index
2025-07-28T19:03:00.938Z - info: Rebuilding 1 pages
2025-07-28T19:03:01.032Z - info: Site data built
2025-07-28T19:03:01.032Z - info: Pages rebuilt
2025-07-28T19:03:01.032Z - info: Website regeneration complete! Total build time: 0.097s
2025-07-28T19:04:26.557Z - info: [03:04:26] Reload for file change: /Users/damithch/Repos/nus-cs2103/cs2103-website-base/book/gitAndGithub/commitMessage/text.md
2025-07-28T19:04:26.592Z - info: Synchronizing opened pages list before reload
2025-07-28T19:04:26.593Z - info: Current opened pages, from most-to-least recent:
2025-07-28T19:04:26.593Z - info: 1. book/gitAndGithub/commitMessage/index
2025-07-28T19:04:27.602Z - info: Rebuilding 1 pages
2025-07-28T19:04:27.718Z - info: Site data built
2025-07-28T19:04:27.718Z - info: Pages rebuilt
2025-07-28T19:04:27.718Z - info: Website regeneration complete! Total build time: 0.119s
2025-07-28T19:04:39.033Z - info: Building /Users/damithch/Repos/nus-cs2103/cs2103-website-base/se-book-adapted/index as some of its dependencies were changed since the last visit
2025-07-28T19:04:39.161Z - info: Site data built
2025-07-28T19:04:39.162Z - info: Lazy website regeneration complete! Total build time: 0.129s
2025-07-28T19:04:42.647Z - info: Building /Users/damithch/Repos/nus-cs2103/cs2103-website-base/se-book-adapted/chapters/gitAndGithub as some of its dependencies were changed since the last visit
2025-07-28T19:04:44.142Z - info: Site data built
2025-07-28T19:04:44.142Z - info: Lazy website regeneration complete! Total build time: 1.496s
2025-07-28T19:05:25.573Z - info: Building /Users/damithch/Repos/nus-cs2103/cs2103-website-base/se-book-adapted/chapters-printable/gitAndGithub-printable as some of its dependencies were changed since the last visit
2025-07-28T19:05:26.701Z - info: Site data built
2025-07-28T19:05:26.701Z - info: Lazy website regeneration complete! Total build time: 1.128s
2025-07-28T19:06:18.200Z - info: Website generation started at 03:06:16
2025-07-28T19:06:18.649Z - warn: ENOENT: no such file or directory, open '/Users/damithch/Repos/nus-cs2103/cs2103-website-base/node_modules/.cache/gh-pages/https!github.com!nus-cs2103-AY2526S1!website.git/book/_markbind/variables.md'
2025-07-28T19:06:18.649Z - warn: ENOENT: no such file or directory, open '/Users/damithch/Repos/nus-cs2103/cs2103-website-base/node_modules/.cache/gh-pages/https!github.com!nus-cs2103-AY2526S1!website.git/_markbind/variables.md'
2025-07-28T19:06:18.671Z - info: Building assets...
2025-07-28T19:06:21.394Z - info: Assets built
2025-07-28T19:06:21.394Z - info: Generating pages...
2025-07-28T19:06:29.843Z - debug:  
2025-07-28T19:06:29.843Z - debug:  
2025-07-28T19:06:29.843Z - debug:  
2025-07-28T19:06:29.843Z - debug:  
2025-07-28T19:06:29.843Z - debug:  
2025-07-28T19:06:29.843Z - debug:  
2025-07-28T19:06:29.843Z - debug:  
2025-07-28T19:06:29.843Z - debug:  
2025-07-28T19:06:29.843Z - debug:  
2025-07-28T19:06:29.843Z - debug:  
2025-07-28T19:06:29.843Z - debug:  
2025-07-28T19:06:31.953Z - debug:  
2025-07-28T19:06:31.971Z - debug:  
2025-07-28T19:06:31.975Z - debug:  
2025-07-28T19:06:31.975Z - debug:  
2025-07-28T19:06:31.976Z - debug:  
2025-07-28T19:06:32.173Z - debug:  
2025-07-28T19:06:41.392Z - debug:  
2025-07-28T19:07:38.893Z - debug:  
2025-07-28T19:07:50.697Z - debug:  
2025-07-28T19:07:50.715Z - debug:  
2025-07-28T19:07:57.259Z - info: Pages built
2025-07-28T19:07:57.337Z - info: Site data built
2025-07-28T19:07:57.337Z - info: Website generation complete! Total build time: 100.452s
2025-07-28T19:07:57.337Z - info: Build success!
2025-07-28T19:08:23.178Z - info: The website has been deployed at: https://nus-cs2103-ay2526s1.github.io/website
2025-07-29T02:48:01.096Z - info: Website generation started at 10:47:59
2025-07-29T02:48:01.607Z - warn: ENOENT: no such file or directory, open '/Users/damithch/Repos/nus-cs2103/cs2103-website-base/node_modules/.cache/gh-pages/https!github.com!nus-cs2103-AY2526S1!website.git/book/_markbind/variables.md'
2025-07-29T02:48:01.607Z - warn: ENOENT: no such file or directory, open '/Users/damithch/Repos/nus-cs2103/cs2103-website-base/node_modules/.cache/gh-pages/https!github.com!nus-cs2103-AY2526S1!website.git/_markbind/variables.md'
2025-07-29T02:48:01.626Z - info: Building assets...
2025-07-29T02:48:04.628Z - info: Assets built
2025-07-29T02:48:04.628Z - info: Generating pages...
2025-07-29T02:48:10.220Z - debug:  
2025-07-29T02:48:13.242Z - debug:  
2025-07-29T02:48:13.242Z - debug:  
2025-07-29T02:48:13.242Z - debug:  
2025-07-29T02:48:13.242Z - debug:  
2025-07-29T02:48:13.242Z - debug:  
2025-07-29T02:48:13.242Z - debug:  
2025-07-29T02:48:13.242Z - debug:  
2025-07-29T02:48:13.242Z - debug:  
2025-07-29T02:48:13.242Z - debug:  
2025-07-29T02:48:13.242Z - debug:  
2025-07-29T02:48:15.901Z - debug:  
2025-07-29T02:48:15.977Z - debug:  
2025-07-29T02:48:16.053Z - debug:  
2025-07-29T02:48:16.055Z - debug:  
2025-07-29T02:48:16.061Z - debug:  
2025-07-29T02:48:16.061Z - debug:  
2025-07-29T02:48:24.997Z - debug:  
2025-07-29T02:49:21.720Z - debug:  
2025-07-29T02:49:34.062Z - debug:  
2025-07-29T02:49:34.066Z - debug:  
2025-07-29T02:49:41.346Z - info: Pages built
2025-07-29T02:49:41.435Z - info: Site data built
2025-07-29T02:49:41.435Z - info: Website generation complete! Total build time: 101.849s
2025-07-29T02:49:41.436Z - info: Build success!
2025-07-29T02:50:05.819Z - info: The website has been deployed at: https://nus-cs2103-ay2526s1.github.io/website
2025-07-29T08:25:30.108Z - info: Website generation started at 16:25:28
2025-07-29T08:25:30.704Z - warn: ENOENT: no such file or directory, open '/Users/damithch/Repos/nus-cs2103/cs2103-website-base/node_modules/.cache/gh-pages/https!github.com!nus-cs2103-AY2526S1!website.git/book/_markbind/variables.md'
2025-07-29T08:25:30.704Z - warn: ENOENT: no such file or directory, open '/Users/damithch/Repos/nus-cs2103/cs2103-website-base/node_modules/.cache/gh-pages/https!github.com!nus-cs2103-AY2526S1!website.git/_markbind/variables.md'
2025-07-29T08:25:30.731Z - info: Building assets...
2025-07-29T08:25:34.139Z - info: Assets built
2025-07-29T08:25:34.142Z - info: Generating pages...
2025-07-29T08:25:42.183Z - debug:  
2025-07-29T08:25:42.183Z - debug:  
2025-07-29T08:25:42.183Z - debug:  
2025-07-29T08:25:42.183Z - debug:  
2025-07-29T08:25:42.183Z - debug:  
2025-07-29T08:25:42.183Z - debug:  
2025-07-29T08:25:42.183Z - debug:  
2025-07-29T08:25:42.183Z - debug:  
2025-07-29T08:25:42.183Z - debug:  
2025-07-29T08:25:42.183Z - debug:  
2025-07-29T08:25:42.183Z - debug:  
2025-07-29T08:25:44.487Z - debug:  
2025-07-29T08:25:44.490Z - debug:  
2025-07-29T08:25:44.519Z - debug:  
2025-07-29T08:25:44.525Z - debug:  
2025-07-29T08:25:44.538Z - debug:  
2025-07-29T08:25:44.600Z - debug:  
2025-07-29T08:25:54.123Z - debug:  
2025-07-29T08:26:50.704Z - debug:  
2025-07-29T08:27:02.397Z - debug:  
2025-07-29T08:27:02.421Z - debug:  
2025-07-29T08:27:08.984Z - info: Pages built
2025-07-29T08:27:09.062Z - info: Site data built
2025-07-29T08:27:09.062Z - info: Website generation complete! Total build time: 100.31s
2025-07-29T08:27:09.062Z - info: Build success!
2025-07-29T08:27:33.410Z - info: The website has been deployed at: https://nus-cs2103-ay2526s1.github.io/website
2025-07-29T08:30:44.066Z - info: Website generation (lazy) started at 16:30:42
2025-07-29T08:30:44.501Z - warn: ENOENT: no such file or directory, open '/Users/damithch/Repos/nus-cs2103/cs2103-website-base/node_modules/.cache/gh-pages/https!github.com!nus-cs2103-AY2526S1!website.git/book/_markbind/variables.md'
2025-07-29T08:30:44.502Z - warn: ENOENT: no such file or directory, open '/Users/damithch/Repos/nus-cs2103/cs2103-website-base/node_modules/.cache/gh-pages/https!github.com!nus-cs2103-AY2526S1!website.git/_markbind/variables.md'
2025-07-29T08:30:44.521Z - info: Building assets...
2025-07-29T08:30:47.186Z - info: Assets built
2025-07-29T08:30:47.186Z - info: Generating landing page...
2025-07-29T08:30:47.426Z - info: Landing page built, other pages will be built as you navigate to them!
2025-07-29T08:30:47.506Z - info: Site data built
2025-07-29T08:30:47.506Z - info: Website generation (lazy) complete! Total build time: 4.83s
2025-07-29T08:30:47.519Z - info: Serving "/Users/damithch/Repos/nus-cs2103/cs2103-website-base/_site" at http://127.0.0.1:8080
2025-07-29T08:30:47.519Z - info: Press CTRL+C to stop ...
2025-07-29T08:30:56.979Z - info: Building /Users/damithch/Repos/nus-cs2103/cs2103-website-base/se-book-adapted/git-trail/index as some of its dependencies were changed since the last visit
2025-07-29T08:30:57.470Z - info: Site data built
2025-07-29T08:30:57.470Z - info: Lazy website regeneration complete! Total build time: 0.491s
2025-07-29T08:31:04.646Z - info: Building /Users/damithch/Repos/nus-cs2103/cs2103-website-base/book/gitAndGithub/trail/recordingFolderHistory/index as some of its dependencies were changed since the last visit
2025-07-29T08:31:05.022Z - info: Site data built
2025-07-29T08:31:05.022Z - info: Lazy website regeneration complete! Total build time: 0.376s
2025-07-29T08:32:58.094Z - info: [16:32:58] Reload for file change: /Users/damithch/Repos/nus-cs2103/cs2103-website-base/book/gitAndGithub/commit/cli_3.md
2025-07-29T08:32:58.097Z - info: Synchronizing opened pages list before reload
2025-07-29T08:32:58.098Z - info: Current opened pages, from most-to-least recent:
2025-07-29T08:32:58.098Z - info: 1. book/gitAndGithub/trail/recordingFolderHistory/index
2025-07-29T08:32:59.109Z - info: Rebuilding 1 pages
2025-07-29T08:32:59.480Z - info: Site data built
2025-07-29T08:32:59.480Z - info: Pages rebuilt
2025-07-29T08:32:59.480Z - info: Website regeneration complete! Total build time: 0.373s
2025-07-29T08:34:20.972Z - info: [16:34:20] Reload for file change: /Users/damithch/Repos/nus-cs2103/cs2103-website-base/book/gitAndGithub/commit/cli_3.md
2025-07-29T08:34:20.976Z - info: Synchronizing opened pages list before reload
2025-07-29T08:34:20.977Z - info: Current opened pages, from most-to-least recent:
2025-07-29T08:34:20.977Z - info: 1. book/gitAndGithub/trail/recordingFolderHistory/index
2025-07-29T08:34:21.990Z - info: Rebuilding 1 pages
2025-07-29T08:34:22.390Z - info: Site data built
2025-07-29T08:34:22.390Z - info: Pages rebuilt
2025-07-29T08:34:22.390Z - info: Website regeneration complete! Total build time: 0.403s
2025-07-29T08:36:16.823Z - info: [16:36:16] Reload for file change: /Users/damithch/Repos/nus-cs2103/cs2103-website-base/book/gitAndGithub/commit/cli_3.md
2025-07-29T08:36:16.825Z - info: Synchronizing opened pages list before reload
2025-07-29T08:36:16.848Z - info: Current opened pages, from most-to-least recent:
2025-07-29T08:36:16.850Z - info: 1. book/gitAndGithub/trail/recordingFolderHistory/index
2025-07-29T08:36:17.893Z - info: Rebuilding 1 pages
2025-07-29T08:36:18.296Z - info: Site data built
2025-07-29T08:36:18.296Z - info: Pages rebuilt
2025-07-29T08:36:18.296Z - info: Website regeneration complete! Total build time: 0.405s
2025-07-29T08:36:31.184Z - info: [16:36:31] Reload for file change: /Users/damithch/Repos/nus-cs2103/cs2103-website-base/book/gitAndGithub/commit/cli_3.md
2025-07-29T08:36:31.185Z - info: Synchronizing opened pages list before reload
2025-07-29T08:36:31.185Z - info: Current opened pages, from most-to-least recent:
2025-07-29T08:36:31.186Z - info: 1. book/gitAndGithub/trail/recordingFolderHistory/index
2025-07-29T08:36:32.194Z - info: Rebuilding 1 pages
2025-07-29T08:36:32.553Z - info: Site data built
2025-07-29T08:36:32.553Z - info: Pages rebuilt
2025-07-29T08:36:32.553Z - info: Website regeneration complete! Total build time: 0.366s
2025-07-29T08:40:34.537Z - info: [16:40:34] Reload for file change: /Users/damithch/Repos/nus-cs2103/cs2103-website-base/book/gitAndGithub/commit/cli_3.md
2025-07-29T08:40:34.538Z - info: Synchronizing opened pages list before reload
2025-07-29T08:40:34.539Z - info: Current opened pages, from most-to-least recent:
2025-07-29T08:40:34.539Z - info: 1. book/gitAndGithub/trail/recordingFolderHistory/index
2025-07-29T08:40:35.550Z - info: Rebuilding 1 pages
2025-07-29T08:40:35.921Z - info: Site data built
2025-07-29T08:40:35.921Z - info: Pages rebuilt
2025-07-29T08:40:35.921Z - info: Website regeneration complete! Total build time: 0.373s
2025-07-29T08:44:10.104Z - info: [16:44:10] Reload for file change: /Users/damithch/Repos/nus-cs2103/cs2103-website-base/book/gitAndGithub/commit/cli_3.md
2025-07-29T08:44:10.107Z - info: Synchronizing opened pages list before reload
2025-07-29T08:44:10.108Z - info: Current opened pages, from most-to-least recent:
2025-07-29T08:44:10.108Z - info: 1. book/gitAndGithub/trail/recordingFolderHistory/index
2025-07-29T08:44:11.115Z - info: Rebuilding 1 pages
2025-07-29T08:44:11.497Z - info: Site data built
2025-07-29T08:44:11.497Z - info: Pages rebuilt
2025-07-29T08:44:11.497Z - info: Website regeneration complete! Total build time: 0.384s
2025-07-29T08:47:26.971Z - info: [16:47:26] Reload for file change: /Users/damithch/Repos/nus-cs2103/cs2103-website-base/book/gitAndGithub/commit/cli_3.md
2025-07-29T08:47:26.972Z - info: Synchronizing opened pages list before reload
2025-07-29T08:47:26.973Z - info: Current opened pages, from most-to-least recent:
2025-07-29T08:47:26.973Z - info: 1. book/gitAndGithub/trail/recordingFolderHistory/index
2025-07-29T08:47:27.979Z - info: Rebuilding 1 pages
2025-07-29T08:47:28.361Z - info: Site data built
2025-07-29T08:47:28.361Z - info: Pages rebuilt
2025-07-29T08:47:28.361Z - info: Website regeneration complete! Total build time: 0.384s
2025-07-29T08:48:16.688Z - info: Website generation started at 16:48:15
2025-07-29T08:48:17.124Z - warn: ENOENT: no such file or directory, open '/Users/damithch/Repos/nus-cs2103/cs2103-website-base/node_modules/.cache/gh-pages/https!github.com!nus-cs2103-AY2526S1!website.git/book/_markbind/variables.md'
2025-07-29T08:48:17.124Z - warn: ENOENT: no such file or directory, open '/Users/damithch/Repos/nus-cs2103/cs2103-website-base/node_modules/.cache/gh-pages/https!github.com!nus-cs2103-AY2526S1!website.git/_markbind/variables.md'
2025-07-29T08:48:17.144Z - info: Building assets...
2025-07-29T08:48:19.851Z - info: Assets built
2025-07-29T08:48:19.851Z - info: Generating pages...
2025-07-29T08:48:25.019Z - debug:  
2025-07-29T08:48:25.020Z - debug:  
2025-07-29T08:48:28.418Z - debug:  
2025-07-29T08:48:28.418Z - debug:  
2025-07-29T08:48:28.418Z - debug:  
2025-07-29T08:48:28.418Z - debug:  
2025-07-29T08:48:28.419Z - debug:  
2025-07-29T08:48:28.419Z - debug:  
2025-07-29T08:48:28.419Z - debug:  
2025-07-29T08:48:28.419Z - debug:  
2025-07-29T08:48:28.419Z - debug:  
2025-07-29T08:48:30.785Z - debug:  
2025-07-29T08:48:30.962Z - debug:  
2025-07-29T08:48:30.986Z - debug:  
2025-07-29T08:48:31.004Z - debug:  
2025-07-29T08:48:31.051Z - debug:  
2025-07-29T08:48:31.076Z - debug:  
2025-07-29T08:48:40.416Z - debug:  
2025-07-29T08:49:36.653Z - debug:  
2025-07-29T08:49:48.338Z - debug:  
2025-07-29T08:49:48.371Z - debug:  
2025-07-29T08:49:54.002Z - info: Pages built
2025-07-29T08:49:54.081Z - info: Site data built
2025-07-29T08:49:54.081Z - info: Website generation complete! Total build time: 98.577s
2025-07-29T08:49:54.081Z - info: Build success!
2025-07-29T08:50:16.868Z - info: The website has been deployed at: https://nus-cs2103-ay2526s1.github.io/website
2025-07-29T09:05:25.670Z - info: Website generation (lazy) started at 17:05:24
2025-07-29T09:05:26.127Z - warn: ENOENT: no such file or directory, open '/Users/damithch/Repos/nus-cs2103/cs2103-website-base/node_modules/.cache/gh-pages/https!github.com!nus-cs2103-AY2526S1!website.git/book/_markbind/variables.md'
2025-07-29T09:05:26.127Z - warn: ENOENT: no such file or directory, open '/Users/damithch/Repos/nus-cs2103/cs2103-website-base/node_modules/.cache/gh-pages/https!github.com!nus-cs2103-AY2526S1!website.git/_markbind/variables.md'
2025-07-29T09:05:26.147Z - info: Building assets...
2025-07-29T09:05:28.955Z - info: Assets built
2025-07-29T09:05:28.956Z - info: Generating landing page...
2025-07-29T09:05:29.199Z - info: Landing page built, other pages will be built as you navigate to them!
2025-07-29T09:05:29.275Z - info: Site data built
2025-07-29T09:05:29.275Z - info: Website generation (lazy) complete! Total build time: 4.964s
2025-07-29T09:05:29.285Z - info: Serving "/Users/damithch/Repos/nus-cs2103/cs2103-website-base/_site" at http://127.0.0.1:8080
2025-07-29T09:05:29.285Z - info: Press CTRL+C to stop ...
2025-07-29T09:05:38.039Z - info: Building /Users/damithch/Repos/nus-cs2103/cs2103-website-base/se-book-adapted/git-trail/index as some of its dependencies were changed since the last visit
2025-07-29T09:05:38.394Z - info: Site data built
2025-07-29T09:05:38.394Z - info: Lazy website regeneration complete! Total build time: 0.356s
2025-07-29T09:06:01.746Z - info: Building /Users/damithch/Repos/nus-cs2103/cs2103-website-base/book/gitAndGithub/init/index as some of its dependencies were changed since the last visit
2025-07-29T09:06:01.921Z - info: Site data built
2025-07-29T09:06:01.922Z - info: Lazy website regeneration complete! Total build time: 0.176s
2025-07-29T09:16:32.503Z - info: [17:16:32] Reload for file add: /Users/damithch/Repos/nus-cs2103/cs2103-website-base/book/gitAndGithub/gitPrep/images/gitmasteryDownloadOutput.png
2025-07-29T09:16:32.504Z - info: Synchronizing opened pages list before reload
2025-07-29T09:16:32.505Z - info: Current opened pages, from most-to-least recent:
2025-07-29T09:16:32.505Z - info: 1. book/gitAndGithub/init/index
2025-07-29T09:16:32.505Z - info: 2. se-book-adapted/git-trail/index
2025-07-29T09:16:33.662Z - info: Assets built
2025-07-29T09:17:31.723Z - info: [17:17:31] Reload for file deletion: /Users/damithch/Repos/nus-cs2103/cs2103-website-base/book/gitAndGithub/gitPrep/images/gitmasteryDownloadOutput.png
2025-07-29T09:17:31.724Z - info: Synchronizing opened pages list before reload
2025-07-29T09:17:31.725Z - info: Current opened pages, from most-to-least recent:
2025-07-29T09:17:31.726Z - info: 1. book/gitAndGithub/init/index
2025-07-29T09:17:31.726Z - info: 2. se-book-adapted/git-trail/index
2025-07-29T09:17:31.808Z - info: [17:17:31] Reload for file add: /Users/damithch/Repos/nus-cs2103/cs2103-website-base/book/gitAndGithub/init/images/gitmasteryDownloadOutput.png
2025-07-29T09:17:31.808Z - info: Synchronizing opened pages list before reload
2025-07-29T09:17:31.808Z - info: Current opened pages, from most-to-least recent:
2025-07-29T09:17:31.808Z - info: 1. book/gitAndGithub/init/index
2025-07-29T09:17:31.808Z - info: 2. se-book-adapted/git-trail/index
2025-07-29T09:17:32.807Z - debug: Assets removed
2025-07-29T09:17:32.864Z - info: Assets built
2025-07-29T09:19:07.261Z - info: [17:19:07] Reload for file change: /Users/damithch/Repos/nus-cs2103/cs2103-website-base/book/gitAndGithub/init/text.md
2025-07-29T09:19:07.262Z - info: Synchronizing opened pages list before reload
2025-07-29T09:19:07.263Z - info: Current opened pages, from most-to-least recent:
2025-07-29T09:19:07.263Z - info: 1. book/gitAndGithub/init/index
2025-07-29T09:19:07.263Z - info: 2. se-book-adapted/git-trail/index
2025-07-29T09:19:08.278Z - info: Rebuilding 2 pages
2025-07-29T09:19:08.632Z - info: Site data built
2025-07-29T09:19:08.632Z - info: Pages rebuilt
2025-07-29T09:19:08.632Z - info: Website regeneration complete! Total build time: 0.358s
2025-07-29T09:19:23.857Z - info: [17:19:23] Reload for file change: /Users/damithch/Repos/nus-cs2103/cs2103-website-base/book/gitAndGithub/init/text.md
2025-07-29T09:19:23.858Z - info: Synchronizing opened pages list before reload
2025-07-29T09:19:23.858Z - info: Current opened pages, from most-to-least recent:
2025-07-29T09:19:23.858Z - info: 1. book/gitAndGithub/init/index
2025-07-29T09:19:24.868Z - info: Rebuilding 1 pages
2025-07-29T09:19:25.025Z - info: Site data built
2025-07-29T09:19:25.026Z - info: Pages rebuilt
2025-07-29T09:19:25.026Z - info: Website regeneration complete! Total build time: 0.159s
2025-07-29T09:19:56.172Z - info: [17:19:56] Reload for file change: /Users/damithch/Repos/nus-cs2103/cs2103-website-base/book/gitAndGithub/init/text.md
2025-07-29T09:19:56.172Z - info: Synchronizing opened pages list before reload
2025-07-29T09:19:56.172Z - info: Current opened pages, from most-to-least recent:
2025-07-29T09:19:56.172Z - info: 1. book/gitAndGithub/init/index
2025-07-29T09:19:57.178Z - info: Rebuilding 1 pages
2025-07-29T09:19:57.332Z - info: Site data built
2025-07-29T09:19:57.332Z - info: Pages rebuilt
2025-07-29T09:19:57.332Z - info: Website regeneration complete! Total build time: 0.155s
2025-07-29T09:20:26.872Z - info: [17:20:26] Reload for file change: /Users/damithch/Repos/nus-cs2103/cs2103-website-base/book/gitAndGithub/init/text.md
2025-07-29T09:20:26.873Z - info: Synchronizing opened pages list before reload
2025-07-29T09:20:26.873Z - info: Current opened pages, from most-to-least recent:
2025-07-29T09:20:26.873Z - info: 1. book/gitAndGithub/init/index
2025-07-29T09:20:27.888Z - info: Rebuilding 1 pages
2025-07-29T09:20:28.001Z - info: Site data built
2025-07-29T09:20:28.001Z - info: Pages rebuilt
2025-07-29T09:20:28.001Z - info: Website regeneration complete! Total build time: 0.114s
2025-07-29T09:21:11.279Z - info: [17:21:11] Reload for file change: /Users/damithch/Repos/nus-cs2103/cs2103-website-base/book/gitAndGithub/init/text.md
2025-07-29T09:21:11.280Z - info: Synchronizing opened pages list before reload
2025-07-29T09:21:11.281Z - info: Current opened pages, from most-to-least recent:
2025-07-29T09:21:11.281Z - info: 1. book/gitAndGithub/init/index
2025-07-29T09:21:12.296Z - info: Rebuilding 1 pages
2025-07-29T09:21:12.455Z - info: Site data built
2025-07-29T09:21:12.455Z - info: Pages rebuilt
2025-07-29T09:21:12.455Z - info: Website regeneration complete! Total build time: 0.171s
2025-07-29T09:21:48.659Z - info: [17:21:48] Reload for file change: /Users/damithch/Repos/nus-cs2103/cs2103-website-base/book/gitAndGithub/init/text.md
2025-07-29T09:21:48.660Z - info: Synchronizing opened pages list before reload
2025-07-29T09:21:48.660Z - info: Current opened pages, from most-to-least recent:
2025-07-29T09:21:48.660Z - info: 1. book/gitAndGithub/init/index
2025-07-29T09:21:49.666Z - info: Rebuilding 1 pages
2025-07-29T09:21:49.801Z - info: Site data built
2025-07-29T09:21:49.801Z - info: Pages rebuilt
2025-07-29T09:21:49.801Z - info: Website regeneration complete! Total build time: 0.137s
2025-07-29T09:22:13.912Z - info: [17:22:13] Reload for file change: /Users/damithch/Repos/nus-cs2103/cs2103-website-base/book/gitAndGithub/init/text.md
2025-07-29T09:22:13.915Z - info: Synchronizing opened pages list before reload
2025-07-29T09:22:13.916Z - info: Current opened pages, from most-to-least recent:
2025-07-29T09:22:13.916Z - info: 1. book/gitAndGithub/init/index
2025-07-29T09:22:14.921Z - info: Rebuilding 1 pages
2025-07-29T09:22:15.067Z - info: Site data built
2025-07-29T09:22:15.067Z - info: Pages rebuilt
2025-07-29T09:22:15.067Z - info: Website regeneration complete! Total build time: 0.148s
2025-07-29T09:24:19.043Z - info: [17:24:19] Reload for file change: /Users/damithch/Repos/nus-cs2103/cs2103-website-base/book/gitAndGithub/init/text.md
2025-07-29T09:24:19.046Z - info: Synchronizing opened pages list before reload
2025-07-29T09:24:19.047Z - info: Current opened pages, from most-to-least recent:
2025-07-29T09:24:19.048Z - info: 1. book/gitAndGithub/init/index
2025-07-29T09:24:20.055Z - info: Rebuilding 1 pages
2025-07-29T09:24:20.198Z - info: Site data built
2025-07-29T09:24:20.198Z - info: Pages rebuilt
2025-07-29T09:24:20.198Z - info: Website regeneration complete! Total build time: 0.144s
2025-07-29T09:24:44.323Z - info: [17:24:44] Reload for file change: /Users/damithch/Repos/nus-cs2103/cs2103-website-base/book/gitAndGithub/init/text.md
2025-07-29T09:24:44.324Z - info: Synchronizing opened pages list before reload
2025-07-29T09:24:44.324Z - info: Current opened pages, from most-to-least recent:
2025-07-29T09:24:44.324Z - info: 1. book/gitAndGithub/init/index
2025-07-29T09:24:45.326Z - info: Rebuilding 1 pages
2025-07-29T09:24:45.468Z - info: Site data built
2025-07-29T09:24:45.469Z - info: Pages rebuilt
2025-07-29T09:24:45.469Z - info: Website regeneration complete! Total build time: 0.144s
2025-07-29T09:26:20.385Z - info: [17:26:20] Reload for file change: /Users/damithch/Repos/nus-cs2103/cs2103-website-base/book/gitAndGithub/setRemote/text.md
2025-07-29T09:26:20.390Z - info: Synchronizing opened pages list before reload
2025-07-29T09:26:20.392Z - info: Current opened pages, from most-to-least recent:
2025-07-29T09:26:20.392Z - info: 1. book/gitAndGithub/init/index
2025-07-29T09:26:21.401Z - info: No pages needed to be rebuilt
2025-07-29T09:27:28.010Z - info: [17:27:28] Reload for file change: /Users/damithch/Repos/nus-cs2103/cs2103-website-base/book/gitAndGithub/githubPrep/text.md
2025-07-29T09:27:28.011Z - info: Synchronizing opened pages list before reload
2025-07-29T09:27:28.012Z - info: Current opened pages, from most-to-least recent:
2025-07-29T09:27:28.012Z - info: 1. book/gitAndGithub/init/index
2025-07-29T09:27:28.013Z - info: [17:27:28] Reload for file change: /Users/damithch/Repos/nus-cs2103/cs2103-website-base/book/cppToJava/misc/packages/text.md
2025-07-29T09:27:28.013Z - info: Synchronizing opened pages list before reload
2025-07-29T09:27:28.013Z - info: Current opened pages, from most-to-least recent:
2025-07-29T09:27:28.013Z - info: 1. book/gitAndGithub/init/index
2025-07-29T09:27:29.020Z - info: No pages needed to be rebuilt
2025-07-29T09:27:29.024Z - info: Assets built
2025-07-29T09:29:37.430Z - info: [17:29:37] Reload for file change: /Users/damithch/Repos/nus-cs2103/cs2103-website-base/book/gitAndGithub/githubPrep/text.md
2025-07-29T09:29:37.431Z - info: Synchronizing opened pages list before reload
2025-07-29T09:29:37.431Z - info: Current opened pages, from most-to-least recent:
2025-07-29T09:29:37.431Z - info: 1. book/gitAndGithub/init/index
2025-07-29T09:29:38.434Z - info: No pages needed to be rebuilt
2025-07-29T09:29:54.145Z - info: Website generation started at 17:29:52
2025-07-29T09:29:54.551Z - warn: ENOENT: no such file or directory, open '/Users/damithch/Repos/nus-cs2103/cs2103-website-base/node_modules/.cache/gh-pages/https!github.com!nus-cs2103-AY2526S1!website.git/book/_markbind/variables.md'
2025-07-29T09:29:54.552Z - warn: ENOENT: no such file or directory, open '/Users/damithch/Repos/nus-cs2103/cs2103-website-base/node_modules/.cache/gh-pages/https!github.com!nus-cs2103-AY2526S1!website.git/_markbind/variables.md'
2025-07-29T09:29:54.571Z - info: Building assets...
