2025-07-04T07:24:23.452Z - info: Website generation (lazy) started at 15:24:22
2025-07-04T07:24:23.766Z - warn: ENOENT: no such file or directory, open '/Users/damithch/Repos/nus-cs2103/cs2103-website-base/node_modules/.cache/gh-pages/https!github.com!nus-cs2103-AY2526S1!website.git/book/_markbind/variables.md'
2025-07-04T07:24:23.767Z - warn: ENOENT: no such file or directory, open '/Users/damithch/Repos/nus-cs2103/cs2103-website-base/node_modules/.cache/gh-pages/https!github.com!nus-cs2103-AY2526S1!website.git/_markbind/variables.md'
2025-07-04T07:24:23.787Z - info: Building assets...
2025-07-04T07:24:25.364Z - info: Assets built
2025-07-04T07:24:25.364Z - info: Generating landing page...
2025-07-04T07:24:25.603Z - info: Landing page built, other pages will be built as you navigate to them!
2025-07-04T07:24:25.679Z - info: Site data built
2025-07-04T07:24:25.679Z - info: Website generation (lazy) complete! Total build time: 3.016s
2025-07-04T07:24:25.690Z - info: Serving "/Users/damithch/Repos/nus-cs2103/cs2103-website-base/_site" at http://127.0.0.1:8080
2025-07-04T07:24:25.690Z - info: Press CTRL+C to stop ...
2025-07-04T07:34:03.809Z - info: Building /Users/damithch/Repos/nus-cs2103/cs2103-website-base/se-book-adapted/git-trail/index as some of its dependencies were changed since the last visit
2025-07-04T07:34:04.146Z - info: Site data built
2025-07-04T07:34:04.146Z - info: Lazy website regeneration complete! Total build time: 0.338s
2025-07-04T07:34:24.635Z - info: Building /Users/damithch/Repos/nus-cs2103/cs2103-website-base/book/gitAndGithub/pull/index as some of its dependencies were changed since the last visit
2025-07-04T07:34:24.861Z - info: Site data built
2025-07-04T07:34:24.861Z - info: Lazy website regeneration complete! Total build time: 0.226s
2025-07-04T07:42:23.082Z - info: Building /Users/damithch/Repos/nus-cs2103/cs2103-website-base/book/gitAndGithub/diff/index as some of its dependencies were changed since the last visit
2025-07-04T07:42:23.233Z - info: Site data built
2025-07-04T07:42:23.233Z - info: Lazy website regeneration complete! Total build time: 0.152s
2025-07-04T07:44:43.216Z - info: [15:44:43] Reload for file change: /Users/damithch/Repos/nus-cs2103/cs2103-website-base/book/common/macros.njk
2025-07-04T07:44:43.218Z - info: Synchronizing opened pages list before reload
2025-07-04T07:44:43.220Z - info: Current opened pages, from most-to-least recent:
2025-07-04T07:44:43.220Z - info: 1. book/gitAndGithub/diff/index
2025-07-04T07:44:43.220Z - info: 2. se-book-adapted/git-trail/index
2025-07-04T07:44:44.227Z - info: Rebuilding 2 pages
2025-07-04T07:44:44.500Z - info: Site data built
2025-07-04T07:44:44.500Z - info: Pages rebuilt
2025-07-04T07:44:44.500Z - info: Website regeneration complete! Total build time: 0.275s
2025-07-04T07:50:59.988Z - info: [15:50:59] Reload for file add: /Users/damithch/Repos/nus-cs2103/cs2103-website-base/book/gitAndGithub/reset/index.md
2025-07-04T07:50:59.989Z - info: Synchronizing opened pages list before reload
2025-07-04T07:50:59.990Z - info: Current opened pages, from most-to-least recent:
2025-07-04T07:50:59.990Z - info: 1. se-book-adapted/git-trail/index
2025-07-04T07:50:59.990Z - info: [15:50:59] Reload for file add: /Users/damithch/Repos/nus-cs2103/cs2103-website-base/book/gitAndGithub/reset/text.md
2025-07-04T07:50:59.991Z - info: Synchronizing opened pages list before reload
2025-07-04T07:50:59.991Z - info: Current opened pages, from most-to-least recent:
2025-07-04T07:50:59.991Z - info: 1. se-book-adapted/git-trail/index
2025-07-04T07:51:00.199Z - info: [15:51:00] Reload for file add: /Users/damithch/Repos/nus-cs2103/cs2103-website-base/book/gitAndGithub/reset/images/sourcetreeCompareCommits.png
2025-07-04T07:51:00.199Z - info: Synchronizing opened pages list before reload
2025-07-04T07:51:00.199Z - info: Current opened pages, from most-to-least recent:
2025-07-04T07:51:00.199Z - info: 1. se-book-adapted/git-trail/index
2025-07-04T07:51:00.199Z - info: [15:51:00] Reload for file add: /Users/damithch/Repos/nus-cs2103/cs2103-website-base/book/gitAndGithub/reset/images/sourcetreeDiffCommitAndWorkingDir.png
2025-07-04T07:51:00.199Z - info: Synchronizing opened pages list before reload
2025-07-04T07:51:00.199Z - info: Current opened pages, from most-to-least recent:
2025-07-04T07:51:00.199Z - info: 1. se-book-adapted/git-trail/index
2025-07-04T07:51:00.199Z - info: [15:51:00] Reload for file add: /Users/damithch/Repos/nus-cs2103/cs2103-website-base/book/gitAndGithub/reset/images/sourcetreeStagedAndUnstaged.png
2025-07-04T07:51:00.199Z - info: Synchronizing opened pages list before reload
2025-07-04T07:51:00.199Z - info: Current opened pages, from most-to-least recent:
2025-07-04T07:51:00.200Z - info: 1. se-book-adapted/git-trail/index
2025-07-04T07:51:01.142Z - info: Pages or site config modified, updating pages...
2025-07-04T07:51:01.261Z - info: Assets built
2025-07-04T07:51:02.282Z - info: Building /Users/damithch/Repos/nus-cs2103/cs2103-website-base/se-book-adapted/git-trail/index as some of its dependencies were changed since the last visit
2025-07-04T07:51:02.567Z - info: Site data built
2025-07-04T07:51:02.567Z - info: Lazy website regeneration complete! Total build time: 0.285s
2025-07-04T07:51:30.010Z - info: [15:51:30] Reload for file deletion: /Users/damithch/Repos/nus-cs2103/cs2103-website-base/book/gitAndGithub/reset/images/sourcetreeCompareCommits.png
2025-07-04T07:51:30.010Z - info: Synchronizing opened pages list before reload
2025-07-04T07:51:30.010Z - info: Current opened pages, from most-to-least recent:
2025-07-04T07:51:30.010Z - info: 1. se-book-adapted/git-trail/index
2025-07-04T07:51:30.012Z - info: [15:51:30] Reload for file deletion: /Users/damithch/Repos/nus-cs2103/cs2103-website-base/book/gitAndGithub/reset/images/sourcetreeDiffCommitAndWorkingDir.png
2025-07-04T07:51:30.012Z - info: Synchronizing opened pages list before reload
2025-07-04T07:51:30.012Z - info: Current opened pages, from most-to-least recent:
2025-07-04T07:51:30.012Z - info: 1. se-book-adapted/git-trail/index
2025-07-04T07:51:30.013Z - info: [15:51:30] Reload for file deletion: /Users/damithch/Repos/nus-cs2103/cs2103-website-base/book/gitAndGithub/reset/images/sourcetreeStagedAndUnstaged.png
2025-07-04T07:51:30.013Z - info: Synchronizing opened pages list before reload
2025-07-04T07:51:30.013Z - info: Current opened pages, from most-to-least recent:
2025-07-04T07:51:30.013Z - info: 1. se-book-adapted/git-trail/index
2025-07-04T07:51:31.122Z - debug: Assets removed
2025-07-04T07:51:51.903Z - info: [15:51:51] Reload for file change: /Users/damithch/Repos/nus-cs2103/cs2103-website-base/book/gitAndGithub/pull/text.md
2025-07-04T07:51:51.904Z - info: Synchronizing opened pages list before reload
2025-07-04T07:51:51.905Z - info: Current opened pages, from most-to-least recent:
2025-07-04T07:51:51.905Z - info: 1. se-book-adapted/git-trail/index
2025-07-04T07:51:52.921Z - info: Rebuilding 1 pages
2025-07-04T07:51:53.106Z - info: Site data built
2025-07-04T07:51:53.106Z - info: Pages rebuilt
2025-07-04T07:51:53.106Z - info: Website regeneration complete! Total build time: 0.196s
2025-07-04T07:53:52.223Z - info: [15:53:52] Reload for file change: /Users/damithch/Repos/nus-cs2103/cs2103-website-base/book/common/macros.njk
2025-07-04T07:53:52.225Z - info: Synchronizing opened pages list before reload
2025-07-04T07:53:52.225Z - info: Current opened pages, from most-to-least recent:
2025-07-04T07:53:52.226Z - info: 1. se-book-adapted/git-trail/index
2025-07-04T07:53:53.233Z - info: Rebuilding 1 pages
2025-07-04T07:53:53.478Z - info: Site data built
2025-07-04T07:53:53.478Z - info: Pages rebuilt
2025-07-04T07:53:53.478Z - info: Website regeneration complete! Total build time: 0.248s
2025-07-04T07:57:59.976Z - info: [15:57:59] Reload for file change: /Users/damithch/Repos/nus-cs2103/cs2103-website-base/book/common/macros.njk
2025-07-04T07:57:59.979Z - info: Synchronizing opened pages list before reload
2025-07-04T07:57:59.980Z - info: Current opened pages, from most-to-least recent:
2025-07-04T07:57:59.980Z - info: 1. se-book-adapted/git-trail/index
2025-07-04T07:58:00.991Z - info: Rebuilding 1 pages
2025-07-04T07:58:01.247Z - info: Site data built
2025-07-04T07:58:01.247Z - info: Pages rebuilt
2025-07-04T07:58:01.247Z - info: Website regeneration complete! Total build time: 0.258s
2025-07-04T07:59:23.165Z - info: [15:59:23] Reload for file change: /Users/damithch/Repos/nus-cs2103/cs2103-website-base/book/gitAndGithub/reset/text.md
2025-07-04T07:59:23.167Z - info: Synchronizing opened pages list before reload
2025-07-04T07:59:23.168Z - info: Current opened pages, from most-to-least recent:
2025-07-04T07:59:23.168Z - info: 1. se-book-adapted/git-trail/index
2025-07-04T07:59:23.171Z - info: [15:59:23] Reload for file change: /Users/damithch/Repos/nus-cs2103/cs2103-website-base/book/gitAndGithub/reset/index.md
2025-07-04T07:59:23.171Z - info: Synchronizing opened pages list before reload
2025-07-04T07:59:23.171Z - info: Current opened pages, from most-to-least recent:
2025-07-04T07:59:23.171Z - info: 1. se-book-adapted/git-trail/index
2025-07-04T07:59:24.181Z - info: Rebuilding 1 pages
2025-07-04T07:59:24.430Z - info: Site data built
2025-07-04T07:59:24.430Z - info: Pages rebuilt
2025-07-04T07:59:24.430Z - info: Website regeneration complete! Total build time: 0.252s
2025-07-04T08:01:55.311Z - info: Building /Users/damithch/Repos/nus-cs2103/cs2103-website-base/book/gitAndGithub/reset/index as some of its dependencies were changed since the last visit
2025-07-04T08:01:55.503Z - info: Site data built
2025-07-04T08:01:55.503Z - info: Lazy website regeneration complete! Total build time: 0.193s
2025-07-04T08:04:14.660Z - info: [16:04:14] Reload for file change: /Users/damithch/Repos/nus-cs2103/cs2103-website-base/book/gitAndGithub/reset/text.md
2025-07-04T08:04:14.663Z - info: Synchronizing opened pages list before reload
2025-07-04T08:04:14.663Z - info: Current opened pages, from most-to-least recent:
2025-07-04T08:04:14.663Z - info: 1. book/gitAndGithub/reset/index
2025-07-04T08:04:14.663Z - info: 2. se-book-adapted/git-trail/index
2025-07-04T08:04:15.678Z - info: Rebuilding 2 pages
2025-07-04T08:04:15.965Z - info: Site data built
2025-07-04T08:04:15.965Z - info: Pages rebuilt
2025-07-04T08:04:15.965Z - info: Website regeneration complete! Total build time: 0.289s
2025-07-04T08:11:37.539Z - info: [16:11:37] Reload for file change: /Users/damithch/Repos/nus-cs2103/cs2103-website-base/book/gitAndGithub/reset/text.md
2025-07-04T08:11:37.543Z - info: Synchronizing opened pages list before reload
2025-07-04T08:11:37.544Z - info: Current opened pages, from most-to-least recent:
2025-07-04T08:11:37.544Z - info: 1. book/gitAndGithub/reset/index
2025-07-04T08:11:38.550Z - info: Rebuilding 1 pages
2025-07-04T08:11:38.697Z - info: Site data built
2025-07-04T08:11:38.697Z - info: Pages rebuilt
2025-07-04T08:11:38.697Z - info: Website regeneration complete! Total build time: 0.15s
2025-07-04T08:12:25.530Z - info: [16:12:25] Reload for file change: /Users/damithch/Repos/nus-cs2103/cs2103-website-base/book/gitAndGithub/reset/text.md
2025-07-04T08:12:25.531Z - info: Synchronizing opened pages list before reload
2025-07-04T08:12:25.532Z - info: Current opened pages, from most-to-least recent:
2025-07-04T08:12:25.532Z - info: 1. book/gitAndGithub/reset/index
2025-07-04T08:12:26.537Z - info: Rebuilding 1 pages
2025-07-04T08:12:26.658Z - info: Site data built
2025-07-04T08:12:26.658Z - info: Pages rebuilt
2025-07-04T08:12:26.658Z - info: Website regeneration complete! Total build time: 0.124s
2025-07-04T08:15:46.702Z - info: [16:15:46] Reload for file change: /Users/damithch/Repos/nus-cs2103/cs2103-website-base/book/gitAndGithub/reset/text.md
2025-07-04T08:15:46.704Z - info: Synchronizing opened pages list before reload
2025-07-04T08:15:46.705Z - info: Current opened pages, from most-to-least recent:
2025-07-04T08:15:46.705Z - info: 1. book/gitAndGithub/reset/index
2025-07-04T08:15:47.711Z - info: Rebuilding 1 pages
2025-07-04T08:15:47.842Z - info: Site data built
2025-07-04T08:15:47.843Z - info: Pages rebuilt
2025-07-04T08:15:47.843Z - info: Website regeneration complete! Total build time: 0.134s
2025-07-04T08:16:08.230Z - info: [16:16:08] Reload for file change: /Users/damithch/Repos/nus-cs2103/cs2103-website-base/book/gitAndGithub/reset/text.md
2025-07-04T08:16:08.239Z - info: Synchronizing opened pages list before reload
2025-07-04T08:16:08.241Z - info: Current opened pages, from most-to-least recent:
2025-07-04T08:16:08.241Z - info: 1. book/gitAndGithub/reset/index
2025-07-04T08:16:09.251Z - info: Rebuilding 1 pages
2025-07-04T08:16:09.368Z - info: Site data built
2025-07-04T08:16:09.369Z - info: Pages rebuilt
2025-07-04T08:16:09.369Z - info: Website regeneration complete! Total build time: 0.12s
2025-07-04T08:17:58.147Z - info: [16:17:58] Reload for file change: /Users/damithch/Repos/nus-cs2103/cs2103-website-base/book/gitAndGithub/reset/text.md
2025-07-04T08:17:58.156Z - info: Synchronizing opened pages list before reload
2025-07-04T08:17:58.157Z - info: Current opened pages, from most-to-least recent:
2025-07-04T08:17:58.157Z - info: 1. book/gitAndGithub/reset/index
2025-07-04T08:17:59.167Z - info: Rebuilding 1 pages
2025-07-04T08:17:59.304Z - info: Site data built
2025-07-04T08:17:59.304Z - info: Pages rebuilt
2025-07-04T08:17:59.304Z - info: Website regeneration complete! Total build time: 0.141s
2025-07-04T08:20:22.148Z - info: [16:20:22] Reload for file change: /Users/damithch/Repos/nus-cs2103/cs2103-website-base/book/gitAndGithub/reset/text.md
2025-07-04T08:20:22.150Z - info: Synchronizing opened pages list before reload
2025-07-04T08:20:22.150Z - info: Current opened pages, from most-to-least recent:
2025-07-04T08:20:22.150Z - info: 1. book/gitAndGithub/reset/index
2025-07-04T08:20:23.159Z - info: Rebuilding 1 pages
2025-07-04T08:20:23.284Z - info: Site data built
2025-07-04T08:20:23.284Z - info: Pages rebuilt
2025-07-04T08:20:23.284Z - info: Website regeneration complete! Total build time: 0.127s
2025-07-04T08:20:43.334Z - info: [16:20:43] Reload for file change: /Users/damithch/Repos/nus-cs2103/cs2103-website-base/book/gitAndGithub/reset/text.md
2025-07-04T08:20:43.335Z - info: Synchronizing opened pages list before reload
2025-07-04T08:20:43.336Z - info: Current opened pages, from most-to-least recent:
2025-07-04T08:20:43.336Z - info: 1. book/gitAndGithub/reset/index
2025-07-04T08:20:44.344Z - info: Rebuilding 1 pages
2025-07-04T08:20:44.455Z - info: Site data built
2025-07-04T08:20:44.455Z - info: Pages rebuilt
2025-07-04T08:20:44.455Z - info: Website regeneration complete! Total build time: 0.114s
2025-07-04T08:22:11.476Z - info: [16:22:11] Reload for file change: /Users/damithch/Repos/nus-cs2103/cs2103-website-base/book/gitAndGithub/reset/text.md
2025-07-04T08:22:11.477Z - info: Synchronizing opened pages list before reload
2025-07-04T08:22:11.478Z - info: Current opened pages, from most-to-least recent:
2025-07-04T08:22:11.478Z - info: 1. book/gitAndGithub/reset/index
2025-07-04T08:22:12.485Z - info: Rebuilding 1 pages
2025-07-04T08:22:12.647Z - info: Site data built
2025-07-04T08:22:12.648Z - info: Pages rebuilt
2025-07-04T08:22:12.648Z - info: Website regeneration complete! Total build time: 0.166s
2025-07-04T08:25:20.813Z - info: [16:25:20] Reload for file change: /Users/damithch/Repos/nus-cs2103/cs2103-website-base/book/gitAndGithub/reset/text.md
2025-07-04T08:25:20.814Z - info: Synchronizing opened pages list before reload
2025-07-04T08:25:20.814Z - info: Current opened pages, from most-to-least recent:
2025-07-04T08:25:20.814Z - info: 1. book/gitAndGithub/reset/index
2025-07-04T08:25:21.826Z - info: Rebuilding 1 pages
2025-07-04T08:25:21.938Z - info: Site data built
2025-07-04T08:25:21.939Z - info: Pages rebuilt
2025-07-04T08:25:21.939Z - info: Website regeneration complete! Total build time: 0.115s
2025-07-04T08:27:41.372Z - info: [16:27:41] Reload for file change: /Users/damithch/Repos/nus-cs2103/cs2103-website-base/book/gitAndGithub/reset/text.md
2025-07-04T08:27:41.375Z - info: Synchronizing opened pages list before reload
2025-07-04T08:27:41.375Z - info: Current opened pages, from most-to-least recent:
2025-07-04T08:27:41.375Z - info: 1. book/gitAndGithub/reset/index
2025-07-04T08:27:42.384Z - info: Rebuilding 1 pages
2025-07-04T08:27:42.504Z - info: Site data built
2025-07-04T08:27:42.504Z - info: Pages rebuilt
2025-07-04T08:27:42.504Z - info: Website regeneration complete! Total build time: 0.123s
2025-07-04T08:27:48.937Z - info: [16:27:48] Reload for file change: /Users/damithch/Repos/nus-cs2103/cs2103-website-base/book/gitAndGithub/reset/text.md
2025-07-04T08:27:48.937Z - info: Synchronizing opened pages list before reload
2025-07-04T08:27:48.937Z - info: Current opened pages, from most-to-least recent:
2025-07-04T08:27:48.937Z - info: 1. book/gitAndGithub/reset/index
2025-07-04T08:27:49.943Z - info: Rebuilding 1 pages
2025-07-04T08:27:50.047Z - info: Site data built
2025-07-04T08:27:50.047Z - info: Pages rebuilt
2025-07-04T08:27:50.047Z - info: Website regeneration complete! Total build time: 0.106s
2025-07-04T08:28:09.631Z - info: [16:28:09] Reload for file change: /Users/damithch/Repos/nus-cs2103/cs2103-website-base/book/gitAndGithub/reset/text.md
2025-07-04T08:28:09.632Z - info: Synchronizing opened pages list before reload
2025-07-04T08:28:09.632Z - info: Current opened pages, from most-to-least recent:
2025-07-04T08:28:09.632Z - info: 1. book/gitAndGithub/reset/index
2025-07-04T08:28:10.639Z - info: Rebuilding 1 pages
2025-07-04T08:28:10.752Z - info: Site data built
2025-07-04T08:28:10.753Z - info: Pages rebuilt
2025-07-04T08:28:10.753Z - info: Website regeneration complete! Total build time: 0.116s
2025-07-04T08:28:56.243Z - info: [16:28:56] Reload for file change: /Users/damithch/Repos/nus-cs2103/cs2103-website-base/book/gitAndGithub/reset/text.md
2025-07-04T08:28:56.243Z - info: Synchronizing opened pages list before reload
2025-07-04T08:28:56.244Z - info: Current opened pages, from most-to-least recent:
2025-07-04T08:28:56.244Z - info: 1. book/gitAndGithub/reset/index
2025-07-04T08:28:57.256Z - info: Rebuilding 1 pages
2025-07-04T08:28:57.356Z - info: Site data built
2025-07-04T08:28:57.356Z - info: Pages rebuilt
2025-07-04T08:28:57.356Z - info: Website regeneration complete! Total build time: 0.101s
2025-07-04T08:29:52.846Z - info: [16:29:52] Reload for file change: /Users/damithch/Repos/nus-cs2103/cs2103-website-base/book/gitAndGithub/reset/text.md
2025-07-04T08:29:52.846Z - info: Synchronizing opened pages list before reload
2025-07-04T08:29:52.847Z - info: Current opened pages, from most-to-least recent:
2025-07-04T08:29:52.847Z - info: 1. book/gitAndGithub/reset/index
2025-07-04T08:29:53.852Z - info: Rebuilding 1 pages
2025-07-04T08:29:53.982Z - info: Site data built
2025-07-04T08:29:53.983Z - info: Pages rebuilt
2025-07-04T08:29:53.983Z - info: Website regeneration complete! Total build time: 0.133s
2025-07-04T08:30:53.732Z - info: [16:30:53] Reload for file change: /Users/damithch/Repos/nus-cs2103/cs2103-website-base/book/gitAndGithub/reset/text.md
2025-07-04T08:30:53.747Z - info: Synchronizing opened pages list before reload
2025-07-04T08:30:53.748Z - info: Current opened pages, from most-to-least recent:
2025-07-04T08:30:53.748Z - info: 1. book/gitAndGithub/reset/index
2025-07-04T08:30:54.754Z - info: Rebuilding 1 pages
2025-07-04T08:30:54.868Z - info: Site data built
2025-07-04T08:30:54.869Z - info: Pages rebuilt
2025-07-04T08:30:54.869Z - info: Website regeneration complete! Total build time: 0.117s
2025-07-04T08:32:53.877Z - info: [16:32:53] Reload for file change: /Users/damithch/Repos/nus-cs2103/cs2103-website-base/book/gitAndGithub/reset/text.md
2025-07-04T08:32:53.880Z - info: Synchronizing opened pages list before reload
2025-07-04T08:32:53.881Z - info: Current opened pages, from most-to-least recent:
2025-07-04T08:32:53.881Z - info: 1. book/gitAndGithub/reset/index
2025-07-04T08:32:54.890Z - info: Rebuilding 1 pages
2025-07-04T08:32:55.024Z - info: Site data built
2025-07-04T08:32:55.024Z - info: Pages rebuilt
2025-07-04T08:32:55.024Z - info: Website regeneration complete! Total build time: 0.137s
2025-07-04T08:33:24.149Z - info: [16:33:24] Reload for file change: /Users/damithch/Repos/nus-cs2103/cs2103-website-base/book/gitAndGithub/reset/text.md
2025-07-04T08:33:24.149Z - info: Synchronizing opened pages list before reload
2025-07-04T08:33:24.150Z - info: Current opened pages, from most-to-least recent:
2025-07-04T08:33:24.150Z - info: 1. book/gitAndGithub/reset/index
2025-07-04T08:33:25.165Z - info: Rebuilding 1 pages
2025-07-04T08:33:25.260Z - info: Site data built
2025-07-04T08:33:25.260Z - info: Pages rebuilt
2025-07-04T08:33:25.260Z - info: Website regeneration complete! Total build time: 0.097s
2025-07-04T08:34:02.399Z - info: [16:34:02] Reload for file change: /Users/damithch/Repos/nus-cs2103/cs2103-website-base/book/gitAndGithub/reset/text.md
2025-07-04T08:34:02.399Z - info: Synchronizing opened pages list before reload
2025-07-04T08:34:02.400Z - info: Current opened pages, from most-to-least recent:
2025-07-04T08:34:02.400Z - info: 1. book/gitAndGithub/reset/index
2025-07-04T08:34:03.411Z - info: Rebuilding 1 pages
2025-07-04T08:34:03.528Z - info: Site data built
2025-07-04T08:34:03.529Z - info: Pages rebuilt
2025-07-04T08:34:03.529Z - info: Website regeneration complete! Total build time: 0.12s
2025-07-04T08:34:31.761Z - info: [16:34:31] Reload for file change: /Users/damithch/Repos/nus-cs2103/cs2103-website-base/book/gitAndGithub/reset/text.md
2025-07-04T08:34:31.761Z - info: Synchronizing opened pages list before reload
2025-07-04T08:34:31.764Z - info: Current opened pages, from most-to-least recent:
2025-07-04T08:34:31.764Z - info: 1. book/gitAndGithub/reset/index
2025-07-04T08:34:32.768Z - info: Rebuilding 1 pages
2025-07-04T08:34:32.871Z - info: Site data built
2025-07-04T08:34:32.871Z - info: Pages rebuilt
2025-07-04T08:34:32.871Z - info: Website regeneration complete! Total build time: 0.104s
2025-07-04T08:35:25.135Z - info: [16:35:25] Reload for file change: /Users/damithch/Repos/nus-cs2103/cs2103-website-base/book/gitAndGithub/reset/text.md
2025-07-04T08:35:25.136Z - info: Synchronizing opened pages list before reload
2025-07-04T08:35:25.136Z - info: Current opened pages, from most-to-least recent:
2025-07-04T08:35:25.136Z - info: 1. book/gitAndGithub/reset/index
2025-07-04T08:35:26.139Z - info: Rebuilding 1 pages
2025-07-04T08:35:26.261Z - info: Site data built
2025-07-04T08:35:26.261Z - info: Pages rebuilt
2025-07-04T08:35:26.261Z - info: Website regeneration complete! Total build time: 0.123s
2025-07-04T08:36:00.962Z - info: [16:36:00] Reload for file change: /Users/damithch/Repos/nus-cs2103/cs2103-website-base/book/gitAndGithub/reset/text.md
2025-07-04T08:36:00.962Z - info: Synchronizing opened pages list before reload
2025-07-04T08:36:00.962Z - info: Current opened pages, from most-to-least recent:
2025-07-04T08:36:00.962Z - info: 1. book/gitAndGithub/reset/index
2025-07-04T08:36:01.972Z - info: Rebuilding 1 pages
2025-07-04T08:36:02.080Z - info: Site data built
2025-07-04T08:36:02.080Z - info: Pages rebuilt
2025-07-04T08:36:02.080Z - info: Website regeneration complete! Total build time: 0.11s
2025-07-04T08:36:24.731Z - info: [16:36:24] Reload for file change: /Users/damithch/Repos/nus-cs2103/cs2103-website-base/book/gitAndGithub/reset/text.md
2025-07-04T08:36:24.732Z - info: Synchronizing opened pages list before reload
2025-07-04T08:36:24.734Z - info: Current opened pages, from most-to-least recent:
2025-07-04T08:36:24.734Z - info: 1. book/gitAndGithub/reset/index
2025-07-04T08:36:25.742Z - info: Rebuilding 1 pages
2025-07-04T08:36:25.882Z - info: Site data built
2025-07-04T08:36:25.882Z - info: Pages rebuilt
2025-07-04T08:36:25.882Z - info: Website regeneration complete! Total build time: 0.142s
2025-07-04T08:37:33.963Z - info: [16:37:33] Reload for file change: /Users/damithch/Repos/nus-cs2103/cs2103-website-base/book/gitAndGithub/reset/text.md
2025-07-04T08:37:33.964Z - info: Synchronizing opened pages list before reload
2025-07-04T08:37:33.966Z - info: Current opened pages, from most-to-least recent:
2025-07-04T08:37:33.966Z - info: 1. book/gitAndGithub/reset/index
2025-07-04T08:37:34.972Z - info: Rebuilding 1 pages
2025-07-04T08:37:35.090Z - info: Site data built
2025-07-04T08:37:35.090Z - info: Pages rebuilt
2025-07-04T08:37:35.090Z - info: Website regeneration complete! Total build time: 0.12s
2025-07-04T08:38:17.950Z - info: [16:38:17] Reload for file change: /Users/damithch/Repos/nus-cs2103/cs2103-website-base/book/gitAndGithub/reset/text.md
2025-07-04T08:38:17.951Z - info: Synchronizing opened pages list before reload
2025-07-04T08:38:17.951Z - info: Current opened pages, from most-to-least recent:
2025-07-04T08:38:17.952Z - info: 1. book/gitAndGithub/reset/index
2025-07-04T08:38:18.959Z - info: Rebuilding 1 pages
2025-07-04T08:38:19.060Z - info: Site data built
2025-07-04T08:38:19.060Z - info: Pages rebuilt
2025-07-04T08:38:19.060Z - info: Website regeneration complete! Total build time: 0.103s
2025-07-04T08:38:33.706Z - info: [16:38:33] Reload for file change: /Users/damithch/Repos/nus-cs2103/cs2103-website-base/book/gitAndGithub/reset/text.md
2025-07-04T08:38:33.706Z - info: Synchronizing opened pages list before reload
2025-07-04T08:38:33.706Z - info: Current opened pages, from most-to-least recent:
2025-07-04T08:38:33.706Z - info: 1. book/gitAndGithub/reset/index
2025-07-04T08:38:34.723Z - info: Rebuilding 1 pages
2025-07-04T08:38:34.829Z - info: Site data built
2025-07-04T08:38:34.830Z - info: Pages rebuilt
2025-07-04T08:38:34.830Z - info: Website regeneration complete! Total build time: 0.11s
2025-07-04T08:45:14.416Z - info: [16:45:14] Reload for file change: /Users/damithch/Repos/nus-cs2103/cs2103-website-base/book/gitAndGithub/reset/text.md
2025-07-04T08:45:14.417Z - info: Synchronizing opened pages list before reload
2025-07-04T08:45:14.419Z - info: Current opened pages, from most-to-least recent:
2025-07-04T08:45:14.419Z - info: 1. book/gitAndGithub/reset/index
2025-07-04T08:45:15.427Z - info: Rebuilding 1 pages
2025-07-04T08:45:15.543Z - info: Site data built
2025-07-04T08:45:15.543Z - info: Pages rebuilt
2025-07-04T08:45:15.543Z - info: Website regeneration complete! Total build time: 0.119s
2025-07-04T08:45:34.802Z - info: [16:45:34] Reload for file change: /Users/damithch/Repos/nus-cs2103/cs2103-website-base/book/gitAndGithub/reset/text.md
2025-07-04T08:45:34.802Z - info: Synchronizing opened pages list before reload
2025-07-04T08:45:34.802Z - info: Current opened pages, from most-to-least recent:
2025-07-04T08:45:34.803Z - info: 1. book/gitAndGithub/reset/index
2025-07-04T08:45:35.816Z - info: Rebuilding 1 pages
2025-07-04T08:45:35.929Z - info: Site data built
2025-07-04T08:45:35.929Z - info: Pages rebuilt
2025-07-04T08:45:35.929Z - info: Website regeneration complete! Total build time: 0.115s
2025-07-04T08:46:24.357Z - info: Building /Users/damithch/Repos/nus-cs2103/cs2103-website-base/se-book-adapted/git-trail/index as some of its dependencies were changed since the last visit
2025-07-04T08:46:24.583Z - info: Site data built
2025-07-04T08:46:24.583Z - info: Lazy website regeneration complete! Total build time: 0.226s
2025-07-04T08:46:33.932Z - info: Building /Users/damithch/Repos/nus-cs2103/cs2103-website-base/book/gitAndGithub/checkout/index as some of its dependencies were changed since the last visit
2025-07-04T08:46:34.067Z - info: Site data built
2025-07-04T08:46:34.067Z - info: Lazy website regeneration complete! Total build time: 0.136s
2025-07-04T08:48:03.444Z - info: [16:48:03] Reload for file change: /Users/damithch/Repos/nus-cs2103/cs2103-website-base/book/gitAndGithub/reset/text.md
2025-07-04T08:48:03.445Z - info: Synchronizing opened pages list before reload
2025-07-04T08:48:03.445Z - info: Current opened pages, from most-to-least recent:
2025-07-04T08:48:03.446Z - info: 1. book/gitAndGithub/checkout/index
2025-07-04T08:48:03.446Z - info: 2. se-book-adapted/git-trail/index
2025-07-04T08:48:04.459Z - info: Rebuilding 1 pages
2025-07-04T08:48:04.746Z - info: Site data built
2025-07-04T08:48:04.746Z - info: Pages rebuilt
2025-07-04T08:48:04.746Z - info: Website regeneration complete! Total build time: 0.292s
2025-07-04T08:48:14.861Z - info: Building /Users/damithch/Repos/nus-cs2103/cs2103-website-base/book/gitAndGithub/reset/index as some of its dependencies were changed since the last visit
2025-07-04T08:48:14.992Z - info: Site data built
2025-07-04T08:48:14.992Z - info: Lazy website regeneration complete! Total build time: 0.132s
2025-07-04T08:48:31.620Z - info: [16:48:31] Reload for file change: /Users/damithch/Repos/nus-cs2103/cs2103-website-base/book/gitAndGithub/reset/text.md
2025-07-04T08:48:31.620Z - info: Synchronizing opened pages list before reload
2025-07-04T08:48:31.621Z - info: Current opened pages, from most-to-least recent:
2025-07-04T08:48:31.621Z - info: 1. book/gitAndGithub/reset/index
2025-07-04T08:48:31.621Z - info: 2. book/gitAndGithub/checkout/index
2025-07-04T08:48:31.621Z - info: 3. se-book-adapted/git-trail/index
2025-07-04T08:48:32.629Z - info: Rebuilding 2 pages
2025-07-04T08:48:32.879Z - info: Site data built
2025-07-04T08:48:32.879Z - info: Pages rebuilt
2025-07-04T08:48:32.879Z - info: Website regeneration complete! Total build time: 0.252s
2025-07-04T08:49:14.541Z - info: [16:49:14] Reload for file change: /Users/damithch/Repos/nus-cs2103/cs2103-website-base/book/gitAndGithub/reset/text.md
2025-07-04T08:49:14.542Z - info: Synchronizing opened pages list before reload
2025-07-04T08:49:14.542Z - info: Current opened pages, from most-to-least recent:
2025-07-04T08:49:14.542Z - info: 1. book/gitAndGithub/reset/index
2025-07-04T08:49:15.548Z - info: Rebuilding 1 pages
2025-07-04T08:49:15.672Z - info: Site data built
2025-07-04T08:49:15.672Z - info: Pages rebuilt
2025-07-04T08:49:15.672Z - info: Website regeneration complete! Total build time: 0.126s
2025-07-04T08:50:20.455Z - info: [16:50:20] Reload for file change: /Users/damithch/Repos/nus-cs2103/cs2103-website-base/book/gitAndGithub/reset/text.md
2025-07-04T08:50:20.456Z - info: Synchronizing opened pages list before reload
2025-07-04T08:50:20.457Z - info: Current opened pages, from most-to-least recent:
2025-07-04T08:50:20.457Z - info: 1. book/gitAndGithub/reset/index
2025-07-04T08:50:21.464Z - info: Rebuilding 1 pages
2025-07-04T08:50:21.566Z - info: Site data built
2025-07-04T08:50:21.567Z - info: Pages rebuilt
2025-07-04T08:50:21.567Z - info: Website regeneration complete! Total build time: 0.105s
2025-07-04T08:51:09.303Z - info: [16:51:09] Reload for file change: /Users/damithch/Repos/nus-cs2103/cs2103-website-base/book/gitAndGithub/reset/text.md
2025-07-04T08:51:09.304Z - info: Synchronizing opened pages list before reload
2025-07-04T08:51:09.304Z - info: Current opened pages, from most-to-least recent:
2025-07-04T08:51:09.304Z - info: 1. book/gitAndGithub/reset/index
2025-07-04T08:51:10.319Z - info: Rebuilding 1 pages
2025-07-04T08:51:10.429Z - info: Site data built
2025-07-04T08:51:10.429Z - info: Pages rebuilt
2025-07-04T08:51:10.429Z - info: Website regeneration complete! Total build time: 0.112s
2025-07-04T08:51:37.358Z - info: [16:51:37] Reload for file change: /Users/damithch/Repos/nus-cs2103/cs2103-website-base/book/gitAndGithub/reset/text.md
2025-07-04T08:51:37.359Z - info: Synchronizing opened pages list before reload
2025-07-04T08:51:37.359Z - info: Current opened pages, from most-to-least recent:
2025-07-04T08:51:37.359Z - info: 1. book/gitAndGithub/reset/index
2025-07-04T08:51:38.376Z - info: Rebuilding 1 pages
2025-07-04T08:51:38.484Z - info: Site data built
2025-07-04T08:51:38.484Z - info: Pages rebuilt
2025-07-04T08:51:38.484Z - info: Website regeneration complete! Total build time: 0.11s
2025-07-04T08:52:07.607Z - info: [16:52:07] Reload for file change: /Users/damithch/Repos/nus-cs2103/cs2103-website-base/book/gitAndGithub/reset/text.md
2025-07-04T08:52:07.607Z - info: Synchronizing opened pages list before reload
2025-07-04T08:52:07.607Z - info: Current opened pages, from most-to-least recent:
2025-07-04T08:52:07.607Z - info: 1. book/gitAndGithub/reset/index
2025-07-04T08:52:08.615Z - info: Rebuilding 1 pages
2025-07-04T08:52:08.735Z - info: Site data built
2025-07-04T08:52:08.735Z - info: Pages rebuilt
2025-07-04T08:52:08.735Z - info: Website regeneration complete! Total build time: 0.124s
2025-07-04T08:53:04.711Z - info: [16:53:04] Reload for file change: /Users/damithch/Repos/nus-cs2103/cs2103-website-base/book/gitAndGithub/reset/text.md
2025-07-04T08:53:04.712Z - info: Synchronizing opened pages list before reload
2025-07-04T08:53:04.712Z - info: Current opened pages, from most-to-least recent:
2025-07-04T08:53:04.712Z - info: 1. book/gitAndGithub/reset/index
2025-07-04T08:53:05.716Z - info: Rebuilding 1 pages
2025-07-04T08:53:05.821Z - info: Site data built
2025-07-04T08:53:05.821Z - info: Pages rebuilt
2025-07-04T08:53:05.821Z - info: Website regeneration complete! Total build time: 0.107s
2025-07-04T09:17:11.241Z - info: [17:17:11] Reload for file change: /Users/damithch/Repos/nus-cs2103/cs2103-website-base/book/gitAndGithub/reset/text.md
2025-07-04T09:17:11.244Z - info: Synchronizing opened pages list before reload
2025-07-04T09:17:11.244Z - info: Current opened pages, from most-to-least recent:
2025-07-04T09:17:11.245Z - info: 1. book/gitAndGithub/reset/index
2025-07-04T09:17:12.289Z - info: Rebuilding 1 pages
2025-07-04T09:17:12.417Z - info: Site data built
2025-07-04T09:17:12.417Z - info: Pages rebuilt
2025-07-04T09:17:12.417Z - info: Website regeneration complete! Total build time: 0.159s
2025-07-04T09:18:08.621Z - info: [17:18:08] Reload for file change: /Users/damithch/Repos/nus-cs2103/cs2103-website-base/book/gitAndGithub/reset/text.md
2025-07-04T09:18:08.621Z - info: Synchronizing opened pages list before reload
2025-07-04T09:18:08.622Z - info: Current opened pages, from most-to-least recent:
2025-07-04T09:18:08.622Z - info: 1. book/gitAndGithub/reset/index
2025-07-04T09:18:09.625Z - info: Rebuilding 1 pages
2025-07-04T09:18:09.754Z - info: Site data built
2025-07-04T09:18:09.755Z - info: Pages rebuilt
2025-07-04T09:18:09.755Z - info: Website regeneration complete! Total build time: 0.132s
2025-07-04T09:23:25.630Z - info: [17:23:25] Reload for file change: /Users/damithch/Repos/nus-cs2103/cs2103-website-base/book/gitAndGithub/reset/text.md
2025-07-04T09:23:25.631Z - info: Synchronizing opened pages list before reload
2025-07-04T09:23:25.631Z - info: Current opened pages, from most-to-least recent:
2025-07-04T09:23:25.631Z - info: 1. book/gitAndGithub/reset/index
2025-07-04T09:23:26.638Z - info: Rebuilding 1 pages
2025-07-04T09:23:26.749Z - info: Site data built
2025-07-04T09:23:26.749Z - info: Pages rebuilt
2025-07-04T09:23:26.749Z - info: Website regeneration complete! Total build time: 0.113s
2025-07-04T14:40:54.294Z - info: [22:40:54] Reload for file change: /Users/damithch/Repos/nus-cs2103/cs2103-website-base/book/gitAndGithub/reset/text.md
2025-07-04T14:40:54.302Z - info: Synchronizing opened pages list before reload
2025-07-04T14:40:54.304Z - info: Current opened pages, from most-to-least recent:
2025-07-04T14:40:54.304Z - info: 1. book/gitAndGithub/reset/index
2025-07-04T14:40:55.350Z - info: Rebuilding 1 pages
2025-07-04T14:40:55.534Z - info: Site data built
2025-07-04T14:40:55.534Z - info: Pages rebuilt
2025-07-04T14:40:55.534Z - info: Website regeneration complete! Total build time: 0.21s
2025-07-04T14:42:50.041Z - info: [22:42:50] Reload for file change: /Users/damithch/Repos/nus-cs2103/cs2103-website-base/book/gitAndGithub/reset/text.md
2025-07-04T14:42:50.042Z - info: Synchronizing opened pages list before reload
2025-07-04T14:42:50.042Z - info: Current opened pages, from most-to-least recent:
2025-07-04T14:42:50.042Z - info: 1. book/gitAndGithub/reset/index
2025-07-04T14:42:51.062Z - info: Rebuilding 1 pages
2025-07-04T14:42:51.180Z - info: Site data built
2025-07-04T14:42:51.180Z - info: Pages rebuilt
2025-07-04T14:42:51.180Z - info: Website regeneration complete! Total build time: 0.12s
2025-07-04T14:44:41.755Z - info: [22:44:41] Reload for file change: /Users/damithch/Repos/nus-cs2103/cs2103-website-base/book/gitAndGithub/reset/text.md
2025-07-04T14:44:41.757Z - info: Synchronizing opened pages list before reload
2025-07-04T14:44:41.757Z - info: Current opened pages, from most-to-least recent:
2025-07-04T14:44:41.757Z - info: 1. book/gitAndGithub/reset/index
2025-07-04T14:44:42.761Z - info: Rebuilding 1 pages
2025-07-04T14:44:42.883Z - info: Site data built
2025-07-04T14:44:42.883Z - info: Pages rebuilt
2025-07-04T14:44:42.883Z - info: Website regeneration complete! Total build time: 0.123s
2025-07-04T14:47:36.425Z - info: [22:47:36] Reload for file change: /Users/damithch/Repos/nus-cs2103/cs2103-website-base/book/gitAndGithub/reset/text.md
2025-07-04T14:47:36.430Z - info: Synchronizing opened pages list before reload
2025-07-04T14:47:36.431Z - info: Current opened pages, from most-to-least recent:
2025-07-04T14:47:36.432Z - info: 1. book/gitAndGithub/reset/index
2025-07-04T14:47:37.439Z - info: Rebuilding 1 pages
2025-07-04T14:47:37.577Z - info: Site data built
2025-07-04T14:47:37.577Z - info: Pages rebuilt
2025-07-04T14:47:37.577Z - info: Website regeneration complete! Total build time: 0.139s
2025-07-04T14:48:22.240Z - info: [22:48:22] Reload for file change: /Users/damithch/Repos/nus-cs2103/cs2103-website-base/book/gitAndGithub/reset/text.md
2025-07-04T14:48:22.241Z - info: Synchronizing opened pages list before reload
2025-07-04T14:48:22.241Z - info: Current opened pages, from most-to-least recent:
2025-07-04T14:48:22.241Z - info: 1. book/gitAndGithub/reset/index
2025-07-04T14:48:23.260Z - info: Rebuilding 1 pages
2025-07-04T14:48:23.375Z - info: Site data built
2025-07-04T14:48:23.375Z - info: Pages rebuilt
2025-07-04T14:48:23.375Z - info: Website regeneration complete! Total build time: 0.116s
2025-07-04T15:02:45.289Z - info: [23:02:45] Reload for file change: /Users/damithch/Repos/nus-cs2103/cs2103-website-base/book/gitAndGithub/reset/text.md
2025-07-04T15:02:45.289Z - info: Synchronizing opened pages list before reload
2025-07-04T15:02:45.290Z - info: Current opened pages, from most-to-least recent:
2025-07-04T15:02:45.290Z - info: 1. book/gitAndGithub/reset/index
2025-07-04T15:02:46.296Z - info: Rebuilding 1 pages
2025-07-04T15:02:46.405Z - info: Site data built
2025-07-04T15:02:46.405Z - info: Pages rebuilt
2025-07-04T15:02:46.406Z - info: Website regeneration complete! Total build time: 0.113s
2025-07-04T15:09:12.438Z - info: [23:09:12] Reload for file change: /Users/damithch/Repos/nus-cs2103/cs2103-website-base/book/gitAndGithub/reset/text.md
2025-07-04T15:09:12.439Z - info: Synchronizing opened pages list before reload
2025-07-04T15:09:12.441Z - info: Current opened pages, from most-to-least recent:
2025-07-04T15:09:12.441Z - info: 1. book/gitAndGithub/reset/index
2025-07-04T15:09:13.464Z - info: Rebuilding 1 pages
2025-07-04T15:09:13.583Z - info: Site data built
2025-07-04T15:09:13.583Z - info: Pages rebuilt
2025-07-04T15:09:13.583Z - info: Website regeneration complete! Total build time: 0.122s
2025-07-04T15:18:02.950Z - info: [23:18:02] Reload for file change: /Users/damithch/Repos/nus-cs2103/cs2103-website-base/book/gitAndGithub/reset/text.md
2025-07-04T15:18:02.953Z - info: Synchronizing opened pages list before reload
2025-07-04T15:18:02.954Z - info: Current opened pages, from most-to-least recent:
2025-07-04T15:18:02.954Z - info: 1. book/gitAndGithub/reset/index
2025-07-04T15:18:03.964Z - info: Rebuilding 1 pages
2025-07-04T15:18:04.108Z - info: Site data built
2025-07-04T15:18:04.109Z - info: Pages rebuilt
2025-07-04T15:18:04.109Z - info: Website regeneration complete! Total build time: 0.148s
2025-07-04T15:19:46.415Z - info: [23:19:46] Reload for file change: /Users/damithch/Repos/nus-cs2103/cs2103-website-base/book/gitAndGithub/reset/text.md
2025-07-04T15:19:46.415Z - info: Synchronizing opened pages list before reload
2025-07-04T15:19:46.416Z - info: Current opened pages, from most-to-least recent:
2025-07-04T15:19:46.416Z - info: 1. book/gitAndGithub/reset/index
2025-07-04T15:19:47.419Z - info: Rebuilding 1 pages
2025-07-04T15:19:47.535Z - info: Site data built
2025-07-04T15:19:47.536Z - info: Pages rebuilt
2025-07-04T15:19:47.536Z - info: Website regeneration complete! Total build time: 0.119s
2025-07-04T15:21:09.341Z - info: [23:21:09] Reload for file change: /Users/damithch/Repos/nus-cs2103/cs2103-website-base/book/gitAndGithub/reset/text.md
2025-07-04T15:21:09.342Z - info: Synchronizing opened pages list before reload
2025-07-04T15:21:09.343Z - info: Current opened pages, from most-to-least recent:
2025-07-04T15:21:09.343Z - info: 1. book/gitAndGithub/reset/index
2025-07-04T15:21:10.350Z - info: Rebuilding 1 pages
2025-07-04T15:21:10.477Z - info: Site data built
2025-07-04T15:21:10.477Z - info: Pages rebuilt
2025-07-04T15:21:10.477Z - info: Website regeneration complete! Total build time: 0.129s
2025-07-04T15:21:47.488Z - info: [23:21:47] Reload for file change: /Users/damithch/Repos/nus-cs2103/cs2103-website-base/book/gitAndGithub/reset/text.md
2025-07-04T15:21:47.488Z - info: Synchronizing opened pages list before reload
2025-07-04T15:21:47.488Z - info: Current opened pages, from most-to-least recent:
2025-07-04T15:21:47.488Z - info: 1. book/gitAndGithub/reset/index
2025-07-04T15:21:48.492Z - info: Rebuilding 1 pages
2025-07-04T15:21:48.621Z - info: Site data built
2025-07-04T15:21:48.621Z - info: Pages rebuilt
2025-07-04T15:21:48.621Z - info: Website regeneration complete! Total build time: 0.13s
2025-07-04T15:37:41.173Z - info: [23:37:41] Reload for file change: /Users/damithch/Repos/nus-cs2103/cs2103-website-base/book/gitAndGithub/reset/text.md
2025-07-04T15:37:41.175Z - info: Synchronizing opened pages list before reload
2025-07-04T15:37:41.175Z - info: Current opened pages, from most-to-least recent:
2025-07-04T15:37:41.175Z - info: 1. book/gitAndGithub/reset/index
2025-07-04T15:37:42.181Z - info: Rebuilding 1 pages
2025-07-04T15:37:42.339Z - info: Site data built
2025-07-04T15:37:42.339Z - info: Pages rebuilt
2025-07-04T15:37:42.339Z - info: Website regeneration complete! Total build time: 0.161s
2025-07-04T15:38:03.123Z - info: [23:38:03] Reload for file change: /Users/damithch/Repos/nus-cs2103/cs2103-website-base/book/gitAndGithub/reset/text.md
2025-07-04T15:38:03.124Z - info: Synchronizing opened pages list before reload
2025-07-04T15:38:03.125Z - info: Current opened pages, from most-to-least recent:
2025-07-04T15:38:03.125Z - info: 1. book/gitAndGithub/reset/index
2025-07-04T15:38:04.138Z - info: Rebuilding 1 pages
2025-07-04T15:38:04.241Z - info: Site data built
2025-07-04T15:38:04.241Z - info: Pages rebuilt
2025-07-04T15:38:04.241Z - info: Website regeneration complete! Total build time: 0.104s
2025-07-04T15:39:33.334Z - info: [23:39:33] Reload for file change: /Users/damithch/Repos/nus-cs2103/cs2103-website-base/book/gitAndGithub/reset/text.md
2025-07-04T15:39:33.335Z - info: Synchronizing opened pages list before reload
2025-07-04T15:39:33.336Z - info: Current opened pages, from most-to-least recent:
2025-07-04T15:39:33.336Z - info: 1. book/gitAndGithub/reset/index
2025-07-04T15:39:34.350Z - info: Rebuilding 1 pages
2025-07-04T15:39:34.473Z - info: Site data built
2025-07-04T15:39:34.473Z - info: Pages rebuilt
2025-07-04T15:39:34.473Z - info: Website regeneration complete! Total build time: 0.126s
2025-07-04T15:40:00.568Z - info: [23:40:00] Reload for file change: /Users/damithch/Repos/nus-cs2103/cs2103-website-base/book/gitAndGithub/reset/text.md
2025-07-04T15:40:00.568Z - info: Synchronizing opened pages list before reload
2025-07-04T15:40:00.568Z - info: Current opened pages, from most-to-least recent:
2025-07-04T15:40:00.568Z - info: 1. book/gitAndGithub/reset/index
2025-07-04T15:40:01.571Z - info: Rebuilding 1 pages
2025-07-04T15:40:01.597Z - error:  Template render error: (/Users/damithch/Repos/nus-cs2103/cs2103-website-base/book/gitAndGithub/reset/text.md) [Line 50, Column 35]
  parseSignature: expected comma after expression
    at Object._prettifyError (/opt/homebrew/lib/node_modules/markbind-cli/node_modules/nunjucks/src/lib.js:32:11)
    at Template.render (/opt/homebrew/lib/node_modules/markbind-cli/node_modules/@markbind/core/src/patches/nunjucks/context-overrides-frame.js:358:19)
    at /opt/homebrew/lib/node_modules/markbind-cli/node_modules/@markbind/core/src/patches/nunjucks/context-overrides-frame.js:54:25
    at createTemplate (/opt/homebrew/lib/node_modules/markbind-cli/node_modules/@markbind/core/src/patches/nunjucks/load-event.js:121:7)
    at handle (/opt/homebrew/lib/node_modules/markbind-cli/node_modules/@markbind/core/src/patches/nunjucks/load-event.js:133:9)
    at /opt/homebrew/lib/node_modules/markbind-cli/node_modules/@markbind/core/src/patches/nunjucks/load-event.js:145:7
    at next (/opt/homebrew/lib/node_modules/markbind-cli/node_modules/nunjucks/src/lib.js:258:7)
    at Object.asyncIter (/opt/homebrew/lib/node_modules/markbind-cli/node_modules/nunjucks/src/lib.js:263:3)
    at Environment.getTemplate (/opt/homebrew/lib/node_modules/markbind-cli/node_modules/@markbind/core/src/patches/nunjucks/load-event.js:127:7)
    at Environment.render (/opt/homebrew/lib/node_modules/markbind-cli/node_modules/@markbind/core/src/patches/nunjucks/context-overrides-frame.js:48:8)
    at VariableRenderer.renderFile (/opt/homebrew/lib/node_modules/markbind-cli/node_modules/@markbind/core/src/variables/VariableRenderer.js:73:24)
    at VariableProcessor.renderWithSiteVariables (/opt/homebrew/lib/node_modules/markbind-cli/node_modules/@markbind/core/src/variables/VariableProcessor.js:154:57)
    at VariableProcessor.renderIncludeFile (/opt/homebrew/lib/node_modules/markbind-cli/node_modules/@markbind/core/src/variables/VariableProcessor.js:231:38)
    at processInclude (/opt/homebrew/lib/node_modules/markbind-cli/node_modules/@markbind/core/src/html/includePanelProcessor.js:198:68)
    at NodeProcessor.processNode (/opt/homebrew/lib/node_modules/markbind-cli/node_modules/@markbind/core/src/html/NodeProcessor.js:173:71)
    at NodeProcessor.traverse (/opt/homebrew/lib/node_modules/markbind-cli/node_modules/@markbind/core/src/html/NodeProcessor.js:345:24)
2025-07-04T15:40:01.600Z - error:  Template render error: (/Users/damithch/Repos/nus-cs2103/cs2103-website-base/book/gitAndGithub/reset/text.md) [Line 50, Column 35]
  parseSignature: expected comma after expression
    at Object._prettifyError (/opt/homebrew/lib/node_modules/markbind-cli/node_modules/nunjucks/src/lib.js:32:11)
    at Template.render (/opt/homebrew/lib/node_modules/markbind-cli/node_modules/@markbind/core/src/patches/nunjucks/context-overrides-frame.js:358:19)
    at /opt/homebrew/lib/node_modules/markbind-cli/node_modules/@markbind/core/src/patches/nunjucks/context-overrides-frame.js:54:25
    at Environment.getTemplate (/opt/homebrew/lib/node_modules/markbind-cli/node_modules/@markbind/core/src/patches/nunjucks/load-event.js:85:7)
    at Environment.render (/opt/homebrew/lib/node_modules/markbind-cli/node_modules/@markbind/core/src/patches/nunjucks/context-overrides-frame.js:48:8)
    at VariableRenderer.renderFile (/opt/homebrew/lib/node_modules/markbind-cli/node_modules/@markbind/core/src/variables/VariableRenderer.js:73:24)
    at VariableProcessor.renderWithSiteVariables (/opt/homebrew/lib/node_modules/markbind-cli/node_modules/@markbind/core/src/variables/VariableProcessor.js:154:57)
    at VariableProcessor.renderIncludeFile (/opt/homebrew/lib/node_modules/markbind-cli/node_modules/@markbind/core/src/variables/VariableProcessor.js:231:38)
    at processInclude (/opt/homebrew/lib/node_modules/markbind-cli/node_modules/@markbind/core/src/html/includePanelProcessor.js:198:68)
    at NodeProcessor.processNode (/opt/homebrew/lib/node_modules/markbind-cli/node_modules/@markbind/core/src/html/NodeProcessor.js:173:71)
    at NodeProcessor.traverse (/opt/homebrew/lib/node_modules/markbind-cli/node_modules/@markbind/core/src/html/NodeProcessor.js:345:24)
    at /opt/homebrew/lib/node_modules/markbind-cli/node_modules/@markbind/core/src/html/NodeProcessor.js:349:22
    at Array.forEach (<anonymous>)
    at NodeProcessor.traverse (/opt/homebrew/lib/node_modules/markbind-cli/node_modules/@markbind/core/src/html/NodeProcessor.js:348:27)
    at /opt/homebrew/lib/node_modules/markbind-cli/node_modules/@markbind/core/src/html/NodeProcessor.js:349:22
    at Array.forEach (<anonymous>)
2025-07-04T15:40:01.602Z - error:  Template render error: (/Users/damithch/Repos/nus-cs2103/cs2103-website-base/book/gitAndGithub/reset/text.md) [Line 50, Column 35]
  parseSignature: expected comma after expression
    at Object._prettifyError (/opt/homebrew/lib/node_modules/markbind-cli/node_modules/nunjucks/src/lib.js:32:11)
    at Template.render (/opt/homebrew/lib/node_modules/markbind-cli/node_modules/@markbind/core/src/patches/nunjucks/context-overrides-frame.js:358:19)
    at /opt/homebrew/lib/node_modules/markbind-cli/node_modules/@markbind/core/src/patches/nunjucks/context-overrides-frame.js:54:25
    at Environment.getTemplate (/opt/homebrew/lib/node_modules/markbind-cli/node_modules/@markbind/core/src/patches/nunjucks/load-event.js:85:7)
    at Environment.render (/opt/homebrew/lib/node_modules/markbind-cli/node_modules/@markbind/core/src/patches/nunjucks/context-overrides-frame.js:48:8)
    at VariableRenderer.renderFile (/opt/homebrew/lib/node_modules/markbind-cli/node_modules/@markbind/core/src/variables/VariableRenderer.js:73:24)
    at VariableProcessor.renderWithSiteVariables (/opt/homebrew/lib/node_modules/markbind-cli/node_modules/@markbind/core/src/variables/VariableProcessor.js:154:57)
    at VariableProcessor.renderIncludeFile (/opt/homebrew/lib/node_modules/markbind-cli/node_modules/@markbind/core/src/variables/VariableProcessor.js:231:38)
    at processInclude (/opt/homebrew/lib/node_modules/markbind-cli/node_modules/@markbind/core/src/html/includePanelProcessor.js:198:68)
    at NodeProcessor.processNode (/opt/homebrew/lib/node_modules/markbind-cli/node_modules/@markbind/core/src/html/NodeProcessor.js:173:71)
    at NodeProcessor.traverse (/opt/homebrew/lib/node_modules/markbind-cli/node_modules/@markbind/core/src/html/NodeProcessor.js:345:24)
    at /opt/homebrew/lib/node_modules/markbind-cli/node_modules/@markbind/core/src/html/NodeProcessor.js:349:22
    at Array.forEach (<anonymous>)
    at NodeProcessor.traverse (/opt/homebrew/lib/node_modules/markbind-cli/node_modules/@markbind/core/src/html/NodeProcessor.js:348:27)
    at /opt/homebrew/lib/node_modules/markbind-cli/node_modules/@markbind/core/src/html/NodeProcessor.js:349:22
    at Array.forEach (<anonymous>)
2025-07-04T15:40:01.649Z - info: Site data built
2025-07-04T15:40:01.649Z - info: Pages rebuilt
2025-07-04T15:40:01.649Z - info: Website regeneration complete! Total build time: 0.08s
2025-07-04T15:40:06.873Z - info: [23:40:06] Reload for file change: /Users/damithch/Repos/nus-cs2103/cs2103-website-base/book/gitAndGithub/reset/text.md
2025-07-04T15:40:06.874Z - info: Synchronizing opened pages list before reload
2025-07-04T15:40:06.874Z - info: Current opened pages, from most-to-least recent:
2025-07-04T15:40:06.874Z - info: 1. book/gitAndGithub/reset/index
2025-07-04T15:40:07.886Z - info: Rebuilding 1 pages
2025-07-04T15:40:07.988Z - info: Site data built
2025-07-04T15:40:07.988Z - info: Pages rebuilt
2025-07-04T15:40:07.988Z - info: Website regeneration complete! Total build time: 0.103s
2025-07-04T15:41:38.113Z - info: [23:41:38] Reload for file change: /Users/damithch/Repos/nus-cs2103/cs2103-website-base/book/gitAndGithub/reset/text.md
2025-07-04T15:41:38.116Z - info: Synchronizing opened pages list before reload
2025-07-04T15:41:38.117Z - info: Current opened pages, from most-to-least recent:
2025-07-04T15:41:38.118Z - info: 1. book/gitAndGithub/reset/index
2025-07-04T15:41:39.125Z - info: Rebuilding 1 pages
2025-07-04T15:41:39.249Z - info: Site data built
2025-07-04T15:41:39.250Z - info: Pages rebuilt
2025-07-04T15:41:39.250Z - info: Website regeneration complete! Total build time: 0.129s
2025-07-04T15:44:49.092Z - info: [23:44:49] Reload for file change: /Users/damithch/Repos/nus-cs2103/cs2103-website-base/book/gitAndGithub/reset/text.md
2025-07-04T15:44:49.092Z - info: Synchronizing opened pages list before reload
2025-07-04T15:44:49.093Z - info: Current opened pages, from most-to-least recent:
2025-07-04T15:44:49.093Z - info: 1. book/gitAndGithub/reset/index
2025-07-04T15:44:50.098Z - info: Rebuilding 1 pages
2025-07-04T15:44:50.210Z - info: Site data built
2025-07-04T15:44:50.210Z - info: Pages rebuilt
2025-07-04T15:44:50.210Z - info: Website regeneration complete! Total build time: 0.114s
2025-07-04T15:47:06.953Z - info: [23:47:06] Reload for file change: /Users/damithch/Repos/nus-cs2103/cs2103-website-base/book/gitAndGithub/reset/text.md
2025-07-04T15:47:06.959Z - info: Synchronizing opened pages list before reload
2025-07-04T15:47:06.965Z - info: Current opened pages, from most-to-least recent:
2025-07-04T15:47:06.965Z - info: 1. book/gitAndGithub/reset/index
2025-07-04T15:47:07.972Z - info: Rebuilding 1 pages
2025-07-04T15:47:08.101Z - info: Site data built
2025-07-04T15:47:08.101Z - info: Pages rebuilt
2025-07-04T15:47:08.101Z - info: Website regeneration complete! Total build time: 0.132s
2025-07-04T15:48:23.654Z - info: [23:48:23] Reload for file change: /Users/damithch/Repos/nus-cs2103/cs2103-website-base/book/gitAndGithub/reset/text.md
2025-07-04T15:48:23.666Z - info: Synchronizing opened pages list before reload
2025-07-04T15:48:23.675Z - info: Current opened pages, from most-to-least recent:
2025-07-04T15:48:23.675Z - info: 1. book/gitAndGithub/reset/index
2025-07-04T15:48:24.681Z - info: Rebuilding 1 pages
2025-07-04T15:48:24.844Z - info: Site data built
2025-07-04T15:48:24.844Z - info: Pages rebuilt
2025-07-04T15:48:24.844Z - info: Website regeneration complete! Total build time: 0.166s
2025-07-04T15:55:47.043Z - info: [23:55:47] Reload for file change: /Users/damithch/Repos/nus-cs2103/cs2103-website-base/book/gitAndGithub/reset/text.md
2025-07-04T15:55:47.044Z - info: Synchronizing opened pages list before reload
2025-07-04T15:55:47.044Z - info: Current opened pages, from most-to-least recent:
2025-07-04T15:55:47.045Z - info: 1. book/gitAndGithub/reset/index
2025-07-04T15:55:48.058Z - info: Rebuilding 1 pages
2025-07-04T15:55:48.178Z - info: Site data built
2025-07-04T15:55:48.179Z - info: Pages rebuilt
2025-07-04T15:55:48.179Z - info: Website regeneration complete! Total build time: 0.124s
2025-07-04T15:56:00.766Z - info: [23:56:00] Reload for file change: /Users/damithch/Repos/nus-cs2103/cs2103-website-base/book/gitAndGithub/reset/text.md
2025-07-04T15:56:00.766Z - info: Synchronizing opened pages list before reload
2025-07-04T15:56:00.766Z - info: Current opened pages, from most-to-least recent:
2025-07-04T15:56:00.766Z - info: 1. book/gitAndGithub/reset/index
2025-07-04T15:56:01.778Z - info: Rebuilding 1 pages
2025-07-04T15:56:01.898Z - info: Site data built
2025-07-04T15:56:01.898Z - info: Pages rebuilt
2025-07-04T15:56:01.898Z - info: Website regeneration complete! Total build time: 0.122s
2025-07-04T15:56:25.085Z - info: [23:56:25] Reload for file change: /Users/damithch/Repos/nus-cs2103/cs2103-website-base/book/gitAndGithub/reset/text.md
2025-07-04T15:56:25.085Z - info: Synchronizing opened pages list before reload
2025-07-04T15:56:25.085Z - info: Current opened pages, from most-to-least recent:
2025-07-04T15:56:25.085Z - info: 1. book/gitAndGithub/reset/index
2025-07-04T15:56:26.100Z - info: Rebuilding 1 pages
2025-07-04T15:56:26.222Z - info: Site data built
2025-07-04T15:56:26.222Z - info: Pages rebuilt
2025-07-04T15:56:26.222Z - info: Website regeneration complete! Total build time: 0.124s
2025-07-04T15:56:35.798Z - info: [23:56:35] Reload for file change: /Users/damithch/Repos/nus-cs2103/cs2103-website-base/book/gitAndGithub/reset/text.md
2025-07-04T15:56:35.798Z - info: Synchronizing opened pages list before reload
2025-07-04T15:56:35.798Z - info: Current opened pages, from most-to-least recent:
2025-07-04T15:56:35.798Z - info: 1. book/gitAndGithub/reset/index
2025-07-04T15:56:36.813Z - info: Rebuilding 1 pages
2025-07-04T15:56:36.934Z - info: Site data built
2025-07-04T15:56:36.934Z - info: Pages rebuilt
2025-07-04T15:56:36.934Z - info: Website regeneration complete! Total build time: 0.123s
2025-07-04T15:57:07.494Z - info: [23:57:07] Reload for file change: /Users/damithch/Repos/nus-cs2103/cs2103-website-base/book/gitAndGithub/reset/text.md
2025-07-04T15:57:07.495Z - info: Synchronizing opened pages list before reload
2025-07-04T15:57:07.495Z - info: Current opened pages, from most-to-least recent:
2025-07-04T15:57:07.495Z - info: 1. book/gitAndGithub/reset/index
2025-07-04T15:57:08.503Z - info: Rebuilding 1 pages
2025-07-04T15:57:08.632Z - info: Site data built
2025-07-04T15:57:08.632Z - info: Pages rebuilt
2025-07-04T15:57:08.632Z - info: Website regeneration complete! Total build time: 0.132s
