2025-08-20T15:35:01.847Z - info: Website generation started at 23:35:00
2025-08-20T15:35:02.265Z - warn: ENOENT: no such file or directory, open '/Users/damithch/Repos/nus-cs2103/cs2103-website-base/node_modules/.cache/gh-pages/https!github.com!nus-tic2002-AY2526S1!website.git/book/_markbind/variables.md'
2025-08-20T15:35:02.265Z - warn: ENOENT: no such file or directory, open '/Users/damithch/Repos/nus-cs2103/cs2103-website-base/node_modules/.cache/gh-pages/https!github.com!nus-tic2002-AY2526S1!website.git/_markbind/variables.md'
2025-08-20T15:35:02.285Z - info: Building assets...
2025-08-20T15:35:04.815Z - info: Assets built
2025-08-20T15:35:04.816Z - info: Generating pages...
2025-08-20T15:35:12.549Z - debug:  
2025-08-20T15:35:12.549Z - debug:  
2025-08-20T15:35:12.549Z - debug:  
2025-08-20T15:35:12.549Z - debug:  
2025-08-20T15:35:12.549Z - debug:  
2025-08-20T15:35:12.549Z - debug:  
2025-08-20T15:35:12.549Z - debug:  
2025-08-20T15:35:12.549Z - debug:  
2025-08-20T15:35:12.549Z - debug:  
2025-08-20T15:35:12.549Z - debug:  
2025-08-20T15:35:12.549Z - debug:  
2025-08-20T15:35:12.549Z - debug:  
2025-08-20T15:35:12.549Z - debug:  
2025-08-20T15:35:12.549Z - debug:  
2025-08-20T15:35:12.549Z - debug:  
2025-08-20T15:35:13.949Z - debug:  
2025-08-20T15:35:21.520Z - debug:  
2025-08-20T15:35:25.107Z - warn: Empty reference in /Users/damithch/Repos/nus-cs2103/cs2103-website-base/book/gitAndGithub/log/unit-inElsewhere-asFlat.md:
Segment '#title' in file: /Users/damithch/Repos/nus-cs2103/cs2103-website-base/book/gitAndGithub/log/text.md is empty
2025-08-20T15:35:28.856Z - debug:  
2025-08-20T15:35:56.621Z - info: Pages built
2025-08-20T15:35:56.721Z - info: Site data built
2025-08-20T15:35:56.721Z - info: Website generation complete! Total build time: 56.216s
2025-08-20T15:35:56.721Z - info: Build success!
2025-08-20T15:36:18.576Z - info: The website has been deployed at: https://nus-tic2002-ay2526s1.github.io/website
