2025-08-27T06:29:27.257Z - info: Website generation (lazy) started at 14:29:26
2025-08-27T06:29:27.898Z - warn: ENOENT: no such file or directory, open '/Users/damithch/Repos/nus-cs2103/cs2103-website-base/node_modules/.cache/gh-pages/https!github.com!nus-tic2002-AY2526S1!website.git/book/_markbind/variables.md'
2025-08-27T06:29:27.898Z - warn: ENOENT: no such file or directory, open '/Users/damithch/Repos/nus-cs2103/cs2103-website-base/node_modules/.cache/gh-pages/https!github.com!nus-tic2002-AY2526S1!website.git/_markbind/variables.md'
2025-08-27T06:29:27.918Z - info: Building assets...
2025-08-27T06:29:30.884Z - info: Assets built
2025-08-27T06:29:30.884Z - info: Generating landing page...
2025-08-27T06:29:31.339Z - info: Landing page built, other pages will be built as you navigate to them!
2025-08-27T06:29:31.410Z - info: Site data built
2025-08-27T06:29:31.410Z - info: Website generation (lazy) complete! Total build time: 5.385s
2025-08-27T06:29:32.439Z - info: Serving "/Users/damithch/Repos/nus-cs2103/cs2103-website-base/_site" at http://127.0.0.1:50023
2025-08-27T06:29:32.440Z - info: Press CTRL+C to stop ...
2025-08-27T06:29:37.939Z - info: Building /Users/damithch/Repos/nus-cs2103/cs2103-website-base/schedule/week3/topics as some of its dependencies were changed since the last visit
2025-08-27T06:29:39.070Z - info: Site data built
2025-08-27T06:29:39.070Z - info: Lazy website regeneration complete! Total build time: 1.132s
2025-08-27T06:29:59.500Z - info: Website generation started at 14:29:58
2025-08-27T06:29:59.749Z - warn: ENOENT: no such file or directory, open '/Users/damithch/Repos/nus-cs2103/cs2103-website-base/node_modules/.cache/gh-pages/https!github.com!nus-tic2002-AY2526S1!website.git/book/_markbind/variables.md'
2025-08-27T06:29:59.749Z - warn: ENOENT: no such file or directory, open '/Users/damithch/Repos/nus-cs2103/cs2103-website-base/node_modules/.cache/gh-pages/https!github.com!nus-tic2002-AY2526S1!website.git/_markbind/variables.md'
2025-08-27T06:29:59.770Z - info: Building assets...
2025-08-27T06:30:02.306Z - info: Assets built
2025-08-27T06:30:02.306Z - info: Generating pages...
2025-08-27T06:30:07.747Z - debug:  
2025-08-27T06:30:07.748Z - debug:  
2025-08-27T06:30:10.272Z - debug:  
2025-08-27T06:30:10.273Z - debug:  
2025-08-27T06:30:10.273Z - debug:  
2025-08-27T06:30:10.273Z - debug:  
2025-08-27T06:30:10.273Z - debug:  
2025-08-27T06:30:10.273Z - debug:  
2025-08-27T06:30:10.273Z - debug:  
2025-08-27T06:30:10.273Z - debug:  
2025-08-27T06:30:10.273Z - debug:  
2025-08-27T06:30:13.203Z - debug:  
2025-08-27T06:30:13.246Z - debug:  
2025-08-27T06:30:13.279Z - debug:  
2025-08-27T06:30:13.288Z - debug:  
2025-08-27T06:30:13.318Z - debug:  
2025-08-27T06:30:13.344Z - debug:  
2025-08-27T06:30:21.960Z - debug:  
2025-08-27T06:30:26.076Z - warn: Empty reference in /Users/damithch/Repos/nus-cs2103/cs2103-website-base/book/gitAndGithub/log/unit-inElsewhere-asFlat.md:
Segment '#title' in file: /Users/damithch/Repos/nus-cs2103/cs2103-website-base/book/gitAndGithub/log/text.md is empty
2025-08-27T06:31:19.157Z - debug:  
2025-08-27T06:31:31.156Z - debug:  
2025-08-27T06:31:31.185Z - debug:  
2025-08-27T06:31:37.707Z - info: Pages built
2025-08-27T06:31:37.781Z - info: Site data built
2025-08-27T06:31:37.782Z - info: Website generation complete! Total build time: 99.128s
2025-08-27T06:31:37.782Z - info: Build success!
2025-08-27T06:32:00.500Z - info: The website has been deployed at: https://nus-cs2103-ay2526s1.github.io/website
2025-08-27T06:49:28.685Z - info: Website generation (lazy) started at 14:49:27
2025-08-27T06:49:29.326Z - warn: ENOENT: no such file or directory, open '/Users/damithch/Repos/nus-cs2103/cs2103-website-base/node_modules/.cache/gh-pages/https!github.com!nus-cs2103-AY2526S1!website.git/book/_markbind/variables.md'
2025-08-27T06:49:29.327Z - warn: ENOENT: no such file or directory, open '/Users/damithch/Repos/nus-cs2103/cs2103-website-base/node_modules/.cache/gh-pages/https!github.com!nus-cs2103-AY2526S1!website.git/_markbind/variables.md'
2025-08-27T06:49:29.347Z - info: Building assets...
2025-08-27T06:49:32.548Z - info: Assets built
2025-08-27T06:49:32.554Z - info: Generating landing page...
2025-08-27T06:49:33.024Z - info: Landing page built, other pages will be built as you navigate to them!
2025-08-27T06:49:33.089Z - info: Site data built
2025-08-27T06:49:33.089Z - info: Website generation (lazy) complete! Total build time: 5.622s
2025-08-27T06:49:34.114Z - info: Serving "/Users/damithch/Repos/nus-cs2103/cs2103-website-base/_site" at http://127.0.0.1:50239
2025-08-27T06:49:34.114Z - info: Press CTRL+C to stop ...
2025-08-27T06:49:46.347Z - info: Building /Users/damithch/Repos/nus-cs2103/cs2103-website-base/admin/instructors as some of its dependencies were changed since the last visit
2025-08-27T06:49:46.616Z - info: Site data built
2025-08-27T06:49:46.616Z - info: Lazy website regeneration complete! Total build time: 0.27s
2025-08-27T06:50:09.903Z - info: Website generation started at 14:50:08
2025-08-27T06:50:10.163Z - warn: ENOENT: no such file or directory, open '/Users/damithch/Repos/nus-cs2103/cs2103-website-base/node_modules/.cache/gh-pages/https!github.com!nus-cs2103-AY2526S1!website.git/book/_markbind/variables.md'
2025-08-27T06:50:10.163Z - warn: ENOENT: no such file or directory, open '/Users/damithch/Repos/nus-cs2103/cs2103-website-base/node_modules/.cache/gh-pages/https!github.com!nus-cs2103-AY2526S1!website.git/_markbind/variables.md'
2025-08-27T06:50:10.183Z - info: Building assets...
2025-08-27T06:50:12.865Z - info: Assets built
2025-08-27T06:50:12.865Z - info: Generating pages...
2025-08-27T06:50:17.612Z - debug:  
2025-08-27T06:50:17.613Z - debug:  
2025-08-27T06:50:20.219Z - debug:  
2025-08-27T06:50:20.219Z - debug:  
2025-08-27T06:50:20.219Z - debug:  
2025-08-27T06:50:20.219Z - debug:  
2025-08-27T06:50:20.219Z - debug:  
2025-08-27T06:50:20.219Z - debug:  
2025-08-27T06:50:20.219Z - debug:  
2025-08-27T06:50:20.219Z - debug:  
2025-08-27T06:50:20.219Z - debug:  
2025-08-27T06:50:22.498Z - debug:  
2025-08-27T06:50:22.524Z - debug:  
2025-08-27T06:50:22.529Z - debug:  
2025-08-27T06:50:22.533Z - debug:  
2025-08-27T06:50:22.539Z - debug:  
2025-08-27T06:50:22.548Z - debug:  
2025-08-27T06:50:32.328Z - debug:  
2025-08-27T06:50:36.647Z - warn: Empty reference in /Users/damithch/Repos/nus-cs2103/cs2103-website-base/book/gitAndGithub/log/unit-inElsewhere-asFlat.md:
Segment '#title' in file: /Users/damithch/Repos/nus-cs2103/cs2103-website-base/book/gitAndGithub/log/text.md is empty
2025-08-27T06:51:29.472Z - debug:  
2025-08-27T06:51:41.785Z - debug:  
2025-08-27T06:51:41.803Z - debug:  
2025-08-27T06:51:48.660Z - info: Pages built
2025-08-27T06:51:48.735Z - info: Site data built
2025-08-27T06:51:48.735Z - info: Website generation complete! Total build time: 99.789s
2025-08-27T06:51:48.735Z - info: Build success!
2025-08-27T06:52:12.084Z - info: The website has been deployed at: https://nus-cs2103-ay2526s1.github.io/website
2025-08-27T10:21:48.478Z - info: Website generation (lazy) started at 18:21:47
2025-08-27T10:21:49.043Z - warn: ENOENT: no such file or directory, open '/Users/damithch/Repos/nus-cs2103/cs2103-website-base/node_modules/.cache/gh-pages/https!github.com!nus-cs2103-AY2526S1!website.git/book/_markbind/variables.md'
2025-08-27T10:21:49.043Z - warn: ENOENT: no such file or directory, open '/Users/damithch/Repos/nus-cs2103/cs2103-website-base/node_modules/.cache/gh-pages/https!github.com!nus-cs2103-AY2526S1!website.git/_markbind/variables.md'
2025-08-27T10:21:49.063Z - info: Building assets...
2025-08-27T10:21:51.766Z - info: Assets built
2025-08-27T10:21:51.766Z - info: Generating landing page...
2025-08-27T10:21:52.272Z - info: Landing page built, other pages will be built as you navigate to them!
2025-08-27T10:21:52.347Z - info: Site data built
2025-08-27T10:21:52.347Z - info: Website generation (lazy) complete! Total build time: 5.019s
2025-08-27T10:21:53.368Z - info: Serving "/Users/damithch/Repos/nus-cs2103/cs2103-website-base/_site" at http://127.0.0.1:53757
2025-08-27T10:21:53.368Z - info: Press CTRL+C to stop ...
2025-08-27T10:22:07.656Z - info: Building /Users/damithch/Repos/nus-cs2103/cs2103-website-base/schedule/week3/project as some of its dependencies were changed since the last visit
2025-08-27T10:22:08.913Z - info: Site data built
2025-08-27T10:22:08.913Z - info: Lazy website regeneration complete! Total build time: 1.259s
2025-08-27T10:23:30.882Z - info: Building /Users/damithch/Repos/nus-cs2103/cs2103-website-base/schedule/week2/project as some of its dependencies were changed since the last visit
2025-08-27T10:23:31.980Z - info: Site data built
2025-08-27T10:23:31.980Z - info: Lazy website regeneration complete! Total build time: 1.099s
2025-08-27T10:24:25.479Z - info: [18:24:25] Reload for file change: /Users/damithch/Repos/nus-cs2103/cs2103-website-base/admin/ip-tasks-fragment.md
2025-08-27T10:24:25.482Z - info: Synchronizing opened pages list before reload
2025-08-27T10:24:25.485Z - info: Current opened pages, from most-to-least recent:
2025-08-27T10:24:25.486Z - info: 1. schedule/week3/project
2025-08-27T10:24:26.500Z - info: Rebuilding 1 pages
2025-08-27T10:24:27.808Z - info: Site data built
2025-08-27T10:24:27.808Z - info: Pages rebuilt
2025-08-27T10:24:27.809Z - info: Website regeneration complete! Total build time: 1.31s
2025-08-27T10:24:55.348Z - info: [18:24:55] Reload for file change: /Users/damithch/Repos/nus-cs2103/cs2103-website-base/admin/ip-tasks-fragment.md
2025-08-27T10:24:55.353Z - info: Synchronizing opened pages list before reload
2025-08-27T10:24:55.354Z - info: Current opened pages, from most-to-least recent:
2025-08-27T10:24:55.354Z - info: 1. schedule/week3/project
2025-08-27T10:24:56.366Z - info: Rebuilding 1 pages
2025-08-27T10:24:57.689Z - info: Site data built
2025-08-27T10:24:57.689Z - info: Pages rebuilt
2025-08-27T10:24:57.689Z - info: Website regeneration complete! Total build time: 1.325s
2025-08-27T10:25:47.102Z - info: [18:25:47] Reload for file change: /Users/damithch/Repos/nus-cs2103/cs2103-website-base/admin/ip-tasks-fragment.md
2025-08-27T10:25:47.104Z - info: Synchronizing opened pages list before reload
2025-08-27T10:25:47.106Z - info: Current opened pages, from most-to-least recent:
2025-08-27T10:25:47.106Z - info: 1. schedule/week3/project
2025-08-27T10:25:48.116Z - info: Rebuilding 1 pages
2025-08-27T10:25:49.305Z - info: Site data built
2025-08-27T10:25:49.305Z - info: Pages rebuilt
2025-08-27T10:25:49.305Z - info: Website regeneration complete! Total build time: 1.191s
2025-08-27T10:27:01.725Z - info: [18:27:01] Reload for file change: /Users/damithch/Repos/nus-cs2103/cs2103-website-base/admin/ip-tasks-fragment.md
2025-08-27T10:27:01.728Z - info: Synchronizing opened pages list before reload
2025-08-27T10:27:01.730Z - info: Current opened pages, from most-to-least recent:
2025-08-27T10:27:01.731Z - info: 1. schedule/week3/project
2025-08-27T10:27:02.750Z - info: Rebuilding 1 pages
2025-08-27T10:27:03.993Z - info: Site data built
2025-08-27T10:27:03.993Z - info: Pages rebuilt
2025-08-27T10:27:03.993Z - info: Website regeneration complete! Total build time: 1.247s
2025-08-27T10:27:09.209Z - info: [18:27:09] Reload for file change: /Users/damithch/Repos/nus-cs2103/cs2103-website-base/admin/ip-tasks-fragment.md
2025-08-27T10:27:09.219Z - info: Synchronizing opened pages list before reload
2025-08-27T10:27:09.220Z - info: No pages are currently opened
2025-08-27T10:27:10.232Z - info: No pages needed to be rebuilt
2025-08-27T10:27:19.584Z - info: Building /Users/damithch/Repos/nus-cs2103/cs2103-website-base/schedule/week3/project as some of its dependencies were changed since the last visit
2025-08-27T10:27:20.937Z - info: Site data built
2025-08-27T10:27:20.937Z - info: Lazy website regeneration complete! Total build time: 1.353s
2025-08-27T10:28:02.839Z - info: [18:28:02] Reload for file change: /Users/damithch/Repos/nus-cs2103/cs2103-website-base/admin/ip-tasks-fragment.md
2025-08-27T10:28:02.843Z - info: Synchronizing opened pages list before reload
2025-08-27T10:28:02.847Z - info: Current opened pages, from most-to-least recent:
2025-08-27T10:28:02.848Z - info: 1. schedule/week3/project
2025-08-27T10:28:03.858Z - info: Rebuilding 1 pages
2025-08-27T10:28:05.184Z - info: Site data built
2025-08-27T10:28:05.184Z - info: Pages rebuilt
2025-08-27T10:28:05.184Z - info: Website regeneration complete! Total build time: 1.328s
2025-08-27T10:28:36.546Z - info: [18:28:36] Reload for file change: /Users/damithch/Repos/nus-cs2103/cs2103-website-base/admin/ip-tasks-fragment.md
2025-08-27T10:28:36.547Z - info: Synchronizing opened pages list before reload
2025-08-27T10:28:36.548Z - info: Current opened pages, from most-to-least recent:
2025-08-27T10:28:36.549Z - info: 1. schedule/week3/project
2025-08-27T10:28:37.563Z - info: Rebuilding 1 pages
2025-08-27T10:28:38.917Z - info: Site data built
2025-08-27T10:28:38.917Z - info: Pages rebuilt
2025-08-27T10:28:38.917Z - info: Website regeneration complete! Total build time: 1.357s
2025-08-27T10:29:19.670Z - info: [18:29:19] Reload for file change: /Users/damithch/Repos/nus-cs2103/cs2103-website-base/admin/ip-tasks-fragment.md
2025-08-27T10:29:19.673Z - info: Synchronizing opened pages list before reload
2025-08-27T10:29:19.674Z - info: Current opened pages, from most-to-least recent:
2025-08-27T10:29:19.674Z - info: 1. schedule/week3/project
2025-08-27T10:29:20.684Z - info: Rebuilding 1 pages
2025-08-27T10:29:22.002Z - info: Site data built
2025-08-27T10:29:22.002Z - info: Pages rebuilt
2025-08-27T10:29:22.002Z - info: Website regeneration complete! Total build time: 1.32s
2025-08-27T10:29:43.178Z - info: [18:29:43] Reload for file change: /Users/damithch/Repos/nus-cs2103/cs2103-website-base/admin/ip-tasks-fragment.md
2025-08-27T10:29:43.181Z - info: Synchronizing opened pages list before reload
2025-08-27T10:29:43.182Z - info: Current opened pages, from most-to-least recent:
2025-08-27T10:29:43.184Z - info: 1. schedule/week3/project
2025-08-27T10:29:44.193Z - info: Rebuilding 1 pages
2025-08-27T10:29:45.510Z - info: Site data built
2025-08-27T10:29:45.511Z - info: Pages rebuilt
2025-08-27T10:29:45.511Z - info: Website regeneration complete! Total build time: 1.32s
2025-08-27T10:30:40.988Z - info: Website generation started at 18:30:39
2025-08-27T10:30:41.396Z - warn: ENOENT: no such file or directory, open '/Users/damithch/Repos/nus-cs2103/cs2103-website-base/node_modules/.cache/gh-pages/https!github.com!nus-cs2103-AY2526S1!website.git/book/_markbind/variables.md'
2025-08-27T10:30:41.397Z - warn: ENOENT: no such file or directory, open '/Users/damithch/Repos/nus-cs2103/cs2103-website-base/node_modules/.cache/gh-pages/https!github.com!nus-cs2103-AY2526S1!website.git/_markbind/variables.md'
2025-08-27T10:30:41.415Z - info: Building assets...
2025-08-27T10:30:44.930Z - info: Assets built
2025-08-27T10:30:44.934Z - info: Generating pages...
2025-08-27T10:30:52.433Z - debug:  
2025-08-27T10:30:52.433Z - debug:  
2025-08-27T10:30:54.976Z - debug:  
2025-08-27T10:30:54.976Z - debug:  
2025-08-27T10:30:54.976Z - debug:  
2025-08-27T10:30:54.976Z - debug:  
2025-08-27T10:30:54.976Z - debug:  
2025-08-27T10:30:54.976Z - debug:  
2025-08-27T10:30:54.976Z - debug:  
2025-08-27T10:30:54.976Z - debug:  
2025-08-27T10:30:54.976Z - debug:  
2025-08-27T10:30:57.550Z - debug:  
2025-08-27T10:30:57.618Z - debug:  
2025-08-27T10:30:57.624Z - debug:  
2025-08-27T10:30:57.639Z - debug:  
2025-08-27T10:30:57.640Z - debug:  
2025-08-27T10:30:57.663Z - debug:  
2025-08-27T10:31:07.626Z - debug:  
2025-08-27T10:31:11.885Z - warn: Empty reference in /Users/damithch/Repos/nus-cs2103/cs2103-website-base/book/gitAndGithub/log/unit-inElsewhere-asFlat.md:
Segment '#title' in file: /Users/damithch/Repos/nus-cs2103/cs2103-website-base/book/gitAndGithub/log/text.md is empty
2025-08-27T10:32:06.034Z - debug:  
2025-08-27T10:32:17.629Z - debug:  
2025-08-27T10:32:17.693Z - debug:  
2025-08-27T10:32:24.898Z - info: Pages built
2025-08-27T10:32:24.975Z - info: Site data built
2025-08-27T10:32:24.975Z - info: Website generation complete! Total build time: 105.139s
2025-08-27T10:32:24.975Z - info: Build success!
2025-08-27T10:32:49.449Z - info: The website has been deployed at: https://nus-cs2103-ay2526s1.github.io/website
