2025-08-17T17:36:37.033Z - info: Website generation started at 01:36:35
2025-08-17T17:36:37.628Z - warn: ENOENT: no such file or directory, open '/Users/damithch/Repos/nus-cs2103/cs2103-website-base/node_modules/.cache/gh-pages/https!github.com!nus-cs2103-AY2526S1!website.git/book/_markbind/variables.md'
2025-08-17T17:36:37.628Z - warn: ENOENT: no such file or directory, open '/Users/damithch/Repos/nus-cs2103/cs2103-website-base/node_modules/.cache/gh-pages/https!github.com!nus-cs2103-AY2526S1!website.git/_markbind/variables.md'
2025-08-17T17:36:37.647Z - info: Building assets...
2025-08-17T17:36:41.089Z - info: Assets built
2025-08-17T17:36:41.091Z - info: Generating pages...
2025-08-17T17:36:46.209Z - debug:  
2025-08-17T17:36:46.209Z - debug:  
2025-08-17T17:36:48.677Z - debug:  
2025-08-17T17:36:48.678Z - debug:  
2025-08-17T17:36:48.678Z - debug:  
2025-08-17T17:36:48.678Z - debug:  
2025-08-17T17:36:48.678Z - debug:  
2025-08-17T17:36:48.678Z - debug:  
2025-08-17T17:36:48.678Z - debug:  
2025-08-17T17:36:48.678Z - debug:  
2025-08-17T17:36:48.678Z - debug:  
2025-08-17T17:36:50.990Z - debug:  
2025-08-17T17:36:50.999Z - debug:  
2025-08-17T17:36:51.003Z - debug:  
2025-08-17T17:36:51.003Z - debug:  
2025-08-17T17:36:51.009Z - debug:  
2025-08-17T17:36:51.009Z - debug:  
2025-08-17T17:37:00.800Z - debug:  
2025-08-17T17:37:04.790Z - warn: Empty reference in /Users/damithch/Repos/nus-cs2103/cs2103-website-base/book/gitAndGithub/log/unit-inElsewhere-asFlat.md:
Segment '#title' in file: /Users/damithch/Repos/nus-cs2103/cs2103-website-base/book/gitAndGithub/log/text.md is empty
2025-08-17T17:37:54.667Z - debug:  
2025-08-17T17:38:09.369Z - debug:  
2025-08-17T17:38:09.383Z - debug:  
2025-08-17T17:38:16.269Z - info: Pages built
2025-08-17T17:38:16.347Z - info: Site data built
2025-08-17T17:38:16.347Z - info: Website generation complete! Total build time: 100.617s
2025-08-17T17:38:16.347Z - info: Build success!
2025-08-17T17:38:40.172Z - info: The website has been deployed at: https://nus-cs2103-ay2526s1.github.io/website
2025-08-18T04:40:46.183Z - info: Website generation (lazy) started at 12:40:44
2025-08-18T04:40:46.721Z - warn: ENOENT: no such file or directory, open '/Users/damithch/Repos/nus-cs2103/cs2103-website-base/node_modules/.cache/gh-pages/https!github.com!nus-cs2103-AY2526S1!website.git/book/_markbind/variables.md'
2025-08-18T04:40:46.721Z - warn: ENOENT: no such file or directory, open '/Users/damithch/Repos/nus-cs2103/cs2103-website-base/node_modules/.cache/gh-pages/https!github.com!nus-cs2103-AY2526S1!website.git/_markbind/variables.md'
2025-08-18T04:40:46.741Z - info: Building assets...
2025-08-18T04:40:50.073Z - info: Assets built
2025-08-18T04:40:50.075Z - info: Generating landing page...
2025-08-18T04:40:50.339Z - info: Landing page built, other pages will be built as you navigate to them!
2025-08-18T04:40:50.415Z - info: Site data built
2025-08-18T04:40:50.415Z - info: Website generation (lazy) complete! Total build time: 5.492s
2025-08-18T04:40:50.427Z - info: Serving "/Users/damithch/Repos/nus-cs2103/cs2103-website-base/_site" at http://127.0.0.1:8080
2025-08-18T04:40:50.427Z - info: Press CTRL+C to stop ...
2025-08-18T04:40:56.347Z - info: Building /Users/damithch/Repos/nus-cs2103/cs2103-website-base/schedule/week2/index as some of its dependencies were changed since the last visit
2025-08-18T04:40:56.538Z - info: Site data built
2025-08-18T04:40:56.539Z - info: Lazy website regeneration complete! Total build time: 0.193s
2025-08-18T04:41:00.080Z - info: Building /Users/damithch/Repos/nus-cs2103/cs2103-website-base/schedule/week2/topics as some of its dependencies were changed since the last visit
2025-08-18T04:41:01.274Z - info: Site data built
2025-08-18T04:41:01.274Z - info: Lazy website regeneration complete! Total build time: 1.194s
2025-08-18T04:41:16.118Z - info: Building /Users/damithch/Repos/nus-cs2103/cs2103-website-base/book/gitAndGithub/gitPrep/index as some of its dependencies were changed since the last visit
2025-08-18T04:41:16.284Z - info: Site data built
2025-08-18T04:41:16.284Z - info: Lazy website regeneration complete! Total build time: 0.167s
2025-08-18T04:41:17.192Z - info: Building /Users/damithch/Repos/nus-cs2103/cs2103-website-base/book/gitAndGithub/init/index as some of its dependencies were changed since the last visit
2025-08-18T04:41:17.290Z - info: Site data built
2025-08-18T04:41:17.290Z - info: Lazy website regeneration complete! Total build time: 0.098s
2025-08-18T04:42:26.681Z - info: [12:42:26] Reload for file change: /Users/damithch/Repos/nus-cs2103/cs2103-website-base/site.json
2025-08-18T04:42:26.682Z - info: Synchronizing opened pages list before reload
2025-08-18T04:42:26.685Z - info: Current opened pages, from most-to-least recent:
2025-08-18T04:42:26.685Z - info: 1. book/gitAndGithub/init/index
2025-08-18T04:42:26.686Z - info: 2. book/gitAndGithub/gitPrep/index
2025-08-18T04:42:26.686Z - info: 3. schedule/week2/topics
2025-08-18T04:42:27.963Z - info: Pages or site config modified, updating pages...
2025-08-18T04:42:29.079Z - info: Building /Users/damithch/Repos/nus-cs2103/cs2103-website-base/book/gitAndGithub/init/index as some of its dependencies were changed since the last visit
2025-08-18T04:42:29.080Z - info: Building /Users/damithch/Repos/nus-cs2103/cs2103-website-base/book/gitAndGithub/gitPrep/index as some of its dependencies were changed since the last visit
2025-08-18T04:42:29.080Z - info: Building /Users/damithch/Repos/nus-cs2103/cs2103-website-base/schedule/week2/topics as some of its dependencies were changed since the last visit
2025-08-18T04:42:30.365Z - info: Site data built
2025-08-18T04:42:30.365Z - info: Lazy website regeneration complete! Total build time: 1.286s
2025-08-18T04:42:30.366Z - info: Site data built
2025-08-18T04:43:59.542Z - info: Website generation started at 12:43:58
2025-08-18T04:43:59.793Z - warn: ENOENT: no such file or directory, open '/Users/damithch/Repos/nus-cs2103/cs2103-website-base/node_modules/.cache/gh-pages/https!github.com!nus-cs2103-AY2526S1!website.git/book/_markbind/variables.md'
2025-08-18T04:43:59.793Z - warn: ENOENT: no such file or directory, open '/Users/damithch/Repos/nus-cs2103/cs2103-website-base/node_modules/.cache/gh-pages/https!github.com!nus-cs2103-AY2526S1!website.git/_markbind/variables.md'
2025-08-18T04:43:59.813Z - info: Building assets...
2025-08-18T04:44:02.939Z - info: Assets built
2025-08-18T04:44:02.940Z - info: Generating pages...
2025-08-18T04:44:09.412Z - debug:  
2025-08-18T04:44:09.412Z - debug:  
2025-08-18T04:44:09.412Z - debug:  
2025-08-18T04:44:09.412Z - debug:  
2025-08-18T04:44:09.412Z - debug:  
2025-08-18T04:44:09.412Z - debug:  
2025-08-18T04:44:09.412Z - debug:  
2025-08-18T04:44:09.412Z - debug:  
2025-08-18T04:44:09.412Z - debug:  
2025-08-18T04:44:09.412Z - debug:  
2025-08-18T04:44:09.412Z - debug:  
2025-08-18T04:44:09.412Z - debug:  
2025-08-18T04:44:09.413Z - debug:  
2025-08-18T04:44:09.413Z - debug:  
2025-08-18T04:44:09.413Z - debug:  
2025-08-18T04:44:10.741Z - debug:  
2025-08-18T04:44:17.972Z - debug:  
2025-08-18T04:44:21.271Z - warn: Empty reference in /Users/damithch/Repos/nus-cs2103/cs2103-website-base/book/gitAndGithub/log/unit-inElsewhere-asFlat.md:
Segment '#title' in file: /Users/damithch/Repos/nus-cs2103/cs2103-website-base/book/gitAndGithub/log/text.md is empty
2025-08-18T04:44:24.397Z - debug:  
2025-08-18T04:44:51.398Z - info: Pages built
2025-08-18T04:44:51.470Z - info: Site data built
2025-08-18T04:44:51.470Z - info: Website generation complete! Total build time: 52.782s
2025-08-18T04:44:51.470Z - info: Build success!
2025-08-18T04:45:13.012Z - info: The website has been deployed at: https://nus-tic2002-ay2526s1.github.io/website
2025-08-18T12:56:12.505Z - info: Website generation (lazy) started at 20:56:11
2025-08-18T12:56:12.969Z - warn: ENOENT: no such file or directory, open '/Users/damithch/Repos/nus-cs2103/cs2103-website-base/node_modules/.cache/gh-pages/https!github.com!nus-tic2002-AY2526S1!website.git/book/_markbind/variables.md'
2025-08-18T12:56:12.969Z - warn: ENOENT: no such file or directory, open '/Users/damithch/Repos/nus-cs2103/cs2103-website-base/node_modules/.cache/gh-pages/https!github.com!nus-tic2002-AY2526S1!website.git/_markbind/variables.md'
2025-08-18T12:56:12.989Z - info: Building assets...
2025-08-18T12:56:15.365Z - info: Assets built
2025-08-18T12:56:15.366Z - info: Generating landing page...
2025-08-18T12:56:15.715Z - info: Landing page built, other pages will be built as you navigate to them!
2025-08-18T12:56:15.785Z - info: Site data built
2025-08-18T12:56:15.785Z - info: Website generation (lazy) complete! Total build time: 4.549s
2025-08-18T12:56:16.823Z - info: Serving "/Users/damithch/Repos/nus-cs2103/cs2103-website-base/_site" at http://127.0.0.1:50293
2025-08-18T12:56:16.824Z - info: Press CTRL+C to stop ...
2025-08-18T12:58:05.172Z - info: [20:58:05] Reload for file change: /Users/damithch/Repos/nus-cs2103/cs2103-website-base/book/gitAndGithub/gitPrep/text.md
2025-08-18T12:58:05.179Z - info: Synchronizing opened pages list before reload
2025-08-18T12:58:05.185Z - info: Current opened pages, from most-to-least recent:
2025-08-18T12:58:05.185Z - info: 1. index
2025-08-18T12:58:06.198Z - info: Assets built
2025-08-18T12:58:09.391Z - info: Building /Users/damithch/Repos/nus-cs2103/cs2103-website-base/schedule/week1/index as some of its dependencies were changed since the last visit
2025-08-18T12:58:09.722Z - info: Site data built
2025-08-18T12:58:09.722Z - info: Lazy website regeneration complete! Total build time: 0.332s
2025-08-18T12:58:11.928Z - info: Building /Users/damithch/Repos/nus-cs2103/cs2103-website-base/schedule/week1/topics as some of its dependencies were changed since the last visit
2025-08-18T12:58:14.075Z - debug:  
2025-08-18T12:58:14.325Z - info: Site data built
2025-08-18T12:58:14.325Z - info: Lazy website regeneration complete! Total build time: 2.397s
2025-08-18T12:58:58.618Z - info: [20:58:58] Reload for file change: /Users/damithch/Repos/nus-cs2103/cs2103-website-base/book/gitAndGithub/gitPrep/text.md
2025-08-18T12:58:58.619Z - info: Synchronizing opened pages list before reload
2025-08-18T12:58:58.620Z - info: Current opened pages, from most-to-least recent:
2025-08-18T12:58:58.620Z - info: 1. schedule/week1/topics
2025-08-18T12:58:59.633Z - info: Rebuilding 1 pages
2025-08-18T12:59:01.283Z - info: Site data built
2025-08-18T12:59:01.283Z - info: Pages rebuilt
2025-08-18T12:59:01.283Z - info: Website regeneration complete! Total build time: 1.652s
2025-08-18T12:59:40.361Z - info: Website generation started at 20:59:39
2025-08-18T12:59:40.741Z - warn: ENOENT: no such file or directory, open '/Users/damithch/Repos/nus-cs2103/cs2103-website-base/node_modules/.cache/gh-pages/https!github.com!nus-tic2002-AY2526S1!website.git/book/_markbind/variables.md'
2025-08-18T12:59:40.741Z - warn: ENOENT: no such file or directory, open '/Users/damithch/Repos/nus-cs2103/cs2103-website-base/node_modules/.cache/gh-pages/https!github.com!nus-tic2002-AY2526S1!website.git/_markbind/variables.md'
2025-08-18T12:59:40.761Z - info: Building assets...
