2025-10-14T13:30:19.864Z - info: Website generation started at 21:30:18
2025-10-14T13:30:20.461Z - warn: ENOENT: no such file or directory, open '/Users/damithch/Repos/nus-cs2103/cs2103-website-base/node_modules/.cache/gh-pages/https!github.com!nus-cs2103-AY2526S1!website.git/book/_markbind/variables.md'
2025-10-14T13:30:20.461Z - warn: ENOENT: no such file or directory, open '/Users/damithch/Repos/nus-cs2103/cs2103-website-base/node_modules/.cache/gh-pages/https!github.com!nus-cs2103-AY2526S1!website.git/_markbind/variables.md'
2025-10-14T13:30:20.483Z - info: Building assets...
2025-10-14T13:30:23.874Z - info: Assets built
2025-10-14T13:30:23.875Z - info: Generating pages...
2025-10-14T13:30:29.998Z - debug:  
2025-10-14T13:30:32.503Z - debug:  
2025-10-14T13:30:32.503Z - debug:  
2025-10-14T13:30:32.503Z - debug:  
2025-10-14T13:30:32.503Z - debug:  
2025-10-14T13:30:32.503Z - debug:  
2025-10-14T13:30:32.503Z - debug:  
2025-10-14T13:30:32.503Z - debug:  
2025-10-14T13:30:32.503Z - debug:  
2025-10-14T13:30:32.504Z - debug:  
2025-10-14T13:30:32.504Z - debug:  
2025-10-14T13:30:32.504Z - debug:  
2025-10-14T13:30:32.504Z - debug:  
2025-10-14T13:30:32.504Z - debug:  
2025-10-14T13:30:32.504Z - debug:  
2025-10-14T13:30:33.906Z - debug:  
2025-10-14T13:30:40.811Z - debug:  
2025-10-14T13:30:41.806Z - debug:  
2025-10-14T13:30:49.188Z - debug:  
2025-10-14T13:31:14.742Z - info: Pages built
2025-10-14T13:31:14.819Z - info: Site data built
2025-10-14T13:31:14.819Z - info: Website generation complete! Total build time: 56.24s
2025-10-14T13:31:14.819Z - info: Build success!
2025-10-14T13:31:37.484Z - info: The website has been deployed at: https://nus-tic2002-ay2526s1.github.io/website
