2025-09-02T13:01:24.393Z - info: Website generation started at 21:01:23
2025-09-02T13:01:24.865Z - warn: ENOENT: no such file or directory, open '/Users/damithch/Repos/nus-cs2103/cs2103-website-base/node_modules/.cache/gh-pages/https!github.com!nus-cs2103-AY2526S1!website.git/book/_markbind/variables.md'
2025-09-02T13:01:24.865Z - warn: ENOENT: no such file or directory, open '/Users/damithch/Repos/nus-cs2103/cs2103-website-base/node_modules/.cache/gh-pages/https!github.com!nus-cs2103-AY2526S1!website.git/_markbind/variables.md'
2025-09-02T13:01:24.884Z - info: Building assets...
2025-09-02T13:01:27.551Z - info: Assets built
2025-09-02T13:01:27.551Z - info: Generating pages...
2025-09-02T13:01:35.701Z - debug:  
2025-09-02T13:01:35.701Z - debug:  
2025-09-02T13:01:35.701Z - debug:  
2025-09-02T13:01:35.701Z - debug:  
2025-09-02T13:01:35.701Z - debug:  
2025-09-02T13:01:35.701Z - debug:  
2025-09-02T13:01:35.701Z - debug:  
2025-09-02T13:01:35.701Z - debug:  
2025-09-02T13:01:35.701Z - debug:  
2025-09-02T13:01:35.701Z - debug:  
2025-09-02T13:01:35.701Z - debug:  
2025-09-02T13:01:35.701Z - debug:  
2025-09-02T13:01:35.701Z - debug:  
2025-09-02T13:01:35.701Z - debug:  
2025-09-02T13:01:35.701Z - debug:  
2025-09-02T13:01:37.045Z - debug:  
2025-09-02T13:01:43.502Z - debug:  
2025-09-02T13:01:46.758Z - warn: Empty reference in /Users/damithch/Repos/nus-cs2103/cs2103-website-base/book/gitAndGithub/log/unit-inElsewhere-asFlat.md:
Segment '#title' in file: /Users/damithch/Repos/nus-cs2103/cs2103-website-base/book/gitAndGithub/log/text.md is empty
2025-09-02T13:01:49.889Z - debug:  
2025-09-02T13:02:14.802Z - info: Pages built
2025-09-02T13:02:14.879Z - info: Site data built
2025-09-02T13:02:14.879Z - info: Website generation complete! Total build time: 51.705s
2025-09-02T13:02:14.879Z - info: Build success!
2025-09-02T13:02:34.757Z - info: The website has been deployed at: https://nus-tic2002-ay2526s1.github.io/website
