2025-09-30T16:00:35.571Z - info: The website has been deployed at: https://nus-cs2103-ay2526s1.github.io/website
2025-09-30T17:22:05.490Z - info: Website generation started at 01:22:04
2025-09-30T17:22:06.100Z - warn: ENOENT: no such file or directory, open '/Users/damithch/Repos/nus-cs2103/cs2103-website-base/node_modules/.cache/gh-pages/https!github.com!nus-cs2103-AY2526S1!website.git/book/_markbind/variables.md'
2025-09-30T17:22:06.100Z - warn: ENOENT: no such file or directory, open '/Users/damithch/Repos/nus-cs2103/cs2103-website-base/node_modules/.cache/gh-pages/https!github.com!nus-cs2103-AY2526S1!website.git/_markbind/variables.md'
2025-09-30T17:22:06.120Z - info: Building assets...
2025-09-30T17:22:09.046Z - info: Assets built
2025-09-30T17:22:09.046Z - info: Generating pages...
2025-09-30T17:22:16.933Z - debug:  
2025-09-30T17:22:16.934Z - debug:  
2025-09-30T17:22:20.922Z - debug:  
2025-09-30T17:22:20.922Z - debug:  
2025-09-30T17:22:20.922Z - debug:  
2025-09-30T17:22:20.922Z - debug:  
2025-09-30T17:22:20.922Z - debug:  
2025-09-30T17:22:20.922Z - debug:  
2025-09-30T17:22:20.922Z - debug:  
2025-09-30T17:22:20.922Z - debug:  
2025-09-30T17:22:20.922Z - debug:  
2025-09-30T17:22:23.552Z - debug:  
2025-09-30T17:22:23.627Z - debug:  
2025-09-30T17:22:23.653Z - debug:  
2025-09-30T17:22:23.661Z - debug:  
2025-09-30T17:22:23.671Z - debug:  
2025-09-30T17:22:23.674Z - debug:  
2025-09-30T17:22:33.672Z - debug:  
2025-09-30T17:23:35.401Z - debug:  
2025-09-30T17:23:48.393Z - debug:  
2025-09-30T17:23:48.409Z - debug:  
2025-09-30T17:23:57.961Z - info: Pages built
2025-09-30T17:23:58.034Z - info: Site data built
2025-09-30T17:23:58.034Z - info: Website generation complete! Total build time: 113.825s
2025-09-30T17:23:58.034Z - info: Build success!
2025-09-30T17:24:28.646Z - info: The website has been deployed at: https://nus-cs2103-ay2526s1.github.io/website
2025-09-30T17:39:53.217Z - info: Website generation started at 01:39:51
2025-09-30T17:39:53.743Z - warn: ENOENT: no such file or directory, open '/Users/damithch/Repos/nus-cs2103/cs2103-website-base/node_modules/.cache/gh-pages/https!github.com!nus-cs2103-AY2526S1!website.git/book/_markbind/variables.md'
2025-09-30T17:39:53.743Z - warn: ENOENT: no such file or directory, open '/Users/damithch/Repos/nus-cs2103/cs2103-website-base/node_modules/.cache/gh-pages/https!github.com!nus-cs2103-AY2526S1!website.git/_markbind/variables.md'
2025-09-30T17:39:53.764Z - info: Building assets...
