2025-09-03T13:20:19.441Z - info: Website generation (lazy) started at 21:20:17
2025-09-03T13:20:20.214Z - warn: ENOENT: no such file or directory, open '/Users/damithch/Repos/nus-cs2103/cs2103-website-base/node_modules/.cache/gh-pages/https!github.com!nus-tic2002-AY2526S1!website.git/book/_markbind/variables.md'
2025-09-03T13:20:20.215Z - warn: ENOENT: no such file or directory, open '/Users/damithch/Repos/nus-cs2103/cs2103-website-base/node_modules/.cache/gh-pages/https!github.com!nus-tic2002-AY2526S1!website.git/_markbind/variables.md'
2025-09-03T13:20:20.237Z - info: Building assets...
2025-09-03T13:20:22.744Z - info: Assets built
2025-09-03T13:20:22.744Z - info: Generating landing page...
2025-09-03T13:20:22.991Z - info: Landing page built, other pages will be built as you navigate to them!
2025-09-03T13:20:23.068Z - info: Site data built
2025-09-03T13:20:23.068Z - info: Website generation (lazy) complete! Total build time: 5.072s
2025-09-03T13:20:23.078Z - info: Serving "/Users/damithch/Repos/nus-cs2103/cs2103-website-base/_site" at http://127.0.0.1:8080
2025-09-03T13:20:23.078Z - info: Press CTRL+C to stop ...
2025-09-03T13:20:56.258Z - info: Building /Users/damithch/Repos/nus-cs2103/cs2103-website-base/schedule/week4/topics as some of its dependencies were changed since the last visit
2025-09-03T13:20:58.438Z - debug:  
2025-09-03T13:20:58.552Z - info: Site data built
2025-09-03T13:20:58.552Z - info: Lazy website regeneration complete! Total build time: 2.295s
2025-09-03T13:21:36.718Z - info: Website generation (lazy) started at 21:21:35
2025-09-03T13:21:37.124Z - warn: ENOENT: no such file or directory, open '/Users/damithch/Repos/nus-cs2103/cs2103-website-base/node_modules/.cache/gh-pages/https!github.com!nus-tic2002-AY2526S1!website.git/book/_markbind/variables.md'
2025-09-03T13:21:37.124Z - warn: ENOENT: no such file or directory, open '/Users/damithch/Repos/nus-cs2103/cs2103-website-base/node_modules/.cache/gh-pages/https!github.com!nus-tic2002-AY2526S1!website.git/_markbind/variables.md'
2025-09-03T13:21:37.142Z - info: Building assets...
2025-09-03T13:21:40.102Z - info: Assets built
2025-09-03T13:21:40.103Z - info: Generating landing page...
2025-09-03T13:21:40.659Z - info: Landing page built, other pages will be built as you navigate to them!
2025-09-03T13:21:40.761Z - info: Site data built
2025-09-03T13:21:40.761Z - info: Website generation (lazy) complete! Total build time: 5.038s
2025-09-03T13:21:40.766Z - info: Serving "/Users/damithch/Repos/nus-cs2103/cs2103-website-base/_site" at http://127.0.0.1:8080
2025-09-03T13:21:40.766Z - info: Press CTRL+C to stop ...
2025-09-03T13:21:45.033Z - info: Building /Users/damithch/Repos/nus-cs2103/cs2103-website-base/schedule/week4/topics as some of its dependencies were changed since the last visit
2025-09-03T13:21:48.153Z - debug:  
2025-09-03T13:21:48.246Z - debug:  
2025-09-03T13:21:48.270Z - debug:  
2025-09-03T13:21:48.299Z - debug:  
2025-09-03T13:21:48.402Z - debug:  
2025-09-03T13:21:48.416Z - debug:  
2025-09-03T13:21:48.421Z - debug:  
2025-09-03T13:21:48.468Z - debug:  
2025-09-03T13:21:48.474Z - debug:  
2025-09-03T13:21:48.482Z - debug:  
2025-09-03T13:21:48.499Z - debug:  
2025-09-03T13:21:48.507Z - debug:  
2025-09-03T13:21:48.516Z - debug:  
2025-09-03T13:21:48.589Z - info: Site data built
2025-09-03T13:21:48.589Z - info: Lazy website regeneration complete! Total build time: 3.556s
2025-09-03T13:25:33.860Z - info: [21:25:33] Reload for file change: /Users/damithch/Repos/nus-cs2103/cs2103-website-base/book/modeling/modelingStructures/classDiagramsIntermediate/images/snakes-board-piece.puml
2025-09-03T13:25:33.861Z - info: Synchronizing opened pages list before reload
2025-09-03T13:25:33.862Z - info: Current opened pages, from most-to-least recent:
2025-09-03T13:25:33.862Z - info: 1. schedule/week4/topics
2025-09-03T13:25:34.877Z - info: Rebuilding 1 pages
2025-09-03T13:25:36.129Z - debug:  
2025-09-03T13:25:36.218Z - info: Site data built
2025-09-03T13:25:36.218Z - info: Pages rebuilt
2025-09-03T13:25:36.218Z - info: Website regeneration complete! Total build time: 1.343s
2025-09-03T13:26:03.134Z - info: Website generation started at 21:26:02
2025-09-03T13:26:03.585Z - warn: ENOENT: no such file or directory, open '/Users/damithch/Repos/nus-cs2103/cs2103-website-base/node_modules/.cache/gh-pages/https!github.com!nus-tic2002-AY2526S1!website.git/book/_markbind/variables.md'
2025-09-03T13:26:03.585Z - warn: ENOENT: no such file or directory, open '/Users/damithch/Repos/nus-cs2103/cs2103-website-base/node_modules/.cache/gh-pages/https!github.com!nus-tic2002-AY2526S1!website.git/_markbind/variables.md'
2025-09-03T13:26:03.605Z - info: Building assets...
2025-09-03T13:26:06.042Z - info: Assets built
2025-09-03T13:26:06.042Z - info: Generating pages...
2025-09-03T13:26:11.052Z - debug:  
2025-09-03T13:26:11.052Z - debug:  
2025-09-03T13:26:13.747Z - debug:  
2025-09-03T13:26:13.747Z - debug:  
2025-09-03T13:26:13.747Z - debug:  
2025-09-03T13:26:13.747Z - debug:  
2025-09-03T13:26:13.747Z - debug:  
2025-09-03T13:26:13.747Z - debug:  
2025-09-03T13:26:13.747Z - debug:  
2025-09-03T13:26:13.747Z - debug:  
2025-09-03T13:26:13.747Z - debug:  
2025-09-03T13:26:16.163Z - debug:  
2025-09-03T13:26:16.188Z - debug:  
2025-09-03T13:26:16.220Z - debug:  
2025-09-03T13:26:16.221Z - debug:  
2025-09-03T13:26:16.239Z - debug:  
2025-09-03T13:26:16.253Z - debug:  
2025-09-03T13:26:26.328Z - debug:  
2025-09-03T13:26:30.535Z - warn: Empty reference in /Users/damithch/Repos/nus-cs2103/cs2103-website-base/book/gitAndGithub/log/unit-inElsewhere-asFlat.md:
Segment '#title' in file: /Users/damithch/Repos/nus-cs2103/cs2103-website-base/book/gitAndGithub/log/text.md is empty
2025-09-03T13:27:26.505Z - debug:  
2025-09-03T13:27:39.076Z - debug:  
2025-09-03T13:27:39.424Z - debug:  
2025-09-03T13:27:48.075Z - info: Pages built
2025-09-03T13:27:48.144Z - info: Site data built
2025-09-03T13:27:48.144Z - info: Website generation complete! Total build time: 106.037s
2025-09-03T13:27:48.144Z - info: Build success!
2025-09-03T13:28:14.853Z - info: The website has been deployed at: https://nus-cs2103-ay2526s1.github.io/website
