2025-08-07T11:38:22.977Z - info: Website generation (lazy) started at 19:38:21
2025-08-07T11:38:23.485Z - warn: ENOENT: no such file or directory, open '/Users/damithch/Repos/nus-cs2103/cs2103-website-base/node_modules/.cache/gh-pages/https!github.com!nus-tic2002-AY2526S1!website.git/book/_markbind/variables.md'
2025-08-07T11:38:23.485Z - warn: ENOENT: no such file or directory, open '/Users/damithch/Repos/nus-cs2103/cs2103-website-base/node_modules/.cache/gh-pages/https!github.com!nus-tic2002-AY2526S1!website.git/_markbind/variables.md'
2025-08-07T11:38:23.504Z - info: Building assets...
2025-08-07T11:38:26.274Z - info: Assets built
2025-08-07T11:38:26.275Z - info: Generating landing page...
2025-08-07T11:38:26.528Z - info: Landing page built, other pages will be built as you navigate to them!
2025-08-07T11:38:26.601Z - info: Site data built
2025-08-07T11:38:26.601Z - info: Website generation (lazy) complete! Total build time: 4.907s
2025-08-07T11:38:26.610Z - info: Serving "/Users/damithch/Repos/nus-cs2103/cs2103-website-base/_site" at http://127.0.0.1:8080
2025-08-07T11:38:26.610Z - info: Press CTRL+C to stop ...
2025-08-07T11:38:44.279Z - info: Building /Users/damithch/Repos/nus-cs2103/cs2103-website-base/admin/exams as some of its dependencies were changed since the last visit
2025-08-07T11:38:44.633Z - info: Site data built
2025-08-07T11:38:44.633Z - info: Lazy website regeneration complete! Total build time: 0.355s
2025-08-07T11:44:59.413Z - info: Building /Users/damithch/Repos/nus-cs2103/cs2103-website-base/se-book-adapted/git-trail/index as some of its dependencies were changed since the last visit
2025-08-07T11:44:59.778Z - info: Site data built
2025-08-07T11:44:59.778Z - info: Lazy website regeneration complete! Total build time: 0.366s
2025-08-07T11:45:05.908Z - info: Building /Users/damithch/Repos/nus-cs2103/cs2103-website-base/book/gitAndGithub/trail/backingUpOnCloud/index as some of its dependencies were changed since the last visit
2025-08-07T11:45:06.224Z - info: Site data built
2025-08-07T11:45:06.224Z - info: Lazy website regeneration complete! Total build time: 0.316s
2025-08-07T11:47:21.489Z - info: [19:47:21] Reload for file change: /Users/damithch/Repos/nus-cs2103/cs2103-website-base/book/gitAndGithub/createRemoteRepo/text.md
2025-08-07T11:47:21.497Z - info: Synchronizing opened pages list before reload
2025-08-07T11:47:21.498Z - info: Current opened pages, from most-to-least recent:
2025-08-07T11:47:21.498Z - info: 1. book/gitAndGithub/trail/backingUpOnCloud/index
2025-08-07T11:47:22.520Z - info: Rebuilding 1 pages
2025-08-07T11:47:22.855Z - info: Site data built
2025-08-07T11:47:22.855Z - info: Pages rebuilt
2025-08-07T11:47:22.855Z - info: Website regeneration complete! Total build time: 0.352s
2025-08-07T11:47:40.385Z - info: [19:47:40] Reload for file change: /Users/damithch/Repos/nus-cs2103/cs2103-website-base/book/gitAndGithub/createRemoteRepo/text.md
2025-08-07T11:47:40.386Z - info: Synchronizing opened pages list before reload
2025-08-07T11:47:40.386Z - info: Current opened pages, from most-to-least recent:
2025-08-07T11:47:40.386Z - info: 1. book/gitAndGithub/trail/backingUpOnCloud/index
2025-08-07T11:47:41.393Z - info: Rebuilding 1 pages
2025-08-07T11:47:41.718Z - info: Site data built
2025-08-07T11:47:41.718Z - info: Pages rebuilt
2025-08-07T11:47:41.718Z - info: Website regeneration complete! Total build time: 0.327s
2025-08-07T11:49:22.509Z - info: [19:49:22] Reload for file change: /Users/damithch/Repos/nus-cs2103/cs2103-website-base/book/gitAndGithub/createRemoteRepo/text.md
2025-08-07T11:49:22.510Z - info: Synchronizing opened pages list before reload
2025-08-07T11:49:22.511Z - info: Current opened pages, from most-to-least recent:
2025-08-07T11:49:22.511Z - info: 1. book/gitAndGithub/trail/backingUpOnCloud/index
2025-08-07T11:49:23.519Z - info: Rebuilding 1 pages
2025-08-07T11:49:23.846Z - info: Site data built
2025-08-07T11:49:23.846Z - info: Pages rebuilt
2025-08-07T11:49:23.846Z - info: Website regeneration complete! Total build time: 0.33s
2025-08-07T11:49:43.816Z - info: [19:49:43] Reload for file change: /Users/damithch/Repos/nus-cs2103/cs2103-website-base/book/gitAndGithub/createRemoteRepo/text.md
2025-08-07T11:49:43.816Z - info: Synchronizing opened pages list before reload
2025-08-07T11:49:43.817Z - info: Current opened pages, from most-to-least recent:
2025-08-07T11:49:43.817Z - info: 1. book/gitAndGithub/trail/backingUpOnCloud/index
2025-08-07T11:49:44.828Z - info: Rebuilding 1 pages
2025-08-07T11:49:45.135Z - info: Site data built
2025-08-07T11:49:45.135Z - info: Pages rebuilt
2025-08-07T11:49:45.135Z - info: Website regeneration complete! Total build time: 0.309s
2025-08-07T11:51:40.622Z - info: Building /Users/damithch/Repos/nus-cs2103/cs2103-website-base/book/gitAndGithub/trail/usingRevisionHistory/index as some of its dependencies were changed since the last visit
2025-08-07T11:51:41.075Z - info: Site data built
2025-08-07T11:51:41.076Z - info: Lazy website regeneration complete! Total build time: 0.455s
2025-08-07T11:54:32.127Z - info: [19:54:32] Reload for file change: /Users/damithch/Repos/nus-cs2103/cs2103-website-base/book/gitAndGithub/show/text.md
2025-08-07T11:54:32.129Z - info: Synchronizing opened pages list before reload
2025-08-07T11:54:32.130Z - info: Current opened pages, from most-to-least recent:
2025-08-07T11:54:32.130Z - info: 1. book/gitAndGithub/trail/usingRevisionHistory/index
2025-08-07T11:54:33.136Z - info: Rebuilding 1 pages
2025-08-07T11:54:33.596Z - info: Site data built
2025-08-07T11:54:33.596Z - info: Pages rebuilt
2025-08-07T11:54:33.596Z - info: Website regeneration complete! Total build time: 0.462s
2025-08-07T11:55:46.810Z - info: [19:55:46] Reload for file change: /Users/damithch/Repos/nus-cs2103/cs2103-website-base/book/gitAndGithub/show/text.md
2025-08-07T11:55:46.811Z - info: Synchronizing opened pages list before reload
2025-08-07T11:55:46.811Z - info: Current opened pages, from most-to-least recent:
2025-08-07T11:55:46.812Z - info: 1. book/gitAndGithub/trail/usingRevisionHistory/index
2025-08-07T11:55:47.815Z - info: Rebuilding 1 pages
2025-08-07T11:55:48.264Z - info: Site data built
2025-08-07T11:55:48.264Z - info: Pages rebuilt
2025-08-07T11:55:48.264Z - info: Website regeneration complete! Total build time: 0.45s
2025-08-07T11:56:49.089Z - info: [19:56:49] Reload for file change: /Users/damithch/Repos/nus-cs2103/cs2103-website-base/book/gitAndGithub/show/text.md
2025-08-07T11:56:49.091Z - info: Synchronizing opened pages list before reload
2025-08-07T11:56:49.092Z - info: Current opened pages, from most-to-least recent:
2025-08-07T11:56:49.092Z - info: 1. book/gitAndGithub/trail/usingRevisionHistory/index
2025-08-07T11:56:50.102Z - info: Rebuilding 1 pages
2025-08-07T11:56:50.602Z - info: Site data built
2025-08-07T11:56:50.602Z - info: Pages rebuilt
2025-08-07T11:56:50.602Z - info: Website regeneration complete! Total build time: 0.504s
2025-08-07T11:59:40.893Z - info: [19:59:40] Reload for file change: /Users/damithch/Repos/nus-cs2103/cs2103-website-base/book/gitAndGithub/tag/text.md
2025-08-07T11:59:40.894Z - info: Synchronizing opened pages list before reload
2025-08-07T11:59:40.895Z - info: Current opened pages, from most-to-least recent:
2025-08-07T11:59:40.895Z - info: 1. book/gitAndGithub/trail/usingRevisionHistory/index
2025-08-07T11:59:41.909Z - info: Rebuilding 1 pages
2025-08-07T11:59:42.375Z - info: Site data built
2025-08-07T11:59:42.375Z - info: Pages rebuilt
2025-08-07T11:59:42.375Z - info: Website regeneration complete! Total build time: 0.469s
2025-08-07T12:07:09.704Z - info: Building /Users/damithch/Repos/nus-cs2103/cs2103-website-base/book/gitAndGithub/trail/fineTuningHistory/index as some of its dependencies were changed since the last visit
2025-08-07T12:07:09.891Z - info: Site data built
2025-08-07T12:07:09.891Z - info: Lazy website regeneration complete! Total build time: 0.188s
2025-08-07T12:08:35.962Z - info: [20:08:35] Reload for file change: /Users/damithch/Repos/nus-cs2103/cs2103-website-base/book/gitAndGithub/commitMessage/text.md
2025-08-07T12:08:35.974Z - info: Synchronizing opened pages list before reload
2025-08-07T12:08:35.975Z - info: Current opened pages, from most-to-least recent:
2025-08-07T12:08:35.976Z - info: 1. book/gitAndGithub/trail/fineTuningHistory/index
2025-08-07T12:08:36.984Z - info: Rebuilding 1 pages
2025-08-07T12:08:37.160Z - info: Site data built
2025-08-07T12:08:37.160Z - info: Pages rebuilt
2025-08-07T12:08:37.160Z - info: Website regeneration complete! Total build time: 0.178s
2025-08-07T12:09:31.039Z - info: [20:09:31] Reload for file change: /Users/damithch/Repos/nus-cs2103/cs2103-website-base/book/gitAndGithub/commitMessage/text.md
2025-08-07T12:09:31.039Z - info: Synchronizing opened pages list before reload
2025-08-07T12:09:31.039Z - info: Current opened pages, from most-to-least recent:
2025-08-07T12:09:31.039Z - info: 1. book/gitAndGithub/trail/fineTuningHistory/index
2025-08-07T12:09:32.042Z - info: Rebuilding 1 pages
2025-08-07T12:09:32.222Z - info: Site data built
2025-08-07T12:09:32.222Z - info: Pages rebuilt
2025-08-07T12:09:32.222Z - info: Website regeneration complete! Total build time: 0.181s
2025-08-07T12:09:42.102Z - info: [20:09:42] Reload for file change: /Users/damithch/Repos/nus-cs2103/cs2103-website-base/book/gitAndGithub/commitMessage/text.md
2025-08-07T12:09:42.103Z - info: Synchronizing opened pages list before reload
2025-08-07T12:09:42.103Z - info: Current opened pages, from most-to-least recent:
2025-08-07T12:09:42.103Z - info: 1. book/gitAndGithub/trail/fineTuningHistory/index
2025-08-07T12:09:43.116Z - info: Rebuilding 1 pages
2025-08-07T12:09:43.282Z - info: Site data built
2025-08-07T12:09:43.282Z - info: Pages rebuilt
2025-08-07T12:09:43.282Z - info: Website regeneration complete! Total build time: 0.167s
2025-08-07T12:09:58.237Z - info: [20:09:58] Reload for file change: /Users/damithch/Repos/nus-cs2103/cs2103-website-base/book/gitAndGithub/commitMessage/text.md
2025-08-07T12:09:58.237Z - info: Synchronizing opened pages list before reload
2025-08-07T12:09:58.237Z - info: Current opened pages, from most-to-least recent:
2025-08-07T12:09:58.237Z - info: 1. book/gitAndGithub/trail/fineTuningHistory/index
2025-08-07T12:09:59.242Z - info: Rebuilding 1 pages
2025-08-07T12:09:59.436Z - info: Site data built
2025-08-07T12:09:59.436Z - info: Pages rebuilt
2025-08-07T12:09:59.436Z - info: Website regeneration complete! Total build time: 0.195s
2025-08-07T12:11:00.795Z - info: [20:11:00] Reload for file change: /Users/damithch/Repos/nus-cs2103/cs2103-website-base/book/gitAndGithub/commitMessage/text.md
2025-08-07T12:11:00.796Z - info: Synchronizing opened pages list before reload
2025-08-07T12:11:00.796Z - info: Current opened pages, from most-to-least recent:
2025-08-07T12:11:00.796Z - info: 1. book/gitAndGithub/trail/fineTuningHistory/index
2025-08-07T12:11:01.803Z - info: Rebuilding 1 pages
2025-08-07T12:11:01.997Z - info: Site data built
2025-08-07T12:11:01.997Z - info: Pages rebuilt
2025-08-07T12:11:01.997Z - info: Website regeneration complete! Total build time: 0.197s
2025-08-07T12:13:19.115Z - info: [20:13:19] Reload for file change: /Users/damithch/Repos/nus-cs2103/cs2103-website-base/book/gitAndGithub/trail/branchingLocally/text.md
2025-08-07T12:13:19.116Z - info: Synchronizing opened pages list before reload
2025-08-07T12:13:19.117Z - info: Current opened pages, from most-to-least recent:
2025-08-07T12:13:19.117Z - info: 1. book/gitAndGithub/trail/fineTuningHistory/index
2025-08-07T12:13:20.128Z - info: No pages needed to be rebuilt
2025-08-07T12:13:40.103Z - info: [20:13:40] Reload for file change: /Users/damithch/Repos/nus-cs2103/cs2103-website-base/book/gitAndGithub/trail/branchingLocally/text.md
2025-08-07T12:13:40.103Z - info: Synchronizing opened pages list before reload
2025-08-07T12:13:40.103Z - info: Current opened pages, from most-to-least recent:
2025-08-07T12:13:40.103Z - info: 1. book/gitAndGithub/trail/fineTuningHistory/index
2025-08-07T12:13:41.108Z - info: No pages needed to be rebuilt
2025-08-07T12:15:38.591Z - info: [20:15:38] Reload for file change: /Users/damithch/Repos/nus-cs2103/cs2103-website-base/book/gitAndGithub/merge/text.md
2025-08-07T12:15:38.592Z - info: Synchronizing opened pages list before reload
2025-08-07T12:15:38.592Z - info: Current opened pages, from most-to-least recent:
2025-08-07T12:15:38.592Z - info: 1. book/gitAndGithub/trail/fineTuningHistory/index
2025-08-07T12:15:38.594Z - info: [20:15:38] Reload for file change: /Users/damithch/Repos/nus-cs2103/cs2103-website-base/book/gitAndGithub/branchDelete/text.md
2025-08-07T12:15:38.594Z - info: Synchronizing opened pages list before reload
2025-08-07T12:15:38.594Z - info: Current opened pages, from most-to-least recent:
2025-08-07T12:15:38.594Z - info: 1. book/gitAndGithub/trail/fineTuningHistory/index
2025-08-07T12:15:39.608Z - info: No pages needed to be rebuilt
2025-08-07T12:15:44.110Z - info: Building /Users/damithch/Repos/nus-cs2103/cs2103-website-base/book/gitAndGithub/trail/branchingLocally/index as some of its dependencies were changed since the last visit
2025-08-07T12:15:44.434Z - info: Site data built
2025-08-07T12:15:44.434Z - info: Lazy website regeneration complete! Total build time: 0.325s
2025-08-07T12:16:59.522Z - info: [20:16:59] Reload for file change: /Users/damithch/Repos/nus-cs2103/cs2103-website-base/book/gitAndGithub/branch/text.md
2025-08-07T12:16:59.525Z - info: Synchronizing opened pages list before reload
2025-08-07T12:16:59.525Z - info: Current opened pages, from most-to-least recent:
2025-08-07T12:16:59.526Z - info: 1. book/gitAndGithub/trail/branchingLocally/index
2025-08-07T12:17:00.533Z - info: Rebuilding 1 pages
2025-08-07T12:17:00.846Z - info: Site data built
2025-08-07T12:17:00.847Z - info: Pages rebuilt
2025-08-07T12:17:00.847Z - info: Website regeneration complete! Total build time: 0.317s
2025-08-07T12:18:37.328Z - info: Website generation started at 20:18:36
2025-08-07T12:18:37.849Z - warn: ENOENT: no such file or directory, open '/Users/damithch/Repos/nus-cs2103/cs2103-website-base/node_modules/.cache/gh-pages/https!github.com!nus-tic2002-AY2526S1!website.git/book/_markbind/variables.md'
2025-08-07T12:18:37.849Z - warn: ENOENT: no such file or directory, open '/Users/damithch/Repos/nus-cs2103/cs2103-website-base/node_modules/.cache/gh-pages/https!github.com!nus-tic2002-AY2526S1!website.git/_markbind/variables.md'
2025-08-07T12:18:37.870Z - info: Building assets...
