2025-07-25T16:02:57.450Z - info: [00:02:57] Reload for file change: /Users/damithch/Repos/nus-cs2103/cs2103-website-base/book/gitAndGithub/merge/text.md
2025-07-25T16:02:57.475Z - info: Synchronizing opened pages list before reload
2025-07-25T16:02:57.476Z - info: Current opened pages, from most-to-least recent:
2025-07-25T16:02:57.476Z - info: 1. book/gitAndGithub/merge/index
2025-07-25T16:02:57.476Z - info: 2. se-book-adapted/git-trail/index
2025-07-25T16:02:58.490Z - info: Rebuilding 2 pages
2025-07-25T16:02:58.829Z - info: Site data built
2025-07-25T16:02:58.829Z - info: Pages rebuilt
2025-07-25T16:02:58.829Z - info: Website regeneration complete! Total build time: 0.343s
2025-07-25T16:03:45.334Z - info: [00:03:45] Reload for file change: /Users/damithch/Repos/nus-cs2103/cs2103-website-base/book/gitAndGithub/merge/text.md
2025-07-25T16:03:45.335Z - info: Synchronizing opened pages list before reload
2025-07-25T16:03:45.338Z - info: Current opened pages, from most-to-least recent:
2025-07-25T16:03:45.358Z - info: 1. book/gitAndGithub/merge/index
2025-07-25T16:03:46.366Z - info: Rebuilding 1 pages
2025-07-25T16:03:46.512Z - info: Site data built
2025-07-25T16:03:46.512Z - info: Pages rebuilt
2025-07-25T16:03:46.512Z - info: Website regeneration complete! Total build time: 0.149s
2025-07-25T16:07:07.386Z - info: [00:07:07] Reload for file change: /Users/damithch/Repos/nus-cs2103/cs2103-website-base/book/gitAndGithub/merge/text.md
2025-07-25T16:07:07.387Z - info: Synchronizing opened pages list before reload
2025-07-25T16:07:07.388Z - info: Current opened pages, from most-to-least recent:
2025-07-25T16:07:07.388Z - info: 1. book/gitAndGithub/merge/index
2025-07-25T16:07:08.397Z - info: Rebuilding 1 pages
2025-07-25T16:07:08.532Z - info: Site data built
2025-07-25T16:07:08.532Z - info: Pages rebuilt
2025-07-25T16:07:08.532Z - info: Website regeneration complete! Total build time: 0.137s
2025-07-25T16:10:14.270Z - info: [00:10:14] Reload for file change: /Users/damithch/Repos/nus-cs2103/cs2103-website-base/book/gitAndGithub/merge/text.md
2025-07-25T16:10:14.272Z - info: Synchronizing opened pages list before reload
2025-07-25T16:10:14.273Z - info: Current opened pages, from most-to-least recent:
2025-07-25T16:10:14.273Z - info: 1. book/gitAndGithub/merge/index
2025-07-25T16:10:15.282Z - info: Rebuilding 1 pages
2025-07-25T16:10:15.426Z - info: Site data built
2025-07-25T16:10:15.426Z - info: Pages rebuilt
2025-07-25T16:10:15.426Z - info: Website regeneration complete! Total build time: 0.147s
2025-07-25T16:11:13.074Z - info: [00:11:13] Reload for file change: /Users/damithch/Repos/nus-cs2103/cs2103-website-base/book/gitAndGithub/merge/text.md
2025-07-25T16:11:13.074Z - info: Synchronizing opened pages list before reload
2025-07-25T16:11:13.074Z - info: Current opened pages, from most-to-least recent:
2025-07-25T16:11:13.075Z - info: 1. book/gitAndGithub/merge/index
2025-07-25T16:11:14.078Z - info: Rebuilding 1 pages
2025-07-25T16:11:14.210Z - info: Site data built
2025-07-25T16:11:14.210Z - info: Pages rebuilt
2025-07-25T16:11:14.210Z - info: Website regeneration complete! Total build time: 0.134s
2025-07-25T16:11:27.617Z - info: [00:11:27] Reload for file change: /Users/damithch/Repos/nus-cs2103/cs2103-website-base/book/gitAndGithub/merge/text.md
2025-07-25T16:11:27.617Z - info: Synchronizing opened pages list before reload
2025-07-25T16:11:27.617Z - info: Current opened pages, from most-to-least recent:
2025-07-25T16:11:27.617Z - info: 1. book/gitAndGithub/merge/index
2025-07-25T16:11:28.629Z - info: Rebuilding 1 pages
2025-07-25T16:11:28.763Z - info: Site data built
2025-07-25T16:11:28.764Z - info: Pages rebuilt
2025-07-25T16:11:28.764Z - info: Website regeneration complete! Total build time: 0.136s
2025-07-25T16:11:56.280Z - info: [00:11:56] Reload for file change: /Users/damithch/Repos/nus-cs2103/cs2103-website-base/book/gitAndGithub/merge/text.md
2025-07-25T16:11:56.281Z - info: Synchronizing opened pages list before reload
2025-07-25T16:11:56.281Z - info: Current opened pages, from most-to-least recent:
2025-07-25T16:11:56.281Z - info: 1. book/gitAndGithub/merge/index
2025-07-25T16:11:57.298Z - info: Rebuilding 1 pages
2025-07-25T16:11:57.425Z - info: Site data built
2025-07-25T16:11:57.425Z - info: Pages rebuilt
2025-07-25T16:11:57.425Z - info: Website regeneration complete! Total build time: 0.13s
2025-07-25T16:12:51.867Z - info: [00:12:51] Reload for file change: /Users/damithch/Repos/nus-cs2103/cs2103-website-base/book/gitAndGithub/merge/text.md
2025-07-25T16:12:51.868Z - info: Synchronizing opened pages list before reload
2025-07-25T16:12:51.868Z - info: Current opened pages, from most-to-least recent:
2025-07-25T16:12:51.868Z - info: 1. book/gitAndGithub/merge/index
2025-07-25T16:12:52.876Z - info: Rebuilding 1 pages
2025-07-25T16:12:52.990Z - info: Site data built
2025-07-25T16:12:52.990Z - info: Pages rebuilt
2025-07-25T16:12:52.990Z - info: Website regeneration complete! Total build time: 0.116s
2025-07-25T16:13:04.273Z - info: [00:13:04] Reload for file change: /Users/damithch/Repos/nus-cs2103/cs2103-website-base/book/gitAndGithub/merge/text.md
2025-07-25T16:13:04.274Z - info: Synchronizing opened pages list before reload
2025-07-25T16:13:04.274Z - info: Current opened pages, from most-to-least recent:
2025-07-25T16:13:04.274Z - info: 1. book/gitAndGithub/merge/index
2025-07-25T16:13:05.278Z - info: Rebuilding 1 pages
2025-07-25T16:13:05.414Z - info: Site data built
2025-07-25T16:13:05.414Z - info: Pages rebuilt
2025-07-25T16:13:05.414Z - info: Website regeneration complete! Total build time: 0.139s
2025-07-25T16:14:58.586Z - info: [00:14:58] Reload for file change: /Users/damithch/Repos/nus-cs2103/cs2103-website-base/book/gitAndGithub/merge/text.md
2025-07-25T16:14:58.587Z - info: Synchronizing opened pages list before reload
2025-07-25T16:14:58.588Z - info: Current opened pages, from most-to-least recent:
2025-07-25T16:14:58.588Z - info: 1. book/gitAndGithub/merge/index
2025-07-25T16:14:59.597Z - info: Rebuilding 1 pages
2025-07-25T16:14:59.726Z - info: Site data built
2025-07-25T16:14:59.726Z - info: Pages rebuilt
2025-07-25T16:14:59.726Z - info: Website regeneration complete! Total build time: 0.131s
2025-07-25T16:20:52.537Z - info: [00:20:52] Reload for file change: /Users/damithch/Repos/nus-cs2103/cs2103-website-base/book/gitAndGithub/merge/text.md
2025-07-25T16:20:52.538Z - info: Synchronizing opened pages list before reload
2025-07-25T16:20:52.539Z - info: Current opened pages, from most-to-least recent:
2025-07-25T16:20:52.539Z - info: 1. book/gitAndGithub/merge/index
2025-07-25T16:20:53.555Z - info: Rebuilding 1 pages
2025-07-25T16:20:53.713Z - info: Site data built
2025-07-25T16:20:53.713Z - info: Pages rebuilt
2025-07-25T16:20:53.713Z - info: Website regeneration complete! Total build time: 0.16s
2025-07-25T16:21:06.334Z - info: [00:21:06] Reload for file change: /Users/damithch/Repos/nus-cs2103/cs2103-website-base/book/gitAndGithub/merge/text.md
2025-07-25T16:21:06.334Z - info: Synchronizing opened pages list before reload
2025-07-25T16:21:06.334Z - info: Current opened pages, from most-to-least recent:
2025-07-25T16:21:06.335Z - info: 1. book/gitAndGithub/merge/index
2025-07-25T16:21:07.339Z - info: Rebuilding 1 pages
2025-07-25T16:21:07.477Z - info: Site data built
2025-07-25T16:21:07.477Z - info: Pages rebuilt
2025-07-25T16:21:07.477Z - info: Website regeneration complete! Total build time: 0.14s
2025-07-25T16:24:01.281Z - info: [00:24:01] Reload for file change: /Users/damithch/Repos/nus-cs2103/cs2103-website-base/book/gitAndGithub/merge/text.md
2025-07-25T16:24:01.292Z - info: Synchronizing opened pages list before reload
2025-07-25T16:24:01.295Z - info: Current opened pages, from most-to-least recent:
2025-07-25T16:24:01.295Z - info: 1. book/gitAndGithub/merge/index
2025-07-25T16:24:02.310Z - info: Rebuilding 1 pages
2025-07-25T16:24:02.442Z - info: Site data built
2025-07-25T16:24:02.442Z - info: Pages rebuilt
2025-07-25T16:24:02.442Z - info: Website regeneration complete! Total build time: 0.134s
2025-07-25T16:25:25.107Z - info: [00:25:25] Reload for file change: /Users/damithch/Repos/nus-cs2103/cs2103-website-base/book/gitAndGithub/merge/text.md
2025-07-25T16:25:25.108Z - info: Synchronizing opened pages list before reload
2025-07-25T16:25:25.110Z - info: Current opened pages, from most-to-least recent:
2025-07-25T16:25:25.111Z - info: 1. book/gitAndGithub/merge/index
2025-07-25T16:25:26.124Z - info: Rebuilding 1 pages
2025-07-25T16:25:26.275Z - info: Site data built
2025-07-25T16:25:26.275Z - info: Pages rebuilt
2025-07-25T16:25:26.275Z - info: Website regeneration complete! Total build time: 0.154s
2025-07-25T16:26:55.138Z - info: [00:26:55] Reload for file change: /Users/damithch/Repos/nus-cs2103/cs2103-website-base/book/gitAndGithub/merge/text.md
2025-07-25T16:26:55.139Z - info: Synchronizing opened pages list before reload
2025-07-25T16:26:55.139Z - info: Current opened pages, from most-to-least recent:
2025-07-25T16:26:55.140Z - info: 1. book/gitAndGithub/merge/index
2025-07-25T16:26:56.144Z - info: Rebuilding 1 pages
2025-07-25T16:26:56.281Z - info: Site data built
2025-07-25T16:26:56.281Z - info: Pages rebuilt
2025-07-25T16:26:56.281Z - info: Website regeneration complete! Total build time: 0.139s
2025-07-25T16:30:05.121Z - info: [00:30:05] Reload for file change: /Users/damithch/Repos/nus-cs2103/cs2103-website-base/book/gitAndGithub/merge/text.md
2025-07-25T16:30:05.121Z - info: Synchronizing opened pages list before reload
2025-07-25T16:30:05.122Z - info: Current opened pages, from most-to-least recent:
2025-07-25T16:30:05.122Z - info: 1. book/gitAndGithub/merge/index
2025-07-25T16:30:06.141Z - info: Rebuilding 1 pages
2025-07-25T16:30:06.273Z - info: Site data built
2025-07-25T16:30:06.273Z - info: Pages rebuilt
2025-07-25T16:30:06.273Z - info: Website regeneration complete! Total build time: 0.135s
2025-07-25T16:32:13.038Z - info: Building /Users/damithch/Repos/nus-cs2103/cs2103-website-base/se-book-adapted/git-trail/index as some of its dependencies were changed since the last visit
2025-07-25T16:32:13.333Z - info: Site data built
2025-07-25T16:32:13.334Z - info: Lazy website regeneration complete! Total build time: 0.297s
2025-07-25T16:35:49.862Z - info: [00:35:49] Reload for file change: /Users/damithch/Repos/nus-cs2103/cs2103-website-base/book/gitAndGithub/merge/text.md
2025-07-25T16:35:49.863Z - info: Synchronizing opened pages list before reload
2025-07-25T16:35:49.864Z - info: Current opened pages, from most-to-least recent:
2025-07-25T16:35:49.864Z - info: 1. book/gitAndGithub/merge/index
2025-07-25T16:35:49.864Z - info: 2. se-book-adapted/git-trail/index
2025-07-25T16:35:50.880Z - info: Rebuilding 2 pages
2025-07-25T16:35:51.181Z - info: Site data built
2025-07-25T16:35:51.181Z - info: Pages rebuilt
2025-07-25T16:35:51.181Z - info: Website regeneration complete! Total build time: 0.303s
2025-07-25T16:48:20.638Z - info: [00:48:20] Reload for file change: /Users/damithch/Repos/nus-cs2103/cs2103-website-base/book/gitAndGithub/merge/text.md
2025-07-25T16:48:20.640Z - info: Synchronizing opened pages list before reload
2025-07-25T16:48:20.640Z - info: Current opened pages, from most-to-least recent:
2025-07-25T16:48:20.640Z - info: 1. book/gitAndGithub/merge/index
2025-07-25T16:48:21.663Z - info: Rebuilding 1 pages
2025-07-25T16:48:21.825Z - info: Site data built
2025-07-25T16:48:21.825Z - info: Pages rebuilt
2025-07-25T16:48:21.825Z - info: Website regeneration complete! Total build time: 0.175s
2025-07-25T16:48:23.017Z - info: Building /Users/damithch/Repos/nus-cs2103/cs2103-website-base/se-book-adapted/git-trail/index as some of its dependencies were changed since the last visit
2025-07-25T16:48:23.248Z - info: Site data built
2025-07-25T16:48:23.249Z - info: Lazy website regeneration complete! Total build time: 0.232s
2025-07-25T16:58:40.993Z - info: [00:58:40] Reload for file add: /Users/damithch/Repos/nus-cs2103/cs2103-website-base/book/gitAndGithub/merge/detour-compareBranches-fragment.md
2025-07-25T16:58:40.994Z - info: Synchronizing opened pages list before reload
2025-07-25T16:58:40.994Z - info: Current opened pages, from most-to-least recent:
2025-07-25T16:58:40.994Z - info: 1. book/gitAndGithub/merge/index
2025-07-25T16:58:40.994Z - info: 2. se-book-adapted/git-trail/index
2025-07-25T16:58:42.094Z - info: Assets built
2025-07-25T16:59:25.510Z - info: [00:59:25] Reload for file change: /Users/damithch/Repos/nus-cs2103/cs2103-website-base/book/common/macros.njk
2025-07-25T16:59:25.510Z - info: Synchronizing opened pages list before reload
2025-07-25T16:59:25.510Z - info: Current opened pages, from most-to-least recent:
2025-07-25T16:59:25.510Z - info: 1. book/gitAndGithub/merge/index
2025-07-25T16:59:25.511Z - info: 2. se-book-adapted/git-trail/index
2025-07-25T16:59:26.529Z - info: Rebuilding 2 pages
2025-07-25T16:59:26.545Z - warn:  Error: Error while generating /Users/damithch/Repos/nus-cs2103/cs2103-website-base/book/gitAndGithub/merge/index.md: Template render error: (/Users/damithch/Repos/nus-cs2103/cs2103-website-base/book/gitAndGithub/merge/index.md)
  Template render error: (/Users/damithch/Repos/nus-cs2103/cs2103-website-base/book/gitAndGithub/merge/index.md) [Line 113, Column 18]
  parseAggregate: expected comma after expression
    at Site.<anonymous> (/opt/homebrew/lib/node_modules/markbind-cli/node_modules/@markbind/core/src/Site/index.js:926:27)
    at Generator.throw (<anonymous>)
    at rejected (/opt/homebrew/lib/node_modules/markbind-cli/node_modules/@markbind/core/src/Site/index.js:29:65)
2025-07-25T16:59:55.282Z - info: [00:59:55] Reload for file change: /Users/damithch/Repos/nus-cs2103/cs2103-website-base/book/gitAndGithub/merge/text.md
2025-07-25T16:59:55.283Z - info: Synchronizing opened pages list before reload
2025-07-25T16:59:55.284Z - info: Current opened pages, from most-to-least recent:
2025-07-25T16:59:55.284Z - info: 1. book/gitAndGithub/merge/index
2025-07-25T16:59:55.284Z - info: 2. se-book-adapted/git-trail/index
2025-07-25T16:59:56.291Z - info: Rebuilding 1 pages
2025-07-25T16:59:56.304Z - error:  Template render error: (/Users/damithch/Repos/nus-cs2103/cs2103-website-base/book/gitAndGithub/trail/text.md)
  Template render error: (/Users/damithch/Repos/nus-cs2103/cs2103-website-base/book/gitAndGithub/trail/text.md) [Line 113, Column 18]
  parseAggregate: expected comma after expression
    at Object._prettifyError (/opt/homebrew/lib/node_modules/markbind-cli/node_modules/nunjucks/src/lib.js:32:11)
    at /opt/homebrew/lib/node_modules/markbind-cli/node_modules/@markbind/core/src/patches/nunjucks/context-overrides-frame.js:383:17
    at Template.root [as rootRenderFunc] (eval at _compile (/opt/homebrew/lib/node_modules/markbind-cli/node_modules/nunjucks/src/environment.js:527:18), <anonymous>:80:3)
    at Template.render (/opt/homebrew/lib/node_modules/markbind-cli/node_modules/@markbind/core/src/patches/nunjucks/context-overrides-frame.js:372:8)
    at /opt/homebrew/lib/node_modules/markbind-cli/node_modules/@markbind/core/src/patches/nunjucks/context-overrides-frame.js:54:25
    at createTemplate (/opt/homebrew/lib/node_modules/markbind-cli/node_modules/@markbind/core/src/patches/nunjucks/load-event.js:121:7)
    at handle (/opt/homebrew/lib/node_modules/markbind-cli/node_modules/@markbind/core/src/patches/nunjucks/load-event.js:133:9)
    at /opt/homebrew/lib/node_modules/markbind-cli/node_modules/@markbind/core/src/patches/nunjucks/load-event.js:145:7
    at next (/opt/homebrew/lib/node_modules/markbind-cli/node_modules/nunjucks/src/lib.js:258:7)
    at Object.asyncIter (/opt/homebrew/lib/node_modules/markbind-cli/node_modules/nunjucks/src/lib.js:263:3)
    at Environment.getTemplate (/opt/homebrew/lib/node_modules/markbind-cli/node_modules/@markbind/core/src/patches/nunjucks/load-event.js:127:7)
    at Environment.render (/opt/homebrew/lib/node_modules/markbind-cli/node_modules/@markbind/core/src/patches/nunjucks/context-overrides-frame.js:48:8)
    at VariableRenderer.renderFile (/opt/homebrew/lib/node_modules/markbind-cli/node_modules/@markbind/core/src/variables/VariableRenderer.js:73:24)
    at VariableProcessor.renderWithSiteVariables (/opt/homebrew/lib/node_modules/markbind-cli/node_modules/@markbind/core/src/variables/VariableProcessor.js:154:57)
    at VariableProcessor.renderIncludeFile (/opt/homebrew/lib/node_modules/markbind-cli/node_modules/@markbind/core/src/variables/VariableProcessor.js:231:38)
    at processInclude (/opt/homebrew/lib/node_modules/markbind-cli/node_modules/@markbind/core/src/html/includePanelProcessor.js:198:68)
2025-07-25T16:59:56.368Z - info: Site data built
2025-07-25T16:59:56.368Z - info: Pages rebuilt
2025-07-25T16:59:56.368Z - info: Website regeneration complete! Total build time: 0.079s
2025-07-25T17:00:27.570Z - info: [01:00:27] Reload for file change: /Users/damithch/Repos/nus-cs2103/cs2103-website-base/book/common/macros.njk
2025-07-25T17:00:27.572Z - info: Synchronizing opened pages list before reload
2025-07-25T17:00:27.573Z - info: Current opened pages, from most-to-least recent:
2025-07-25T17:00:27.574Z - info: 1. book/gitAndGithub/merge/index
2025-07-25T17:00:28.587Z - info: No pages needed to be rebuilt
2025-07-25T17:00:43.696Z - info: Website generation (lazy) started at 01:00:42
2025-07-25T17:00:44.173Z - warn: ENOENT: no such file or directory, open '/Users/damithch/Repos/nus-cs2103/cs2103-website-base/node_modules/.cache/gh-pages/https!github.com!nus-cs2103-AY2526S1!website.git/book/_markbind/variables.md'
2025-07-25T17:00:44.174Z - warn: ENOENT: no such file or directory, open '/Users/damithch/Repos/nus-cs2103/cs2103-website-base/node_modules/.cache/gh-pages/https!github.com!nus-cs2103-AY2526S1!website.git/_markbind/variables.md'
2025-07-25T17:00:44.193Z - info: Building assets...
2025-07-25T17:00:47.478Z - info: Assets built
2025-07-25T17:00:47.479Z - info: Generating landing page...
2025-07-25T17:00:47.738Z - info: Landing page built, other pages will be built as you navigate to them!
2025-07-25T17:00:47.808Z - info: Site data built
2025-07-25T17:00:47.808Z - info: Website generation (lazy) complete! Total build time: 5.367s
2025-07-25T17:00:47.818Z - info: Serving "/Users/damithch/Repos/nus-cs2103/cs2103-website-base/_site" at http://127.0.0.1:8080
2025-07-25T17:00:47.818Z - info: Press CTRL+C to stop ...
2025-07-25T17:00:52.929Z - info: Building /Users/damithch/Repos/nus-cs2103/cs2103-website-base/se-book-adapted/git-trail/index as some of its dependencies were changed since the last visit
2025-07-25T17:00:53.273Z - info: Site data built
2025-07-25T17:00:53.273Z - info: Lazy website regeneration complete! Total build time: 0.344s
2025-07-25T17:01:02.403Z - info: Building /Users/damithch/Repos/nus-cs2103/cs2103-website-base/book/gitAndGithub/merge/index as some of its dependencies were changed since the last visit
2025-07-25T17:01:02.599Z - info: Site data built
2025-07-25T17:01:02.599Z - info: Lazy website regeneration complete! Total build time: 0.197s
2025-07-25T17:01:55.400Z - info: [01:01:55] Reload for file change: /Users/damithch/Repos/nus-cs2103/cs2103-website-base/book/gitAndGithub/merge/detour-compareBranches-fragment.md
2025-07-25T17:01:55.401Z - info: Synchronizing opened pages list before reload
2025-07-25T17:01:55.402Z - info: Current opened pages, from most-to-least recent:
2025-07-25T17:01:55.402Z - info: 1. book/gitAndGithub/merge/index
2025-07-25T17:01:55.402Z - info: 2. se-book-adapted/git-trail/index
2025-07-25T17:01:55.403Z - info: 3. index
2025-07-25T17:01:56.411Z - info: Rebuilding 1 pages
2025-07-25T17:01:56.487Z - warn: Empty file included in /Users/damithch/Repos/nus-cs2103/cs2103-website-base/book/gitAndGithub/merge/text.md:
File: /Users/damithch/Repos/nus-cs2103/cs2103-website-base/book/gitAndGithub/merge/detour-compareBranches-fragment.md is empty or contains only whitespace
2025-07-25T17:01:56.564Z - info: Site data built
2025-07-25T17:01:56.564Z - info: Pages rebuilt
2025-07-25T17:01:56.564Z - info: Website regeneration complete! Total build time: 0.155s
2025-07-25T17:02:24.239Z - info: [01:02:24] Reload for file change: /Users/damithch/Repos/nus-cs2103/cs2103-website-base/book/gitAndGithub/merge/detour-compareBranches-fragment.md
2025-07-25T17:02:24.240Z - info: Synchronizing opened pages list before reload
2025-07-25T17:02:24.240Z - info: Current opened pages, from most-to-least recent:
2025-07-25T17:02:24.241Z - info: 1. book/gitAndGithub/merge/index
2025-07-25T17:02:24.241Z - info: 2. se-book-adapted/git-trail/index
2025-07-25T17:02:24.241Z - info: 3. index
2025-07-25T17:02:25.244Z - info: Rebuilding 1 pages
2025-07-25T17:02:25.392Z - info: Site data built
2025-07-25T17:02:25.392Z - info: Pages rebuilt
2025-07-25T17:02:25.392Z - info: Website regeneration complete! Total build time: 0.15s
2025-07-25T17:03:24.585Z - info: [01:03:24] Reload for file change: /Users/damithch/Repos/nus-cs2103/cs2103-website-base/book/gitAndGithub/merge/detour-compareBranches-fragment.md
2025-07-25T17:03:24.586Z - info: Synchronizing opened pages list before reload
2025-07-25T17:03:24.586Z - info: Current opened pages, from most-to-least recent:
2025-07-25T17:03:24.587Z - info: 1. book/gitAndGithub/merge/index
2025-07-25T17:03:24.587Z - info: 2. se-book-adapted/git-trail/index
2025-07-25T17:03:24.587Z - info: 3. index
2025-07-25T17:03:25.594Z - info: Rebuilding 1 pages
2025-07-25T17:03:25.750Z - info: Site data built
2025-07-25T17:03:25.750Z - info: Pages rebuilt
2025-07-25T17:03:25.750Z - info: Website regeneration complete! Total build time: 0.159s
2025-07-25T17:07:27.168Z - info: [01:07:27] Reload for file change: /Users/damithch/Repos/nus-cs2103/cs2103-website-base/book/gitAndGithub/merge/detour-compareBranches-fragment.md
2025-07-25T17:07:27.170Z - info: Synchronizing opened pages list before reload
2025-07-25T17:07:27.172Z - info: Current opened pages, from most-to-least recent:
2025-07-25T17:07:27.172Z - info: 1. book/gitAndGithub/merge/index
2025-07-25T17:07:28.180Z - info: Rebuilding 1 pages
2025-07-25T17:07:28.332Z - info: Site data built
2025-07-25T17:07:28.332Z - info: Pages rebuilt
2025-07-25T17:07:28.332Z - info: Website regeneration complete! Total build time: 0.154s
2025-07-25T17:08:06.485Z - info: [01:08:06] Reload for file change: /Users/damithch/Repos/nus-cs2103/cs2103-website-base/book/gitAndGithub/merge/detour-compareBranches-fragment.md
2025-07-25T17:08:06.491Z - info: Synchronizing opened pages list before reload
2025-07-25T17:08:06.493Z - info: Current opened pages, from most-to-least recent:
2025-07-25T17:08:06.493Z - info: 1. book/gitAndGithub/merge/index
2025-07-25T17:08:07.506Z - info: Rebuilding 1 pages
2025-07-25T17:08:07.669Z - info: Site data built
2025-07-25T17:08:07.669Z - info: Pages rebuilt
2025-07-25T17:08:07.669Z - info: Website regeneration complete! Total build time: 0.164s
2025-07-25T17:08:28.844Z - info: [01:08:28] Reload for file change: /Users/damithch/Repos/nus-cs2103/cs2103-website-base/book/gitAndGithub/merge/detour-compareBranches-fragment.md
2025-07-25T17:08:28.844Z - info: Synchronizing opened pages list before reload
2025-07-25T17:08:28.845Z - info: Current opened pages, from most-to-least recent:
2025-07-25T17:08:28.846Z - info: 1. book/gitAndGithub/merge/index
2025-07-25T17:08:29.855Z - info: Rebuilding 1 pages
2025-07-25T17:08:29.974Z - info: Site data built
2025-07-25T17:08:29.974Z - info: Pages rebuilt
2025-07-25T17:08:29.974Z - info: Website regeneration complete! Total build time: 0.122s
2025-07-25T17:09:42.702Z - info: [01:09:42] Reload for file change: /Users/damithch/Repos/nus-cs2103/cs2103-website-base/book/gitAndGithub/merge/detour-compareBranches-fragment.md
2025-07-25T17:09:42.703Z - info: Synchronizing opened pages list before reload
2025-07-25T17:09:42.704Z - info: Current opened pages, from most-to-least recent:
2025-07-25T17:09:42.704Z - info: 1. book/gitAndGithub/merge/index
2025-07-25T17:09:43.719Z - info: Rebuilding 1 pages
2025-07-25T17:09:43.869Z - info: Site data built
2025-07-25T17:09:43.870Z - info: Pages rebuilt
2025-07-25T17:09:43.870Z - info: Website regeneration complete! Total build time: 0.153s
2025-07-25T17:36:32.572Z - info: [01:36:32] Reload for file add: /Users/damithch/Repos/nus-cs2103/cs2103-website-base/book/gitAndGithub/merge/detour-squashMerge-fragment.md
2025-07-25T17:36:32.573Z - info: Synchronizing opened pages list before reload
2025-07-25T17:36:32.574Z - info: Current opened pages, from most-to-least recent:
2025-07-25T17:36:32.574Z - info: 1. book/gitAndGithub/merge/index
2025-07-25T17:36:33.695Z - info: Assets built
2025-07-25T17:38:31.728Z - info: [01:38:31] Reload for file change: /Users/damithch/Repos/nus-cs2103/cs2103-website-base/book/common/macros.njk
2025-07-25T17:38:31.729Z - info: Synchronizing opened pages list before reload
2025-07-25T17:38:31.729Z - info: Current opened pages, from most-to-least recent:
2025-07-25T17:38:31.729Z - info: 1. book/gitAndGithub/merge/index
2025-07-25T17:38:32.734Z - info: Rebuilding 1 pages
2025-07-25T17:38:32.883Z - info: Site data built
2025-07-25T17:38:32.883Z - info: Pages rebuilt
2025-07-25T17:38:32.884Z - info: Website regeneration complete! Total build time: 0.152s
2025-07-25T17:38:50.084Z - info: [01:38:50] Reload for file change: /Users/damithch/Repos/nus-cs2103/cs2103-website-base/book/gitAndGithub/merge/text.md
2025-07-25T17:38:50.084Z - info: Synchronizing opened pages list before reload
2025-07-25T17:38:50.084Z - info: Current opened pages, from most-to-least recent:
2025-07-25T17:38:50.084Z - info: 1. book/gitAndGithub/merge/index
2025-07-25T17:38:51.089Z - info: Rebuilding 1 pages
2025-07-25T17:38:51.165Z - error: No such file: /Users/damithch/Repos/nus-cs2103/cs2103-website-base/book/detour-squashCommit-fragment.md
Missing reference in /Users/damithch/Repos/nus-cs2103/cs2103-website-base/book/gitAndGithub/merge/text.md
2025-07-25T17:38:51.234Z - info: Site data built
2025-07-25T17:38:51.234Z - info: Pages rebuilt
2025-07-25T17:38:51.234Z - info: Website regeneration complete! Total build time: 0.146s
2025-07-25T17:39:06.451Z - info: [01:39:06] Reload for file change: /Users/damithch/Repos/nus-cs2103/cs2103-website-base/book/gitAndGithub/merge/text.md
2025-07-25T17:39:06.452Z - info: Synchronizing opened pages list before reload
2025-07-25T17:39:06.452Z - info: Current opened pages, from most-to-least recent:
2025-07-25T17:39:06.452Z - info: 1. book/gitAndGithub/merge/index
2025-07-25T17:39:07.462Z - info: Rebuilding 1 pages
2025-07-25T17:39:07.601Z - info: Site data built
2025-07-25T17:39:07.601Z - info: Pages rebuilt
2025-07-25T17:39:07.601Z - info: Website regeneration complete! Total build time: 0.141s
2025-07-25T17:44:49.830Z - info: [01:44:49] Reload for file change: /Users/damithch/Repos/nus-cs2103/cs2103-website-base/book/gitAndGithub/merge/text.md
2025-07-25T17:44:49.832Z - info: Synchronizing opened pages list before reload
2025-07-25T17:44:49.833Z - info: Current opened pages, from most-to-least recent:
2025-07-25T17:44:49.833Z - info: 1. book/gitAndGithub/merge/index
2025-07-25T17:44:49.835Z - info: [01:44:49] Reload for file change: /Users/damithch/Repos/nus-cs2103/cs2103-website-base/book/gitAndGithub/merge/detour-squashMerge-fragment.md
2025-07-25T17:44:49.836Z - info: Synchronizing opened pages list before reload
2025-07-25T17:44:49.836Z - info: Current opened pages, from most-to-least recent:
2025-07-25T17:44:49.836Z - info: 1. book/gitAndGithub/merge/index
2025-07-25T17:44:50.847Z - info: Rebuilding 1 pages
2025-07-25T17:44:50.991Z - info: Site data built
2025-07-25T17:44:50.991Z - info: Pages rebuilt
2025-07-25T17:44:50.991Z - info: Website regeneration complete! Total build time: 0.147s
2025-07-25T17:46:21.373Z - info: [01:46:21] Reload for file change: /Users/damithch/Repos/nus-cs2103/cs2103-website-base/book/gitAndGithub/merge/text.md
2025-07-25T17:46:21.374Z - info: Synchronizing opened pages list before reload
2025-07-25T17:46:21.374Z - info: Current opened pages, from most-to-least recent:
2025-07-25T17:46:21.375Z - info: 1. book/gitAndGithub/merge/index
2025-07-25T17:46:22.385Z - info: Rebuilding 1 pages
2025-07-25T17:46:22.539Z - info: Site data built
2025-07-25T17:46:22.540Z - info: Pages rebuilt
2025-07-25T17:46:22.540Z - info: Website regeneration complete! Total build time: 0.158s
2025-07-25T17:48:42.068Z - info: [01:48:42] Reload for file change: /Users/damithch/Repos/nus-cs2103/cs2103-website-base/book/gitAndGithub/merge/text.md
2025-07-25T17:48:42.069Z - info: Synchronizing opened pages list before reload
2025-07-25T17:48:42.070Z - info: Current opened pages, from most-to-least recent:
2025-07-25T17:48:42.070Z - info: 1. book/gitAndGithub/merge/index
2025-07-25T17:48:43.077Z - info: Rebuilding 1 pages
2025-07-25T17:48:43.227Z - info: Site data built
2025-07-25T17:48:43.227Z - info: Pages rebuilt
2025-07-25T17:48:43.227Z - info: Website regeneration complete! Total build time: 0.153s
2025-07-25T17:49:33.752Z - info: [01:49:33] Reload for file change: /Users/damithch/Repos/nus-cs2103/cs2103-website-base/book/gitAndGithub/merge/text.md
2025-07-25T17:49:33.753Z - info: Synchronizing opened pages list before reload
2025-07-25T17:49:33.753Z - info: Current opened pages, from most-to-least recent:
2025-07-25T17:49:33.753Z - info: 1. book/gitAndGithub/merge/index
2025-07-25T17:49:34.759Z - info: Rebuilding 1 pages
2025-07-25T17:49:34.909Z - info: Site data built
2025-07-25T17:49:34.909Z - info: Pages rebuilt
2025-07-25T17:49:34.910Z - info: Website regeneration complete! Total build time: 0.153s
2025-07-25T17:49:51.343Z - info: [01:49:51] Reload for file change: /Users/damithch/Repos/nus-cs2103/cs2103-website-base/book/gitAndGithub/merge/text.md
2025-07-25T17:49:51.343Z - info: Synchronizing opened pages list before reload
2025-07-25T17:49:51.343Z - info: Current opened pages, from most-to-least recent:
2025-07-25T17:49:51.343Z - info: 1. book/gitAndGithub/merge/index
2025-07-25T17:49:52.347Z - info: Rebuilding 1 pages
2025-07-25T17:49:52.486Z - info: Site data built
2025-07-25T17:49:52.486Z - info: Pages rebuilt
2025-07-25T17:49:52.486Z - info: Website regeneration complete! Total build time: 0.141s
2025-07-25T17:50:05.887Z - info: [01:50:05] Reload for file change: /Users/damithch/Repos/nus-cs2103/cs2103-website-base/book/gitAndGithub/merge/text.md
2025-07-25T17:50:05.887Z - info: Synchronizing opened pages list before reload
2025-07-25T17:50:05.887Z - info: Current opened pages, from most-to-least recent:
2025-07-25T17:50:05.887Z - info: 1. book/gitAndGithub/merge/index
2025-07-25T17:50:06.893Z - info: Rebuilding 1 pages
2025-07-25T17:50:07.039Z - info: Site data built
2025-07-25T17:50:07.039Z - info: Pages rebuilt
2025-07-25T17:50:07.039Z - info: Website regeneration complete! Total build time: 0.148s
2025-07-25T17:51:31.335Z - info: [01:51:31] Reload for file change: /Users/damithch/Repos/nus-cs2103/cs2103-website-base/book/gitAndGithub/merge/text.md
2025-07-25T17:51:31.336Z - info: Synchronizing opened pages list before reload
2025-07-25T17:51:31.336Z - info: Current opened pages, from most-to-least recent:
2025-07-25T17:51:31.336Z - info: 1. book/gitAndGithub/merge/index
2025-07-25T17:51:32.343Z - info: Rebuilding 1 pages
2025-07-25T17:51:32.499Z - info: Site data built
2025-07-25T17:51:32.499Z - info: Pages rebuilt
2025-07-25T17:51:32.499Z - info: Website regeneration complete! Total build time: 0.16s
2025-07-25T17:52:47.657Z - info: [01:52:47] Reload for file change: /Users/damithch/Repos/nus-cs2103/cs2103-website-base/book/gitAndGithub/merge/text.md
2025-07-25T17:52:47.658Z - info: Synchronizing opened pages list before reload
2025-07-25T17:52:47.659Z - info: Current opened pages, from most-to-least recent:
2025-07-25T17:52:47.659Z - info: 1. book/gitAndGithub/merge/index
2025-07-25T17:52:48.672Z - info: Rebuilding 1 pages
2025-07-25T17:52:48.812Z - info: Site data built
2025-07-25T17:52:48.812Z - info: Pages rebuilt
2025-07-25T17:52:48.812Z - info: Website regeneration complete! Total build time: 0.142s
2025-07-25T17:53:13.408Z - info: [01:53:13] Reload for file change: /Users/damithch/Repos/nus-cs2103/cs2103-website-base/book/gitAndGithub/merge/text.md
2025-07-25T17:53:13.408Z - info: Synchronizing opened pages list before reload
2025-07-25T17:53:13.409Z - info: Current opened pages, from most-to-least recent:
2025-07-25T17:53:13.409Z - info: 1. book/gitAndGithub/merge/index
2025-07-25T17:53:14.426Z - info: Rebuilding 1 pages
2025-07-25T17:53:14.548Z - info: Site data built
2025-07-25T17:53:14.548Z - info: Pages rebuilt
2025-07-25T17:53:14.548Z - info: Website regeneration complete! Total build time: 0.124s
2025-07-25T17:54:33.964Z - info: [01:54:33] Reload for file change: /Users/damithch/Repos/nus-cs2103/cs2103-website-base/book/gitAndGithub/merge/text.md
2025-07-25T17:54:33.966Z - info: Synchronizing opened pages list before reload
2025-07-25T17:54:33.966Z - info: Current opened pages, from most-to-least recent:
2025-07-25T17:54:33.966Z - info: 1. book/gitAndGithub/merge/index
2025-07-25T17:54:34.971Z - info: Rebuilding 1 pages
2025-07-25T17:54:35.165Z - info: Site data built
2025-07-25T17:54:35.165Z - info: Pages rebuilt
2025-07-25T17:54:35.165Z - info: Website regeneration complete! Total build time: 0.196s
2025-07-25T17:55:24.703Z - info: [01:55:24] Reload for file change: /Users/damithch/Repos/nus-cs2103/cs2103-website-base/book/gitAndGithub/merge/text.md
2025-07-25T17:55:24.704Z - info: Synchronizing opened pages list before reload
2025-07-25T17:55:24.705Z - info: Current opened pages, from most-to-least recent:
2025-07-25T17:55:24.705Z - info: 1. book/gitAndGithub/merge/index
2025-07-25T17:55:25.715Z - info: Rebuilding 1 pages
2025-07-25T17:55:25.859Z - info: Site data built
2025-07-25T17:55:25.859Z - info: Pages rebuilt
2025-07-25T17:55:25.859Z - info: Website regeneration complete! Total build time: 0.145s
2025-07-25T17:56:11.954Z - info: [01:56:11] Reload for file change: /Users/damithch/Repos/nus-cs2103/cs2103-website-base/book/gitAndGithub/merge/text.md
2025-07-25T17:56:11.955Z - info: Synchronizing opened pages list before reload
2025-07-25T17:56:11.955Z - info: Current opened pages, from most-to-least recent:
2025-07-25T17:56:11.955Z - info: 1. book/gitAndGithub/merge/index
2025-07-25T17:56:12.963Z - info: Rebuilding 1 pages
2025-07-25T17:56:13.113Z - info: Site data built
2025-07-25T17:56:13.113Z - info: Pages rebuilt
2025-07-25T17:56:13.113Z - info: Website regeneration complete! Total build time: 0.152s
2025-07-25T17:57:13.823Z - info: [01:57:13] Reload for file change: /Users/damithch/Repos/nus-cs2103/cs2103-website-base/book/gitAndGithub/merge/text.md
2025-07-25T17:57:13.824Z - info: Synchronizing opened pages list before reload
2025-07-25T17:57:13.824Z - info: Current opened pages, from most-to-least recent:
2025-07-25T17:57:13.824Z - info: 1. book/gitAndGithub/merge/index
2025-07-25T17:57:14.829Z - info: Rebuilding 1 pages
2025-07-25T17:57:14.976Z - info: Site data built
2025-07-25T17:57:14.976Z - info: Pages rebuilt
2025-07-25T17:57:14.976Z - info: Website regeneration complete! Total build time: 0.15s
2025-07-25T18:00:07.867Z - info: [02:00:07] Reload for file change: /Users/damithch/Repos/nus-cs2103/cs2103-website-base/book/gitAndGithub/merge/text.md
2025-07-25T18:00:07.868Z - info: Synchronizing opened pages list before reload
2025-07-25T18:00:07.868Z - info: Current opened pages, from most-to-least recent:
2025-07-25T18:00:07.868Z - info: 1. book/gitAndGithub/merge/index
2025-07-25T18:00:07.870Z - info: [02:00:07] Reload for file change: /Users/damithch/Repos/nus-cs2103/cs2103-website-base/book/gitAndGithub/merge/detour-squashMerge-fragment.md
2025-07-25T18:00:07.871Z - info: Synchronizing opened pages list before reload
2025-07-25T18:00:07.871Z - info: Current opened pages, from most-to-least recent:
2025-07-25T18:00:07.871Z - info: 1. book/gitAndGithub/merge/index
2025-07-25T18:00:08.880Z - info: Rebuilding 1 pages
2025-07-25T18:00:09.030Z - info: Site data built
2025-07-25T18:00:09.030Z - info: Pages rebuilt
2025-07-25T18:00:09.030Z - info: Website regeneration complete! Total build time: 0.152s
2025-07-25T18:01:07.763Z - info: [02:01:07] Reload for file change: /Users/damithch/Repos/nus-cs2103/cs2103-website-base/book/common/macros.njk
2025-07-25T18:01:07.764Z - info: Synchronizing opened pages list before reload
2025-07-25T18:01:07.764Z - info: Current opened pages, from most-to-least recent:
2025-07-25T18:01:07.765Z - info: 1. book/gitAndGithub/merge/index
2025-07-25T18:01:08.783Z - info: Rebuilding 1 pages
2025-07-25T18:01:08.928Z - info: Site data built
2025-07-25T18:01:08.928Z - info: Pages rebuilt
2025-07-25T18:01:08.928Z - info: Website regeneration complete! Total build time: 0.147s
2025-07-25T18:05:52.602Z - info: Building /Users/damithch/Repos/nus-cs2103/cs2103-website-base/se-book-adapted/git-trail/index as some of its dependencies were changed since the last visit
2025-07-25T18:05:52.893Z - info: Site data built
2025-07-25T18:05:52.893Z - info: Lazy website regeneration complete! Total build time: 0.292s
2025-07-25T18:06:01.861Z - info: Building /Users/damithch/Repos/nus-cs2103/cs2103-website-base/book/gitAndGithub/mergeConflicts/index as some of its dependencies were changed since the last visit
2025-07-25T18:06:01.928Z - info: Site data built
2025-07-25T18:06:01.928Z - info: Lazy website regeneration complete! Total build time: 0.068s
2025-07-25T18:10:39.422Z - info: [02:10:39] Reload for file change: /Users/damithch/Repos/nus-cs2103/cs2103-website-base/book/gitAndGithub/mergeConflicts/text.md
2025-07-25T18:10:39.425Z - info: Synchronizing opened pages list before reload
2025-07-25T18:10:39.430Z - info: Current opened pages, from most-to-least recent:
2025-07-25T18:10:39.431Z - info: 1. book/gitAndGithub/mergeConflicts/index
2025-07-25T18:10:39.431Z - info: 2. se-book-adapted/git-trail/index
2025-07-25T18:10:40.440Z - info: Rebuilding 2 pages
2025-07-25T18:10:40.712Z - info: Site data built
2025-07-25T18:10:40.712Z - info: Pages rebuilt
2025-07-25T18:10:40.712Z - info: Website regeneration complete! Total build time: 0.274s
2025-07-25T18:11:53.366Z - info: [02:11:53] Reload for file change: /Users/damithch/Repos/nus-cs2103/cs2103-website-base/book/gitAndGithub/mergeConflicts/text.md
2025-07-25T18:11:53.367Z - info: Synchronizing opened pages list before reload
2025-07-25T18:11:53.367Z - info: Current opened pages, from most-to-least recent:
2025-07-25T18:11:53.367Z - info: 1. book/gitAndGithub/mergeConflicts/index
2025-07-25T18:11:53.447Z - info: [02:11:53] Reload for file change: /Users/damithch/Repos/nus-cs2103/cs2103-website-base/book/gitAndGithub/mergeConflicts/text.md
2025-07-25T18:11:53.447Z - info: Synchronizing opened pages list before reload
2025-07-25T18:11:53.447Z - info: Current opened pages, from most-to-least recent:
2025-07-25T18:11:53.447Z - info: 1. book/gitAndGithub/mergeConflicts/index
2025-07-25T18:11:54.372Z - info: Rebuilding 1 pages
2025-07-25T18:11:54.483Z - info: Site data built
2025-07-25T18:11:54.483Z - info: Pages rebuilt
2025-07-25T18:11:54.483Z - info: Website regeneration complete! Total build time: 0.114s
2025-07-25T18:19:18.774Z - info: [02:19:18] Reload for file change: /Users/damithch/Repos/nus-cs2103/cs2103-website-base/book/gitAndGithub/mergeConflicts/text.md
2025-07-25T18:19:18.775Z - info: Synchronizing opened pages list before reload
2025-07-25T18:19:18.775Z - info: Current opened pages, from most-to-least recent:
2025-07-25T18:19:18.776Z - info: 1. book/gitAndGithub/mergeConflicts/index
2025-07-25T18:19:19.782Z - info: Rebuilding 1 pages
2025-07-25T18:19:19.906Z - info: Site data built
2025-07-25T18:19:19.906Z - info: Pages rebuilt
2025-07-25T18:19:19.906Z - info: Website regeneration complete! Total build time: 0.127s
2025-07-25T18:20:21.749Z - info: [02:20:21] Reload for file change: /Users/damithch/Repos/nus-cs2103/cs2103-website-base/book/gitAndGithub/mergeConflicts/text.md
2025-07-25T18:20:21.755Z - info: Synchronizing opened pages list before reload
2025-07-25T18:20:21.756Z - info: Current opened pages, from most-to-least recent:
2025-07-25T18:20:21.756Z - info: 1. book/gitAndGithub/mergeConflicts/index
2025-07-25T18:20:22.789Z - info: Rebuilding 1 pages
2025-07-25T18:20:22.923Z - info: Site data built
2025-07-25T18:20:22.923Z - info: Pages rebuilt
2025-07-25T18:20:22.923Z - info: Website regeneration complete! Total build time: 0.14s
2025-07-25T18:25:25.748Z - info: [02:25:25] Reload for file change: /Users/damithch/Repos/nus-cs2103/cs2103-website-base/book/gitAndGithub/mergeConflicts/text.md
2025-07-25T18:25:25.749Z - info: Synchronizing opened pages list before reload
2025-07-25T18:25:25.750Z - info: Current opened pages, from most-to-least recent:
2025-07-25T18:25:25.750Z - info: 1. book/gitAndGithub/mergeConflicts/index
2025-07-25T18:25:26.762Z - info: Rebuilding 1 pages
2025-07-25T18:25:26.870Z - info: Site data built
2025-07-25T18:25:26.870Z - info: Pages rebuilt
2025-07-25T18:25:26.870Z - info: Website regeneration complete! Total build time: 0.111s
2025-07-25T18:26:08.924Z - info: [02:26:08] Reload for file change: /Users/damithch/Repos/nus-cs2103/cs2103-website-base/book/gitAndGithub/mergeConflicts/text.md
2025-07-25T18:26:08.925Z - info: Synchronizing opened pages list before reload
2025-07-25T18:26:08.925Z - info: Current opened pages, from most-to-least recent:
2025-07-25T18:26:08.925Z - info: 1. book/gitAndGithub/mergeConflicts/index
2025-07-25T18:26:09.938Z - info: Rebuilding 1 pages
2025-07-25T18:26:10.041Z - info: Site data built
2025-07-25T18:26:10.041Z - info: Pages rebuilt
2025-07-25T18:26:10.041Z - info: Website regeneration complete! Total build time: 0.105s
2025-07-25T18:26:22.141Z - info: [02:26:22] Reload for file change: /Users/damithch/Repos/nus-cs2103/cs2103-website-base/book/gitAndGithub/mergeConflicts/text.md
2025-07-25T18:26:22.142Z - info: Synchronizing opened pages list before reload
2025-07-25T18:26:22.143Z - info: Current opened pages, from most-to-least recent:
2025-07-25T18:26:22.143Z - info: 1. book/gitAndGithub/mergeConflicts/index
2025-07-25T18:26:23.156Z - info: Rebuilding 1 pages
2025-07-25T18:26:23.246Z - info: Site data built
2025-07-25T18:26:23.246Z - info: Pages rebuilt
2025-07-25T18:26:23.246Z - info: Website regeneration complete! Total build time: 0.092s
2025-07-25T18:26:30.829Z - info: Building /Users/damithch/Repos/nus-cs2103/cs2103-website-base/se-book-adapted/git-trail/index as some of its dependencies were changed since the last visit
2025-07-25T18:26:31.063Z - info: Site data built
2025-07-25T18:26:31.063Z - info: Lazy website regeneration complete! Total build time: 0.234s
2025-07-25T18:26:38.846Z - info: Building /Users/damithch/Repos/nus-cs2103/cs2103-website-base/book/gitAndGithub/branchRename/index as some of its dependencies were changed since the last visit
2025-07-25T18:26:38.932Z - info: Site data built
2025-07-25T18:26:38.932Z - info: Lazy website regeneration complete! Total build time: 0.086s
2025-07-25T18:27:26.588Z - info: Building /Users/damithch/Repos/nus-cs2103/cs2103-website-base/book/gitAndGithub/branchDelete/index as some of its dependencies were changed since the last visit
2025-07-25T18:27:26.721Z - info: Site data built
2025-07-25T18:27:26.721Z - info: Lazy website regeneration complete! Total build time: 0.134s
2025-07-25T18:29:05.260Z - info: [02:29:05] Reload for file change: /Users/damithch/Repos/nus-cs2103/cs2103-website-base/book/gitAndGithub/branchDelete/text.md
2025-07-25T18:29:05.261Z - info: Synchronizing opened pages list before reload
2025-07-25T18:29:05.261Z - info: Current opened pages, from most-to-least recent:
2025-07-25T18:29:05.261Z - info: 1. book/gitAndGithub/branchDelete/index
2025-07-25T18:29:05.261Z - info: 2. se-book-adapted/git-trail/index
2025-07-25T18:29:06.278Z - info: Rebuilding 2 pages
2025-07-25T18:29:06.577Z - info: Site data built
2025-07-25T18:29:06.577Z - info: Pages rebuilt
2025-07-25T18:29:06.577Z - info: Website regeneration complete! Total build time: 0.302s
2025-07-25T18:29:32.608Z - info: [02:29:32] Reload for file change: /Users/damithch/Repos/nus-cs2103/cs2103-website-base/book/gitAndGithub/branchDelete/text.md
2025-07-25T18:29:32.608Z - info: Synchronizing opened pages list before reload
2025-07-25T18:29:32.608Z - info: Current opened pages, from most-to-least recent:
2025-07-25T18:29:32.608Z - info: 1. book/gitAndGithub/branchDelete/index
2025-07-25T18:29:33.618Z - info: Rebuilding 1 pages
2025-07-25T18:29:33.731Z - info: Site data built
2025-07-25T18:29:33.731Z - info: Pages rebuilt
2025-07-25T18:29:33.731Z - info: Website regeneration complete! Total build time: 0.115s
2025-07-25T18:30:37.677Z - info: [02:30:37] Reload for file change: /Users/damithch/Repos/nus-cs2103/cs2103-website-base/book/gitAndGithub/branchDelete/text.md
2025-07-25T18:30:37.677Z - info: Synchronizing opened pages list before reload
2025-07-25T18:30:37.677Z - info: Current opened pages, from most-to-least recent:
2025-07-25T18:30:37.677Z - info: 1. book/gitAndGithub/branchDelete/index
2025-07-25T18:30:38.690Z - info: Rebuilding 1 pages
2025-07-25T18:30:38.824Z - info: Site data built
2025-07-25T18:30:38.824Z - info: Pages rebuilt
2025-07-25T18:30:38.824Z - info: Website regeneration complete! Total build time: 0.138s
2025-07-25T18:31:44.393Z - info: [02:31:44] Reload for file change: /Users/damithch/Repos/nus-cs2103/cs2103-website-base/book/gitAndGithub/branchDelete/text.md
2025-07-25T18:31:44.394Z - info: Synchronizing opened pages list before reload
2025-07-25T18:31:44.394Z - info: Current opened pages, from most-to-least recent:
2025-07-25T18:31:44.394Z - info: 1. book/gitAndGithub/branchDelete/index
2025-07-25T18:31:45.405Z - info: Rebuilding 1 pages
2025-07-25T18:31:45.515Z - info: Site data built
2025-07-25T18:31:45.515Z - info: Pages rebuilt
2025-07-25T18:31:45.515Z - info: Website regeneration complete! Total build time: 0.112s
2025-07-25T18:32:12.844Z - info: [02:32:12] Reload for file change: /Users/damithch/Repos/nus-cs2103/cs2103-website-base/book/gitAndGithub/branchDelete/text.md
2025-07-25T18:32:12.845Z - info: Synchronizing opened pages list before reload
2025-07-25T18:32:12.845Z - info: Current opened pages, from most-to-least recent:
2025-07-25T18:32:12.845Z - info: 1. book/gitAndGithub/branchDelete/index
2025-07-25T18:32:13.855Z - info: Rebuilding 1 pages
2025-07-25T18:32:13.966Z - info: Site data built
2025-07-25T18:32:13.967Z - info: Pages rebuilt
2025-07-25T18:32:13.967Z - info: Website regeneration complete! Total build time: 0.113s
2025-07-25T18:32:31.723Z - info: [02:32:31] Reload for file change: /Users/damithch/Repos/nus-cs2103/cs2103-website-base/book/gitAndGithub/branchDelete/text.md
2025-07-25T18:32:31.723Z - info: Synchronizing opened pages list before reload
2025-07-25T18:32:31.724Z - info: Current opened pages, from most-to-least recent:
2025-07-25T18:32:31.724Z - info: 1. book/gitAndGithub/branchDelete/index
2025-07-25T18:32:32.736Z - info: Rebuilding 1 pages
2025-07-25T18:32:32.836Z - info: Site data built
2025-07-25T18:32:32.836Z - info: Pages rebuilt
2025-07-25T18:32:32.836Z - info: Website regeneration complete! Total build time: 0.102s
2025-07-25T18:33:30.276Z - info: [02:33:30] Reload for file change: /Users/damithch/Repos/nus-cs2103/cs2103-website-base/book/gitAndGithub/branchDelete/text.md
2025-07-25T18:33:30.277Z - info: Synchronizing opened pages list before reload
2025-07-25T18:33:30.278Z - info: Current opened pages, from most-to-least recent:
2025-07-25T18:33:30.278Z - info: 1. book/gitAndGithub/branchDelete/index
2025-07-25T18:33:31.294Z - info: Rebuilding 1 pages
2025-07-25T18:33:31.422Z - info: Site data built
2025-07-25T18:33:31.422Z - info: Pages rebuilt
2025-07-25T18:33:31.422Z - info: Website regeneration complete! Total build time: 0.13s
2025-07-25T18:35:44.461Z - info: [02:35:44] Reload for file change: /Users/damithch/Repos/nus-cs2103/cs2103-website-base/book/gitAndGithub/branchDelete/text.md
2025-07-25T18:35:44.462Z - info: Synchronizing opened pages list before reload
2025-07-25T18:35:44.462Z - info: Current opened pages, from most-to-least recent:
2025-07-25T18:35:44.462Z - info: 1. book/gitAndGithub/branchDelete/index
2025-07-25T18:35:45.488Z - info: Rebuilding 1 pages
2025-07-25T18:35:45.603Z - info: Site data built
2025-07-25T18:35:45.604Z - info: Pages rebuilt
2025-07-25T18:35:45.604Z - info: Website regeneration complete! Total build time: 0.121s
2025-07-25T18:36:43.727Z - info: Website generation started at 02:36:42
2025-07-25T18:36:44.163Z - warn: ENOENT: no such file or directory, open '/Users/damithch/Repos/nus-cs2103/cs2103-website-base/node_modules/.cache/gh-pages/https!github.com!nus-cs2103-AY2526S1!website.git/book/_markbind/variables.md'
2025-07-25T18:36:44.163Z - warn: ENOENT: no such file or directory, open '/Users/damithch/Repos/nus-cs2103/cs2103-website-base/node_modules/.cache/gh-pages/https!github.com!nus-cs2103-AY2526S1!website.git/_markbind/variables.md'
2025-07-25T18:36:44.183Z - info: Building assets...
2025-07-25T18:36:48.056Z - info: Assets built
2025-07-25T18:36:48.058Z - info: Generating pages...
2025-07-25T18:36:55.990Z - debug:  
2025-07-25T18:36:55.990Z - debug:  
2025-07-25T18:36:55.991Z - debug:  
2025-07-25T18:36:55.991Z - debug:  
2025-07-25T18:36:55.991Z - debug:  
2025-07-25T18:36:55.991Z - debug:  
2025-07-25T18:36:55.991Z - debug:  
2025-07-25T18:36:55.991Z - debug:  
2025-07-25T18:36:55.991Z - debug:  
2025-07-25T18:36:56.088Z - debug:  
2025-07-25T18:36:56.088Z - debug:  
2025-07-25T18:36:56.088Z - debug:  
2025-07-25T18:37:00.362Z - debug:  
2025-07-25T18:37:00.362Z - debug:  
2025-07-25T18:37:00.362Z - debug:  
2025-07-25T18:37:00.362Z - debug:  
2025-07-25T18:37:00.362Z - debug:  
2025-07-25T18:37:11.368Z - debug:  
2025-07-25T18:38:14.226Z - debug:  
2025-07-25T18:38:25.960Z - debug:  
2025-07-25T18:38:25.993Z - debug:  
2025-07-25T18:38:32.728Z - info: Pages built
2025-07-25T18:38:32.807Z - info: Site data built
2025-07-25T18:38:32.807Z - info: Website generation complete! Total build time: 110.242s
2025-07-25T18:38:32.807Z - info: Build success!
2025-07-25T18:39:13.419Z - info: Website generation started at 02:39:12
2025-07-25T18:39:13.853Z - warn: ENOENT: no such file or directory, open '/Users/damithch/Repos/nus-cs2103/cs2103-website-base/node_modules/.cache/gh-pages/https!github.com!nus-cs2103-AY2526S1!website.git/book/_markbind/variables.md'
2025-07-25T18:39:13.854Z - warn: ENOENT: no such file or directory, open '/Users/damithch/Repos/nus-cs2103/cs2103-website-base/node_modules/.cache/gh-pages/https!github.com!nus-cs2103-AY2526S1!website.git/_markbind/variables.md'
2025-07-25T18:39:13.875Z - info: Building assets...
