2025-09-20T04:35:33.109Z - info: Website generation (lazy) started at 12:35:31
2025-09-20T04:35:33.740Z - warn: ENOENT: no such file or directory, open '/Users/damithch/Repos/nus-cs2103/cs2103-website-base/node_modules/.cache/gh-pages/https!github.com!nus-cs2103-AY2526S1!website.git/book/_markbind/variables.md'
2025-09-20T04:35:33.740Z - warn: ENOENT: no such file or directory, open '/Users/damithch/Repos/nus-cs2103/cs2103-website-base/node_modules/.cache/gh-pages/https!github.com!nus-cs2103-AY2526S1!website.git/_markbind/variables.md'
2025-09-20T04:35:33.760Z - info: Building assets...
2025-09-20T04:35:36.490Z - info: Assets built
2025-09-20T04:35:36.491Z - info: Generating landing page...
2025-09-20T04:35:36.983Z - info: Landing page built, other pages will be built as you navigate to them!
2025-09-20T04:35:37.059Z - info: Site data built
2025-09-20T04:35:37.059Z - info: Website generation (lazy) complete! Total build time: 5.241s
2025-09-20T04:35:37.070Z - info: Serving "/Users/damithch/Repos/nus-cs2103/cs2103-website-base/_site" at http://127.0.0.1:8080
2025-09-20T04:35:37.070Z - info: Press CTRL+C to stop ...
2025-09-20T04:35:41.878Z - info: Building /Users/damithch/Repos/nus-cs2103/cs2103-website-base/schedule/week4/index as some of its dependencies were changed since the last visit
2025-09-20T04:35:42.305Z - info: Site data built
2025-09-20T04:35:42.305Z - info: Lazy website regeneration complete! Total build time: 0.428s
2025-09-20T04:35:46.048Z - info: Building /Users/damithch/Repos/nus-cs2103/cs2103-website-base/schedule/week4/admin as some of its dependencies were changed since the last visit
2025-09-20T04:35:46.227Z - info: Site data built
2025-09-20T04:35:46.227Z - info: Lazy website regeneration complete! Total build time: 0.179s
2025-09-20T04:36:14.225Z - info: Website generation started at 12:36:13
2025-09-20T04:36:14.488Z - warn: ENOENT: no such file or directory, open '/Users/damithch/Repos/nus-cs2103/cs2103-website-base/node_modules/.cache/gh-pages/https!github.com!nus-cs2103-AY2526S1!website.git/book/_markbind/variables.md'
2025-09-20T04:36:14.489Z - warn: ENOENT: no such file or directory, open '/Users/damithch/Repos/nus-cs2103/cs2103-website-base/node_modules/.cache/gh-pages/https!github.com!nus-cs2103-AY2526S1!website.git/_markbind/variables.md'
2025-09-20T04:36:14.509Z - info: Building assets...
2025-09-20T04:36:17.180Z - info: Assets built
2025-09-20T04:36:17.181Z - info: Generating pages...
2025-09-20T04:36:23.397Z - debug:  
2025-09-20T04:36:23.398Z - debug:  
2025-09-20T04:36:26.219Z - debug:  
2025-09-20T04:36:26.219Z - debug:  
2025-09-20T04:36:26.220Z - debug:  
2025-09-20T04:36:26.220Z - debug:  
2025-09-20T04:36:26.220Z - debug:  
2025-09-20T04:36:26.220Z - debug:  
2025-09-20T04:36:26.220Z - debug:  
2025-09-20T04:36:26.220Z - debug:  
2025-09-20T04:36:26.220Z - debug:  
2025-09-20T04:36:29.581Z - debug:  
2025-09-20T04:36:29.727Z - debug:  
2025-09-20T04:36:29.858Z - debug:  
2025-09-20T04:36:29.927Z - debug:  
2025-09-20T04:36:29.936Z - debug:  
2025-09-20T04:36:29.945Z - debug:  
2025-09-20T04:36:41.220Z - debug:  
2025-09-20T04:37:45.865Z - debug:  
2025-09-20T04:37:59.007Z - debug:  
2025-09-20T04:37:59.061Z - debug:  
2025-09-20T04:38:09.930Z - info: Pages built
2025-09-20T04:38:10.011Z - info: Site data built
2025-09-20T04:38:10.011Z - info: Website generation complete! Total build time: 116.726s
2025-09-20T04:38:10.011Z - info: Build success!
2025-09-20T04:38:37.734Z - info: The website has been deployed at: https://nus-cs2103-ay2526s1.github.io/website
2025-09-20T05:15:32.788Z - info: Website generation (lazy) started at 13:15:31
2025-09-20T05:15:33.641Z - warn: ENOENT: no such file or directory, open '/Users/damithch/Repos/nus-cs2103/cs2103-website-base/node_modules/.cache/gh-pages/https!github.com!nus-cs2103-AY2526S1!website.git/book/_markbind/variables.md'
2025-09-20T05:15:33.641Z - warn: ENOENT: no such file or directory, open '/Users/damithch/Repos/nus-cs2103/cs2103-website-base/node_modules/.cache/gh-pages/https!github.com!nus-cs2103-AY2526S1!website.git/_markbind/variables.md'
2025-09-20T05:15:33.664Z - info: Building assets...
2025-09-20T05:15:36.601Z - info: Assets built
2025-09-20T05:15:36.602Z - info: Generating landing page...
2025-09-20T05:15:37.178Z - info: Landing page built, other pages will be built as you navigate to them!
2025-09-20T05:15:37.260Z - info: Site data built
2025-09-20T05:15:37.260Z - info: Website generation (lazy) complete! Total build time: 5.93s
2025-09-20T05:15:37.273Z - info: Serving "/Users/damithch/Repos/nus-cs2103/cs2103-website-base/_site" at http://127.0.0.1:8080
2025-09-20T05:15:37.273Z - info: Press CTRL+C to stop ...
2025-09-20T05:15:42.193Z - info: Building /Users/damithch/Repos/nus-cs2103/cs2103-website-base/schedule/week6/index as some of its dependencies were changed since the last visit
2025-09-20T05:15:42.641Z - info: Site data built
2025-09-20T05:15:42.641Z - info: Lazy website regeneration complete! Total build time: 0.449s
2025-09-20T05:15:44.766Z - info: Building /Users/damithch/Repos/nus-cs2103/cs2103-website-base/schedule/week6/project as some of its dependencies were changed since the last visit
2025-09-20T05:15:46.381Z - info: Site data built
2025-09-20T05:15:46.381Z - info: Lazy website regeneration complete! Total build time: 1.616s
2025-09-20T05:15:55.817Z - info: Building /Users/damithch/Repos/nus-cs2103/cs2103-website-base/admin/teamList as some of its dependencies were changed since the last visit
2025-09-20T05:15:56.812Z - info: Site data built
2025-09-20T05:15:56.812Z - info: Lazy website regeneration complete! Total build time: 0.995s
2025-09-20T05:16:07.035Z - info: Website generation started at 13:16:06
2025-09-20T05:16:07.314Z - warn: ENOENT: no such file or directory, open '/Users/damithch/Repos/nus-cs2103/cs2103-website-base/node_modules/.cache/gh-pages/https!github.com!nus-cs2103-AY2526S1!website.git/book/_markbind/variables.md'
2025-09-20T05:16:07.314Z - warn: ENOENT: no such file or directory, open '/Users/damithch/Repos/nus-cs2103/cs2103-website-base/node_modules/.cache/gh-pages/https!github.com!nus-cs2103-AY2526S1!website.git/_markbind/variables.md'
2025-09-20T05:16:07.336Z - info: Building assets...
