2025-10-21T14:35:48.861Z - info: Website generation started at 22:35:47
2025-10-21T14:35:49.519Z - warn: ENOENT: no such file or directory, open '/Users/damithch/Repos/nus-cs2103/cs2103-website-base/node_modules/.cache/gh-pages/https!github.com!nus-cs2103-AY2526S1!website.git/book/_markbind/variables.md'
2025-10-21T14:35:49.520Z - warn: ENOENT: no such file or directory, open '/Users/damithch/Repos/nus-cs2103/cs2103-website-base/node_modules/.cache/gh-pages/https!github.com!nus-cs2103-AY2526S1!website.git/_markbind/variables.md'
2025-10-21T14:35:49.549Z - info: Building assets...
2025-10-21T14:35:52.894Z - info: Assets built
2025-10-21T14:35:52.895Z - info: Generating pages...
2025-10-21T14:35:59.512Z - debug:  
2025-10-21T14:36:00.161Z - debug:  
2025-10-21T14:36:02.752Z - debug:  
2025-10-21T14:36:02.753Z - debug:  
2025-10-21T14:36:02.753Z - debug:  
2025-10-21T14:36:02.753Z - debug:  
2025-10-21T14:36:02.753Z - debug:  
2025-10-21T14:36:02.753Z - debug:  
2025-10-21T14:36:02.753Z - debug:  
2025-10-21T14:36:02.753Z - debug:  
2025-10-21T14:36:02.753Z - debug:  
2025-10-21T14:36:02.753Z - debug:  
2025-10-21T14:36:02.753Z - debug:  
2025-10-21T14:36:02.753Z - debug:  
2025-10-21T14:36:02.753Z - debug:  
2025-10-21T14:36:04.485Z - debug:  
2025-10-21T14:36:12.442Z - debug:  
2025-10-21T14:36:13.844Z - debug:  
2025-10-21T14:36:21.538Z - debug:  
2025-10-21T14:36:52.113Z - info: Pages built
2025-10-21T14:36:52.211Z - info: Site data built
2025-10-21T14:36:52.211Z - info: Website generation complete! Total build time: 64.764s
2025-10-21T14:36:52.211Z - info: Build success!
2025-10-21T14:37:16.280Z - info: The website has been deployed at: https://nus-tic2002-ay2526s1.github.io/website
