2025-08-02T05:06:52.495Z - info: Website generation (lazy) started at 13:06:51
2025-08-02T05:06:53.094Z - warn: ENOENT: no such file or directory, open '/Users/damithch/Repos/nus-cs2103/cs2103-website-base/node_modules/.cache/gh-pages/https!github.com!nus-cs2103-AY2526S1!website.git/book/_markbind/variables.md'
2025-08-02T05:06:53.094Z - warn: ENOENT: no such file or directory, open '/Users/damithch/Repos/nus-cs2103/cs2103-website-base/node_modules/.cache/gh-pages/https!github.com!nus-cs2103-AY2526S1!website.git/_markbind/variables.md'
2025-08-02T05:06:53.116Z - info: Building assets...
2025-08-02T05:06:55.720Z - info: Assets built
2025-08-02T05:06:55.721Z - info: Generating landing page...
2025-08-02T05:06:55.966Z - info: Landing page built, other pages will be built as you navigate to them!
2025-08-02T05:06:56.032Z - info: Site data built
2025-08-02T05:06:56.033Z - info: Website generation (lazy) complete! Total build time: 4.966s
2025-08-02T05:06:56.043Z - info: Serving "/Users/damithch/Repos/nus-cs2103/cs2103-website-base/_site" at http://127.0.0.1:8080
2025-08-02T05:06:56.043Z - info: Press CTRL+C to stop ...
2025-08-02T05:07:03.276Z - info: Building /Users/damithch/Repos/nus-cs2103/cs2103-website-base/se-book-adapted/git-trail/index as some of its dependencies were changed since the last visit
2025-08-02T05:07:03.836Z - info: Site data built
2025-08-02T05:07:03.836Z - info: Lazy website regeneration complete! Total build time: 0.561s
2025-08-02T05:07:08.044Z - info: Building /Users/damithch/Repos/nus-cs2103/cs2103-website-base/book/gitAndGithub/trail/syncingBranches/index as some of its dependencies were changed since the last visit
2025-08-02T05:07:08.210Z - info: Site data built
2025-08-02T05:07:08.210Z - info: Lazy website regeneration complete! Total build time: 0.166s
2025-08-02T05:09:15.676Z - info: [13:09:15] Reload for file change: /Users/damithch/Repos/nus-cs2103/cs2103-website-base/book/gitAndGithub/syncByMerge/text.md
2025-08-02T05:09:15.677Z - info: Synchronizing opened pages list before reload
2025-08-02T05:09:15.679Z - info: Current opened pages, from most-to-least recent:
2025-08-02T05:09:15.679Z - info: 1. book/gitAndGithub/trail/syncingBranches/index
2025-08-02T05:09:16.689Z - info: Rebuilding 1 pages
2025-08-02T05:09:16.823Z - info: Site data built
2025-08-02T05:09:16.823Z - info: Pages rebuilt
2025-08-02T05:09:16.823Z - info: Website regeneration complete! Total build time: 0.137s
2025-08-02T05:10:49.280Z - info: [13:10:49] Reload for file change: /Users/damithch/Repos/nus-cs2103/cs2103-website-base/book/gitAndGithub/syncByMerge/text.md
2025-08-02T05:10:49.281Z - info: Synchronizing opened pages list before reload
2025-08-02T05:10:49.282Z - info: Current opened pages, from most-to-least recent:
2025-08-02T05:10:49.282Z - info: 1. book/gitAndGithub/trail/syncingBranches/index
2025-08-02T05:10:50.290Z - info: Rebuilding 1 pages
2025-08-02T05:10:50.398Z - info: Site data built
2025-08-02T05:10:50.398Z - info: Pages rebuilt
2025-08-02T05:10:50.398Z - info: Website regeneration complete! Total build time: 0.111s
2025-08-02T05:12:32.033Z - info: [13:12:32] Reload for file change: /Users/damithch/Repos/nus-cs2103/cs2103-website-base/book/gitAndGithub/cherryPick/text.md
2025-08-02T05:12:32.040Z - info: Synchronizing opened pages list before reload
2025-08-02T05:12:32.042Z - info: Current opened pages, from most-to-least recent:
2025-08-02T05:12:32.042Z - info: 1. book/gitAndGithub/trail/syncingBranches/index
2025-08-02T05:12:33.051Z - info: Rebuilding 1 pages
2025-08-02T05:12:33.175Z - info: Site data built
2025-08-02T05:12:33.175Z - info: Pages rebuilt
2025-08-02T05:12:33.175Z - info: Website regeneration complete! Total build time: 0.126s
2025-08-02T05:13:10.086Z - info: [13:13:10] Reload for file change: /Users/damithch/Repos/nus-cs2103/cs2103-website-base/book/gitAndGithub/cherryPick/text.md
2025-08-02T05:13:10.087Z - info: Synchronizing opened pages list before reload
2025-08-02T05:13:10.087Z - info: Current opened pages, from most-to-least recent:
2025-08-02T05:13:10.087Z - info: 1. book/gitAndGithub/trail/syncingBranches/index
2025-08-02T05:13:11.107Z - info: Rebuilding 1 pages
2025-08-02T05:13:11.203Z - info: Site data built
2025-08-02T05:13:11.203Z - info: Pages rebuilt
2025-08-02T05:13:11.203Z - info: Website regeneration complete! Total build time: 0.098s
2025-08-02T05:15:50.416Z - info: [13:15:50] Reload for file change: /Users/damithch/Repos/nus-cs2103/cs2103-website-base/book/gitAndGithub/syncByRebase/text.md
2025-08-02T05:15:50.417Z - info: Synchronizing opened pages list before reload
2025-08-02T05:15:50.417Z - info: Current opened pages, from most-to-least recent:
2025-08-02T05:15:50.417Z - info: 1. book/gitAndGithub/trail/syncingBranches/index
2025-08-02T05:15:51.432Z - info: Rebuilding 1 pages
2025-08-02T05:15:51.554Z - info: Site data built
2025-08-02T05:15:51.554Z - info: Pages rebuilt
2025-08-02T05:15:51.554Z - info: Website regeneration complete! Total build time: 0.123s
2025-08-02T05:16:21.509Z - info: [13:16:21] Reload for file change: /Users/damithch/Repos/nus-cs2103/cs2103-website-base/book/gitAndGithub/syncByRebase/text.md
2025-08-02T05:16:21.509Z - info: Synchronizing opened pages list before reload
2025-08-02T05:16:21.509Z - info: Current opened pages, from most-to-least recent:
2025-08-02T05:16:21.509Z - info: 1. book/gitAndGithub/trail/syncingBranches/index
2025-08-02T05:16:22.517Z - info: Rebuilding 1 pages
2025-08-02T05:16:22.627Z - info: Site data built
2025-08-02T05:16:22.627Z - info: Pages rebuilt
2025-08-02T05:16:22.627Z - info: Website regeneration complete! Total build time: 0.112s
2025-08-02T05:18:14.127Z - info: [13:18:14] Reload for file change: /Users/damithch/Repos/nus-cs2103/cs2103-website-base/book/gitAndGithub/cherryPick/text.md
2025-08-02T05:18:14.131Z - info: Synchronizing opened pages list before reload
2025-08-02T05:18:14.131Z - info: Current opened pages, from most-to-least recent:
2025-08-02T05:18:14.131Z - info: 1. book/gitAndGithub/trail/syncingBranches/index
2025-08-02T05:18:15.137Z - info: Rebuilding 1 pages
2025-08-02T05:18:15.271Z - info: Site data built
2025-08-02T05:18:15.271Z - info: Pages rebuilt
2025-08-02T05:18:15.271Z - info: Website regeneration complete! Total build time: 0.136s
2025-08-02T05:22:22.186Z - info: [13:22:22] Reload for file change: /Users/damithch/Repos/nus-cs2103/cs2103-website-base/book/gitAndGithub/syncByMerge/text.md
2025-08-02T05:22:22.188Z - info: Synchronizing opened pages list before reload
2025-08-02T05:22:22.189Z - info: Current opened pages, from most-to-least recent:
2025-08-02T05:22:22.190Z - info: 1. book/gitAndGithub/trail/syncingBranches/index
2025-08-02T05:22:23.195Z - info: Rebuilding 1 pages
2025-08-02T05:22:23.312Z - info: Site data built
2025-08-02T05:22:23.312Z - info: Pages rebuilt
2025-08-02T05:22:23.312Z - info: Website regeneration complete! Total build time: 0.118s
2025-08-02T05:22:51.755Z - info: [13:22:51] Reload for file change: /Users/damithch/Repos/nus-cs2103/cs2103-website-base/book/gitAndGithub/syncByMerge/text.md
2025-08-02T05:22:51.755Z - info: Synchronizing opened pages list before reload
2025-08-02T05:22:51.756Z - info: Current opened pages, from most-to-least recent:
2025-08-02T05:22:51.756Z - info: 1. book/gitAndGithub/trail/syncingBranches/index
2025-08-02T05:22:52.774Z - info: Rebuilding 1 pages
2025-08-02T05:22:52.906Z - info: Site data built
2025-08-02T05:22:52.906Z - info: Pages rebuilt
2025-08-02T05:22:52.906Z - info: Website regeneration complete! Total build time: 0.134s
2025-08-02T05:23:29.732Z - info: Website generation started at 13:23:28
2025-08-02T05:23:30.160Z - warn: ENOENT: no such file or directory, open '/Users/damithch/Repos/nus-cs2103/cs2103-website-base/node_modules/.cache/gh-pages/https!github.com!nus-cs2103-AY2526S1!website.git/book/_markbind/variables.md'
2025-08-02T05:23:30.160Z - warn: ENOENT: no such file or directory, open '/Users/damithch/Repos/nus-cs2103/cs2103-website-base/node_modules/.cache/gh-pages/https!github.com!nus-cs2103-AY2526S1!website.git/_markbind/variables.md'
2025-08-02T05:23:30.179Z - info: Building assets...
