2025-09-10T16:00:24.118Z - info: [00:00:24] Reload for file change: /Users/damithch/Repos/nus-cs2103/cs2103-website-base/book/projectDuke/extensions-fragment.md
2025-09-10T16:00:24.125Z - info: Synchronizing opened pages list before reload
2025-09-10T16:00:24.125Z - info: Current opened pages, from most-to-least recent:
2025-09-10T16:00:24.125Z - info: 1. schedule/week6/project
2025-09-10T16:00:25.151Z - info: Rebuilding 1 pages
2025-09-10T16:00:26.468Z - info: Site data built
2025-09-10T16:00:26.468Z - info: Pages rebuilt
2025-09-10T16:00:26.468Z - info: Website regeneration complete! Total build time: 1.319s
2025-09-10T16:01:48.485Z - info: [00:01:48] Reload for file change: /Users/damithch/Repos/nus-cs2103/cs2103-website-base/book/projectDuke/extensions-fragment.md
2025-09-10T16:01:48.487Z - info: Synchronizing opened pages list before reload
2025-09-10T16:01:48.488Z - info: Current opened pages, from most-to-least recent:
2025-09-10T16:01:48.488Z - info: 1. schedule/week6/project
2025-09-10T16:01:49.495Z - info: Rebuilding 1 pages
2025-09-10T16:01:50.806Z - info: Site data built
2025-09-10T16:01:50.807Z - info: Pages rebuilt
2025-09-10T16:01:50.807Z - info: Website regeneration complete! Total build time: 1.314s
2025-09-10T16:03:11.647Z - info: [00:03:11] Reload for file change: /Users/damithch/Repos/nus-cs2103/cs2103-website-base/book/projectDuke/extensions-fragment.md
2025-09-10T16:03:11.666Z - info: Synchronizing opened pages list before reload
2025-09-10T16:03:11.671Z - info: Current opened pages, from most-to-least recent:
2025-09-10T16:03:11.671Z - info: 1. schedule/week6/project
2025-09-10T16:03:12.699Z - info: Rebuilding 1 pages
2025-09-10T16:03:14.093Z - info: Site data built
2025-09-10T16:03:14.093Z - info: Pages rebuilt
2025-09-10T16:03:14.093Z - info: Website regeneration complete! Total build time: 1.404s
2025-09-10T16:03:16.667Z - info: [00:03:16] Reload for file change: /Users/damithch/Repos/nus-cs2103/cs2103-website-base/book/projectDuke/extensions-fragment.md
2025-09-10T16:03:16.667Z - info: Synchronizing opened pages list before reload
2025-09-10T16:03:16.667Z - info: No pages are currently opened
2025-09-10T16:03:17.673Z - info: No pages needed to be rebuilt
2025-09-10T16:03:19.759Z - info: Building /Users/damithch/Repos/nus-cs2103/cs2103-website-base/schedule/week6/project as some of its dependencies were changed since the last visit
2025-09-10T16:03:20.900Z - info: Site data built
2025-09-10T16:03:20.900Z - info: Lazy website regeneration complete! Total build time: 1.142s
2025-09-10T16:03:32.583Z - info: [00:03:32] Reload for file change: /Users/damithch/Repos/nus-cs2103/cs2103-website-base/book/projectDuke/extensions-fragment.md
2025-09-10T16:03:32.584Z - info: Synchronizing opened pages list before reload
2025-09-10T16:03:32.584Z - info: Current opened pages, from most-to-least recent:
2025-09-10T16:03:32.584Z - info: 1. schedule/week6/project
2025-09-10T16:03:33.608Z - info: Rebuilding 1 pages
2025-09-10T16:03:34.830Z - info: Site data built
2025-09-10T16:03:34.830Z - info: Pages rebuilt
2025-09-10T16:03:34.830Z - info: Website regeneration complete! Total build time: 1.224s
2025-09-10T16:03:46.201Z - info: [00:03:46] Reload for file change: /Users/damithch/Repos/nus-cs2103/cs2103-website-base/book/projectDuke/extensions-fragment.md
2025-09-10T16:03:46.201Z - info: Synchronizing opened pages list before reload
2025-09-10T16:03:46.202Z - info: Current opened pages, from most-to-least recent:
2025-09-10T16:03:46.202Z - info: 1. schedule/week6/project
2025-09-10T16:03:47.210Z - info: Rebuilding 1 pages
2025-09-10T16:03:48.449Z - info: Site data built
2025-09-10T16:03:48.449Z - info: Pages rebuilt
2025-09-10T16:03:48.449Z - info: Website regeneration complete! Total build time: 1.242s
2025-09-10T16:05:05.747Z - info: [00:05:05] Reload for file change: /Users/damithch/Repos/nus-cs2103/cs2103-website-base/book/projectDuke/extensions-fragment.md
2025-09-10T16:05:05.749Z - info: Synchronizing opened pages list before reload
2025-09-10T16:05:05.750Z - info: Current opened pages, from most-to-least recent:
2025-09-10T16:05:05.750Z - info: 1. schedule/week6/project
2025-09-10T16:05:06.770Z - info: Rebuilding 1 pages
2025-09-10T16:05:08.009Z - info: Site data built
2025-09-10T16:05:08.009Z - info: Pages rebuilt
2025-09-10T16:05:08.009Z - info: Website regeneration complete! Total build time: 1.241s
2025-09-10T16:06:34.796Z - info: [00:06:34] Reload for file change: /Users/damithch/Repos/nus-cs2103/cs2103-website-base/book/projectDuke/extensions-fragment.md
2025-09-10T16:06:34.798Z - info: Synchronizing opened pages list before reload
2025-09-10T16:06:34.798Z - info: Current opened pages, from most-to-least recent:
2025-09-10T16:06:34.799Z - info: 1. schedule/week6/project
2025-09-10T16:06:35.807Z - info: Rebuilding 1 pages
2025-09-10T16:06:37.071Z - info: Site data built
2025-09-10T16:06:37.071Z - info: Pages rebuilt
2025-09-10T16:06:37.071Z - info: Website regeneration complete! Total build time: 1.267s
2025-09-10T16:08:50.828Z - info: [00:08:50] Reload for file change: /Users/damithch/Repos/nus-cs2103/cs2103-website-base/book/projectDuke/extensions-fragment.md
2025-09-10T16:08:50.830Z - info: Synchronizing opened pages list before reload
2025-09-10T16:08:50.831Z - info: Current opened pages, from most-to-least recent:
2025-09-10T16:08:50.831Z - info: 1. schedule/week6/project
2025-09-10T16:08:51.845Z - info: Rebuilding 1 pages
2025-09-10T16:08:53.090Z - info: Site data built
2025-09-10T16:08:53.090Z - info: Pages rebuilt
2025-09-10T16:08:53.090Z - info: Website regeneration complete! Total build time: 1.247s
2025-09-10T16:11:32.332Z - info: Building /Users/damithch/Repos/nus-cs2103/cs2103-website-base/schedule/week5/project as some of its dependencies were changed since the last visit
2025-09-10T16:11:33.319Z - info: Site data built
2025-09-10T16:11:33.319Z - info: Lazy website regeneration complete! Total build time: 0.988s
2025-09-10T16:12:13.110Z - info: Building /Users/damithch/Repos/nus-cs2103/cs2103-website-base/schedule/week6/tutorial as some of its dependencies were changed since the last visit
2025-09-10T16:12:13.306Z - info: Site data built
2025-09-10T16:12:13.306Z - info: Lazy website regeneration complete! Total build time: 0.197s
2025-09-10T16:12:39.682Z - info: Building /Users/damithch/Repos/nus-cs2103/cs2103-website-base/schedule/week5/tutorial as some of its dependencies were changed since the last visit
2025-09-10T16:12:40.348Z - info: Site data built
2025-09-10T16:12:40.348Z - info: Lazy website regeneration complete! Total build time: 0.667s
2025-09-10T16:19:00.384Z - info: [00:19:00] Reload for file change: /Users/damithch/Repos/nus-cs2103/cs2103-website-base/schedule/week5/tutorial-cs2103-fragment.md
2025-09-10T16:19:00.387Z - info: Synchronizing opened pages list before reload
2025-09-10T16:19:00.390Z - info: Current opened pages, from most-to-least recent:
2025-09-10T16:19:00.391Z - info: 1. schedule/week5/tutorial
2025-09-10T16:19:01.396Z - info: Rebuilding 1 pages
2025-09-10T16:19:02.184Z - info: Site data built
2025-09-10T16:19:02.184Z - info: Pages rebuilt
2025-09-10T16:19:02.184Z - info: Website regeneration complete! Total build time: 0.79s
2025-09-10T16:20:24.584Z - info: [00:20:24] Reload for file change: /Users/damithch/Repos/nus-cs2103/cs2103-website-base/schedule/week5/tutorial-cs2103-fragment.md
2025-09-10T16:20:24.585Z - info: Synchronizing opened pages list before reload
2025-09-10T16:20:24.585Z - info: Current opened pages, from most-to-least recent:
2025-09-10T16:20:24.585Z - info: 1. schedule/week5/tutorial
2025-09-10T16:20:25.597Z - info: Rebuilding 1 pages
2025-09-10T16:20:26.334Z - info: Site data built
2025-09-10T16:20:26.334Z - info: Pages rebuilt
2025-09-10T16:20:26.334Z - info: Website regeneration complete! Total build time: 0.74s
2025-09-10T16:21:58.795Z - info: [00:21:58] Reload for file change: /Users/damithch/Repos/nus-cs2103/cs2103-website-base/schedule/week5/tutorial-cs2103-fragment.md
2025-09-10T16:21:58.797Z - info: Synchronizing opened pages list before reload
2025-09-10T16:21:58.798Z - info: Current opened pages, from most-to-least recent:
2025-09-10T16:21:58.798Z - info: 1. schedule/week5/tutorial
2025-09-10T16:21:59.808Z - info: Rebuilding 1 pages
2025-09-10T16:22:00.526Z - info: Site data built
2025-09-10T16:22:00.526Z - info: Pages rebuilt
2025-09-10T16:22:00.526Z - info: Website regeneration complete! Total build time: 0.722s
2025-09-10T16:23:06.008Z - info: [00:23:06] Reload for file change: /Users/damithch/Repos/nus-cs2103/cs2103-website-base/schedule/week5/tutorial-cs2103-fragment.md
2025-09-10T16:23:06.009Z - info: Synchronizing opened pages list before reload
2025-09-10T16:23:06.009Z - info: Current opened pages, from most-to-least recent:
2025-09-10T16:23:06.010Z - info: 1. schedule/week5/tutorial
2025-09-10T16:23:07.024Z - info: Rebuilding 1 pages
2025-09-10T16:23:07.729Z - info: Site data built
2025-09-10T16:23:07.729Z - info: Pages rebuilt
2025-09-10T16:23:07.729Z - info: Website regeneration complete! Total build time: 0.707s
2025-09-10T16:23:55.158Z - info: [00:23:55] Reload for file change: /Users/damithch/Repos/nus-cs2103/cs2103-website-base/schedule/week5/tutorial-cs2103-fragment.md
2025-09-10T16:23:55.158Z - info: Synchronizing opened pages list before reload
2025-09-10T16:23:55.158Z - info: Current opened pages, from most-to-least recent:
2025-09-10T16:23:55.158Z - info: 1. schedule/week5/tutorial
2025-09-10T16:23:56.165Z - info: Rebuilding 1 pages
2025-09-10T16:23:56.881Z - info: Site data built
2025-09-10T16:23:56.881Z - info: Pages rebuilt
2025-09-10T16:23:56.881Z - info: Website regeneration complete! Total build time: 0.719s
2025-09-10T16:26:06.892Z - info: [00:26:06] Reload for file change: /Users/damithch/Repos/nus-cs2103/cs2103-website-base/schedule/week5/tutorial-cs2103-fragment.md
2025-09-10T16:26:06.893Z - info: Synchronizing opened pages list before reload
2025-09-10T16:26:06.894Z - info: Current opened pages, from most-to-least recent:
2025-09-10T16:26:06.894Z - info: 1. schedule/week5/tutorial
2025-09-10T16:26:07.901Z - info: Rebuilding 1 pages
2025-09-10T16:26:08.625Z - info: Site data built
2025-09-10T16:26:08.625Z - info: Pages rebuilt
2025-09-10T16:26:08.625Z - info: Website regeneration complete! Total build time: 0.727s
2025-09-10T16:27:47.966Z - info: [00:27:47] Reload for file change: /Users/damithch/Repos/nus-cs2103/cs2103-website-base/schedule/week5/tutorial-cs2103-fragment.md
2025-09-10T16:27:47.966Z - info: Synchronizing opened pages list before reload
2025-09-10T16:27:47.966Z - info: Current opened pages, from most-to-least recent:
2025-09-10T16:27:47.966Z - info: 1. schedule/week5/tutorial
2025-09-10T16:27:48.974Z - info: Rebuilding 1 pages
2025-09-10T16:27:49.703Z - info: Site data built
2025-09-10T16:27:49.703Z - info: Pages rebuilt
2025-09-10T16:27:49.703Z - info: Website regeneration complete! Total build time: 0.734s
2025-09-10T16:28:03.620Z - info: [00:28:03] Reload for file change: /Users/damithch/Repos/nus-cs2103/cs2103-website-base/schedule/week5/tutorial-cs2103-fragment.md
2025-09-10T16:28:03.620Z - info: Synchronizing opened pages list before reload
2025-09-10T16:28:03.620Z - info: Current opened pages, from most-to-least recent:
2025-09-10T16:28:03.620Z - info: 1. schedule/week5/tutorial
2025-09-10T16:28:04.626Z - info: Rebuilding 1 pages
2025-09-10T16:28:05.329Z - info: Site data built
2025-09-10T16:28:05.329Z - info: Pages rebuilt
2025-09-10T16:28:05.329Z - info: Website regeneration complete! Total build time: 0.705s
2025-09-10T16:28:51.133Z - info: [00:28:51] Reload for file change: /Users/damithch/Repos/nus-cs2103/cs2103-website-base/schedule/week5/tutorial-cs2103-fragment.md
2025-09-10T16:28:51.134Z - info: Synchronizing opened pages list before reload
2025-09-10T16:28:51.134Z - info: Current opened pages, from most-to-least recent:
2025-09-10T16:28:51.134Z - info: 1. schedule/week5/tutorial
2025-09-10T16:28:52.148Z - info: Rebuilding 1 pages
2025-09-10T16:28:52.877Z - info: Site data built
2025-09-10T16:28:52.877Z - info: Pages rebuilt
2025-09-10T16:28:52.877Z - info: Website regeneration complete! Total build time: 0.733s
2025-09-10T16:29:01.833Z - info: [00:29:01] Reload for file change: /Users/damithch/Repos/nus-cs2103/cs2103-website-base/schedule/week5/tutorial-cs2103-fragment.md
2025-09-10T16:29:01.834Z - info: Synchronizing opened pages list before reload
2025-09-10T16:29:01.835Z - info: Current opened pages, from most-to-least recent:
2025-09-10T16:29:01.835Z - info: 1. schedule/week5/tutorial
2025-09-10T16:29:02.837Z - info: Rebuilding 1 pages
2025-09-10T16:29:03.532Z - info: Site data built
2025-09-10T16:29:03.532Z - info: Pages rebuilt
2025-09-10T16:29:03.532Z - info: Website regeneration complete! Total build time: 0.697s
2025-09-10T16:29:18.134Z - info: [00:29:18] Reload for file change: /Users/damithch/Repos/nus-cs2103/cs2103-website-base/schedule/week5/tutorial-cs2103-fragment.md
2025-09-10T16:29:18.134Z - info: Synchronizing opened pages list before reload
2025-09-10T16:29:18.134Z - info: Current opened pages, from most-to-least recent:
2025-09-10T16:29:18.135Z - info: 1. schedule/week5/tutorial
2025-09-10T16:29:19.150Z - info: Rebuilding 1 pages
2025-09-10T16:29:19.850Z - info: Site data built
2025-09-10T16:29:19.850Z - info: Pages rebuilt
2025-09-10T16:29:19.850Z - info: Website regeneration complete! Total build time: 0.703s
2025-09-10T16:29:42.415Z - info: [00:29:42] Reload for file change: /Users/damithch/Repos/nus-cs2103/cs2103-website-base/schedule/week5/tutorial-cs2103-fragment.md
2025-09-10T16:29:42.416Z - info: Synchronizing opened pages list before reload
2025-09-10T16:29:42.416Z - info: Current opened pages, from most-to-least recent:
2025-09-10T16:29:42.416Z - info: 1. schedule/week5/tutorial
2025-09-10T16:29:43.428Z - info: Rebuilding 1 pages
2025-09-10T16:29:44.133Z - info: Site data built
2025-09-10T16:29:44.133Z - info: Pages rebuilt
2025-09-10T16:29:44.133Z - info: Website regeneration complete! Total build time: 0.707s
2025-09-10T16:30:28.652Z - info: [00:30:28] Reload for file change: /Users/damithch/Repos/nus-cs2103/cs2103-website-base/schedule/week5/tutorial-cs2103-fragment.md
2025-09-10T16:30:28.652Z - info: Synchronizing opened pages list before reload
2025-09-10T16:30:28.652Z - info: Current opened pages, from most-to-least recent:
2025-09-10T16:30:28.652Z - info: 1. schedule/week5/tutorial
2025-09-10T16:30:29.658Z - info: Rebuilding 1 pages
2025-09-10T16:30:30.406Z - info: Site data built
2025-09-10T16:30:30.406Z - info: Pages rebuilt
2025-09-10T16:30:30.406Z - info: Website regeneration complete! Total build time: 0.752s
2025-09-10T16:32:59.062Z - info: [00:32:59] Reload for file change: /Users/damithch/Repos/nus-cs2103/cs2103-website-base/schedule/week6/tutorial-cs2103-fragment.md
2025-09-10T16:32:59.063Z - info: Synchronizing opened pages list before reload
2025-09-10T16:32:59.064Z - info: Current opened pages, from most-to-least recent:
2025-09-10T16:32:59.064Z - info: 1. schedule/week6/tutorial
2025-09-10T16:33:00.069Z - info: Rebuilding 1 pages
2025-09-10T16:33:00.234Z - info: Site data built
2025-09-10T16:33:00.234Z - info: Pages rebuilt
2025-09-10T16:33:00.234Z - info: Website regeneration complete! Total build time: 0.167s
2025-09-10T16:33:30.760Z - info: [00:33:30] Reload for file change: /Users/damithch/Repos/nus-cs2103/cs2103-website-base/schedule/week6/tutorial-cs2103-fragment.md
2025-09-10T16:33:30.760Z - info: Synchronizing opened pages list before reload
2025-09-10T16:33:30.761Z - info: Current opened pages, from most-to-least recent:
2025-09-10T16:33:30.761Z - info: 1. schedule/week6/tutorial
2025-09-10T16:33:31.768Z - info: Rebuilding 1 pages
2025-09-10T16:33:31.895Z - info: Site data built
2025-09-10T16:33:31.895Z - info: Pages rebuilt
2025-09-10T16:33:31.895Z - info: Website regeneration complete! Total build time: 0.129s
2025-09-10T16:33:40.149Z - info: [00:33:40] Reload for file change: /Users/damithch/Repos/nus-cs2103/cs2103-website-base/schedule/week6/tutorial-cs2103-fragment.md
2025-09-10T16:33:40.149Z - info: Synchronizing opened pages list before reload
2025-09-10T16:33:40.150Z - info: Current opened pages, from most-to-least recent:
2025-09-10T16:33:40.150Z - info: 1. schedule/week6/tutorial
2025-09-10T16:33:41.166Z - info: Rebuilding 1 pages
2025-09-10T16:33:41.256Z - error:  Template render error: (/Users/damithch/Repos/nus-cs2103/cs2103-website-base/schedule/week6/tutorial-cs2103-fragment.md) [Line 19, Column 15]
  Template render error: (/Users/damithch/Repos/nus-cs2103/cs2103-website-base/schedule/week6/tutorial-cs2103-fragment.md)
  Template render error: (/Users/damithch/Repos/nus-cs2103/cs2103-website-base/schedule/week6/tutorial-cs2103-fragment.md)
  Template render error: (/Users/damithch/Repos/nus-cs2103/cs2103-website-base/schedule/week6/tutorial-cs2103-fragment.md)
  Error: Unable to call `timing_badge`, which is undefined or falsey
    at Object._prettifyError (/opt/homebrew/lib/node_modules/markbind-cli/node_modules/nunjucks/src/lib.js:32:11)
    at /opt/homebrew/lib/node_modules/markbind-cli/node_modules/@markbind/core/src/patches/nunjucks/context-overrides-frame.js:383:17
    at Template.root [as rootRenderFunc] (eval at _compile (/opt/homebrew/lib/node_modules/markbind-cli/node_modules/nunjucks/src/environment.js:527:18), <anonymous>:53:3)
    at Template.render (/opt/homebrew/lib/node_modules/markbind-cli/node_modules/@markbind/core/src/patches/nunjucks/context-overrides-frame.js:372:8)
    at /opt/homebrew/lib/node_modules/markbind-cli/node_modules/@markbind/core/src/patches/nunjucks/context-overrides-frame.js:54:25
    at createTemplate (/opt/homebrew/lib/node_modules/markbind-cli/node_modules/@markbind/core/src/patches/nunjucks/load-event.js:121:7)
    at handle (/opt/homebrew/lib/node_modules/markbind-cli/node_modules/@markbind/core/src/patches/nunjucks/load-event.js:133:9)
    at /opt/homebrew/lib/node_modules/markbind-cli/node_modules/@markbind/core/src/patches/nunjucks/load-event.js:145:7
    at next (/opt/homebrew/lib/node_modules/markbind-cli/node_modules/nunjucks/src/lib.js:258:7)
    at Object.asyncIter (/opt/homebrew/lib/node_modules/markbind-cli/node_modules/nunjucks/src/lib.js:263:3)
    at Environment.getTemplate (/opt/homebrew/lib/node_modules/markbind-cli/node_modules/@markbind/core/src/patches/nunjucks/load-event.js:127:7)
    at Environment.render (/opt/homebrew/lib/node_modules/markbind-cli/node_modules/@markbind/core/src/patches/nunjucks/context-overrides-frame.js:48:8)
    at VariableRenderer.renderFile (/opt/homebrew/lib/node_modules/markbind-cli/node_modules/@markbind/core/src/variables/VariableRenderer.js:73:24)
    at VariableProcessor.renderWithSiteVariables (/opt/homebrew/lib/node_modules/markbind-cli/node_modules/@markbind/core/src/variables/VariableProcessor.js:154:57)
    at VariableProcessor.renderIncludeFile (/opt/homebrew/lib/node_modules/markbind-cli/node_modules/@markbind/core/src/variables/VariableProcessor.js:231:38)
    at processInclude (/opt/homebrew/lib/node_modules/markbind-cli/node_modules/@markbind/core/src/html/includePanelProcessor.js:198:68)
2025-09-10T16:33:41.280Z - info: Site data built
2025-09-10T16:33:41.280Z - info: Pages rebuilt
2025-09-10T16:33:41.280Z - info: Website regeneration complete! Total build time: 0.117s
2025-09-10T16:33:55.478Z - info: [00:33:55] Reload for file change: /Users/damithch/Repos/nus-cs2103/cs2103-website-base/schedule/week6/tutorial-cs2103-fragment.md
2025-09-10T16:33:55.479Z - info: Synchronizing opened pages list before reload
2025-09-10T16:33:55.479Z - info: Current opened pages, from most-to-least recent:
2025-09-10T16:33:55.479Z - info: 1. schedule/week6/tutorial
2025-09-10T16:33:56.487Z - info: Rebuilding 1 pages
2025-09-10T16:33:56.604Z - info: Site data built
2025-09-10T16:33:56.604Z - info: Pages rebuilt
2025-09-10T16:33:56.604Z - info: Website regeneration complete! Total build time: 0.12s
2025-09-10T16:34:03.448Z - info: [00:34:03] Reload for file change: /Users/damithch/Repos/nus-cs2103/cs2103-website-base/schedule/week6/tutorial-cs2103-fragment.md
2025-09-10T16:34:03.449Z - info: Synchronizing opened pages list before reload
2025-09-10T16:34:03.449Z - info: Current opened pages, from most-to-least recent:
2025-09-10T16:34:03.449Z - info: 1. schedule/week6/tutorial
2025-09-10T16:34:04.459Z - info: Rebuilding 1 pages
2025-09-10T16:34:04.567Z - info: Site data built
2025-09-10T16:34:04.567Z - info: Pages rebuilt
2025-09-10T16:34:04.567Z - info: Website regeneration complete! Total build time: 0.11s
2025-09-10T16:34:54.823Z - info: [00:34:54] Reload for file change: /Users/damithch/Repos/nus-cs2103/cs2103-website-base/schedule/week6/tutorial-cs2103-fragment.md
2025-09-10T16:34:54.823Z - info: Synchronizing opened pages list before reload
2025-09-10T16:34:54.823Z - info: Current opened pages, from most-to-least recent:
2025-09-10T16:34:54.823Z - info: 1. schedule/week6/tutorial
2025-09-10T16:34:55.835Z - info: Rebuilding 1 pages
2025-09-10T16:34:56.001Z - info: Site data built
2025-09-10T16:34:56.001Z - info: Pages rebuilt
2025-09-10T16:34:56.001Z - info: Website regeneration complete! Total build time: 0.169s
2025-09-10T16:35:13.602Z - info: [00:35:13] Reload for file change: /Users/damithch/Repos/nus-cs2103/cs2103-website-base/schedule/week6/tutorial-cs2103-fragment.md
2025-09-10T16:35:13.602Z - info: Synchronizing opened pages list before reload
2025-09-10T16:35:13.603Z - info: Current opened pages, from most-to-least recent:
2025-09-10T16:35:13.603Z - info: 1. schedule/week6/tutorial
2025-09-10T16:35:14.606Z - info: Rebuilding 1 pages
2025-09-10T16:35:14.747Z - info: Site data built
2025-09-10T16:35:14.747Z - info: Pages rebuilt
2025-09-10T16:35:14.747Z - info: Website regeneration complete! Total build time: 0.143s
2025-09-10T16:35:42.192Z - info: [00:35:42] Reload for file change: /Users/damithch/Repos/nus-cs2103/cs2103-website-base/schedule/week6/tutorial-cs2103-fragment.md
2025-09-10T16:35:42.192Z - info: Synchronizing opened pages list before reload
2025-09-10T16:35:42.192Z - info: Current opened pages, from most-to-least recent:
2025-09-10T16:35:42.192Z - info: 1. schedule/week6/tutorial
2025-09-10T16:35:43.201Z - info: Rebuilding 1 pages
2025-09-10T16:35:43.371Z - info: Site data built
2025-09-10T16:35:43.371Z - info: Pages rebuilt
2025-09-10T16:35:43.371Z - info: Website regeneration complete! Total build time: 0.172s
2025-09-10T16:35:53.953Z - info: [00:35:53] Reload for file change: /Users/damithch/Repos/nus-cs2103/cs2103-website-base/schedule/week6/tutorial-cs2103-fragment.md
2025-09-10T16:35:53.953Z - info: Synchronizing opened pages list before reload
2025-09-10T16:35:53.953Z - info: Current opened pages, from most-to-least recent:
2025-09-10T16:35:53.953Z - info: 1. schedule/week6/tutorial
2025-09-10T16:35:54.957Z - info: Rebuilding 1 pages
2025-09-10T16:35:55.071Z - info: Site data built
2025-09-10T16:35:55.071Z - info: Pages rebuilt
2025-09-10T16:35:55.071Z - info: Website regeneration complete! Total build time: 0.116s
2025-09-10T16:36:26.578Z - info: [00:36:26] Reload for file change: /Users/damithch/Repos/nus-cs2103/cs2103-website-base/schedule/week6/tutorial-cs2103-fragment.md
2025-09-10T16:36:26.580Z - info: Synchronizing opened pages list before reload
2025-09-10T16:36:26.581Z - info: Current opened pages, from most-to-least recent:
2025-09-10T16:36:26.581Z - info: 1. schedule/week6/tutorial
2025-09-10T16:36:27.590Z - info: Rebuilding 1 pages
2025-09-10T16:36:27.708Z - info: Site data built
2025-09-10T16:36:27.708Z - info: Pages rebuilt
2025-09-10T16:36:27.708Z - info: Website regeneration complete! Total build time: 0.12s
2025-09-10T16:37:36.161Z - info: [00:37:36] Reload for file change: /Users/damithch/Repos/nus-cs2103/cs2103-website-base/schedule/week6/tutorial-cs2103-fragment.md
2025-09-10T16:37:36.165Z - info: Synchronizing opened pages list before reload
2025-09-10T16:37:36.168Z - info: Current opened pages, from most-to-least recent:
2025-09-10T16:37:36.168Z - info: 1. schedule/week6/tutorial
2025-09-10T16:37:37.176Z - info: Rebuilding 1 pages
2025-09-10T16:37:37.339Z - info: Site data built
2025-09-10T16:37:37.339Z - info: Pages rebuilt
2025-09-10T16:37:37.339Z - info: Website regeneration complete! Total build time: 0.166s
2025-09-10T16:39:01.010Z - info: Building /Users/damithch/Repos/nus-cs2103/cs2103-website-base/schedule/week7/index as some of its dependencies were changed since the last visit
2025-09-10T16:39:01.410Z - info: Site data built
2025-09-10T16:39:01.410Z - info: Lazy website regeneration complete! Total build time: 0.401s
2025-09-10T17:08:24.519Z - info: Building /Users/damithch/Repos/nus-cs2103/cs2103-website-base/admin/tp-grading as some of its dependencies were changed since the last visit
2025-09-10T17:08:24.923Z - info: Site data built
2025-09-10T17:08:24.923Z - info: Lazy website regeneration complete! Total build time: 0.406s
2025-09-10T17:26:12.729Z - info: Website generation started at 01:26:11
2025-09-10T17:26:13.412Z - warn: ENOENT: no such file or directory, open '/Users/damithch/Repos/nus-cs2103/cs2103-website-base/node_modules/.cache/gh-pages/https!github.com!nus-tic2002-AY2526S1!website.git/book/_markbind/variables.md'
2025-09-10T17:26:13.412Z - warn: ENOENT: no such file or directory, open '/Users/damithch/Repos/nus-cs2103/cs2103-website-base/node_modules/.cache/gh-pages/https!github.com!nus-tic2002-AY2526S1!website.git/_markbind/variables.md'
2025-09-10T17:26:13.432Z - info: Building assets...
2025-09-10T17:26:15.957Z - info: Assets built
2025-09-10T17:26:15.957Z - info: Generating pages...
2025-09-10T17:26:20.711Z - debug:  
2025-09-10T17:26:20.711Z - debug:  
2025-09-10T17:26:23.784Z - debug:  
2025-09-10T17:26:23.784Z - debug:  
2025-09-10T17:26:23.784Z - debug:  
2025-09-10T17:26:23.784Z - debug:  
2025-09-10T17:26:23.784Z - debug:  
2025-09-10T17:26:23.784Z - debug:  
2025-09-10T17:26:23.784Z - debug:  
2025-09-10T17:26:23.784Z - debug:  
2025-09-10T17:26:23.784Z - debug:  
2025-09-10T17:26:26.046Z - debug:  
2025-09-10T17:26:26.108Z - debug:  
2025-09-10T17:26:26.129Z - debug:  
2025-09-10T17:26:26.143Z - debug:  
2025-09-10T17:26:26.152Z - debug:  
2025-09-10T17:26:26.166Z - debug:  
2025-09-10T17:26:35.922Z - debug:  
2025-09-10T17:27:34.164Z - debug:  
2025-09-10T17:27:46.068Z - debug:  
2025-09-10T17:27:46.082Z - debug:  
2025-09-10T17:27:54.855Z - info: Pages built
2025-09-10T17:27:54.931Z - info: Site data built
2025-09-10T17:27:54.931Z - info: Website generation complete! Total build time: 103.426s
2025-09-10T17:27:54.931Z - info: Build success!
2025-09-10T17:28:19.376Z - info: The website has been deployed at: https://nus-cs2103-ay2526s1.github.io/website
2025-09-11T09:23:38.361Z - info: Website generation (lazy) started at 17:23:36
2025-09-11T09:23:38.999Z - warn: ENOENT: no such file or directory, open '/Users/damithch/Repos/nus-cs2103/cs2103-website-base/node_modules/.cache/gh-pages/https!github.com!nus-cs2103-AY2526S1!website.git/book/_markbind/variables.md'
2025-09-11T09:23:38.999Z - warn: ENOENT: no such file or directory, open '/Users/damithch/Repos/nus-cs2103/cs2103-website-base/node_modules/.cache/gh-pages/https!github.com!nus-cs2103-AY2526S1!website.git/_markbind/variables.md'
2025-09-11T09:23:39.018Z - info: Building assets...
2025-09-11T09:23:41.885Z - info: Assets built
2025-09-11T09:23:41.886Z - info: Generating landing page...
2025-09-11T09:23:42.386Z - info: Landing page built, other pages will be built as you navigate to them!
2025-09-11T09:23:42.461Z - info: Site data built
2025-09-11T09:23:42.462Z - info: Website generation (lazy) complete! Total build time: 5.496s
2025-09-11T09:23:42.475Z - info: Serving "/Users/damithch/Repos/nus-cs2103/cs2103-website-base/_site" at http://127.0.0.1:8080
2025-09-11T09:23:42.475Z - info: Press CTRL+C to stop ...
2025-09-11T09:24:10.291Z - info: Building /Users/damithch/Repos/nus-cs2103/cs2103-website-base/admin/teamList as some of its dependencies were changed since the last visit
2025-09-11T09:24:11.302Z - info: Site data built
2025-09-11T09:24:11.302Z - info: Lazy website regeneration complete! Total build time: 1.011s
2025-09-11T09:27:42.648Z - info: [17:27:42] Reload for file change: /Users/damithch/Repos/nus-cs2103/cs2103-website-base/_course-CS2103/studentData-fragment.md
2025-09-11T09:27:42.650Z - info: Synchronizing opened pages list before reload
2025-09-11T09:27:42.652Z - info: Current opened pages, from most-to-least recent:
2025-09-11T09:27:42.652Z - info: 1. admin/teamList
2025-09-11T09:27:43.669Z - info: Rebuilding 1 pages
2025-09-11T09:27:44.622Z - info: Site data built
2025-09-11T09:27:44.622Z - info: Pages rebuilt
2025-09-11T09:27:44.622Z - info: Website regeneration complete! Total build time: 0.956s
2025-09-11T09:28:48.582Z - info: [17:28:48] Reload for file change: /Users/damithch/Repos/nus-cs2103/cs2103-website-base/_course-CS2103/studentData-fragment.md
2025-09-11T09:28:48.584Z - info: Synchronizing opened pages list before reload
2025-09-11T09:28:48.585Z - info: Current opened pages, from most-to-least recent:
2025-09-11T09:28:48.586Z - info: 1. admin/teamList
2025-09-11T09:28:49.597Z - info: Rebuilding 1 pages
2025-09-11T09:28:50.545Z - info: Site data built
2025-09-11T09:28:50.545Z - info: Pages rebuilt
2025-09-11T09:28:50.546Z - info: Website regeneration complete! Total build time: 0.952s
2025-09-11T09:30:47.265Z - info: [17:30:47] Reload for file change: /Users/damithch/Repos/nus-cs2103/cs2103-website-base/_course-CS2103/studentData-fragment.md
2025-09-11T09:30:47.267Z - info: Synchronizing opened pages list before reload
2025-09-11T09:30:47.269Z - info: Current opened pages, from most-to-least recent:
2025-09-11T09:30:47.270Z - info: 1. admin/teamList
2025-09-11T09:30:48.282Z - info: Rebuilding 1 pages
2025-09-11T09:30:49.219Z - info: Site data built
2025-09-11T09:30:49.219Z - info: Pages rebuilt
2025-09-11T09:30:49.220Z - info: Website regeneration complete! Total build time: 0.945s
