2025-07-05T16:08:00.743Z - info: [00:08:00] Reload for file change: /Users/damithch/Repos/nus-cs2103/cs2103-website-base/book/gitAndGithub/pull/text.md
2025-07-05T16:08:00.753Z - info: Synchronizing opened pages list before reload
2025-07-05T16:08:00.753Z - info: Current opened pages, from most-to-least recent:
2025-07-05T16:08:00.753Z - info: 1. book/gitAndGithub/pull/index
2025-07-05T16:08:01.759Z - info: Rebuilding 1 pages
2025-07-05T16:08:01.913Z - info: Site data built
2025-07-05T16:08:01.914Z - info: Pages rebuilt
2025-07-05T16:08:01.914Z - info: Website regeneration complete! Total build time: 0.157s
2025-07-05T16:31:10.855Z - info: [00:31:10] Reload for file change: /Users/damithch/Repos/nus-cs2103/cs2103-website-base/book/gitAndGithub/pull/text.md
2025-07-05T16:31:10.857Z - info: Synchronizing opened pages list before reload
2025-07-05T16:31:10.857Z - info: Current opened pages, from most-to-least recent:
2025-07-05T16:31:10.857Z - info: 1. book/gitAndGithub/pull/index
2025-07-05T16:31:11.881Z - info: Rebuilding 1 pages
2025-07-05T16:31:12.025Z - info: Site data built
2025-07-05T16:31:12.026Z - info: Pages rebuilt
2025-07-05T16:31:12.026Z - info: Website regeneration complete! Total build time: 0.164s
2025-07-05T16:33:24.500Z - info: [00:33:24] Reload for file change: /Users/damithch/Repos/nus-cs2103/cs2103-website-base/book/gitAndGithub/pull/text.md
2025-07-05T16:33:24.501Z - info: Synchronizing opened pages list before reload
2025-07-05T16:33:24.501Z - info: No pages are currently opened
2025-07-05T16:33:25.516Z - info: No pages needed to be rebuilt
2025-07-05T16:33:33.083Z - info: Building /Users/damithch/Repos/nus-cs2103/cs2103-website-base/book/gitAndGithub/pull/index as some of its dependencies were changed since the last visit
2025-07-05T16:33:33.244Z - info: Site data built
2025-07-05T16:33:33.245Z - info: Lazy website regeneration complete! Total build time: 0.162s
2025-07-05T16:34:13.175Z - info: [00:34:13] Reload for file change: /Users/damithch/Repos/nus-cs2103/cs2103-website-base/book/gitAndGithub/pull/text.md
2025-07-05T16:34:13.175Z - info: Synchronizing opened pages list before reload
2025-07-05T16:34:13.176Z - info: Current opened pages, from most-to-least recent:
2025-07-05T16:34:13.176Z - info: 1. book/gitAndGithub/pull/index
2025-07-05T16:34:14.180Z - info: Rebuilding 1 pages
2025-07-05T16:34:14.319Z - info: Site data built
2025-07-05T16:34:14.319Z - info: Pages rebuilt
2025-07-05T16:34:14.319Z - info: Website regeneration complete! Total build time: 0.141s
2025-07-05T16:35:28.345Z - info: [00:35:28] Reload for file change: /Users/damithch/Repos/nus-cs2103/cs2103-website-base/book/gitAndGithub/pull/text.md
2025-07-05T16:35:28.345Z - info: Synchronizing opened pages list before reload
2025-07-05T16:35:28.346Z - info: Current opened pages, from most-to-least recent:
2025-07-05T16:35:28.346Z - info: 1. book/gitAndGithub/pull/index
2025-07-05T16:35:29.351Z - info: Rebuilding 1 pages
2025-07-05T16:35:29.505Z - info: Site data built
2025-07-05T16:35:29.505Z - info: Pages rebuilt
2025-07-05T16:35:29.505Z - info: Website regeneration complete! Total build time: 0.156s
2025-07-05T16:38:14.629Z - info: [00:38:14] Reload for file change: /Users/damithch/Repos/nus-cs2103/cs2103-website-base/book/gitAndGithub/pull/text.md
2025-07-05T16:38:14.630Z - info: Synchronizing opened pages list before reload
2025-07-05T16:38:14.630Z - info: Current opened pages, from most-to-least recent:
2025-07-05T16:38:14.630Z - info: 1. book/gitAndGithub/pull/index
2025-07-05T16:38:15.634Z - info: Rebuilding 1 pages
2025-07-05T16:38:15.762Z - info: Site data built
2025-07-05T16:38:15.762Z - info: Pages rebuilt
2025-07-05T16:38:15.762Z - info: Website regeneration complete! Total build time: 0.129s
2025-07-05T16:38:54.386Z - info: [00:38:54] Reload for file change: /Users/damithch/Repos/nus-cs2103/cs2103-website-base/book/gitAndGithub/pull/text.md
2025-07-05T16:38:54.387Z - info: Synchronizing opened pages list before reload
2025-07-05T16:38:54.387Z - info: Current opened pages, from most-to-least recent:
2025-07-05T16:38:54.387Z - info: 1. book/gitAndGithub/pull/index
2025-07-05T16:38:55.395Z - info: Rebuilding 1 pages
2025-07-05T16:38:55.552Z - info: Site data built
2025-07-05T16:38:55.552Z - info: Pages rebuilt
2025-07-05T16:38:55.552Z - info: Website regeneration complete! Total build time: 0.158s
2025-07-05T16:51:17.668Z - info: [00:51:17] Reload for file change: /Users/damithch/Repos/nus-cs2103/cs2103-website-base/book/gitAndGithub/pull/text.md
2025-07-05T16:51:17.669Z - info: Synchronizing opened pages list before reload
2025-07-05T16:51:17.670Z - info: Current opened pages, from most-to-least recent:
2025-07-05T16:51:17.670Z - info: 1. book/gitAndGithub/pull/index
2025-07-05T16:51:18.691Z - info: Rebuilding 1 pages
2025-07-05T16:51:18.875Z - info: Site data built
2025-07-05T16:51:18.876Z - info: Pages rebuilt
2025-07-05T16:51:18.876Z - info: Website regeneration complete! Total build time: 0.199s
2025-07-05T16:53:38.656Z - info: [00:53:38] Reload for file add: /Users/damithch/Repos/nus-cs2103/cs2103-website-base/book/gitAndGithub/pull/images/sourcetreePullDialog.png
2025-07-05T16:53:38.657Z - info: Synchronizing opened pages list before reload
2025-07-05T16:53:38.657Z - info: Current opened pages, from most-to-least recent:
2025-07-05T16:53:38.657Z - info: 1. book/gitAndGithub/pull/index
2025-07-05T16:53:39.763Z - info: Assets built
2025-07-05T16:54:11.850Z - info: [00:54:11] Reload for file change: /Users/damithch/Repos/nus-cs2103/cs2103-website-base/book/gitAndGithub/pull/text.md
2025-07-05T16:54:11.851Z - info: Synchronizing opened pages list before reload
2025-07-05T16:54:11.851Z - info: Current opened pages, from most-to-least recent:
2025-07-05T16:54:11.851Z - info: 1. book/gitAndGithub/pull/index
2025-07-05T16:54:12.864Z - info: Rebuilding 1 pages
2025-07-05T16:54:13.014Z - info: Site data built
2025-07-05T16:54:13.014Z - info: Pages rebuilt
2025-07-05T16:54:13.014Z - info: Website regeneration complete! Total build time: 0.151s
2025-07-05T16:54:19.455Z - info: [00:54:19] Reload for file change: /Users/damithch/Repos/nus-cs2103/cs2103-website-base/book/gitAndGithub/pull/text.md
2025-07-05T16:54:19.456Z - info: Synchronizing opened pages list before reload
2025-07-05T16:54:19.456Z - info: Current opened pages, from most-to-least recent:
2025-07-05T16:54:19.457Z - info: 1. book/gitAndGithub/pull/index
2025-07-05T16:54:20.465Z - info: Rebuilding 1 pages
2025-07-05T16:54:20.570Z - info: Site data built
2025-07-05T16:54:20.570Z - info: Pages rebuilt
2025-07-05T16:54:20.570Z - info: Website regeneration complete! Total build time: 0.107s
2025-07-05T16:54:27.943Z - info: [00:54:27] Reload for file change: /Users/damithch/Repos/nus-cs2103/cs2103-website-base/book/gitAndGithub/pull/text.md
2025-07-05T16:54:27.943Z - info: Synchronizing opened pages list before reload
2025-07-05T16:54:27.943Z - info: Current opened pages, from most-to-least recent:
2025-07-05T16:54:27.943Z - info: 1. book/gitAndGithub/pull/index
2025-07-05T16:54:28.952Z - info: Rebuilding 1 pages
2025-07-05T16:54:29.082Z - info: Site data built
2025-07-05T16:54:29.082Z - info: Pages rebuilt
2025-07-05T16:54:29.082Z - info: Website regeneration complete! Total build time: 0.132s
2025-07-05T16:55:58.146Z - info: [00:55:58] Reload for file change: /Users/damithch/Repos/nus-cs2103/cs2103-website-base/book/gitAndGithub/pull/text.md
2025-07-05T16:55:58.146Z - info: Synchronizing opened pages list before reload
2025-07-05T16:55:58.146Z - info: Current opened pages, from most-to-least recent:
2025-07-05T16:55:58.147Z - info: 1. book/gitAndGithub/pull/index
2025-07-05T16:55:59.149Z - info: Rebuilding 1 pages
2025-07-05T16:55:59.298Z - info: Site data built
2025-07-05T16:55:59.298Z - info: Pages rebuilt
2025-07-05T16:55:59.298Z - info: Website regeneration complete! Total build time: 0.15s
2025-07-05T16:57:00.808Z - info: [00:57:00] Reload for file change: /Users/damithch/Repos/nus-cs2103/cs2103-website-base/book/gitAndGithub/pull/text.md
2025-07-05T16:57:00.808Z - info: Synchronizing opened pages list before reload
2025-07-05T16:57:00.809Z - info: Current opened pages, from most-to-least recent:
2025-07-05T16:57:00.809Z - info: 1. book/gitAndGithub/pull/index
2025-07-05T16:57:01.813Z - info: Rebuilding 1 pages
2025-07-05T16:57:01.947Z - info: Site data built
2025-07-05T16:57:01.947Z - info: Pages rebuilt
2025-07-05T16:57:01.947Z - info: Website regeneration complete! Total build time: 0.135s
2025-07-05T16:57:37.955Z - info: [00:57:37] Reload for file change: /Users/damithch/Repos/nus-cs2103/cs2103-website-base/book/gitAndGithub/pull/text.md
2025-07-05T16:57:37.956Z - info: Synchronizing opened pages list before reload
2025-07-05T16:57:37.956Z - info: Current opened pages, from most-to-least recent:
2025-07-05T16:57:37.956Z - info: 1. book/gitAndGithub/pull/index
2025-07-05T16:57:38.973Z - info: Rebuilding 1 pages
2025-07-05T16:57:39.082Z - info: Site data built
2025-07-05T16:57:39.082Z - info: Pages rebuilt
2025-07-05T16:57:39.082Z - info: Website regeneration complete! Total build time: 0.111s
2025-07-05T16:59:40.277Z - info: [00:59:40] Reload for file change: /Users/damithch/Repos/nus-cs2103/cs2103-website-base/book/gitAndGithub/pull/text.md
2025-07-05T16:59:40.277Z - info: Synchronizing opened pages list before reload
2025-07-05T16:59:40.278Z - info: Current opened pages, from most-to-least recent:
2025-07-05T16:59:40.278Z - info: 1. book/gitAndGithub/pull/index
2025-07-05T16:59:41.288Z - info: Rebuilding 1 pages
2025-07-05T16:59:41.421Z - info: Site data built
2025-07-05T16:59:41.421Z - info: Pages rebuilt
2025-07-05T16:59:41.421Z - info: Website regeneration complete! Total build time: 0.134s
2025-07-05T16:59:53.865Z - info: Building /Users/damithch/Repos/nus-cs2103/cs2103-website-base/se-book-adapted/git-trail/index as some of its dependencies were changed since the last visit
2025-07-05T16:59:54.208Z - info: Site data built
2025-07-05T16:59:54.208Z - info: Lazy website regeneration complete! Total build time: 0.343s
2025-07-05T17:00:47.161Z - info: Website generation started at 01:00:46
2025-07-05T17:00:47.500Z - warn: ENOENT: no such file or directory, open '/Users/damithch/Repos/nus-cs2103/cs2103-website-base/node_modules/.cache/gh-pages/https!github.com!nus-cs2103-AY2526S1!website.git/book/_markbind/variables.md'
2025-07-05T17:00:47.501Z - warn: ENOENT: no such file or directory, open '/Users/damithch/Repos/nus-cs2103/cs2103-website-base/node_modules/.cache/gh-pages/https!github.com!nus-cs2103-AY2526S1!website.git/_markbind/variables.md'
2025-07-05T17:00:47.520Z - info: Building assets...
