2025-11-09T17:00:41.361Z - info: Website generation started at 01:00:40
2025-11-09T17:00:41.970Z - warn: ENOENT: no such file or directory, open '/Users/damithch/Repos/nus-cs2103/cs2103-website-base/node_modules/.cache/gh-pages/https!github.com!nus-cs2103-AY2526S1!website.git/book/_markbind/variables.md'
2025-11-09T17:00:41.970Z - warn: ENOENT: no such file or directory, open '/Users/damithch/Repos/nus-cs2103/cs2103-website-base/node_modules/.cache/gh-pages/https!github.com!nus-cs2103-AY2526S1!website.git/_markbind/variables.md'
2025-11-09T17:00:41.991Z - info: Building assets...
2025-11-09T17:00:45.001Z - info: Assets built
2025-11-09T17:00:45.002Z - info: Generating pages...
2025-11-09T17:00:53.956Z - debug:  
2025-11-09T17:00:53.956Z - debug:  
2025-11-09T17:00:53.956Z - debug:  
2025-11-09T17:00:53.956Z - debug:  
2025-11-09T17:00:53.956Z - debug:  
2025-11-09T17:00:53.956Z - debug:  
2025-11-09T17:00:53.956Z - debug:  
2025-11-09T17:00:53.956Z - debug:  
2025-11-09T17:00:53.956Z - debug:  
2025-11-09T17:00:53.956Z - debug:  
2025-11-09T17:00:53.956Z - debug:  
2025-11-09T17:00:53.957Z - debug:  
2025-11-09T17:00:56.317Z - debug:  
2025-11-09T17:00:56.374Z - debug:  
2025-11-09T17:00:56.376Z - debug:  
2025-11-09T17:00:56.379Z - debug:  
2025-11-09T17:00:56.435Z - debug:  
2025-11-09T17:00:56.492Z - debug:  
2025-11-09T17:01:06.730Z - debug:  
2025-11-09T17:01:55.488Z - debug:  
2025-11-09T17:01:55.488Z - debug:  
2025-11-09T17:02:07.241Z - debug:  
2025-11-09T17:02:19.501Z - debug:  
2025-11-09T17:02:19.513Z - debug:  
2025-11-09T17:02:28.986Z - info: Pages built
2025-11-09T17:02:29.063Z - info: Site data built
2025-11-09T17:02:29.063Z - info: Website generation complete! Total build time: 109.005s
2025-11-09T17:02:29.063Z - info: Build success!
2025-11-09T17:02:54.881Z - info: The website has been deployed at: https://nus-cs2103-ay2526s1.github.io/website
2025-11-10T05:36:18.761Z - info: Website generation (lazy) started at 13:36:17
2025-11-10T05:36:19.404Z - warn: ENOENT: no such file or directory, open '/Users/damithch/Repos/nus-cs2103/cs2103-website-base/node_modules/.cache/gh-pages/https!github.com!nus-cs2103-AY2526S1!website.git/book/_markbind/variables.md'
2025-11-10T05:36:19.404Z - warn: ENOENT: no such file or directory, open '/Users/damithch/Repos/nus-cs2103/cs2103-website-base/node_modules/.cache/gh-pages/https!github.com!nus-cs2103-AY2526S1!website.git/_markbind/variables.md'
2025-11-10T05:36:19.431Z - info: Building assets...
2025-11-10T05:36:22.707Z - info: Assets built
2025-11-10T05:36:22.713Z - info: Generating landing page...
2025-11-10T05:36:23.062Z - info: Landing page built, other pages will be built as you navigate to them!
2025-11-10T05:36:23.128Z - info: Site data built
2025-11-10T05:36:23.128Z - info: Website generation (lazy) complete! Total build time: 5.727s
2025-11-10T05:36:23.139Z - info: Serving "/Users/damithch/Repos/nus-cs2103/cs2103-website-base/_site" at http://127.0.0.1:8080
2025-11-10T05:36:23.139Z - info: Press CTRL+C to stop ...
2025-11-10T05:36:28.287Z - info: Building /Users/damithch/Repos/nus-cs2103/cs2103-website-base/admin/tp-pe as some of its dependencies were changed since the last visit
2025-11-10T05:36:30.736Z - debug:  
2025-11-10T05:36:30.965Z - debug:  
2025-11-10T05:36:31.165Z - info: Site data built
2025-11-10T05:36:31.166Z - info: Lazy website regeneration complete! Total build time: 2.879s
2025-11-10T05:38:20.885Z - info: [13:38:20] Reload for file change: /Users/damithch/Repos/nus-cs2103/cs2103-website-base/admin/tp-pe-fragment.md
2025-11-10T05:38:20.888Z - info: Synchronizing opened pages list before reload
2025-11-10T05:38:20.889Z - info: Current opened pages, from most-to-least recent:
2025-11-10T05:38:20.889Z - info: 1. admin/tp-pe
2025-11-10T05:38:21.897Z - info: Rebuilding 1 pages
2025-11-10T05:38:22.915Z - info: Site data built
2025-11-10T05:38:22.916Z - info: Pages rebuilt
2025-11-10T05:38:22.916Z - info: Website regeneration complete! Total build time: 1.022s
2025-11-10T05:38:46.693Z - info: [13:38:46] Reload for file change: /Users/damithch/Repos/nus-cs2103/cs2103-website-base/admin/tp-pe-fragment.md
2025-11-10T05:38:46.695Z - info: Synchronizing opened pages list before reload
2025-11-10T05:38:46.695Z - info: Current opened pages, from most-to-least recent:
2025-11-10T05:38:46.695Z - info: 1. admin/tp-pe
2025-11-10T05:38:47.716Z - info: Rebuilding 1 pages
2025-11-10T05:38:48.740Z - info: Site data built
2025-11-10T05:38:48.740Z - info: Pages rebuilt
2025-11-10T05:38:48.740Z - info: Website regeneration complete! Total build time: 1.026s
2025-11-10T05:39:29.150Z - info: Website generation started at 13:39:28
2025-11-10T05:39:29.580Z - warn: ENOENT: no such file or directory, open '/Users/damithch/Repos/nus-cs2103/cs2103-website-base/node_modules/.cache/gh-pages/https!github.com!nus-cs2103-AY2526S1!website.git/book/_markbind/variables.md'
2025-11-10T05:39:29.580Z - warn: ENOENT: no such file or directory, open '/Users/damithch/Repos/nus-cs2103/cs2103-website-base/node_modules/.cache/gh-pages/https!github.com!nus-cs2103-AY2526S1!website.git/_markbind/variables.md'
2025-11-10T05:39:29.599Z - info: Building assets...
