2025-07-21T14:41:29.992Z - info: Website generation (lazy) started at 22:41:29
2025-07-21T14:41:30.415Z - warn: ENOENT: no such file or directory, open '/Users/damithch/Repos/nus-cs2103/cs2103-website-base/node_modules/.cache/gh-pages/https!github.com!nus-cs2103-AY2526S1!website.git/book/_markbind/variables.md'
2025-07-21T14:41:30.415Z - warn: ENOENT: no such file or directory, open '/Users/damithch/Repos/nus-cs2103/cs2103-website-base/node_modules/.cache/gh-pages/https!github.com!nus-cs2103-AY2526S1!website.git/_markbind/variables.md'
2025-07-21T14:41:30.437Z - info: Building assets...
2025-07-21T14:41:32.477Z - info: Assets built
2025-07-21T14:41:32.477Z - info: Generating landing page...
2025-07-21T14:41:32.723Z - info: Landing page built, other pages will be built as you navigate to them!
2025-07-21T14:41:32.789Z - info: Site data built
2025-07-21T14:41:32.790Z - info: Website generation (lazy) complete! Total build time: 3.611s
2025-07-21T14:41:32.801Z - info: Serving "/Users/damithch/Repos/nus-cs2103/cs2103-website-base/_site" at http://127.0.0.1:8080
2025-07-21T14:41:32.801Z - info: Press CTRL+C to stop ...
2025-07-21T15:10:16.362Z - info: Website generation started at 23:10:15
2025-07-21T15:10:16.604Z - warn: ENOENT: no such file or directory, open '/Users/damithch/Repos/nus-cs2103/cs2103-website-base/node_modules/.cache/gh-pages/https!github.com!nus-cs2103-AY2526S1!website.git/book/_markbind/variables.md'
2025-07-21T15:10:16.604Z - warn: ENOENT: no such file or directory, open '/Users/damithch/Repos/nus-cs2103/cs2103-website-base/node_modules/.cache/gh-pages/https!github.com!nus-cs2103-AY2526S1!website.git/_markbind/variables.md'
2025-07-21T15:10:16.624Z - info: Building assets...
2025-07-21T15:10:18.511Z - info: Assets built
2025-07-21T15:10:18.513Z - info: Generating pages...
2025-07-21T15:10:26.861Z - debug:  
2025-07-21T15:10:26.861Z - debug:  
2025-07-21T15:10:27.094Z - debug:  
2025-07-21T15:10:27.094Z - debug:  
2025-07-21T15:10:27.094Z - debug:  
2025-07-21T15:10:27.094Z - debug:  
2025-07-21T15:10:27.094Z - debug:  
2025-07-21T15:10:27.094Z - debug:  
2025-07-21T15:10:27.094Z - debug:  
2025-07-21T15:10:27.094Z - debug:  
2025-07-21T15:10:27.095Z - debug:  
2025-07-21T15:10:27.095Z - debug:  
2025-07-21T15:10:27.095Z - debug:  
2025-07-21T15:10:27.095Z - debug:  
2025-07-21T15:10:27.095Z - debug:  
2025-07-21T15:10:27.112Z - debug:  
2025-07-21T15:10:30.815Z - debug:  
2025-07-21T15:10:41.170Z - debug:  
2025-07-21T15:11:37.469Z - debug:  
2025-07-21T15:11:49.135Z - debug:  
2025-07-21T15:11:49.170Z - debug:  
2025-07-21T15:11:56.010Z - info: Pages built
2025-07-21T15:11:56.091Z - info: Site data built
2025-07-21T15:11:56.091Z - info: Website generation complete! Total build time: 100.402s
2025-07-21T15:11:56.091Z - info: Build success!
2025-07-21T15:12:21.244Z - info: The website has been deployed at: https://nus-cs2103-ay2526s1.github.io/website
2025-07-21T15:18:31.557Z - info: Website generation (lazy) started at 23:18:30
2025-07-21T15:18:31.791Z - warn: ENOENT: no such file or directory, open '/Users/damithch/Repos/nus-cs2103/cs2103-website-base/node_modules/.cache/gh-pages/https!github.com!nus-cs2103-AY2526S1!website.git/book/_markbind/variables.md'
2025-07-21T15:18:31.792Z - warn: ENOENT: no such file or directory, open '/Users/damithch/Repos/nus-cs2103/cs2103-website-base/node_modules/.cache/gh-pages/https!github.com!nus-cs2103-AY2526S1!website.git/_markbind/variables.md'
2025-07-21T15:18:31.811Z - info: Building assets...
2025-07-21T15:18:33.678Z - info: Assets built
2025-07-21T15:18:33.680Z - info: Generating landing page...
2025-07-21T15:18:33.933Z - info: Landing page built, other pages will be built as you navigate to them!
2025-07-21T15:18:33.997Z - info: Site data built
2025-07-21T15:18:33.997Z - info: Website generation (lazy) complete! Total build time: 3.08s
2025-07-21T15:18:34.007Z - info: Serving "/Users/damithch/Repos/nus-cs2103/cs2103-website-base/_site" at http://127.0.0.1:8080
2025-07-21T15:18:34.007Z - info: Press CTRL+C to stop ...
2025-07-21T15:18:42.168Z - info: Building /Users/damithch/Repos/nus-cs2103/cs2103-website-base/se-book-adapted/git-trail/index as some of its dependencies were changed since the last visit
2025-07-21T15:18:42.507Z - info: Site data built
2025-07-21T15:18:42.507Z - info: Lazy website regeneration complete! Total build time: 0.34s
2025-07-21T15:18:50.679Z - info: Building /Users/damithch/Repos/nus-cs2103/cs2103-website-base/book/gitAndGithub/trail/branchingLocally/index as some of its dependencies were changed since the last visit
2025-07-21T15:18:50.976Z - info: Site data built
2025-07-21T15:18:50.976Z - info: Lazy website regeneration complete! Total build time: 0.298s
2025-07-21T15:20:46.904Z - info: [23:20:46] Reload for file change: /Users/damithch/Repos/nus-cs2103/cs2103-website-base/book/gitAndGithub/branchDelete/text.md
2025-07-21T15:20:46.907Z - info: Synchronizing opened pages list before reload
2025-07-21T15:20:46.907Z - info: Current opened pages, from most-to-least recent:
2025-07-21T15:20:46.908Z - info: 1. book/gitAndGithub/trail/branchingLocally/index
2025-07-21T15:20:47.922Z - info: Rebuilding 1 pages
2025-07-21T15:20:48.211Z - info: Site data built
2025-07-21T15:20:48.211Z - info: Pages rebuilt
2025-07-21T15:20:48.211Z - info: Website regeneration complete! Total build time: 0.292s
2025-07-21T15:20:56.656Z - info: Building /Users/damithch/Repos/nus-cs2103/cs2103-website-base/book/gitAndGithub/branchDelete/index as some of its dependencies were changed since the last visit
2025-07-21T15:20:56.801Z - info: Site data built
2025-07-21T15:20:56.801Z - info: Lazy website regeneration complete! Total build time: 0.145s
2025-07-21T15:21:22.921Z - info: [23:21:22] Reload for file change: /Users/damithch/Repos/nus-cs2103/cs2103-website-base/book/gitAndGithub/branchDelete/text.md
2025-07-21T15:21:22.921Z - info: Synchronizing opened pages list before reload
2025-07-21T15:21:22.921Z - info: Current opened pages, from most-to-least recent:
2025-07-21T15:21:22.921Z - info: 1. book/gitAndGithub/branchDelete/index
2025-07-21T15:21:23.930Z - info: Rebuilding 1 pages
2025-07-21T15:21:24.075Z - info: Site data built
2025-07-21T15:21:24.076Z - info: Pages rebuilt
2025-07-21T15:21:24.076Z - info: Website regeneration complete! Total build time: 0.149s
2025-07-21T15:21:46.123Z - info: [23:21:46] Reload for file change: /Users/damithch/Repos/nus-cs2103/cs2103-website-base/book/gitAndGithub/branchDelete/text.md
2025-07-21T15:21:46.123Z - info: Synchronizing opened pages list before reload
2025-07-21T15:21:46.123Z - info: Current opened pages, from most-to-least recent:
2025-07-21T15:21:46.123Z - info: 1. book/gitAndGithub/branchDelete/index
2025-07-21T15:21:47.126Z - info: Rebuilding 1 pages
2025-07-21T15:21:47.232Z - info: Site data built
2025-07-21T15:21:47.232Z - info: Pages rebuilt
2025-07-21T15:21:47.232Z - info: Website regeneration complete! Total build time: 0.109s
2025-07-21T15:22:26.673Z - info: [23:22:26] Reload for file change: /Users/damithch/Repos/nus-cs2103/cs2103-website-base/book/gitAndGithub/branchDelete/text.md
2025-07-21T15:22:26.673Z - info: Synchronizing opened pages list before reload
2025-07-21T15:22:26.673Z - info: Current opened pages, from most-to-least recent:
2025-07-21T15:22:26.673Z - info: 1. book/gitAndGithub/branchDelete/index
2025-07-21T15:22:27.685Z - info: Rebuilding 1 pages
2025-07-21T15:22:27.815Z - info: Site data built
2025-07-21T15:22:27.815Z - info: Pages rebuilt
2025-07-21T15:22:27.815Z - info: Website regeneration complete! Total build time: 0.132s
2025-07-21T15:22:51.707Z - info: [23:22:51] Reload for file change: /Users/damithch/Repos/nus-cs2103/cs2103-website-base/book/gitAndGithub/branchDelete/text.md
2025-07-21T15:22:51.707Z - info: Synchronizing opened pages list before reload
2025-07-21T15:22:51.707Z - info: Current opened pages, from most-to-least recent:
2025-07-21T15:22:51.707Z - info: 1. book/gitAndGithub/branchDelete/index
2025-07-21T15:22:52.720Z - info: Rebuilding 1 pages
2025-07-21T15:22:52.841Z - info: Site data built
2025-07-21T15:22:52.841Z - info: Pages rebuilt
2025-07-21T15:22:52.841Z - info: Website regeneration complete! Total build time: 0.124s
2025-07-21T15:23:02.713Z - info: [23:23:02] Reload for file change: /Users/damithch/Repos/nus-cs2103/cs2103-website-base/book/gitAndGithub/branchDelete/text.md
2025-07-21T15:23:02.713Z - info: Synchronizing opened pages list before reload
2025-07-21T15:23:02.714Z - info: Current opened pages, from most-to-least recent:
2025-07-21T15:23:02.714Z - info: 1. book/gitAndGithub/branchDelete/index
2025-07-21T15:23:03.726Z - info: Rebuilding 1 pages
2025-07-21T15:23:03.849Z - info: Site data built
2025-07-21T15:23:03.849Z - info: Pages rebuilt
2025-07-21T15:23:03.849Z - info: Website regeneration complete! Total build time: 0.124s
2025-07-21T15:23:12.312Z - info: [23:23:12] Reload for file change: /Users/damithch/Repos/nus-cs2103/cs2103-website-base/book/gitAndGithub/branchDelete/text.md
2025-07-21T15:23:12.312Z - info: Synchronizing opened pages list before reload
2025-07-21T15:23:12.313Z - info: Current opened pages, from most-to-least recent:
2025-07-21T15:23:12.313Z - info: 1. book/gitAndGithub/branchDelete/index
2025-07-21T15:23:13.328Z - info: Rebuilding 1 pages
2025-07-21T15:23:13.421Z - info: Site data built
2025-07-21T15:23:13.421Z - info: Pages rebuilt
2025-07-21T15:23:13.421Z - info: Website regeneration complete! Total build time: 0.095s
2025-07-21T15:23:26.135Z - info: [23:23:26] Reload for file change: /Users/damithch/Repos/nus-cs2103/cs2103-website-base/book/gitAndGithub/branchDelete/text.md
2025-07-21T15:23:26.135Z - info: Synchronizing opened pages list before reload
2025-07-21T15:23:26.135Z - info: Current opened pages, from most-to-least recent:
2025-07-21T15:23:26.135Z - info: 1. book/gitAndGithub/branchDelete/index
2025-07-21T15:23:27.140Z - info: Rebuilding 1 pages
2025-07-21T15:23:27.254Z - info: Site data built
2025-07-21T15:23:27.254Z - info: Pages rebuilt
2025-07-21T15:23:27.254Z - info: Website regeneration complete! Total build time: 0.116s
2025-07-21T15:27:04.300Z - info: [23:27:04] Reload for file change: /Users/damithch/Repos/nus-cs2103/cs2103-website-base/book/gitAndGithub/branchDelete/text.md
2025-07-21T15:27:04.301Z - info: Synchronizing opened pages list before reload
2025-07-21T15:27:04.302Z - info: Current opened pages, from most-to-least recent:
2025-07-21T15:27:04.302Z - info: 1. book/gitAndGithub/branchDelete/index
2025-07-21T15:27:05.313Z - info: Rebuilding 1 pages
2025-07-21T15:27:05.449Z - info: Site data built
2025-07-21T15:27:05.449Z - info: Pages rebuilt
2025-07-21T15:27:05.449Z - info: Website regeneration complete! Total build time: 0.139s
2025-07-21T15:28:55.638Z - info: [23:28:55] Reload for file change: /Users/damithch/Repos/nus-cs2103/cs2103-website-base/book/gitAndGithub/branchDelete/text.md
2025-07-21T15:28:55.640Z - info: Synchronizing opened pages list before reload
2025-07-21T15:28:55.641Z - info: Current opened pages, from most-to-least recent:
2025-07-21T15:28:55.641Z - info: 1. book/gitAndGithub/branchDelete/index
2025-07-21T15:28:56.653Z - info: Rebuilding 1 pages
2025-07-21T15:28:56.755Z - info: Site data built
2025-07-21T15:28:56.755Z - info: Pages rebuilt
2025-07-21T15:28:56.755Z - info: Website regeneration complete! Total build time: 0.106s
2025-07-21T15:29:26.639Z - info: Building /Users/damithch/Repos/nus-cs2103/cs2103-website-base/book/gitAndGithub/branch/index as some of its dependencies were changed since the last visit
2025-07-21T15:29:26.776Z - info: Site data built
2025-07-21T15:29:26.776Z - info: Lazy website regeneration complete! Total build time: 0.137s
2025-07-21T15:30:21.854Z - info: [23:30:21] Reload for file change: /Users/damithch/Repos/nus-cs2103/cs2103-website-base/book/common/macros.njk
2025-07-21T15:30:21.855Z - info: Synchronizing opened pages list before reload
2025-07-21T15:30:21.855Z - info: Current opened pages, from most-to-least recent:
2025-07-21T15:30:21.855Z - info: 1. book/gitAndGithub/branch/index
2025-07-21T15:30:22.875Z - info: Rebuilding 1 pages
2025-07-21T15:30:22.996Z - info: Site data built
2025-07-21T15:30:22.996Z - info: Pages rebuilt
2025-07-21T15:30:22.996Z - info: Website regeneration complete! Total build time: 0.123s
2025-07-21T15:30:50.225Z - info: [23:30:50] Reload for file change: /Users/damithch/Repos/nus-cs2103/cs2103-website-base/site.json
2025-07-21T15:30:50.225Z - info: Synchronizing opened pages list before reload
2025-07-21T15:30:50.225Z - info: Current opened pages, from most-to-least recent:
2025-07-21T15:30:50.226Z - info: 1. book/gitAndGithub/branch/index
2025-07-21T15:30:51.561Z - info: Pages or site config modified, updating pages...
2025-07-21T15:30:52.695Z - info: Building /Users/damithch/Repos/nus-cs2103/cs2103-website-base/book/gitAndGithub/branch/index as some of its dependencies were changed since the last visit
2025-07-21T15:30:52.849Z - info: Site data built
2025-07-21T15:30:52.849Z - info: Lazy website regeneration complete! Total build time: 0.154s
2025-07-21T15:30:52.850Z - info: Site data built
2025-07-21T15:31:23.411Z - info: Building /Users/damithch/Repos/nus-cs2103/cs2103-website-base/book/gitAndGithub/trail/recordingFolderHistory/index as some of its dependencies were changed since the last visit
2025-07-21T15:31:23.787Z - info: Site data built
2025-07-21T15:31:23.787Z - info: Lazy website regeneration complete! Total build time: 0.376s
2025-07-21T15:32:08.655Z - info: [23:32:08] Reload for file change: /Users/damithch/Repos/nus-cs2103/cs2103-website-base/book/gitAndGithub/gitPrep/text.md
2025-07-21T15:32:08.656Z - info: Synchronizing opened pages list before reload
2025-07-21T15:32:08.656Z - info: Current opened pages, from most-to-least recent:
2025-07-21T15:32:08.656Z - info: 1. book/gitAndGithub/trail/recordingFolderHistory/index
2025-07-21T15:32:09.672Z - info: Rebuilding 1 pages
2025-07-21T15:32:10.038Z - info: Site data built
2025-07-21T15:32:10.038Z - info: Pages rebuilt
2025-07-21T15:32:10.038Z - info: Website regeneration complete! Total build time: 0.368s
2025-07-21T15:32:37.952Z - info: Building /Users/damithch/Repos/nus-cs2103/cs2103-website-base/book/gitAndGithub/trail/backingUpOnCloud/index as some of its dependencies were changed since the last visit
2025-07-21T15:32:38.201Z - info: Site data built
2025-07-21T15:32:38.201Z - info: Lazy website regeneration complete! Total build time: 0.249s
2025-07-21T15:33:35.283Z - info: [23:33:35] Reload for file change: /Users/damithch/Repos/nus-cs2103/cs2103-website-base/book/gitAndGithub/githubPrep/text.md
2025-07-21T15:33:35.285Z - info: Synchronizing opened pages list before reload
2025-07-21T15:33:35.288Z - info: Current opened pages, from most-to-least recent:
2025-07-21T15:33:35.290Z - info: 1. book/gitAndGithub/trail/backingUpOnCloud/index
2025-07-21T15:33:36.304Z - info: Rebuilding 1 pages
2025-07-21T15:33:36.558Z - info: Site data built
2025-07-21T15:33:36.558Z - info: Pages rebuilt
2025-07-21T15:33:36.558Z - info: Website regeneration complete! Total build time: 0.256s
2025-07-21T15:34:08.203Z - info: [23:34:08] Reload for file change: /Users/damithch/Repos/nus-cs2103/cs2103-website-base/book/gitAndGithub/githubPrep/text.md
2025-07-21T15:34:08.204Z - info: Synchronizing opened pages list before reload
2025-07-21T15:34:08.204Z - info: Current opened pages, from most-to-least recent:
2025-07-21T15:34:08.205Z - info: 1. book/gitAndGithub/trail/backingUpOnCloud/index
2025-07-21T15:34:09.213Z - info: Rebuilding 1 pages
2025-07-21T15:34:09.441Z - info: Site data built
2025-07-21T15:34:09.441Z - info: Pages rebuilt
2025-07-21T15:34:09.441Z - info: Website regeneration complete! Total build time: 0.231s
2025-07-21T15:35:57.480Z - info: [23:35:57] Reload for file change: /Users/damithch/Repos/nus-cs2103/cs2103-website-base/book/gitAndGithub/githubPrep/text.md
2025-07-21T15:35:57.492Z - info: Synchronizing opened pages list before reload
2025-07-21T15:35:57.493Z - info: Current opened pages, from most-to-least recent:
2025-07-21T15:35:57.493Z - info: 1. book/gitAndGithub/trail/backingUpOnCloud/index
2025-07-21T15:35:58.507Z - info: Rebuilding 1 pages
2025-07-21T15:35:58.770Z - info: Site data built
2025-07-21T15:35:58.770Z - info: Pages rebuilt
2025-07-21T15:35:58.770Z - info: Website regeneration complete! Total build time: 0.266s
