2025-10-29T16:20:56.082Z - info: Website generation (lazy) started at 00:20:54
2025-10-29T16:20:56.642Z - warn: ENOENT: no such file or directory, open '/Users/damithch/Repos/nus-cs2103/cs2103-website-base/node_modules/.cache/gh-pages/https!github.com!nus-cs2103-AY2526S1!website.git/book/_markbind/variables.md'
2025-10-29T16:20:56.643Z - warn: ENOENT: no such file or directory, open '/Users/damithch/Repos/nus-cs2103/cs2103-website-base/node_modules/.cache/gh-pages/https!github.com!nus-cs2103-AY2526S1!website.git/_markbind/variables.md'
2025-10-29T16:20:56.664Z - info: Building assets...
2025-10-29T16:20:59.310Z - info: Assets built
2025-10-29T16:20:59.311Z - info: Generating landing page...
2025-10-29T16:20:59.981Z - info: Landing page built, other pages will be built as you navigate to them!
2025-10-29T16:21:00.050Z - info: Site data built
2025-10-29T16:21:00.050Z - info: Website generation (lazy) complete! Total build time: 5.177s
2025-10-29T16:21:00.060Z - info: Serving "/Users/damithch/Repos/nus-cs2103/cs2103-website-base/_site" at http://127.0.0.1:8080
2025-10-29T16:21:00.060Z - info: Press CTRL+C to stop ...
2025-10-29T16:39:42.372Z - info: Website generation (lazy) started at 00:39:41
2025-10-29T16:39:43.117Z - warn: ENOENT: no such file or directory, open '/Users/damithch/Repos/nus-cs2103/cs2103-website-base/node_modules/.cache/gh-pages/https!github.com!nus-cs2103-AY2526S1!website.git/book/_markbind/variables.md'
2025-10-29T16:39:43.117Z - warn: ENOENT: no such file or directory, open '/Users/damithch/Repos/nus-cs2103/cs2103-website-base/node_modules/.cache/gh-pages/https!github.com!nus-cs2103-AY2526S1!website.git/_markbind/variables.md'
2025-10-29T16:39:43.153Z - info: Building assets...
2025-10-29T16:39:46.136Z - info: Assets built
2025-10-29T16:39:46.137Z - info: Generating landing page...
2025-10-29T16:39:46.764Z - info: Landing page built, other pages will be built as you navigate to them!
2025-10-29T16:39:46.852Z - info: Site data built
2025-10-29T16:39:46.853Z - info: Website generation (lazy) complete! Total build time: 5.781s
2025-10-29T16:39:46.865Z - info: Serving "/Users/damithch/Repos/nus-cs2103/cs2103-website-base/_site" at http://127.0.0.1:8080
2025-10-29T16:39:46.865Z - info: Press CTRL+C to stop ...
2025-10-29T16:43:19.401Z - info: [00:43:19] Reload for file change: /Users/damithch/Repos/nus-cs2103/cs2103-website-base/schedule/week11/notices-cs2103-fragment.md
2025-10-29T16:43:19.405Z - info: Synchronizing opened pages list before reload
2025-10-29T16:43:19.407Z - info: Current opened pages, from most-to-least recent:
2025-10-29T16:43:19.407Z - info: 1. index
2025-10-29T16:43:20.424Z - info: Rebuilding 1 pages
2025-10-29T16:43:20.929Z - info: Site data built
2025-10-29T16:43:20.930Z - info: Pages rebuilt
2025-10-29T16:43:20.930Z - info: Website regeneration complete! Total build time: 0.516s
2025-10-29T16:43:34.130Z - info: [00:43:34] Reload for file change: /Users/damithch/Repos/nus-cs2103/cs2103-website-base/schedule/week11/notices-cs2103-fragment.md
2025-10-29T16:43:34.130Z - info: Synchronizing opened pages list before reload
2025-10-29T16:43:34.131Z - info: Current opened pages, from most-to-least recent:
2025-10-29T16:43:34.131Z - info: 1. index
2025-10-29T16:43:35.152Z - info: Rebuilding 1 pages
2025-10-29T16:43:35.635Z - info: Site data built
2025-10-29T16:43:35.635Z - info: Pages rebuilt
2025-10-29T16:43:35.635Z - info: Website regeneration complete! Total build time: 0.486s
2025-10-29T16:44:35.125Z - info: [00:44:35] Reload for file change: /Users/damithch/Repos/nus-cs2103/cs2103-website-base/schedule/week11/notices-cs2103-fragment.md
2025-10-29T16:44:35.130Z - info: Synchronizing opened pages list before reload
2025-10-29T16:44:35.131Z - info: Current opened pages, from most-to-least recent:
2025-10-29T16:44:35.131Z - info: 1. index
2025-10-29T16:44:36.140Z - info: Rebuilding 1 pages
2025-10-29T16:44:36.648Z - info: Site data built
2025-10-29T16:44:36.648Z - info: Pages rebuilt
2025-10-29T16:44:36.648Z - info: Website regeneration complete! Total build time: 0.51s
2025-10-29T16:45:02.075Z - info: [00:45:02] Reload for file change: /Users/damithch/Repos/nus-cs2103/cs2103-website-base/schedule/week11/notices-cs2103-fragment.md
2025-10-29T16:45:02.075Z - info: Synchronizing opened pages list before reload
2025-10-29T16:45:02.075Z - info: Current opened pages, from most-to-least recent:
2025-10-29T16:45:02.075Z - info: 1. index
2025-10-29T16:45:03.083Z - info: Rebuilding 1 pages
2025-10-29T16:45:03.577Z - info: Site data built
2025-10-29T16:45:03.577Z - info: Pages rebuilt
2025-10-29T16:45:03.577Z - info: Website regeneration complete! Total build time: 0.496s
2025-10-29T16:45:08.571Z - info: Building /Users/damithch/Repos/nus-cs2103/cs2103-website-base/admin/tp-ped as some of its dependencies were changed since the last visit
2025-10-29T16:45:09.416Z - info: Site data built
2025-10-29T16:45:09.416Z - info: Lazy website regeneration complete! Total build time: 0.846s
2025-10-29T16:46:08.924Z - info: [00:46:08] Reload for file change: /Users/damithch/Repos/nus-cs2103/cs2103-website-base/admin/tp-ped-fragment.md
2025-10-29T16:46:08.925Z - info: Synchronizing opened pages list before reload
2025-10-29T16:46:08.926Z - info: Current opened pages, from most-to-least recent:
2025-10-29T16:46:08.926Z - info: 1. admin/tp-ped
2025-10-29T16:46:09.944Z - info: Rebuilding 1 pages
2025-10-29T16:46:10.841Z - info: Site data built
2025-10-29T16:46:10.841Z - info: Pages rebuilt
2025-10-29T16:46:10.841Z - info: Website regeneration complete! Total build time: 0.899s
2025-10-29T16:50:38.819Z - info: [00:50:38] Reload for file change: /Users/damithch/Repos/nus-cs2103/cs2103-website-base/admin/tp-ped-fragment.md
2025-10-29T16:50:38.821Z - info: Synchronizing opened pages list before reload
2025-10-29T16:50:38.822Z - info: Current opened pages, from most-to-least recent:
2025-10-29T16:50:38.822Z - info: 1. admin/tp-ped
2025-10-29T16:50:39.831Z - info: Rebuilding 1 pages
2025-10-29T16:50:40.732Z - info: Site data built
2025-10-29T16:50:40.732Z - info: Pages rebuilt
2025-10-29T16:50:40.732Z - info: Website regeneration complete! Total build time: 0.904s
2025-10-29T16:51:13.797Z - info: [00:51:13] Reload for file change: /Users/damithch/Repos/nus-cs2103/cs2103-website-base/admin/tp-ped-fragment.md
2025-10-29T16:51:13.797Z - info: Synchronizing opened pages list before reload
2025-10-29T16:51:13.797Z - info: Current opened pages, from most-to-least recent:
2025-10-29T16:51:13.798Z - info: 1. admin/tp-ped
2025-10-29T16:51:14.805Z - info: Rebuilding 1 pages
2025-10-29T16:51:15.695Z - info: Site data built
2025-10-29T16:51:15.695Z - info: Pages rebuilt
2025-10-29T16:51:15.695Z - info: Website regeneration complete! Total build time: 0.892s
2025-10-29T16:51:45.385Z - info: [00:51:45] Reload for file change: /Users/damithch/Repos/nus-cs2103/cs2103-website-base/admin/tp-ped-fragment.md
2025-10-29T16:51:45.387Z - info: Synchronizing opened pages list before reload
2025-10-29T16:51:45.387Z - info: Current opened pages, from most-to-least recent:
2025-10-29T16:51:45.387Z - info: 1. admin/tp-ped
2025-10-29T16:51:46.393Z - info: Rebuilding 1 pages
2025-10-29T16:51:47.376Z - info: Site data built
2025-10-29T16:51:47.376Z - info: Pages rebuilt
2025-10-29T16:51:47.376Z - info: Website regeneration complete! Total build time: 0.987s
2025-10-29T16:52:23.883Z - info: [00:52:23] Reload for file change: /Users/damithch/Repos/nus-cs2103/cs2103-website-base/admin/tp-ped-fragment.md
2025-10-29T16:52:23.884Z - info: Synchronizing opened pages list before reload
2025-10-29T16:52:23.885Z - info: Current opened pages, from most-to-least recent:
2025-10-29T16:52:23.885Z - info: 1. admin/tp-ped
2025-10-29T16:52:24.893Z - info: Rebuilding 1 pages
2025-10-29T16:52:25.781Z - info: Site data built
2025-10-29T16:52:25.782Z - info: Pages rebuilt
2025-10-29T16:52:25.782Z - info: Website regeneration complete! Total build time: 0.891s
2025-10-29T16:53:58.481Z - info: [00:53:58] Reload for file change: /Users/damithch/Repos/nus-cs2103/cs2103-website-base/admin/tp-ped-fragment.md
2025-10-29T16:53:58.481Z - info: Synchronizing opened pages list before reload
2025-10-29T16:53:58.482Z - info: Current opened pages, from most-to-least recent:
2025-10-29T16:53:58.482Z - info: 1. admin/tp-ped
2025-10-29T16:53:59.500Z - info: Rebuilding 1 pages
2025-10-29T16:54:00.400Z - info: Site data built
2025-10-29T16:54:00.400Z - info: Pages rebuilt
2025-10-29T16:54:00.400Z - info: Website regeneration complete! Total build time: 0.903s
2025-10-29T16:55:31.795Z - info: [00:55:31] Reload for file change: /Users/damithch/Repos/nus-cs2103/cs2103-website-base/admin/tp-ped-fragment.md
2025-10-29T16:55:31.797Z - info: Synchronizing opened pages list before reload
2025-10-29T16:55:31.798Z - info: Current opened pages, from most-to-least recent:
2025-10-29T16:55:31.798Z - info: 1. admin/tp-ped
2025-10-29T16:55:32.848Z - info: Rebuilding 1 pages
2025-10-29T16:55:33.742Z - info: Site data built
2025-10-29T16:55:33.742Z - info: Pages rebuilt
2025-10-29T16:55:33.742Z - info: Website regeneration complete! Total build time: 0.898s
2025-10-29T16:56:57.853Z - info: [00:56:57] Reload for file change: /Users/damithch/Repos/nus-cs2103/cs2103-website-base/admin/tp-ped-fragment.md
2025-10-29T16:56:57.854Z - info: Synchronizing opened pages list before reload
2025-10-29T16:56:57.854Z - info: Current opened pages, from most-to-least recent:
2025-10-29T16:56:57.855Z - info: 1. admin/tp-ped
2025-10-29T16:56:58.872Z - info: Rebuilding 1 pages
2025-10-29T16:56:59.750Z - info: Site data built
2025-10-29T16:56:59.750Z - info: Pages rebuilt
2025-10-29T16:56:59.750Z - info: Website regeneration complete! Total build time: 0.881s
2025-10-29T16:59:37.490Z - info: [00:59:37] Reload for file change: /Users/damithch/Repos/nus-cs2103/cs2103-website-base/admin/tp-testing-fragment.md
2025-10-29T16:59:37.491Z - info: Synchronizing opened pages list before reload
2025-10-29T16:59:37.492Z - info: Current opened pages, from most-to-least recent:
2025-10-29T16:59:37.492Z - info: 1. admin/tp-ped
2025-10-29T16:59:38.503Z - info: Rebuilding 1 pages
2025-10-29T16:59:39.381Z - info: Site data built
2025-10-29T16:59:39.381Z - info: Pages rebuilt
2025-10-29T16:59:39.381Z - info: Website regeneration complete! Total build time: 0.88s
2025-10-29T17:01:36.918Z - info: [01:01:36] Reload for file change: /Users/damithch/Repos/nus-cs2103/cs2103-website-base/admin/tp-ped-fragment.md
2025-10-29T17:01:36.919Z - info: Synchronizing opened pages list before reload
2025-10-29T17:01:36.919Z - info: Current opened pages, from most-to-least recent:
2025-10-29T17:01:36.920Z - info: 1. admin/tp-ped
2025-10-29T17:01:37.926Z - info: Rebuilding 1 pages
2025-10-29T17:01:38.818Z - info: Site data built
2025-10-29T17:01:38.818Z - info: Pages rebuilt
2025-10-29T17:01:38.818Z - info: Website regeneration complete! Total build time: 0.895s
2025-10-29T17:02:32.779Z - info: [01:02:32] Reload for file change: /Users/damithch/Repos/nus-cs2103/cs2103-website-base/admin/tp-ped-fragment.md
2025-10-29T17:02:32.780Z - info: Synchronizing opened pages list before reload
2025-10-29T17:02:32.780Z - info: Current opened pages, from most-to-least recent:
2025-10-29T17:02:32.781Z - info: 1. admin/tp-ped
2025-10-29T17:02:33.785Z - info: Rebuilding 1 pages
2025-10-29T17:02:34.650Z - info: Site data built
2025-10-29T17:02:34.650Z - info: Pages rebuilt
2025-10-29T17:02:34.650Z - info: Website regeneration complete! Total build time: 0.866s
2025-10-29T17:03:49.124Z - info: Building /Users/damithch/Repos/nus-cs2103/cs2103-website-base/schedule/week11/project as some of its dependencies were changed since the last visit
2025-10-29T17:03:51.341Z - info: Site data built
2025-10-29T17:03:51.341Z - info: Lazy website regeneration complete! Total build time: 2.221s
2025-10-29T17:03:57.906Z - info: Building /Users/damithch/Repos/nus-cs2103/cs2103-website-base/schedule/week11/tutorial as some of its dependencies were changed since the last visit
2025-10-29T17:03:58.030Z - info: Site data built
2025-10-29T17:03:58.030Z - info: Lazy website regeneration complete! Total build time: 0.125s
2025-10-29T17:04:03.547Z - info: Building /Users/damithch/Repos/nus-cs2103/cs2103-website-base/schedule/week11/topics as some of its dependencies were changed since the last visit
2025-10-29T17:04:04.229Z - info: Site data built
2025-10-29T17:04:04.229Z - info: Lazy website regeneration complete! Total build time: 0.683s
2025-10-29T17:04:07.494Z - info: Building /Users/damithch/Repos/nus-cs2103/cs2103-website-base/schedule/week12/index as some of its dependencies were changed since the last visit
2025-10-29T17:04:07.810Z - info: Site data built
2025-10-29T17:04:07.810Z - info: Lazy website regeneration complete! Total build time: 0.317s
2025-10-29T17:04:18.678Z - info: Building /Users/damithch/Repos/nus-cs2103/cs2103-website-base/schedule/week12/topics as some of its dependencies were changed since the last visit
2025-10-29T17:04:18.780Z - info: Site data built
2025-10-29T17:04:18.780Z - info: Lazy website regeneration complete! Total build time: 0.102s
2025-10-29T17:04:24.739Z - info: Building /Users/damithch/Repos/nus-cs2103/cs2103-website-base/admin/tp-pe as some of its dependencies were changed since the last visit
2025-10-29T17:04:25.669Z - info: Site data built
2025-10-29T17:04:25.669Z - info: Lazy website regeneration complete! Total build time: 0.93s
2025-10-29T17:04:50.936Z - info: [01:04:50] Reload for file change: /Users/damithch/Repos/nus-cs2103/cs2103-website-base/admin/tp-ped-fragment.md
2025-10-29T17:04:50.936Z - info: Synchronizing opened pages list before reload
2025-10-29T17:04:50.937Z - info: Current opened pages, from most-to-least recent:
2025-10-29T17:04:50.937Z - info: 1. admin/tp-pe
2025-10-29T17:04:51.947Z - info: Rebuilding 1 pages
2025-10-29T17:04:52.800Z - info: Site data built
2025-10-29T17:04:52.800Z - info: Pages rebuilt
2025-10-29T17:04:52.800Z - info: Website regeneration complete! Total build time: 0.856s
2025-10-29T17:06:47.607Z - info: [01:06:47] Reload for file change: /Users/damithch/Repos/nus-cs2103/cs2103-website-base/admin/tp-pe-fragment.md
2025-10-29T17:06:47.608Z - info: Synchronizing opened pages list before reload
2025-10-29T17:06:47.608Z - info: Current opened pages, from most-to-least recent:
2025-10-29T17:06:47.608Z - info: 1. admin/tp-pe
2025-10-29T17:06:48.617Z - info: Rebuilding 1 pages
2025-10-29T17:06:49.567Z - info: Site data built
2025-10-29T17:06:49.567Z - info: Pages rebuilt
2025-10-29T17:06:49.567Z - info: Website regeneration complete! Total build time: 0.951s
2025-10-29T17:07:28.163Z - info: [01:07:28] Reload for file change: /Users/damithch/Repos/nus-cs2103/cs2103-website-base/admin/tp-pe-fragment.md
2025-10-29T17:07:28.165Z - info: Synchronizing opened pages list before reload
2025-10-29T17:07:28.165Z - info: Current opened pages, from most-to-least recent:
2025-10-29T17:07:28.166Z - info: 1. admin/tp-pe
2025-10-29T17:07:29.176Z - info: Rebuilding 1 pages
2025-10-29T17:07:30.163Z - info: Site data built
2025-10-29T17:07:30.163Z - info: Pages rebuilt
2025-10-29T17:07:30.163Z - info: Website regeneration complete! Total build time: 0.989s
2025-10-29T17:08:11.438Z - info: Website generation started at 01:08:10
2025-10-29T17:08:11.940Z - warn: ENOENT: no such file or directory, open '/Users/damithch/Repos/nus-cs2103/cs2103-website-base/node_modules/.cache/gh-pages/https!github.com!nus-cs2103-AY2526S1!website.git/book/_markbind/variables.md'
2025-10-29T17:08:11.940Z - warn: ENOENT: no such file or directory, open '/Users/damithch/Repos/nus-cs2103/cs2103-website-base/node_modules/.cache/gh-pages/https!github.com!nus-cs2103-AY2526S1!website.git/_markbind/variables.md'
2025-10-29T17:08:11.964Z - info: Building assets...
