2025-11-04T14:37:06.359Z - info: Website generation started at 22:37:05
2025-11-04T14:37:06.896Z - warn: ENOENT: no such file or directory, open '/Users/damithch/Repos/nus-cs2103/cs2103-website-base/node_modules/.cache/gh-pages/https!github.com!nus-cs2103-AY2526S1!website.git/book/_markbind/variables.md'
2025-11-04T14:37:06.897Z - warn: ENOENT: no such file or directory, open '/Users/damithch/Repos/nus-cs2103/cs2103-website-base/node_modules/.cache/gh-pages/https!github.com!nus-cs2103-AY2526S1!website.git/_markbind/variables.md'
2025-11-04T14:37:06.920Z - info: Building assets...
2025-11-04T14:37:09.942Z - info: Assets built
2025-11-04T14:37:09.943Z - info: Generating pages...
2025-11-04T14:37:16.930Z - debug:  
2025-11-04T14:37:20.541Z - debug:  
2025-11-04T14:37:20.541Z - debug:  
2025-11-04T14:37:20.541Z - debug:  
2025-11-04T14:37:20.541Z - debug:  
2025-11-04T14:37:20.541Z - debug:  
2025-11-04T14:37:20.541Z - debug:  
2025-11-04T14:37:20.541Z - debug:  
2025-11-04T14:37:20.541Z - debug:  
2025-11-04T14:37:20.541Z - debug:  
2025-11-04T14:37:20.541Z - debug:  
2025-11-04T14:37:20.541Z - debug:  
2025-11-04T14:37:20.541Z - debug:  
2025-11-04T14:37:20.541Z - debug:  
2025-11-04T14:37:20.542Z - debug:  
2025-11-04T14:37:22.077Z - debug:  
2025-11-04T14:37:29.743Z - debug:  
2025-11-04T14:37:31.211Z - debug:  
2025-11-04T14:37:38.290Z - debug:  
2025-11-04T14:38:07.403Z - info: Pages built
2025-11-04T14:38:07.485Z - info: Site data built
2025-11-04T14:38:07.485Z - info: Website generation complete! Total build time: 62.441s
2025-11-04T14:38:07.485Z - info: Build success!
2025-11-04T14:38:30.184Z - info: The website has been deployed at: https://nus-tic2002-ay2526s1.github.io/website
