2025-07-11T16:00:04.098Z - info: [00:00:04] Reload for file change: /Users/damithch/Repos/nus-cs2103/cs2103-website-base/book/gitAndGithub/remoteBranchRename/text.md
2025-07-11T16:00:04.136Z - info: Synchronizing opened pages list before reload
2025-07-11T16:00:04.139Z - info: Current opened pages, from most-to-least recent:
2025-07-11T16:00:04.139Z - info: 1. book/gitAndGithub/remoteBranchRename/index
2025-07-11T16:00:04.139Z - info: 2. book/gitAndGithub/remoteBranchDelete/index
2025-07-11T16:00:04.139Z - info: 3. se-book-adapted/git-trail/index
2025-07-11T16:00:05.145Z - info: Rebuilding 2 pages
2025-07-11T16:00:05.479Z - info: Site data built
2025-07-11T16:00:05.479Z - info: Pages rebuilt
2025-07-11T16:00:05.479Z - info: Website regeneration complete! Total build time: 0.335s
2025-07-11T16:01:08.341Z - info: [00:01:08] Reload for file change: /Users/damithch/Repos/nus-cs2103/cs2103-website-base/book/gitAndGithub/remoteBranchRename/text.md
2025-07-11T16:01:08.349Z - info: Synchronizing opened pages list before reload
2025-07-11T16:01:08.352Z - info: Current opened pages, from most-to-least recent:
2025-07-11T16:01:08.352Z - info: 1. book/gitAndGithub/remoteBranchRename/index
2025-07-11T16:01:08.352Z - info: 2. book/gitAndGithub/remoteBranchDelete/index
2025-07-11T16:01:08.352Z - info: 3. se-book-adapted/git-trail/index
2025-07-11T16:01:09.359Z - info: Rebuilding 2 pages
2025-07-11T16:01:09.651Z - info: Site data built
2025-07-11T16:01:09.651Z - info: Pages rebuilt
2025-07-11T16:01:09.651Z - info: Website regeneration complete! Total build time: 0.295s
2025-07-11T16:02:21.528Z - info: [00:02:21] Reload for file change: /Users/damithch/Repos/nus-cs2103/cs2103-website-base/book/gitAndGithub/remoteBranchRename/text.md
2025-07-11T16:02:21.529Z - info: Synchronizing opened pages list before reload
2025-07-11T16:02:21.530Z - info: Current opened pages, from most-to-least recent:
2025-07-11T16:02:21.530Z - info: 1. book/gitAndGithub/remoteBranchRename/index
2025-07-11T16:02:21.530Z - info: 2. book/gitAndGithub/remoteBranchDelete/index
2025-07-11T16:02:21.530Z - info: 3. se-book-adapted/git-trail/index
2025-07-11T16:02:22.535Z - info: Rebuilding 2 pages
2025-07-11T16:02:22.803Z - info: Site data built
2025-07-11T16:02:22.803Z - info: Pages rebuilt
2025-07-11T16:02:22.803Z - info: Website regeneration complete! Total build time: 0.27s
2025-07-11T16:04:19.285Z - info: [00:04:19] Reload for file change: /Users/damithch/Repos/nus-cs2103/cs2103-website-base/book/gitAndGithub/remoteBranchRename/text.md
2025-07-11T16:04:19.286Z - info: Synchronizing opened pages list before reload
2025-07-11T16:04:19.287Z - info: Current opened pages, from most-to-least recent:
2025-07-11T16:04:19.287Z - info: 1. book/gitAndGithub/remoteBranchRename/index
2025-07-11T16:04:19.287Z - info: 2. book/gitAndGithub/remoteBranchDelete/index
2025-07-11T16:04:19.287Z - info: 3. se-book-adapted/git-trail/index
2025-07-11T16:04:20.290Z - info: Rebuilding 2 pages
2025-07-11T16:04:20.514Z - info: Site data built
2025-07-11T16:04:20.514Z - info: Pages rebuilt
2025-07-11T16:04:20.514Z - info: Website regeneration complete! Total build time: 0.226s
2025-07-11T16:04:49.690Z - info: [00:04:49] Reload for file change: /Users/damithch/Repos/nus-cs2103/cs2103-website-base/book/gitAndGithub/remoteBranchRename/text.md
2025-07-11T16:04:49.690Z - info: Synchronizing opened pages list before reload
2025-07-11T16:04:49.690Z - info: Current opened pages, from most-to-least recent:
2025-07-11T16:04:49.690Z - info: 1. book/gitAndGithub/remoteBranchRename/index
2025-07-11T16:04:49.690Z - info: 2. book/gitAndGithub/remoteBranchDelete/index
2025-07-11T16:04:49.690Z - info: 3. se-book-adapted/git-trail/index
2025-07-11T16:04:50.693Z - info: Rebuilding 2 pages
2025-07-11T16:04:50.963Z - info: Site data built
2025-07-11T16:04:50.963Z - info: Pages rebuilt
2025-07-11T16:04:50.963Z - info: Website regeneration complete! Total build time: 0.272s
2025-07-11T16:08:18.847Z - info: [00:08:18] Reload for file change: /Users/damithch/Repos/nus-cs2103/cs2103-website-base/book/gitAndGithub/remoteBranchRename/text.md
2025-07-11T16:08:18.849Z - info: Synchronizing opened pages list before reload
2025-07-11T16:08:18.849Z - info: Current opened pages, from most-to-least recent:
2025-07-11T16:08:18.850Z - info: 1. book/gitAndGithub/remoteBranchRename/index
2025-07-11T16:08:18.850Z - info: 2. book/gitAndGithub/remoteBranchDelete/index
2025-07-11T16:08:18.850Z - info: 3. se-book-adapted/git-trail/index
2025-07-11T16:08:19.854Z - info: Rebuilding 2 pages
2025-07-11T16:08:20.087Z - info: Site data built
2025-07-11T16:08:20.087Z - info: Pages rebuilt
2025-07-11T16:08:20.087Z - info: Website regeneration complete! Total build time: 0.234s
2025-07-11T16:18:44.684Z - info: [00:18:44] Reload for file change: /Users/damithch/Repos/nus-cs2103/cs2103-website-base/book/gitAndGithub/remoteBranchRename/text.md
2025-07-11T16:18:44.687Z - info: Synchronizing opened pages list before reload
2025-07-11T16:18:44.691Z - info: Current opened pages, from most-to-least recent:
2025-07-11T16:18:44.692Z - info: 1. book/gitAndGithub/remoteBranchRename/index
2025-07-11T16:18:44.692Z - info: 2. book/gitAndGithub/remoteBranchDelete/index
2025-07-11T16:18:44.692Z - info: 3. se-book-adapted/git-trail/index
2025-07-11T16:18:45.708Z - info: Rebuilding 2 pages
2025-07-11T16:18:46.022Z - info: Site data built
2025-07-11T16:18:46.022Z - info: Pages rebuilt
2025-07-11T16:18:46.022Z - info: Website regeneration complete! Total build time: 0.318s
2025-07-11T16:20:14.887Z - info: [00:20:14] Reload for file change: /Users/damithch/Repos/nus-cs2103/cs2103-website-base/book/gitAndGithub/remoteBranchRename/text.md
2025-07-11T16:20:14.890Z - info: Synchronizing opened pages list before reload
2025-07-11T16:20:14.891Z - info: Current opened pages, from most-to-least recent:
2025-07-11T16:20:14.891Z - info: 1. book/gitAndGithub/remoteBranchRename/index
2025-07-11T16:20:14.891Z - info: 2. book/gitAndGithub/remoteBranchDelete/index
2025-07-11T16:20:14.891Z - info: 3. se-book-adapted/git-trail/index
2025-07-11T16:20:15.908Z - info: Rebuilding 2 pages
2025-07-11T16:20:16.218Z - info: Site data built
2025-07-11T16:20:16.218Z - info: Pages rebuilt
2025-07-11T16:20:16.218Z - info: Website regeneration complete! Total build time: 0.321s
2025-07-11T16:20:23.191Z - info: [00:20:23] Reload for file change: /Users/damithch/Repos/nus-cs2103/cs2103-website-base/book/gitAndGithub/remoteBranchRename/text.md
2025-07-11T16:20:23.191Z - info: Synchronizing opened pages list before reload
2025-07-11T16:20:23.191Z - info: Current opened pages, from most-to-least recent:
2025-07-11T16:20:23.192Z - info: 1. book/gitAndGithub/remoteBranchRename/index
2025-07-11T16:20:23.192Z - info: 2. book/gitAndGithub/remoteBranchDelete/index
2025-07-11T16:20:23.192Z - info: 3. se-book-adapted/git-trail/index
2025-07-11T16:20:24.203Z - info: Rebuilding 2 pages
2025-07-11T16:20:24.426Z - info: Site data built
2025-07-11T16:20:24.426Z - info: Pages rebuilt
2025-07-11T16:20:24.426Z - info: Website regeneration complete! Total build time: 0.225s
2025-07-11T16:25:47.986Z - info: [00:25:47] Reload for file change: /Users/damithch/Repos/nus-cs2103/cs2103-website-base/book/gitAndGithub/remoteBranchRename/text.md
2025-07-11T16:25:47.987Z - info: Synchronizing opened pages list before reload
2025-07-11T16:25:47.988Z - info: Current opened pages, from most-to-least recent:
2025-07-11T16:25:47.988Z - info: 1. book/gitAndGithub/remoteBranchRename/index
2025-07-11T16:25:47.988Z - info: 2. book/gitAndGithub/remoteBranchDelete/index
2025-07-11T16:25:47.988Z - info: 3. se-book-adapted/git-trail/index
2025-07-11T16:25:48.993Z - info: Rebuilding 2 pages
2025-07-11T16:25:49.274Z - info: Site data built
2025-07-11T16:25:49.274Z - info: Pages rebuilt
2025-07-11T16:25:49.274Z - info: Website regeneration complete! Total build time: 0.284s
2025-07-11T16:26:51.468Z - info: [00:26:51] Reload for file change: /Users/damithch/Repos/nus-cs2103/cs2103-website-base/book/gitAndGithub/remoteBranchRename/text.md
2025-07-11T16:26:51.471Z - info: Synchronizing opened pages list before reload
2025-07-11T16:26:51.472Z - info: Current opened pages, from most-to-least recent:
2025-07-11T16:26:51.472Z - info: 1. book/gitAndGithub/remoteBranchRename/index
2025-07-11T16:26:51.472Z - info: 2. book/gitAndGithub/remoteBranchDelete/index
2025-07-11T16:26:51.472Z - info: 3. se-book-adapted/git-trail/index
2025-07-11T16:26:52.479Z - info: Rebuilding 2 pages
2025-07-11T16:26:52.754Z - info: Site data built
2025-07-11T16:26:52.754Z - info: Pages rebuilt
2025-07-11T16:26:52.754Z - info: Website regeneration complete! Total build time: 0.278s
2025-07-11T16:27:39.770Z - info: [00:27:39] Reload for file change: /Users/damithch/Repos/nus-cs2103/cs2103-website-base/book/common/macros.njk
2025-07-11T16:27:39.770Z - info: Synchronizing opened pages list before reload
2025-07-11T16:27:39.771Z - info: Current opened pages, from most-to-least recent:
2025-07-11T16:27:39.771Z - info: 1. book/gitAndGithub/remoteBranchRename/index
2025-07-11T16:27:39.771Z - info: 2. book/gitAndGithub/remoteBranchDelete/index
2025-07-11T16:27:39.771Z - info: 3. se-book-adapted/git-trail/index
2025-07-11T16:27:40.789Z - info: Rebuilding 3 pages
2025-07-11T16:27:41.032Z - info: Site data built
2025-07-11T16:27:41.032Z - info: Pages rebuilt
2025-07-11T16:27:41.032Z - info: Website regeneration complete! Total build time: 0.246s
2025-07-11T16:29:07.329Z - info: [00:29:07] Reload for file change: /Users/damithch/Repos/nus-cs2103/cs2103-website-base/book/gitAndGithub/remoteBranchDelete/text.md
2025-07-11T16:29:07.330Z - info: Synchronizing opened pages list before reload
2025-07-11T16:29:07.331Z - info: Current opened pages, from most-to-least recent:
2025-07-11T16:29:07.331Z - info: 1. book/gitAndGithub/remoteBranchRename/index
2025-07-11T16:29:07.331Z - info: 2. book/gitAndGithub/remoteBranchDelete/index
2025-07-11T16:29:07.331Z - info: 3. se-book-adapted/git-trail/index
2025-07-11T16:29:07.331Z - info: [00:29:07] Reload for file change: /Users/damithch/Repos/nus-cs2103/cs2103-website-base/book/gitAndGithub/remoteBranchRename/text.md
2025-07-11T16:29:07.331Z - info: Synchronizing opened pages list before reload
2025-07-11T16:29:07.332Z - info: Current opened pages, from most-to-least recent:
2025-07-11T16:29:07.332Z - info: 1. book/gitAndGithub/remoteBranchRename/index
2025-07-11T16:29:07.332Z - info: 2. book/gitAndGithub/remoteBranchDelete/index
2025-07-11T16:29:07.332Z - info: 3. se-book-adapted/git-trail/index
2025-07-11T16:29:08.338Z - info: Rebuilding 3 pages
2025-07-11T16:29:08.645Z - info: Site data built
2025-07-11T16:29:08.645Z - info: Pages rebuilt
2025-07-11T16:29:08.645Z - info: Website regeneration complete! Total build time: 0.309s
2025-07-11T16:30:04.034Z - info: [00:30:04] Reload for file change: /Users/damithch/Repos/nus-cs2103/cs2103-website-base/book/gitAndGithub/remoteBranchDelete/text.md
2025-07-11T16:30:04.035Z - info: Synchronizing opened pages list before reload
2025-07-11T16:30:04.035Z - info: Current opened pages, from most-to-least recent:
2025-07-11T16:30:04.035Z - info: 1. book/gitAndGithub/remoteBranchRename/index
2025-07-11T16:30:04.035Z - info: 2. book/gitAndGithub/remoteBranchDelete/index
2025-07-11T16:30:04.035Z - info: 3. se-book-adapted/git-trail/index
2025-07-11T16:30:05.038Z - info: Rebuilding 2 pages
2025-07-11T16:30:05.307Z - info: Site data built
2025-07-11T16:30:05.307Z - info: Pages rebuilt
2025-07-11T16:30:05.307Z - info: Website regeneration complete! Total build time: 0.271s
2025-07-11T16:33:23.687Z - info: [00:33:23] Reload for file change: /Users/damithch/Repos/nus-cs2103/cs2103-website-base/book/gitAndGithub/remoteBranchDelete/text.md
2025-07-11T16:33:23.688Z - info: Synchronizing opened pages list before reload
2025-07-11T16:33:23.688Z - info: Current opened pages, from most-to-least recent:
2025-07-11T16:33:23.688Z - info: 1. book/gitAndGithub/remoteBranchRename/index
2025-07-11T16:33:23.688Z - info: 2. book/gitAndGithub/remoteBranchDelete/index
2025-07-11T16:33:23.688Z - info: 3. se-book-adapted/git-trail/index
2025-07-11T16:33:24.692Z - info: Rebuilding 2 pages
2025-07-11T16:33:24.923Z - info: Site data built
2025-07-11T16:33:24.923Z - info: Pages rebuilt
2025-07-11T16:33:24.923Z - info: Website regeneration complete! Total build time: 0.233s
2025-07-11T16:38:56.413Z - info: [00:38:56] Reload for file change: /Users/damithch/Repos/nus-cs2103/cs2103-website-base/book/gitAndGithub/remoteBranchDelete/text.md
2025-07-11T16:38:56.415Z - info: Synchronizing opened pages list before reload
2025-07-11T16:38:56.417Z - info: Current opened pages, from most-to-least recent:
2025-07-11T16:38:56.417Z - info: 1. book/gitAndGithub/remoteBranchDelete/index
2025-07-11T16:38:56.417Z - info: 2. se-book-adapted/git-trail/index
2025-07-11T16:38:57.427Z - info: Rebuilding 2 pages
2025-07-11T16:38:57.729Z - info: Site data built
2025-07-11T16:38:57.729Z - info: Pages rebuilt
2025-07-11T16:38:57.729Z - info: Website regeneration complete! Total build time: 0.305s
2025-07-11T16:42:34.496Z - info: [00:42:34] Reload for file change: /Users/damithch/Repos/nus-cs2103/cs2103-website-base/book/gitAndGithub/remoteBranchDelete/text.md
2025-07-11T16:42:34.497Z - info: Synchronizing opened pages list before reload
2025-07-11T16:42:34.497Z - info: Current opened pages, from most-to-least recent:
2025-07-11T16:42:34.497Z - info: 1. book/gitAndGithub/remoteBranchDelete/index
2025-07-11T16:42:34.497Z - info: 2. se-book-adapted/git-trail/index
2025-07-11T16:42:35.510Z - info: Rebuilding 2 pages
2025-07-11T16:42:35.785Z - info: Site data built
2025-07-11T16:42:35.785Z - info: Pages rebuilt
2025-07-11T16:42:35.785Z - info: Website regeneration complete! Total build time: 0.277s
2025-07-11T16:43:01.430Z - info: Building /Users/damithch/Repos/nus-cs2103/cs2103-website-base/book/gitAndGithub/remoteBranchPull/index as some of its dependencies were changed since the last visit
2025-07-11T16:43:01.506Z - info: Site data built
2025-07-11T16:43:01.506Z - info: Lazy website regeneration complete! Total build time: 0.077s
2025-07-11T16:47:29.305Z - info: [00:47:29] Reload for file change: /Users/damithch/Repos/nus-cs2103/cs2103-website-base/book/common/macros.njk
2025-07-11T16:47:29.307Z - info: Synchronizing opened pages list before reload
2025-07-11T16:47:29.307Z - info: Current opened pages, from most-to-least recent:
2025-07-11T16:47:29.307Z - info: 1. book/gitAndGithub/remoteBranchDelete/index
2025-07-11T16:47:29.307Z - info: 2. se-book-adapted/git-trail/index
2025-07-11T16:47:29.316Z - info: [00:47:29] Reload for file change: /Users/damithch/Repos/nus-cs2103/cs2103-website-base/book/gitAndGithub/remoteBranchDelete/text.md
2025-07-11T16:47:29.316Z - info: Synchronizing opened pages list before reload
2025-07-11T16:47:29.316Z - info: Current opened pages, from most-to-least recent:
2025-07-11T16:47:29.316Z - info: 1. book/gitAndGithub/remoteBranchDelete/index
2025-07-11T16:47:29.316Z - info: 2. se-book-adapted/git-trail/index
2025-07-11T16:47:30.316Z - info: Rebuilding 2 pages
2025-07-11T16:47:30.569Z - info: Site data built
2025-07-11T16:47:30.569Z - info: Pages rebuilt
2025-07-11T16:47:30.569Z - info: Website regeneration complete! Total build time: 0.255s
2025-07-11T16:47:33.950Z - info: Building /Users/damithch/Repos/nus-cs2103/cs2103-website-base/book/gitAndGithub/remoteBranchRename/index as some of its dependencies were changed since the last visit
2025-07-11T16:47:34.031Z - info: Site data built
2025-07-11T16:47:34.031Z - info: Lazy website regeneration complete! Total build time: 0.081s
2025-07-11T16:48:24.686Z - info: [00:48:24] Reload for file change: /Users/damithch/Repos/nus-cs2103/cs2103-website-base/book/common/macros.njk
2025-07-11T16:48:24.687Z - info: Synchronizing opened pages list before reload
2025-07-11T16:48:24.687Z - info: Current opened pages, from most-to-least recent:
2025-07-11T16:48:24.687Z - info: 1. book/gitAndGithub/remoteBranchRename/index
2025-07-11T16:48:24.687Z - info: 2. book/gitAndGithub/remoteBranchDelete/index
2025-07-11T16:48:24.687Z - info: 3. se-book-adapted/git-trail/index
2025-07-11T16:48:25.700Z - info: Rebuilding 3 pages
2025-07-11T16:48:26.001Z - info: Site data built
2025-07-11T16:48:26.001Z - info: Pages rebuilt
2025-07-11T16:48:26.001Z - info: Website regeneration complete! Total build time: 0.303s
2025-07-11T16:50:10.075Z - info: [00:50:10] Reload for file change: /Users/damithch/Repos/nus-cs2103/cs2103-website-base/book/gitAndGithub/remoteBranchDelete/text.md
2025-07-11T16:50:10.076Z - info: Synchronizing opened pages list before reload
2025-07-11T16:50:10.076Z - info: Current opened pages, from most-to-least recent:
2025-07-11T16:50:10.076Z - info: 1. book/gitAndGithub/remoteBranchDelete/index
2025-07-11T16:50:10.076Z - info: 2. se-book-adapted/git-trail/index
2025-07-11T16:50:11.088Z - info: Rebuilding 2 pages
2025-07-11T16:50:11.357Z - info: Site data built
2025-07-11T16:50:11.357Z - info: Pages rebuilt
2025-07-11T16:50:11.357Z - info: Website regeneration complete! Total build time: 0.272s
2025-07-11T16:50:36.098Z - info: [00:50:36] Reload for file change: /Users/damithch/Repos/nus-cs2103/cs2103-website-base/book/gitAndGithub/remoteBranchDelete/text.md
2025-07-11T16:50:36.098Z - info: Synchronizing opened pages list before reload
2025-07-11T16:50:36.098Z - info: Current opened pages, from most-to-least recent:
2025-07-11T16:50:36.098Z - info: 1. book/gitAndGithub/remoteBranchDelete/index
2025-07-11T16:50:36.098Z - info: 2. se-book-adapted/git-trail/index
2025-07-11T16:50:37.100Z - info: Rebuilding 2 pages
2025-07-11T16:50:37.297Z - info: Site data built
2025-07-11T16:50:37.298Z - info: Pages rebuilt
2025-07-11T16:50:37.298Z - info: Website regeneration complete! Total build time: 0.2s
2025-07-11T16:51:17.395Z - info: [00:51:17] Reload for file change: /Users/damithch/Repos/nus-cs2103/cs2103-website-base/book/gitAndGithub/remoteBranchDelete/text.md
2025-07-11T16:51:17.395Z - info: Synchronizing opened pages list before reload
2025-07-11T16:51:17.395Z - info: Current opened pages, from most-to-least recent:
2025-07-11T16:51:17.395Z - info: 1. book/gitAndGithub/remoteBranchDelete/index
2025-07-11T16:51:17.395Z - info: 2. se-book-adapted/git-trail/index
2025-07-11T16:51:18.397Z - info: Rebuilding 2 pages
2025-07-11T16:51:18.661Z - info: Site data built
2025-07-11T16:51:18.661Z - info: Pages rebuilt
2025-07-11T16:51:18.661Z - info: Website regeneration complete! Total build time: 0.265s
2025-07-11T16:51:33.180Z - info: [00:51:33] Reload for file change: /Users/damithch/Repos/nus-cs2103/cs2103-website-base/book/gitAndGithub/remoteBranchDelete/text.md
2025-07-11T16:51:33.180Z - info: Synchronizing opened pages list before reload
2025-07-11T16:51:33.180Z - info: Current opened pages, from most-to-least recent:
2025-07-11T16:51:33.180Z - info: 1. book/gitAndGithub/remoteBranchDelete/index
2025-07-11T16:51:33.180Z - info: 2. se-book-adapted/git-trail/index
2025-07-11T16:51:34.190Z - info: Rebuilding 2 pages
2025-07-11T16:51:34.402Z - info: Site data built
2025-07-11T16:51:34.402Z - info: Pages rebuilt
2025-07-11T16:51:34.402Z - info: Website regeneration complete! Total build time: 0.214s
2025-07-11T16:51:50.026Z - info: [00:51:50] Reload for file change: /Users/damithch/Repos/nus-cs2103/cs2103-website-base/book/gitAndGithub/remoteBranchDelete/text.md
2025-07-11T16:51:50.027Z - info: Synchronizing opened pages list before reload
2025-07-11T16:51:50.027Z - info: Current opened pages, from most-to-least recent:
2025-07-11T16:51:50.028Z - info: 1. book/gitAndGithub/remoteBranchDelete/index
2025-07-11T16:51:50.028Z - info: 2. se-book-adapted/git-trail/index
2025-07-11T16:51:51.038Z - info: Rebuilding 2 pages
2025-07-11T16:51:51.303Z - info: Site data built
2025-07-11T16:51:51.303Z - info: Pages rebuilt
2025-07-11T16:51:51.303Z - info: Website regeneration complete! Total build time: 0.267s
2025-07-11T16:52:33.653Z - info: [00:52:33] Reload for file change: /Users/damithch/Repos/nus-cs2103/cs2103-website-base/book/gitAndGithub/remoteBranchDelete/text.md
2025-07-11T16:52:33.653Z - info: Synchronizing opened pages list before reload
2025-07-11T16:52:33.653Z - info: Current opened pages, from most-to-least recent:
2025-07-11T16:52:33.653Z - info: 1. book/gitAndGithub/remoteBranchDelete/index
2025-07-11T16:52:33.653Z - info: 2. se-book-adapted/git-trail/index
2025-07-11T16:52:33.752Z - info: [00:52:33] Reload for file change: /Users/damithch/Repos/nus-cs2103/cs2103-website-base/book/common/macros.njk
2025-07-11T16:52:33.752Z - info: Synchronizing opened pages list before reload
2025-07-11T16:52:33.753Z - info: Current opened pages, from most-to-least recent:
2025-07-11T16:52:33.753Z - info: 1. book/gitAndGithub/remoteBranchDelete/index
2025-07-11T16:52:33.753Z - info: 2. se-book-adapted/git-trail/index
2025-07-11T16:52:34.663Z - info: Rebuilding 2 pages
2025-07-11T16:52:34.893Z - info: Site data built
2025-07-11T16:52:34.893Z - info: Pages rebuilt
2025-07-11T16:52:34.893Z - info: Website regeneration complete! Total build time: 0.232s
2025-07-11T16:56:50.939Z - info: [00:56:50] Reload for file change: /Users/damithch/Repos/nus-cs2103/cs2103-website-base/book/gitAndGithub/remoteBranchDelete/text.md
2025-07-11T16:56:50.940Z - info: Synchronizing opened pages list before reload
2025-07-11T16:56:50.941Z - info: Current opened pages, from most-to-least recent:
2025-07-11T16:56:50.942Z - info: 1. book/gitAndGithub/remoteBranchDelete/index
2025-07-11T16:56:50.942Z - info: 2. se-book-adapted/git-trail/index
2025-07-11T16:56:51.946Z - info: Rebuilding 2 pages
2025-07-11T16:56:52.346Z - info: Site data built
2025-07-11T16:56:52.346Z - info: Pages rebuilt
2025-07-11T16:56:52.346Z - info: Website regeneration complete! Total build time: 0.402s
2025-07-11T16:57:46.430Z - info: [00:57:46] Reload for file change: /Users/damithch/Repos/nus-cs2103/cs2103-website-base/book/gitAndGithub/remoteBranchDelete/text.md
2025-07-11T16:57:46.430Z - info: Synchronizing opened pages list before reload
2025-07-11T16:57:46.430Z - info: Current opened pages, from most-to-least recent:
2025-07-11T16:57:46.430Z - info: 1. book/gitAndGithub/remoteBranchDelete/index
2025-07-11T16:57:46.430Z - info: 2. se-book-adapted/git-trail/index
2025-07-11T16:57:47.435Z - info: Rebuilding 2 pages
2025-07-11T16:57:47.742Z - info: Site data built
2025-07-11T16:57:47.742Z - info: Pages rebuilt
2025-07-11T16:57:47.742Z - info: Website regeneration complete! Total build time: 0.309s
2025-07-11T16:57:55.902Z - info: [00:57:55] Reload for file change: /Users/damithch/Repos/nus-cs2103/cs2103-website-base/book/gitAndGithub/remoteBranchDelete/text.md
2025-07-11T16:57:55.902Z - info: Synchronizing opened pages list before reload
2025-07-11T16:57:55.902Z - info: Current opened pages, from most-to-least recent:
2025-07-11T16:57:55.902Z - info: 1. book/gitAndGithub/remoteBranchDelete/index
2025-07-11T16:57:55.902Z - info: 2. se-book-adapted/git-trail/index
2025-07-11T16:57:56.908Z - info: Rebuilding 2 pages
2025-07-11T16:57:57.194Z - info: Site data built
2025-07-11T16:57:57.194Z - info: Pages rebuilt
2025-07-11T16:57:57.194Z - info: Website regeneration complete! Total build time: 0.288s
2025-07-11T16:58:13.629Z - info: [00:58:13] Reload for file change: /Users/damithch/Repos/nus-cs2103/cs2103-website-base/book/gitAndGithub/remoteBranchDelete/text.md
2025-07-11T16:58:13.629Z - info: Synchronizing opened pages list before reload
2025-07-11T16:58:13.629Z - info: Current opened pages, from most-to-least recent:
2025-07-11T16:58:13.630Z - info: 1. book/gitAndGithub/remoteBranchDelete/index
2025-07-11T16:58:13.630Z - info: 2. se-book-adapted/git-trail/index
2025-07-11T16:58:14.641Z - info: Rebuilding 2 pages
2025-07-11T16:58:14.894Z - info: Site data built
2025-07-11T16:58:14.894Z - info: Pages rebuilt
2025-07-11T16:58:14.894Z - info: Website regeneration complete! Total build time: 0.255s
2025-07-11T16:58:36.003Z - info: [00:58:36] Reload for file change: /Users/damithch/Repos/nus-cs2103/cs2103-website-base/book/gitAndGithub/remoteBranchDelete/text.md
2025-07-11T16:58:36.009Z - info: Synchronizing opened pages list before reload
2025-07-11T16:58:36.010Z - info: Current opened pages, from most-to-least recent:
2025-07-11T16:58:36.010Z - info: 1. book/gitAndGithub/remoteBranchDelete/index
2025-07-11T16:58:36.010Z - info: 2. se-book-adapted/git-trail/index
2025-07-11T16:58:37.014Z - info: Rebuilding 2 pages
2025-07-11T16:58:37.200Z - info: Site data built
2025-07-11T16:58:37.200Z - info: Pages rebuilt
2025-07-11T16:58:37.200Z - info: Website regeneration complete! Total build time: 0.187s
2025-07-11T16:59:17.682Z - info: [00:59:17] Reload for file change: /Users/damithch/Repos/nus-cs2103/cs2103-website-base/book/gitAndGithub/remoteBranchDelete/text.md
2025-07-11T16:59:17.686Z - info: Synchronizing opened pages list before reload
2025-07-11T16:59:17.690Z - info: Current opened pages, from most-to-least recent:
2025-07-11T16:59:17.691Z - info: 1. book/gitAndGithub/remoteBranchDelete/index
2025-07-11T16:59:17.691Z - info: 2. se-book-adapted/git-trail/index
2025-07-11T16:59:18.701Z - info: Rebuilding 2 pages
2025-07-11T16:59:18.975Z - info: Site data built
2025-07-11T16:59:18.975Z - info: Pages rebuilt
2025-07-11T16:59:18.976Z - info: Website regeneration complete! Total build time: 0.277s
2025-07-11T16:59:26.138Z - info: [00:59:26] Reload for file change: /Users/damithch/Repos/nus-cs2103/cs2103-website-base/book/gitAndGithub/remoteBranchDelete/text.md
2025-07-11T16:59:26.138Z - info: Synchronizing opened pages list before reload
2025-07-11T16:59:26.138Z - info: Current opened pages, from most-to-least recent:
2025-07-11T16:59:26.139Z - info: 1. book/gitAndGithub/remoteBranchDelete/index
2025-07-11T16:59:26.139Z - info: 2. se-book-adapted/git-trail/index
2025-07-11T16:59:27.150Z - info: Rebuilding 2 pages
2025-07-11T16:59:27.386Z - info: Site data built
2025-07-11T16:59:27.386Z - info: Pages rebuilt
2025-07-11T16:59:27.386Z - info: Website regeneration complete! Total build time: 0.237s
2025-07-11T17:01:08.308Z - info: [01:01:08] Reload for file change: /Users/damithch/Repos/nus-cs2103/cs2103-website-base/book/gitAndGithub/remoteBranchDelete/text.md
2025-07-11T17:01:08.309Z - info: Synchronizing opened pages list before reload
2025-07-11T17:01:08.310Z - info: Current opened pages, from most-to-least recent:
2025-07-11T17:01:08.310Z - info: 1. book/gitAndGithub/remoteBranchDelete/index
2025-07-11T17:01:08.310Z - info: 2. se-book-adapted/git-trail/index
2025-07-11T17:01:09.315Z - info: Rebuilding 2 pages
2025-07-11T17:01:09.621Z - info: Site data built
2025-07-11T17:01:09.621Z - info: Pages rebuilt
2025-07-11T17:01:09.621Z - info: Website regeneration complete! Total build time: 0.308s
2025-07-11T17:03:27.266Z - info: [01:03:27] Reload for file change: /Users/damithch/Repos/nus-cs2103/cs2103-website-base/book/gitAndGithub/remoteBranchDelete/text.md
2025-07-11T17:03:27.267Z - info: Synchronizing opened pages list before reload
2025-07-11T17:03:27.267Z - info: Current opened pages, from most-to-least recent:
2025-07-11T17:03:27.268Z - info: 1. book/gitAndGithub/remoteBranchDelete/index
2025-07-11T17:03:27.268Z - info: 2. se-book-adapted/git-trail/index
2025-07-11T17:03:28.274Z - info: Rebuilding 2 pages
2025-07-11T17:03:28.549Z - info: Site data built
2025-07-11T17:03:28.549Z - info: Pages rebuilt
2025-07-11T17:03:28.549Z - info: Website regeneration complete! Total build time: 0.279s
2025-07-11T17:03:34.341Z - info: Building /Users/damithch/Repos/nus-cs2103/cs2103-website-base/book/index as some of its dependencies were changed since the last visit
2025-07-11T17:03:34.423Z - info: Site data built
2025-07-11T17:03:34.423Z - info: Lazy website regeneration complete! Total build time: 0.082s
2025-07-11T17:06:18.852Z - info: [01:06:18] Reload for file change: /Users/damithch/Repos/nus-cs2103/cs2103-website-base/book/gitAndGithub/remoteBranchDelete/text.md
2025-07-11T17:06:18.853Z - info: Synchronizing opened pages list before reload
2025-07-11T17:06:18.854Z - info: Current opened pages, from most-to-least recent:
2025-07-11T17:06:18.854Z - info: 1. book/gitAndGithub/remoteBranchDelete/index
2025-07-11T17:06:18.854Z - info: 2. se-book-adapted/git-trail/index
2025-07-11T17:06:19.865Z - info: Rebuilding 2 pages
2025-07-11T17:06:20.124Z - info: Site data built
2025-07-11T17:06:20.124Z - info: Pages rebuilt
2025-07-11T17:06:20.124Z - info: Website regeneration complete! Total build time: 0.261s
2025-07-11T17:06:25.874Z - info: [01:06:25] Reload for file change: /Users/damithch/Repos/nus-cs2103/cs2103-website-base/book/gitAndGithub/remoteBranchDelete/text.md
2025-07-11T17:06:25.874Z - info: Synchronizing opened pages list before reload
2025-07-11T17:06:25.874Z - info: Current opened pages, from most-to-least recent:
2025-07-11T17:06:25.874Z - info: 1. book/gitAndGithub/remoteBranchDelete/index
2025-07-11T17:06:25.874Z - info: 2. se-book-adapted/git-trail/index
2025-07-11T17:06:26.885Z - info: Rebuilding 2 pages
2025-07-11T17:06:27.094Z - info: Site data built
2025-07-11T17:06:27.094Z - info: Pages rebuilt
2025-07-11T17:06:27.094Z - info: Website regeneration complete! Total build time: 0.211s
2025-07-11T17:06:59.373Z - info: [01:06:59] Reload for file change: /Users/damithch/Repos/nus-cs2103/cs2103-website-base/book/gitAndGithub/remoteBranchDelete/text.md
2025-07-11T17:06:59.373Z - info: Synchronizing opened pages list before reload
2025-07-11T17:06:59.373Z - info: Current opened pages, from most-to-least recent:
2025-07-11T17:06:59.374Z - info: 1. book/gitAndGithub/remoteBranchDelete/index
2025-07-11T17:06:59.374Z - info: 2. se-book-adapted/git-trail/index
2025-07-11T17:07:00.376Z - info: Rebuilding 2 pages
2025-07-11T17:07:00.642Z - info: Site data built
2025-07-11T17:07:00.642Z - info: Pages rebuilt
2025-07-11T17:07:00.642Z - info: Website regeneration complete! Total build time: 0.267s
2025-07-11T17:07:42.633Z - info: [01:07:42] Reload for file change: /Users/damithch/Repos/nus-cs2103/cs2103-website-base/book/common/macros.njk
2025-07-11T17:07:42.633Z - info: Synchronizing opened pages list before reload
2025-07-11T17:07:42.633Z - info: Current opened pages, from most-to-least recent:
2025-07-11T17:07:42.633Z - info: 1. book/gitAndGithub/remoteBranchDelete/index
2025-07-11T17:07:42.633Z - info: 2. se-book-adapted/git-trail/index
2025-07-11T17:07:42.640Z - info: [01:07:42] Reload for file change: /Users/damithch/Repos/nus-cs2103/cs2103-website-base/book/gitAndGithub/remoteBranchDelete/text.md
2025-07-11T17:07:42.640Z - info: Synchronizing opened pages list before reload
2025-07-11T17:07:42.640Z - info: Current opened pages, from most-to-least recent:
2025-07-11T17:07:42.640Z - info: 1. book/gitAndGithub/remoteBranchDelete/index
2025-07-11T17:07:42.640Z - info: 2. se-book-adapted/git-trail/index
2025-07-11T17:07:43.644Z - info: Rebuilding 2 pages
2025-07-11T17:07:43.860Z - info: Site data built
2025-07-11T17:07:43.860Z - info: Pages rebuilt
2025-07-11T17:07:43.860Z - info: Website regeneration complete! Total build time: 0.219s
2025-07-11T17:07:59.392Z - info: [01:07:59] Reload for file change: /Users/damithch/Repos/nus-cs2103/cs2103-website-base/book/common/macros.njk
2025-07-11T17:07:59.392Z - info: Synchronizing opened pages list before reload
2025-07-11T17:07:59.392Z - info: Current opened pages, from most-to-least recent:
2025-07-11T17:07:59.392Z - info: 1. book/gitAndGithub/remoteBranchDelete/index
2025-07-11T17:07:59.392Z - info: 2. se-book-adapted/git-trail/index
2025-07-11T17:08:00.397Z - info: Rebuilding 2 pages
2025-07-11T17:08:00.663Z - info: Site data built
2025-07-11T17:08:00.663Z - info: Pages rebuilt
2025-07-11T17:08:00.663Z - info: Website regeneration complete! Total build time: 0.268s
2025-07-11T17:08:06.870Z - info: Building /Users/damithch/Repos/nus-cs2103/cs2103-website-base/book/gitAndGithub/remoteBranchPush/index as some of its dependencies were changed since the last visit
2025-07-11T17:08:06.947Z - info: Site data built
2025-07-11T17:08:06.947Z - info: Lazy website regeneration complete! Total build time: 0.078s
2025-07-11T17:09:57.736Z - info: [01:09:57] Reload for file change: /Users/damithch/Repos/nus-cs2103/cs2103-website-base/book/gitAndGithub/remoteBranchDelete/text.md
2025-07-11T17:09:57.737Z - info: Synchronizing opened pages list before reload
2025-07-11T17:09:57.738Z - info: Current opened pages, from most-to-least recent:
2025-07-11T17:09:57.738Z - info: 1. book/gitAndGithub/remoteBranchDelete/index
2025-07-11T17:09:57.738Z - info: 2. se-book-adapted/git-trail/index
2025-07-11T17:09:58.750Z - info: Rebuilding 2 pages
2025-07-11T17:09:59.022Z - info: Site data built
2025-07-11T17:09:59.022Z - info: Pages rebuilt
2025-07-11T17:09:59.022Z - info: Website regeneration complete! Total build time: 0.275s
2025-07-11T17:27:37.498Z - info: [01:27:37] Reload for file change: /Users/damithch/Repos/nus-cs2103/cs2103-website-base/book/gitAndGithub/remoteBranchDelete/text.md
2025-07-11T17:27:37.500Z - info: Synchronizing opened pages list before reload
2025-07-11T17:27:37.502Z - info: Current opened pages, from most-to-least recent:
2025-07-11T17:27:37.502Z - info: 1. book/gitAndGithub/remoteBranchDelete/index
2025-07-11T17:27:37.502Z - info: 2. se-book-adapted/git-trail/index
2025-07-11T17:27:38.508Z - info: Rebuilding 2 pages
2025-07-11T17:27:38.736Z - info: Site data built
2025-07-11T17:27:38.736Z - info: Pages rebuilt
2025-07-11T17:27:38.736Z - info: Website regeneration complete! Total build time: 0.23s
2025-07-11T17:27:52.261Z - info: Building /Users/damithch/Repos/nus-cs2103/cs2103-website-base/book/gitAndGithub/remoteBranchRename/index as some of its dependencies were changed since the last visit
2025-07-11T17:27:52.345Z - info: Site data built
2025-07-11T17:27:52.345Z - info: Lazy website regeneration complete! Total build time: 0.084s
2025-07-11T17:30:35.022Z - info: [01:30:35] Reload for file change: /Users/damithch/Repos/nus-cs2103/cs2103-website-base/book/gitAndGithub/remoteBranchRename/text.md
2025-07-11T17:30:35.022Z - info: Synchronizing opened pages list before reload
2025-07-11T17:30:35.023Z - info: Current opened pages, from most-to-least recent:
2025-07-11T17:30:35.023Z - info: 1. book/gitAndGithub/remoteBranchDelete/index
2025-07-11T17:30:35.023Z - info: 2. book/gitAndGithub/remoteBranchRename/index
2025-07-11T17:30:35.023Z - info: 3. se-book-adapted/git-trail/index
2025-07-11T17:30:36.029Z - info: Rebuilding 2 pages
2025-07-11T17:30:36.294Z - info: Site data built
2025-07-11T17:30:36.294Z - info: Pages rebuilt
2025-07-11T17:30:36.294Z - info: Website regeneration complete! Total build time: 0.268s
2025-07-11T17:31:41.332Z - info: [01:31:41] Reload for file change: /Users/damithch/Repos/nus-cs2103/cs2103-website-base/book/gitAndGithub/remoteBranchRename/text.md
2025-07-11T17:31:41.333Z - info: Synchronizing opened pages list before reload
2025-07-11T17:31:41.333Z - info: Current opened pages, from most-to-least recent:
2025-07-11T17:31:41.333Z - info: 1. book/gitAndGithub/remoteBranchDelete/index
2025-07-11T17:31:41.333Z - info: 2. book/gitAndGithub/remoteBranchRename/index
2025-07-11T17:31:41.333Z - info: 3. se-book-adapted/git-trail/index
2025-07-11T17:31:42.342Z - info: Rebuilding 2 pages
2025-07-11T17:31:42.576Z - info: Site data built
2025-07-11T17:31:42.576Z - info: Pages rebuilt
2025-07-11T17:31:42.576Z - info: Website regeneration complete! Total build time: 0.235s
2025-07-11T17:31:51.069Z - info: [01:31:51] Reload for file change: /Users/damithch/Repos/nus-cs2103/cs2103-website-base/book/gitAndGithub/remoteBranchRename/text.md
2025-07-11T17:31:51.070Z - info: Synchronizing opened pages list before reload
2025-07-11T17:31:51.070Z - info: Current opened pages, from most-to-least recent:
2025-07-11T17:31:51.070Z - info: 1. book/gitAndGithub/remoteBranchDelete/index
2025-07-11T17:31:51.070Z - info: 2. book/gitAndGithub/remoteBranchRename/index
2025-07-11T17:31:51.070Z - info: 3. se-book-adapted/git-trail/index
2025-07-11T17:31:52.083Z - info: Rebuilding 2 pages
2025-07-11T17:31:52.301Z - info: Site data built
2025-07-11T17:31:52.301Z - info: Pages rebuilt
2025-07-11T17:31:52.301Z - info: Website regeneration complete! Total build time: 0.219s
2025-07-11T17:32:15.588Z - info: [01:32:15] Reload for file change: /Users/damithch/Repos/nus-cs2103/cs2103-website-base/book/gitAndGithub/remoteBranchRename/text.md
2025-07-11T17:32:15.588Z - info: Synchronizing opened pages list before reload
2025-07-11T17:32:15.588Z - info: Current opened pages, from most-to-least recent:
2025-07-11T17:32:15.588Z - info: 1. book/gitAndGithub/remoteBranchDelete/index
2025-07-11T17:32:15.588Z - info: 2. book/gitAndGithub/remoteBranchRename/index
2025-07-11T17:32:15.588Z - info: 3. se-book-adapted/git-trail/index
2025-07-11T17:32:16.590Z - info: Rebuilding 2 pages
2025-07-11T17:32:16.844Z - info: Site data built
2025-07-11T17:32:16.844Z - info: Pages rebuilt
2025-07-11T17:32:16.844Z - info: Website regeneration complete! Total build time: 0.256s
2025-07-11T17:36:38.511Z - info: [01:36:38] Reload for file change: /Users/damithch/Repos/nus-cs2103/cs2103-website-base/book/gitAndGithub/remoteBranchDelete/text.md
2025-07-11T17:36:38.515Z - info: Synchronizing opened pages list before reload
2025-07-11T17:36:38.516Z - info: Current opened pages, from most-to-least recent:
2025-07-11T17:36:38.516Z - info: 1. book/gitAndGithub/remoteBranchDelete/index
2025-07-11T17:36:38.516Z - info: 2. book/gitAndGithub/remoteBranchRename/index
2025-07-11T17:36:38.516Z - info: 3. se-book-adapted/git-trail/index
2025-07-11T17:36:39.521Z - info: Rebuilding 2 pages
2025-07-11T17:36:39.756Z - info: Site data built
2025-07-11T17:36:39.757Z - info: Pages rebuilt
2025-07-11T17:36:39.757Z - info: Website regeneration complete! Total build time: 0.238s
2025-07-11T17:37:30.140Z - info: [01:37:30] Reload for file change: /Users/damithch/Repos/nus-cs2103/cs2103-website-base/book/gitAndGithub/remoteBranchDelete/text.md
2025-07-11T17:37:30.151Z - info: Synchronizing opened pages list before reload
2025-07-11T17:37:30.153Z - info: Current opened pages, from most-to-least recent:
2025-07-11T17:37:30.153Z - info: 1. book/gitAndGithub/remoteBranchDelete/index
2025-07-11T17:37:30.153Z - info: 2. book/gitAndGithub/remoteBranchRename/index
2025-07-11T17:37:30.153Z - info: 3. se-book-adapted/git-trail/index
2025-07-11T17:37:31.160Z - info: Rebuilding 2 pages
2025-07-11T17:37:31.444Z - info: Site data built
2025-07-11T17:37:31.444Z - info: Pages rebuilt
2025-07-11T17:37:31.444Z - info: Website regeneration complete! Total build time: 0.286s
2025-07-11T17:39:29.123Z - info: [01:39:29] Reload for file change: /Users/damithch/Repos/nus-cs2103/cs2103-website-base/book/gitAndGithub/remoteBranchDelete/text.md
2025-07-11T17:39:29.124Z - info: Synchronizing opened pages list before reload
2025-07-11T17:39:29.125Z - info: Current opened pages, from most-to-least recent:
2025-07-11T17:39:29.125Z - info: 1. book/gitAndGithub/remoteBranchDelete/index
2025-07-11T17:39:29.125Z - info: 2. book/gitAndGithub/remoteBranchRename/index
2025-07-11T17:39:29.125Z - info: 3. se-book-adapted/git-trail/index
2025-07-11T17:39:30.137Z - info: Rebuilding 2 pages
2025-07-11T17:39:30.347Z - info: Site data built
2025-07-11T17:39:30.347Z - info: Pages rebuilt
2025-07-11T17:39:30.347Z - info: Website regeneration complete! Total build time: 0.212s
2025-07-11T17:41:16.832Z - info: [01:41:16] Reload for file change: /Users/damithch/Repos/nus-cs2103/cs2103-website-base/book/gitAndGithub/remoteBranchDelete/text.md
2025-07-11T17:41:16.833Z - info: Synchronizing opened pages list before reload
2025-07-11T17:41:16.833Z - info: Current opened pages, from most-to-least recent:
2025-07-11T17:41:16.833Z - info: 1. book/gitAndGithub/remoteBranchDelete/index
2025-07-11T17:41:16.833Z - info: 2. book/gitAndGithub/remoteBranchRename/index
2025-07-11T17:41:16.833Z - info: 3. se-book-adapted/git-trail/index
2025-07-11T17:41:17.840Z - info: Rebuilding 2 pages
2025-07-11T17:41:18.094Z - info: Site data built
2025-07-11T17:41:18.094Z - info: Pages rebuilt
2025-07-11T17:41:18.094Z - info: Website regeneration complete! Total build time: 0.256s
2025-07-11T17:41:51.515Z - info: [01:41:51] Reload for file change: /Users/damithch/Repos/nus-cs2103/cs2103-website-base/book/gitAndGithub/remoteBranchDelete/text.md
2025-07-11T17:41:51.516Z - info: Synchronizing opened pages list before reload
2025-07-11T17:41:51.516Z - info: Current opened pages, from most-to-least recent:
2025-07-11T17:41:51.516Z - info: 1. book/gitAndGithub/remoteBranchDelete/index
2025-07-11T17:41:51.516Z - info: 2. se-book-adapted/git-trail/index
2025-07-11T17:41:52.522Z - info: Rebuilding 2 pages
2025-07-11T17:41:52.733Z - info: Site data built
2025-07-11T17:41:52.733Z - info: Pages rebuilt
2025-07-11T17:41:52.733Z - info: Website regeneration complete! Total build time: 0.213s
2025-07-11T17:56:25.176Z - info: [01:56:25] Reload for file add: /Users/damithch/Repos/nus-cs2103/cs2103-website-base/book/gitAndGithub/remoteBranchDelete/images/sourcetreeRightClickToDelete.png
2025-07-11T17:56:25.177Z - info: Synchronizing opened pages list before reload
2025-07-11T17:56:25.178Z - info: Current opened pages, from most-to-least recent:
2025-07-11T17:56:25.178Z - info: 1. book/gitAndGithub/remoteBranchDelete/index
2025-07-11T17:56:25.178Z - info: 2. se-book-adapted/git-trail/index
2025-07-11T17:56:26.358Z - info: Assets built
2025-07-11T17:57:54.633Z - info: [01:57:54] Reload for file change: /Users/damithch/Repos/nus-cs2103/cs2103-website-base/book/gitAndGithub/remoteBranchDelete/text.md
2025-07-11T17:57:54.634Z - info: Synchronizing opened pages list before reload
2025-07-11T17:57:54.635Z - info: Current opened pages, from most-to-least recent:
2025-07-11T17:57:54.635Z - info: 1. book/gitAndGithub/remoteBranchDelete/index
2025-07-11T17:57:54.635Z - info: 2. se-book-adapted/git-trail/index
2025-07-11T17:57:55.656Z - info: Rebuilding 2 pages
2025-07-11T17:57:56.012Z - info: Site data built
2025-07-11T17:57:56.012Z - info: Pages rebuilt
2025-07-11T17:57:56.012Z - info: Website regeneration complete! Total build time: 0.37s
2025-07-11T17:59:02.623Z - info: [01:59:02] Reload for file change: /Users/damithch/Repos/nus-cs2103/cs2103-website-base/book/gitAndGithub/remoteBranchDelete/text.md
2025-07-11T17:59:02.623Z - info: Synchronizing opened pages list before reload
2025-07-11T17:59:02.624Z - info: Current opened pages, from most-to-least recent:
2025-07-11T17:59:02.624Z - info: 1. book/gitAndGithub/remoteBranchDelete/index
2025-07-11T17:59:02.624Z - info: 2. se-book-adapted/git-trail/index
2025-07-11T17:59:03.629Z - info: Rebuilding 2 pages
2025-07-11T17:59:03.875Z - info: Site data built
2025-07-11T17:59:03.875Z - info: Pages rebuilt
2025-07-11T17:59:03.875Z - info: Website regeneration complete! Total build time: 0.25s
2025-07-11T17:59:52.176Z - info: [01:59:52] Reload for file change: /Users/damithch/Repos/nus-cs2103/cs2103-website-base/book/gitAndGithub/remoteBranchDelete/text.md
2025-07-11T17:59:52.176Z - info: Synchronizing opened pages list before reload
2025-07-11T17:59:52.177Z - info: Current opened pages, from most-to-least recent:
2025-07-11T17:59:52.177Z - info: 1. book/gitAndGithub/remoteBranchDelete/index
2025-07-11T17:59:52.177Z - info: 2. se-book-adapted/git-trail/index
2025-07-11T17:59:53.181Z - info: Rebuilding 2 pages
2025-07-11T17:59:53.453Z - info: Site data built
2025-07-11T17:59:53.453Z - info: Pages rebuilt
2025-07-11T17:59:53.453Z - info: Website regeneration complete! Total build time: 0.274s
2025-07-11T18:00:54.269Z - info: [02:00:54] Reload for file change: /Users/damithch/Repos/nus-cs2103/cs2103-website-base/book/gitAndGithub/remoteBranchDelete/text.md
2025-07-11T18:00:54.270Z - info: Synchronizing opened pages list before reload
2025-07-11T18:00:54.270Z - info: Current opened pages, from most-to-least recent:
2025-07-11T18:00:54.270Z - info: 1. book/gitAndGithub/remoteBranchDelete/index
2025-07-11T18:00:54.270Z - info: 2. se-book-adapted/git-trail/index
2025-07-11T18:00:55.272Z - info: Rebuilding 2 pages
2025-07-11T18:00:55.499Z - info: Site data built
2025-07-11T18:00:55.499Z - info: Pages rebuilt
2025-07-11T18:00:55.499Z - info: Website regeneration complete! Total build time: 0.229s
2025-07-11T18:01:43.313Z - info: [02:01:43] Reload for file change: /Users/damithch/Repos/nus-cs2103/cs2103-website-base/book/gitAndGithub/remoteBranchDelete/text.md
2025-07-11T18:01:43.313Z - info: Synchronizing opened pages list before reload
2025-07-11T18:01:43.314Z - info: Current opened pages, from most-to-least recent:
2025-07-11T18:01:43.314Z - info: 1. book/gitAndGithub/remoteBranchDelete/index
2025-07-11T18:01:43.314Z - info: 2. se-book-adapted/git-trail/index
2025-07-11T18:01:44.319Z - info: Rebuilding 2 pages
2025-07-11T18:01:44.574Z - info: Site data built
2025-07-11T18:01:44.574Z - info: Pages rebuilt
2025-07-11T18:01:44.574Z - info: Website regeneration complete! Total build time: 0.257s
2025-07-11T18:02:16.420Z - info: Building /Users/damithch/Repos/nus-cs2103/cs2103-website-base/book/gitAndGithub/trail/remoteBranches/index as some of its dependencies were changed since the last visit
2025-07-11T18:02:16.547Z - info: Site data built
2025-07-11T18:02:16.547Z - info: Lazy website regeneration complete! Total build time: 0.128s
2025-07-11T18:03:00.424Z - info: Website generation started at 02:02:59
2025-07-11T18:03:00.788Z - warn: ENOENT: no such file or directory, open '/Users/damithch/Repos/nus-cs2103/cs2103-website-base/node_modules/.cache/gh-pages/https!github.com!nus-cs2103-AY2526S1!website.git/book/_markbind/variables.md'
2025-07-11T18:03:00.789Z - warn: ENOENT: no such file or directory, open '/Users/damithch/Repos/nus-cs2103/cs2103-website-base/node_modules/.cache/gh-pages/https!github.com!nus-cs2103-AY2526S1!website.git/_markbind/variables.md'
2025-07-11T18:03:00.808Z - info: Building assets...
2025-07-11T18:03:02.865Z - info: Assets built
2025-07-11T18:03:02.866Z - info: Generating pages...
2025-07-11T18:03:09.411Z - debug:  
2025-07-11T18:03:09.411Z - debug:  
2025-07-11T18:03:09.411Z - debug:  
2025-07-11T18:03:09.411Z - debug:  
2025-07-11T18:03:09.411Z - debug:  
2025-07-11T18:03:09.411Z - debug:  
2025-07-11T18:03:09.411Z - debug:  
2025-07-11T18:03:09.411Z - debug:  
2025-07-11T18:03:09.411Z - debug:  
2025-07-11T18:03:09.411Z - debug:  
2025-07-11T18:03:09.411Z - debug:  
2025-07-11T18:03:09.411Z - debug:  
2025-07-11T18:03:09.411Z - debug:  
2025-07-11T18:03:11.570Z - debug:  
2025-07-11T18:03:11.571Z - debug:  
2025-07-11T18:03:11.571Z - debug:  
2025-07-11T18:03:11.571Z - debug:  
2025-07-11T18:03:21.780Z - debug:  
2025-07-11T18:03:25.253Z - warn: Empty reference in /Users/damithch/Repos/nus-cs2103/cs2103-website-base/book/gitAndGithub/pushTag/unit-inElsewhere-asFlat.md:
Segment '#title' in file: /Users/damithch/Repos/nus-cs2103/cs2103-website-base/book/gitAndGithub/pushTag/text.md is empty
2025-07-11T18:03:26.657Z - warn: Empty reference in /Users/damithch/Repos/nus-cs2103/cs2103-website-base/book/gitAndGithub/branchRename/unit-inElsewhere-asFlat.md:
Segment '#title' in file: /Users/damithch/Repos/nus-cs2103/cs2103-website-base/book/gitAndGithub/branchRename/text.md is empty
2025-07-11T18:03:26.681Z - warn: Empty reference in /Users/damithch/Repos/nus-cs2103/cs2103-website-base/book/gitAndGithub/branchDelete/unit-inElsewhere-asFlat.md:
Segment '#title' in file: /Users/damithch/Repos/nus-cs2103/cs2103-website-base/book/gitAndGithub/branchDelete/text.md is empty
2025-07-11T18:03:55.088Z - warn: Empty reference in /Users/damithch/Repos/nus-cs2103/cs2103-website-base/schedule/week2/topics.md:
Segment '#title' in file: /Users/damithch/Repos/nus-cs2103/cs2103-website-base/book/gitAndGithub/trail/backingUpOnCloud/text.md is empty
2025-07-11T18:03:55.090Z - warn: Empty reference in /Users/damithch/Repos/nus-cs2103/cs2103-website-base/schedule/week2/topics.md:
Segment '#title' in file: /Users/damithch/Repos/nus-cs2103/cs2103-website-base/book/gitAndGithub/trail/usingRevisionHistory/text.md is empty
2025-07-11T18:03:55.213Z - warn: Empty reference in /Users/damithch/Repos/nus-cs2103/cs2103-website-base/schedule/week2/topics.md:
Segment '#title' in file: /Users/damithch/Repos/nus-cs2103/cs2103-website-base/book/gitAndGithub/trail/backingUpOnCloud/text.md is empty
2025-07-11T18:03:55.254Z - warn: Empty reference in /Users/damithch/Repos/nus-cs2103/cs2103-website-base/schedule/week2/topics.md:
Segment '#title' in file: /Users/damithch/Repos/nus-cs2103/cs2103-website-base/book/gitAndGithub/trail/usingRevisionHistory/text.md is empty
2025-07-11T18:04:12.856Z - warn: Empty reference in /Users/damithch/Repos/nus-cs2103/cs2103-website-base/schedule/week2/topics.md:
Segment '#title' in file: /Users/damithch/Repos/nus-cs2103/cs2103-website-base/book/gitAndGithub/trail/backingUpOnCloud/text.md is empty
2025-07-11T18:04:12.858Z - warn: Empty reference in /Users/damithch/Repos/nus-cs2103/cs2103-website-base/schedule/week2/topics.md:
Segment '#title' in file: /Users/damithch/Repos/nus-cs2103/cs2103-website-base/book/gitAndGithub/trail/usingRevisionHistory/text.md is empty
2025-07-11T18:04:17.244Z - warn: Empty reference in /Users/damithch/Repos/nus-cs2103/cs2103-website-base/schedule/week2/topics.md:
Segment '#title' in file: /Users/damithch/Repos/nus-cs2103/cs2103-website-base/book/gitAndGithub/trail/backingUpOnCloud/text.md is empty
2025-07-11T18:04:17.246Z - warn: Empty reference in /Users/damithch/Repos/nus-cs2103/cs2103-website-base/schedule/week2/topics.md:
Segment '#title' in file: /Users/damithch/Repos/nus-cs2103/cs2103-website-base/book/gitAndGithub/trail/usingRevisionHistory/text.md is empty
2025-07-11T18:04:19.636Z - debug:  
2025-07-11T18:04:31.223Z - debug:  
2025-07-11T18:04:31.435Z - debug:  
2025-07-11T18:04:38.506Z - info: Pages built
2025-07-11T18:04:38.581Z - info: Site data built
2025-07-11T18:04:38.581Z - info: Website generation complete! Total build time: 98.84s
2025-07-11T18:04:38.581Z - info: Build success!
2025-07-11T18:05:04.991Z - info: Website generation started at 02:05:04
2025-07-11T18:05:05.240Z - warn: ENOENT: no such file or directory, open '/Users/damithch/Repos/nus-cs2103/cs2103-website-base/node_modules/.cache/gh-pages/https!github.com!nus-cs2103-AY2526S1!website.git/book/_markbind/variables.md'
2025-07-11T18:05:05.241Z - warn: ENOENT: no such file or directory, open '/Users/damithch/Repos/nus-cs2103/cs2103-website-base/node_modules/.cache/gh-pages/https!github.com!nus-cs2103-AY2526S1!website.git/_markbind/variables.md'
2025-07-11T18:05:05.261Z - info: Building assets...
