2025-08-13T02:45:19.690Z - info: Website generation (lazy) started at 10:45:18
2025-08-13T02:45:20.248Z - warn: ENOENT: no such file or directory, open '/Users/damithch/Repos/nus-cs2103/cs2103-website-base/node_modules/.cache/gh-pages/https!github.com!nus-tic2002-AY2526S1!website.git/book/_markbind/variables.md'
2025-08-13T02:45:20.248Z - warn: ENOENT: no such file or directory, open '/Users/damithch/Repos/nus-cs2103/cs2103-website-base/node_modules/.cache/gh-pages/https!github.com!nus-tic2002-AY2526S1!website.git/_markbind/variables.md'
2025-08-13T02:45:20.268Z - info: Building assets...
2025-08-13T02:45:22.635Z - info: Assets built
2025-08-13T02:45:22.636Z - info: Generating landing page...
2025-08-13T02:45:22.995Z - info: Landing page built, other pages will be built as you navigate to them!
2025-08-13T02:45:23.064Z - info: Site data built
2025-08-13T02:45:23.064Z - info: Website generation (lazy) complete! Total build time: 4.592s
2025-08-13T02:45:23.072Z - info: Serving "/Users/damithch/Repos/nus-cs2103/cs2103-website-base/_site" at http://127.0.0.1:8080
2025-08-13T02:45:23.072Z - info: Press CTRL+C to stop ...
2025-08-13T02:45:31.970Z - info: Building /Users/damithch/Repos/nus-cs2103/cs2103-website-base/se-book-adapted/git-trail/index as some of its dependencies were changed since the last visit
2025-08-13T02:45:32.344Z - info: Site data built
2025-08-13T02:45:32.344Z - info: Lazy website regeneration complete! Total build time: 0.375s
2025-08-13T02:45:42.887Z - info: Building /Users/damithch/Repos/nus-cs2103/cs2103-website-base/book/gitAndGithub/branchDelete/index as some of its dependencies were changed since the last visit
2025-08-13T02:45:43.051Z - info: Site data built
2025-08-13T02:45:43.051Z - info: Lazy website regeneration complete! Total build time: 0.164s
2025-08-13T02:50:20.814Z - info: [10:50:20] Reload for file change: /Users/damithch/Repos/nus-cs2103/cs2103-website-base/book/gitAndGithub/branchDelete/text.md
2025-08-13T02:50:20.816Z - info: Synchronizing opened pages list before reload
2025-08-13T02:50:20.817Z - info: Current opened pages, from most-to-least recent:
2025-08-13T02:50:20.817Z - info: 1. book/gitAndGithub/branchDelete/index
2025-08-13T02:50:20.817Z - info: 2. se-book-adapted/git-trail/index
2025-08-13T02:50:21.828Z - info: Rebuilding 2 pages
2025-08-13T02:50:22.189Z - info: Site data built
2025-08-13T02:50:22.189Z - info: Pages rebuilt
2025-08-13T02:50:22.189Z - info: Website regeneration complete! Total build time: 0.364s
2025-08-13T02:50:29.555Z - info: [10:50:29] Reload for file change: /Users/damithch/Repos/nus-cs2103/cs2103-website-base/book/gitAndGithub/branchDelete/text.md
2025-08-13T02:50:29.555Z - info: Synchronizing opened pages list before reload
2025-08-13T02:50:29.555Z - info: Current opened pages, from most-to-least recent:
2025-08-13T02:50:29.556Z - info: 1. book/gitAndGithub/branchDelete/index
2025-08-13T02:50:30.563Z - info: Rebuilding 1 pages
2025-08-13T02:50:30.730Z - info: Site data built
2025-08-13T02:50:30.730Z - info: Pages rebuilt
2025-08-13T02:50:30.730Z - info: Website regeneration complete! Total build time: 0.169s
2025-08-13T02:50:41.590Z - info: [10:50:41] Reload for file change: /Users/damithch/Repos/nus-cs2103/cs2103-website-base/book/gitAndGithub/branchDelete/text.md
2025-08-13T02:50:41.590Z - info: Synchronizing opened pages list before reload
2025-08-13T02:50:41.590Z - info: Current opened pages, from most-to-least recent:
2025-08-13T02:50:41.590Z - info: 1. book/gitAndGithub/branchDelete/index
2025-08-13T02:50:42.602Z - info: Rebuilding 1 pages
2025-08-13T02:50:42.758Z - info: Site data built
2025-08-13T02:50:42.758Z - info: Pages rebuilt
2025-08-13T02:50:42.758Z - info: Website regeneration complete! Total build time: 0.157s
2025-08-13T02:51:34.653Z - info: [10:51:34] Reload for file change: /Users/damithch/Repos/nus-cs2103/cs2103-website-base/book/gitAndGithub/branchDelete/text.md
2025-08-13T02:51:34.661Z - info: Synchronizing opened pages list before reload
2025-08-13T02:51:34.665Z - info: Current opened pages, from most-to-least recent:
2025-08-13T02:51:34.665Z - info: 1. book/gitAndGithub/branchDelete/index
2025-08-13T02:51:35.678Z - info: Rebuilding 1 pages
2025-08-13T02:51:35.832Z - info: Site data built
2025-08-13T02:51:35.832Z - info: Pages rebuilt
2025-08-13T02:51:35.832Z - info: Website regeneration complete! Total build time: 0.157s
2025-08-13T02:52:32.529Z - info: [10:52:32] Reload for file change: /Users/damithch/Repos/nus-cs2103/cs2103-website-base/book/gitAndGithub/branchDelete/text.md
2025-08-13T02:52:32.531Z - info: Synchronizing opened pages list before reload
2025-08-13T02:52:32.532Z - info: Current opened pages, from most-to-least recent:
2025-08-13T02:52:32.533Z - info: 1. book/gitAndGithub/branchDelete/index
2025-08-13T02:52:33.540Z - info: Rebuilding 1 pages
2025-08-13T02:52:33.674Z - info: Site data built
2025-08-13T02:52:33.674Z - info: Pages rebuilt
2025-08-13T02:52:33.674Z - info: Website regeneration complete! Total build time: 0.136s
2025-08-13T02:52:55.661Z - info: [10:52:55] Reload for file change: /Users/damithch/Repos/nus-cs2103/cs2103-website-base/book/gitAndGithub/branchDelete/text.md
2025-08-13T02:52:55.661Z - info: Synchronizing opened pages list before reload
2025-08-13T02:52:55.661Z - info: Current opened pages, from most-to-least recent:
2025-08-13T02:52:55.661Z - info: 1. book/gitAndGithub/branchDelete/index
2025-08-13T02:52:56.674Z - info: Rebuilding 1 pages
2025-08-13T02:52:56.797Z - info: Site data built
2025-08-13T02:52:56.797Z - info: Pages rebuilt
2025-08-13T02:52:56.797Z - info: Website regeneration complete! Total build time: 0.124s
2025-08-13T02:53:10.515Z - info: [10:53:10] Reload for file change: /Users/damithch/Repos/nus-cs2103/cs2103-website-base/book/gitAndGithub/branchDelete/text.md
2025-08-13T02:53:10.516Z - info: Synchronizing opened pages list before reload
2025-08-13T02:53:10.516Z - info: Current opened pages, from most-to-least recent:
2025-08-13T02:53:10.516Z - info: 1. book/gitAndGithub/branchDelete/index
2025-08-13T02:53:11.530Z - info: Rebuilding 1 pages
2025-08-13T02:53:11.660Z - info: Site data built
2025-08-13T02:53:11.660Z - info: Pages rebuilt
2025-08-13T02:53:11.660Z - info: Website regeneration complete! Total build time: 0.132s
2025-08-13T02:54:02.508Z - info: [10:54:02] Reload for file change: /Users/damithch/Repos/nus-cs2103/cs2103-website-base/book/gitAndGithub/branchDelete/text.md
2025-08-13T02:54:02.508Z - info: Synchronizing opened pages list before reload
2025-08-13T02:54:02.508Z - info: Current opened pages, from most-to-least recent:
2025-08-13T02:54:02.508Z - info: 1. book/gitAndGithub/branchDelete/index
2025-08-13T02:54:03.522Z - info: Rebuilding 1 pages
2025-08-13T02:54:03.652Z - info: Site data built
2025-08-13T02:54:03.652Z - info: Pages rebuilt
2025-08-13T02:54:03.652Z - info: Website regeneration complete! Total build time: 0.133s
2025-08-13T02:54:28.177Z - info: [10:54:28] Reload for file change: /Users/damithch/Repos/nus-cs2103/cs2103-website-base/book/gitAndGithub/branchDelete/text.md
2025-08-13T02:54:28.177Z - info: Synchronizing opened pages list before reload
2025-08-13T02:54:28.177Z - info: Current opened pages, from most-to-least recent:
2025-08-13T02:54:28.177Z - info: 1. book/gitAndGithub/branchDelete/index
2025-08-13T02:54:29.188Z - info: Rebuilding 1 pages
2025-08-13T02:54:29.326Z - info: Site data built
2025-08-13T02:54:29.326Z - info: Pages rebuilt
2025-08-13T02:54:29.326Z - info: Website regeneration complete! Total build time: 0.14s
2025-08-13T02:55:04.324Z - info: [10:55:04] Reload for file change: /Users/damithch/Repos/nus-cs2103/cs2103-website-base/book/gitAndGithub/branchDelete/text.md
2025-08-13T02:55:04.325Z - info: Synchronizing opened pages list before reload
2025-08-13T02:55:04.326Z - info: Current opened pages, from most-to-least recent:
2025-08-13T02:55:04.326Z - info: 1. book/gitAndGithub/branchDelete/index
2025-08-13T02:55:05.332Z - info: Rebuilding 1 pages
2025-08-13T02:55:05.466Z - info: Site data built
2025-08-13T02:55:05.466Z - info: Pages rebuilt
2025-08-13T02:55:05.466Z - info: Website regeneration complete! Total build time: 0.137s
2025-08-13T02:55:56.707Z - info: [10:55:56] Reload for file change: /Users/damithch/Repos/nus-cs2103/cs2103-website-base/book/gitAndGithub/branchDelete/text.md
2025-08-13T02:55:56.708Z - info: Synchronizing opened pages list before reload
2025-08-13T02:55:56.708Z - info: Current opened pages, from most-to-least recent:
2025-08-13T02:55:56.708Z - info: 1. book/gitAndGithub/branchDelete/index
2025-08-13T02:55:57.722Z - info: Rebuilding 1 pages
2025-08-13T02:55:57.849Z - info: Site data built
2025-08-13T02:55:57.849Z - info: Pages rebuilt
2025-08-13T02:55:57.849Z - info: Website regeneration complete! Total build time: 0.129s
2025-08-13T02:56:25.510Z - info: [10:56:25] Reload for file change: /Users/damithch/Repos/nus-cs2103/cs2103-website-base/book/gitAndGithub/branchDelete/text.md
2025-08-13T02:56:25.511Z - info: Synchronizing opened pages list before reload
2025-08-13T02:56:25.511Z - info: Current opened pages, from most-to-least recent:
2025-08-13T02:56:25.511Z - info: 1. book/gitAndGithub/branchDelete/index
2025-08-13T02:56:26.526Z - info: Rebuilding 1 pages
2025-08-13T02:56:26.652Z - info: Site data built
2025-08-13T02:56:26.652Z - info: Pages rebuilt
2025-08-13T02:56:26.652Z - info: Website regeneration complete! Total build time: 0.128s
2025-08-13T02:57:28.186Z - info: [10:57:28] Reload for file change: /Users/damithch/Repos/nus-cs2103/cs2103-website-base/book/gitAndGithub/branchDelete/text.md
2025-08-13T02:57:28.192Z - info: Synchronizing opened pages list before reload
2025-08-13T02:57:28.193Z - info: Current opened pages, from most-to-least recent:
2025-08-13T02:57:28.193Z - info: 1. book/gitAndGithub/branchDelete/index
2025-08-13T02:57:29.208Z - info: Rebuilding 1 pages
2025-08-13T02:57:29.344Z - info: Site data built
2025-08-13T02:57:29.344Z - info: Pages rebuilt
2025-08-13T02:57:29.344Z - info: Website regeneration complete! Total build time: 0.138s
2025-08-13T02:58:35.725Z - info: [10:58:35] Reload for file change: /Users/damithch/Repos/nus-cs2103/cs2103-website-base/book/gitAndGithub/branchDelete/text.md
2025-08-13T02:58:35.726Z - info: Synchronizing opened pages list before reload
2025-08-13T02:58:35.726Z - info: Current opened pages, from most-to-least recent:
2025-08-13T02:58:35.726Z - info: 1. book/gitAndGithub/branchDelete/index
2025-08-13T02:58:36.749Z - info: Rebuilding 1 pages
2025-08-13T02:58:36.890Z - info: Site data built
2025-08-13T02:58:36.890Z - info: Pages rebuilt
2025-08-13T02:58:36.890Z - info: Website regeneration complete! Total build time: 0.143s
2025-08-13T02:59:19.481Z - info: [10:59:19] Reload for file change: /Users/damithch/Repos/nus-cs2103/cs2103-website-base/book/gitAndGithub/branchDelete/text.md
2025-08-13T02:59:19.482Z - info: Synchronizing opened pages list before reload
2025-08-13T02:59:19.482Z - info: Current opened pages, from most-to-least recent:
2025-08-13T02:59:19.482Z - info: 1. book/gitAndGithub/branchDelete/index
2025-08-13T02:59:20.492Z - info: Rebuilding 1 pages
2025-08-13T02:59:20.622Z - info: Site data built
2025-08-13T02:59:20.622Z - info: Pages rebuilt
2025-08-13T02:59:20.622Z - info: Website regeneration complete! Total build time: 0.132s
2025-08-13T02:59:41.585Z - info: [10:59:41] Reload for file change: /Users/damithch/Repos/nus-cs2103/cs2103-website-base/book/gitAndGithub/branchDelete/text.md
2025-08-13T02:59:41.586Z - info: Synchronizing opened pages list before reload
2025-08-13T02:59:41.586Z - info: Current opened pages, from most-to-least recent:
2025-08-13T02:59:41.586Z - info: 1. book/gitAndGithub/branchDelete/index
2025-08-13T02:59:42.599Z - info: Rebuilding 1 pages
2025-08-13T02:59:42.761Z - info: Site data built
2025-08-13T02:59:42.761Z - info: Pages rebuilt
2025-08-13T02:59:42.761Z - info: Website regeneration complete! Total build time: 0.164s
2025-08-13T03:00:53.466Z - info: [11:00:53] Reload for file change: /Users/damithch/Repos/nus-cs2103/cs2103-website-base/book/common/macros.njk
2025-08-13T03:00:53.467Z - info: Synchronizing opened pages list before reload
2025-08-13T03:00:53.467Z - info: Current opened pages, from most-to-least recent:
2025-08-13T03:00:53.467Z - info: 1. book/gitAndGithub/branchDelete/index
2025-08-13T03:00:54.481Z - info: Rebuilding 1 pages
2025-08-13T03:00:54.549Z - error: Error parsing texts: ["i)", "ii)", "iii)", "iv)")], please check the format of the texts attribute

2025-08-13T03:00:54.615Z - info: Site data built
2025-08-13T03:00:54.615Z - info: Pages rebuilt
2025-08-13T03:00:54.615Z - info: Website regeneration complete! Total build time: 0.136s
2025-08-13T03:01:25.393Z - info: [11:01:25] Reload for file change: /Users/damithch/Repos/nus-cs2103/cs2103-website-base/book/common/macros.njk
2025-08-13T03:01:25.393Z - info: Synchronizing opened pages list before reload
2025-08-13T03:01:25.393Z - info: Current opened pages, from most-to-least recent:
2025-08-13T03:01:25.394Z - info: 1. book/gitAndGithub/branchDelete/index
2025-08-13T03:01:26.412Z - info: Rebuilding 1 pages
2025-08-13T03:01:26.537Z - info: Site data built
2025-08-13T03:01:26.537Z - info: Pages rebuilt
2025-08-13T03:01:26.537Z - info: Website regeneration complete! Total build time: 0.127s
2025-08-13T03:02:28.777Z - info: [11:02:28] Reload for file change: /Users/damithch/Repos/nus-cs2103/cs2103-website-base/book/common/macros.njk
2025-08-13T03:02:28.777Z - info: Synchronizing opened pages list before reload
2025-08-13T03:02:28.778Z - info: Current opened pages, from most-to-least recent:
2025-08-13T03:02:28.778Z - info: 1. book/gitAndGithub/branchDelete/index
2025-08-13T03:02:29.783Z - info: Rebuilding 1 pages
2025-08-13T03:02:29.921Z - info: Site data built
2025-08-13T03:02:29.921Z - info: Pages rebuilt
2025-08-13T03:02:29.921Z - info: Website regeneration complete! Total build time: 0.141s
2025-08-13T03:02:59.846Z - info: [11:02:59] Reload for file change: /Users/damithch/Repos/nus-cs2103/cs2103-website-base/book/common/macros.njk
2025-08-13T03:02:59.847Z - info: Synchronizing opened pages list before reload
2025-08-13T03:02:59.847Z - info: Current opened pages, from most-to-least recent:
2025-08-13T03:02:59.847Z - info: 1. book/gitAndGithub/branchDelete/index
2025-08-13T03:03:00.862Z - info: Rebuilding 1 pages
2025-08-13T03:03:00.994Z - info: Site data built
2025-08-13T03:03:00.994Z - info: Pages rebuilt
2025-08-13T03:03:00.994Z - info: Website regeneration complete! Total build time: 0.135s
2025-08-13T03:04:05.377Z - info: Building /Users/damithch/Repos/nus-cs2103/cs2103-website-base/se-book-adapted/git-trail/index as some of its dependencies were changed since the last visit
2025-08-13T03:04:05.673Z - info: Site data built
2025-08-13T03:04:05.673Z - info: Lazy website regeneration complete! Total build time: 0.297s
2025-08-13T03:04:12.366Z - info: Building /Users/damithch/Repos/nus-cs2103/cs2103-website-base/book/gitAndGithub/branchRename/index as some of its dependencies were changed since the last visit
2025-08-13T03:04:12.461Z - info: Site data built
2025-08-13T03:04:12.461Z - info: Lazy website regeneration complete! Total build time: 0.095s
2025-08-13T03:06:02.448Z - info: [11:06:02] Reload for file change: /Users/damithch/Repos/nus-cs2103/cs2103-website-base/book/common/macros.njk
2025-08-13T03:06:02.448Z - info: Synchronizing opened pages list before reload
2025-08-13T03:06:02.448Z - info: Current opened pages, from most-to-least recent:
2025-08-13T03:06:02.449Z - info: 1. book/gitAndGithub/branchRename/index
2025-08-13T03:06:02.449Z - info: 2. se-book-adapted/git-trail/index
2025-08-13T03:06:03.468Z - info: Rebuilding 2 pages
2025-08-13T03:06:03.800Z - info: Site data built
2025-08-13T03:06:03.800Z - info: Pages rebuilt
2025-08-13T03:06:03.800Z - info: Website regeneration complete! Total build time: 0.334s
2025-08-13T03:06:33.239Z - info: [11:06:33] Reload for file change: /Users/damithch/Repos/nus-cs2103/cs2103-website-base/book/common/macros.njk
2025-08-13T03:06:33.239Z - info: Synchronizing opened pages list before reload
2025-08-13T03:06:33.239Z - info: Current opened pages, from most-to-least recent:
2025-08-13T03:06:33.239Z - info: 1. book/gitAndGithub/branchRename/index
2025-08-13T03:06:34.246Z - info: Rebuilding 1 pages
2025-08-13T03:06:34.359Z - info: Site data built
2025-08-13T03:06:34.359Z - info: Pages rebuilt
2025-08-13T03:06:34.359Z - info: Website regeneration complete! Total build time: 0.114s
2025-08-13T03:07:41.257Z - info: [11:07:41] Reload for file change: /Users/damithch/Repos/nus-cs2103/cs2103-website-base/book/common/macros.njk
2025-08-13T03:07:41.257Z - info: Synchronizing opened pages list before reload
2025-08-13T03:07:41.257Z - info: Current opened pages, from most-to-least recent:
2025-08-13T03:07:41.257Z - info: 1. book/gitAndGithub/branchRename/index
2025-08-13T03:07:42.268Z - info: Rebuilding 1 pages
2025-08-13T03:07:42.378Z - info: Site data built
2025-08-13T03:07:42.378Z - info: Pages rebuilt
2025-08-13T03:07:42.378Z - info: Website regeneration complete! Total build time: 0.112s
2025-08-13T03:08:03.249Z - info: [11:08:03] Reload for file change: /Users/damithch/Repos/nus-cs2103/cs2103-website-base/book/common/macros.njk
2025-08-13T03:08:03.250Z - info: Synchronizing opened pages list before reload
2025-08-13T03:08:03.250Z - info: Current opened pages, from most-to-least recent:
2025-08-13T03:08:03.250Z - info: 1. book/gitAndGithub/branchRename/index
2025-08-13T03:08:04.266Z - info: Rebuilding 1 pages
2025-08-13T03:08:04.383Z - info: Site data built
2025-08-13T03:08:04.383Z - info: Pages rebuilt
2025-08-13T03:08:04.383Z - info: Website regeneration complete! Total build time: 0.119s
2025-08-13T03:08:55.310Z - info: [11:08:55] Reload for file change: /Users/damithch/Repos/nus-cs2103/cs2103-website-base/book/common/macros.njk
2025-08-13T03:08:55.310Z - info: Synchronizing opened pages list before reload
2025-08-13T03:08:55.310Z - info: Current opened pages, from most-to-least recent:
2025-08-13T03:08:55.310Z - info: 1. book/gitAndGithub/branchRename/index
2025-08-13T03:08:56.318Z - info: Rebuilding 1 pages
2025-08-13T03:08:56.428Z - info: Site data built
2025-08-13T03:08:56.429Z - info: Pages rebuilt
2025-08-13T03:08:56.429Z - info: Website regeneration complete! Total build time: 0.113s
2025-08-13T03:09:55.042Z - info: [11:09:55] Reload for file change: /Users/damithch/Repos/nus-cs2103/cs2103-website-base/book/gitAndGithub/branchRename/text.md
2025-08-13T03:09:55.042Z - info: Synchronizing opened pages list before reload
2025-08-13T03:09:55.042Z - info: Current opened pages, from most-to-least recent:
2025-08-13T03:09:55.042Z - info: 1. book/gitAndGithub/branchRename/index
2025-08-13T03:09:56.050Z - info: Rebuilding 1 pages
2025-08-13T03:09:56.168Z - info: Site data built
2025-08-13T03:09:56.168Z - info: Pages rebuilt
2025-08-13T03:09:56.168Z - info: Website regeneration complete! Total build time: 0.119s
2025-08-13T03:10:08.562Z - info: [11:10:08] Reload for file change: /Users/damithch/Repos/nus-cs2103/cs2103-website-base/book/gitAndGithub/branchRename/text.md
2025-08-13T03:10:08.562Z - info: Synchronizing opened pages list before reload
2025-08-13T03:10:08.562Z - info: Current opened pages, from most-to-least recent:
2025-08-13T03:10:08.562Z - info: 1. book/gitAndGithub/branchRename/index
2025-08-13T03:10:09.580Z - info: Rebuilding 1 pages
2025-08-13T03:10:09.667Z - info: Site data built
2025-08-13T03:10:09.667Z - info: Pages rebuilt
2025-08-13T03:10:09.667Z - info: Website regeneration complete! Total build time: 0.089s
2025-08-13T03:10:26.335Z - info: [11:10:26] Reload for file change: /Users/damithch/Repos/nus-cs2103/cs2103-website-base/book/gitAndGithub/branchRename/text.md
2025-08-13T03:10:26.336Z - info: Synchronizing opened pages list before reload
2025-08-13T03:10:26.336Z - info: Current opened pages, from most-to-least recent:
2025-08-13T03:10:26.336Z - info: 1. book/gitAndGithub/branchRename/index
2025-08-13T03:10:27.340Z - info: Rebuilding 1 pages
2025-08-13T03:10:27.452Z - info: Site data built
2025-08-13T03:10:27.452Z - info: Pages rebuilt
2025-08-13T03:10:27.452Z - info: Website regeneration complete! Total build time: 0.114s
2025-08-13T03:12:12.261Z - info: [11:12:12] Reload for file change: /Users/damithch/Repos/nus-cs2103/cs2103-website-base/book/gitAndGithub/branchRename/text.md
2025-08-13T03:12:12.262Z - info: Synchronizing opened pages list before reload
2025-08-13T03:12:12.262Z - info: Current opened pages, from most-to-least recent:
2025-08-13T03:12:12.262Z - info: 1. book/gitAndGithub/branchRename/index
2025-08-13T03:12:13.280Z - info: Rebuilding 1 pages
2025-08-13T03:12:13.382Z - info: Site data built
2025-08-13T03:12:13.382Z - info: Pages rebuilt
2025-08-13T03:12:13.382Z - info: Website regeneration complete! Total build time: 0.104s
2025-08-13T03:13:34.008Z - info: [11:13:34] Reload for file change: /Users/damithch/Repos/nus-cs2103/cs2103-website-base/book/common/macros.njk
2025-08-13T03:13:34.009Z - info: Synchronizing opened pages list before reload
2025-08-13T03:13:34.009Z - info: Current opened pages, from most-to-least recent:
2025-08-13T03:13:34.009Z - info: 1. book/gitAndGithub/branchRename/index
2025-08-13T03:13:35.025Z - info: Rebuilding 1 pages
2025-08-13T03:13:35.134Z - info: Site data built
2025-08-13T03:13:35.135Z - info: Pages rebuilt
2025-08-13T03:13:35.135Z - info: Website regeneration complete! Total build time: 0.112s
2025-08-13T03:13:54.654Z - info: Website generation started at 11:13:53
2025-08-13T03:13:55.037Z - warn: ENOENT: no such file or directory, open '/Users/damithch/Repos/nus-cs2103/cs2103-website-base/node_modules/.cache/gh-pages/https!github.com!nus-tic2002-AY2526S1!website.git/book/_markbind/variables.md'
2025-08-13T03:13:55.037Z - warn: ENOENT: no such file or directory, open '/Users/damithch/Repos/nus-cs2103/cs2103-website-base/node_modules/.cache/gh-pages/https!github.com!nus-tic2002-AY2526S1!website.git/_markbind/variables.md'
2025-08-13T03:13:55.057Z - info: Building assets...
