2025-06-28T05:15:16.064Z - info: Website generation (lazy) started at 13:15:15
2025-06-28T05:15:16.437Z - warn: ENOENT: no such file or directory, open '/Users/damithch/Repos/nus-cs2103/cs2103-website-base/node_modules/.cache/gh-pages/https!github.com!nus-cs2103-AY2526S1!website.git/book/_markbind/variables.md'
2025-06-28T05:15:16.437Z - warn: ENOENT: no such file or directory, open '/Users/damithch/Repos/nus-cs2103/cs2103-website-base/node_modules/.cache/gh-pages/https!github.com!nus-cs2103-AY2526S1!website.git/_markbind/variables.md'
2025-06-28T05:15:16.458Z - info: Building assets...
2025-06-28T05:15:18.305Z - info: Assets built
2025-06-28T05:15:18.306Z - info: Generating landing page...
2025-06-28T05:15:18.588Z - info: Landing page built, other pages will be built as you navigate to them!
2025-06-28T05:15:18.748Z - info: Site data built
2025-06-28T05:15:18.749Z - info: Website generation (lazy) complete! Total build time: 3.467s
2025-06-28T05:15:18.764Z - info: Serving "/Users/damithch/Repos/nus-cs2103/cs2103-website-base/_site" at http://127.0.0.1:8080
2025-06-28T05:15:18.764Z - info: Press CTRL+C to stop ...
2025-06-28T05:15:25.514Z - info: Building /Users/damithch/Repos/nus-cs2103/cs2103-website-base/se-book-adapted/git-trail/index as some of its dependencies were changed since the last visit
2025-06-28T05:15:25.694Z - info: Site data built
2025-06-28T05:15:25.694Z - info: Lazy website regeneration complete! Total build time: 0.18s
2025-06-28T05:15:29.392Z - info: Building /Users/damithch/Repos/nus-cs2103/cs2103-website-base/book/gitAndGithub/trail/usingRevisionHistory/index as some of its dependencies were changed since the last visit
2025-06-28T05:15:29.580Z - info: Site data built
2025-06-28T05:15:29.580Z - info: Lazy website regeneration complete! Total build time: 0.189s
2025-06-28T05:15:35.243Z - info: Building /Users/damithch/Repos/nus-cs2103/cs2103-website-base/book/gitAndGithub/log/index as some of its dependencies were changed since the last visit
2025-06-28T05:15:35.408Z - info: Site data built
2025-06-28T05:15:35.408Z - info: Lazy website regeneration complete! Total build time: 0.166s
2025-06-28T05:19:25.598Z - info: [13:19:25] Reload for file change: /Users/damithch/Repos/nus-cs2103/cs2103-website-base/book/common/macros.njk
2025-06-28T05:19:25.600Z - info: Synchronizing opened pages list before reload
2025-06-28T05:19:25.601Z - info: Current opened pages, from most-to-least recent:
2025-06-28T05:19:25.601Z - info: 1. book/gitAndGithub/log/index
2025-06-28T05:19:25.602Z - info: 2. book/gitAndGithub/trail/usingRevisionHistory/index
2025-06-28T05:19:26.612Z - info: Rebuilding 2 pages
2025-06-28T05:19:26.830Z - info: Site data built
2025-06-28T05:19:26.830Z - info: Pages rebuilt
2025-06-28T05:19:26.830Z - info: Website regeneration complete! Total build time: 0.22s
2025-06-28T05:19:50.321Z - info: [13:19:50] Reload for file change: /Users/damithch/Repos/nus-cs2103/cs2103-website-base/book/common/macros.njk
2025-06-28T05:19:50.321Z - info: Synchronizing opened pages list before reload
2025-06-28T05:19:50.321Z - info: Current opened pages, from most-to-least recent:
2025-06-28T05:19:50.321Z - info: 1. book/gitAndGithub/log/index
2025-06-28T05:19:50.321Z - info: 2. book/gitAndGithub/trail/usingRevisionHistory/index
2025-06-28T05:19:51.329Z - info: Rebuilding 2 pages
2025-06-28T05:19:51.526Z - info: Site data built
2025-06-28T05:19:51.526Z - info: Pages rebuilt
2025-06-28T05:19:51.526Z - info: Website regeneration complete! Total build time: 0.199s
2025-06-28T05:21:05.385Z - info: [13:21:05] Reload for file change: /Users/damithch/Repos/nus-cs2103/cs2103-website-base/book/gitAndGithub/log/text.md
2025-06-28T05:21:05.386Z - info: Synchronizing opened pages list before reload
2025-06-28T05:21:05.386Z - info: Current opened pages, from most-to-least recent:
2025-06-28T05:21:05.386Z - info: 1. book/gitAndGithub/log/index
2025-06-28T05:21:05.386Z - info: 2. book/gitAndGithub/trail/usingRevisionHistory/index
2025-06-28T05:21:06.407Z - info: Rebuilding 2 pages
2025-06-28T05:21:06.579Z - info: Site data built
2025-06-28T05:21:06.579Z - info: Pages rebuilt
2025-06-28T05:21:06.579Z - info: Website regeneration complete! Total build time: 0.174s
2025-06-28T05:21:56.033Z - info: [13:21:56] Reload for file change: /Users/damithch/Repos/nus-cs2103/cs2103-website-base/book/common/macros.njk
2025-06-28T05:21:56.034Z - info: Synchronizing opened pages list before reload
2025-06-28T05:21:56.034Z - info: Current opened pages, from most-to-least recent:
2025-06-28T05:21:56.034Z - info: 1. book/gitAndGithub/log/index
2025-06-28T05:21:56.034Z - info: 2. book/gitAndGithub/trail/usingRevisionHistory/index
2025-06-28T05:21:57.049Z - info: Rebuilding 2 pages
2025-06-28T05:21:57.239Z - info: Site data built
2025-06-28T05:21:57.239Z - info: Pages rebuilt
2025-06-28T05:21:57.239Z - info: Website regeneration complete! Total build time: 0.193s
2025-06-28T05:22:40.030Z - info: [13:22:40] Reload for file change: /Users/damithch/Repos/nus-cs2103/cs2103-website-base/book/gitAndGithub/log/text.md
2025-06-28T05:22:40.030Z - info: Synchronizing opened pages list before reload
2025-06-28T05:22:40.030Z - info: Current opened pages, from most-to-least recent:
2025-06-28T05:22:40.030Z - info: 1. book/gitAndGithub/log/index
2025-06-28T05:22:40.031Z - info: 2. book/gitAndGithub/trail/usingRevisionHistory/index
2025-06-28T05:22:41.047Z - info: Rebuilding 2 pages
2025-06-28T05:22:41.220Z - info: Site data built
2025-06-28T05:22:41.220Z - info: Pages rebuilt
2025-06-28T05:22:41.220Z - info: Website regeneration complete! Total build time: 0.175s
2025-06-28T05:23:38.617Z - info: [13:23:38] Reload for file change: /Users/damithch/Repos/nus-cs2103/cs2103-website-base/book/common/macros.njk
2025-06-28T05:23:38.618Z - info: Synchronizing opened pages list before reload
2025-06-28T05:23:38.618Z - info: Current opened pages, from most-to-least recent:
2025-06-28T05:23:38.619Z - info: 1. book/gitAndGithub/log/index
2025-06-28T05:23:38.619Z - info: 2. book/gitAndGithub/trail/usingRevisionHistory/index
2025-06-28T05:23:39.627Z - info: Rebuilding 2 pages
2025-06-28T05:23:39.845Z - info: Site data built
2025-06-28T05:23:39.845Z - info: Pages rebuilt
2025-06-28T05:23:39.845Z - info: Website regeneration complete! Total build time: 0.22s
2025-06-28T05:24:17.597Z - info: [13:24:17] Reload for file change: /Users/damithch/Repos/nus-cs2103/cs2103-website-base/book/common/macros.njk
2025-06-28T05:24:17.597Z - info: Synchronizing opened pages list before reload
2025-06-28T05:24:17.597Z - info: Current opened pages, from most-to-least recent:
2025-06-28T05:24:17.597Z - info: 1. book/gitAndGithub/log/index
2025-06-28T05:24:17.597Z - info: 2. book/gitAndGithub/trail/usingRevisionHistory/index
2025-06-28T05:24:18.610Z - info: Rebuilding 2 pages
2025-06-28T05:24:18.834Z - info: Site data built
2025-06-28T05:24:18.834Z - info: Pages rebuilt
2025-06-28T05:24:18.834Z - info: Website regeneration complete! Total build time: 0.226s
2025-06-28T05:25:46.538Z - info: [13:25:46] Reload for file change: /Users/damithch/Repos/nus-cs2103/cs2103-website-base/book/gitAndGithub/log/text.md
2025-06-28T05:25:46.539Z - info: Synchronizing opened pages list before reload
2025-06-28T05:25:46.539Z - info: Current opened pages, from most-to-least recent:
2025-06-28T05:25:46.539Z - info: 1. book/gitAndGithub/log/index
2025-06-28T05:25:46.539Z - info: 2. book/gitAndGithub/trail/usingRevisionHistory/index
2025-06-28T05:25:47.553Z - info: Rebuilding 2 pages
2025-06-28T05:25:47.802Z - info: Site data built
2025-06-28T05:25:47.802Z - info: Pages rebuilt
2025-06-28T05:25:47.802Z - info: Website regeneration complete! Total build time: 0.252s
2025-06-28T05:27:49.293Z - info: [13:27:49] Reload for file change: /Users/damithch/Repos/nus-cs2103/cs2103-website-base/book/common/macros.njk
2025-06-28T05:27:49.294Z - info: Synchronizing opened pages list before reload
2025-06-28T05:27:49.295Z - info: Current opened pages, from most-to-least recent:
2025-06-28T05:27:49.295Z - info: 1. book/gitAndGithub/log/index
2025-06-28T05:27:49.295Z - info: 2. book/gitAndGithub/trail/usingRevisionHistory/index
2025-06-28T05:27:50.300Z - info: Rebuilding 2 pages
2025-06-28T05:27:50.539Z - info: Site data built
2025-06-28T05:27:50.539Z - info: Pages rebuilt
2025-06-28T05:27:50.539Z - info: Website regeneration complete! Total build time: 0.242s
2025-06-28T05:28:09.292Z - info: [13:28:09] Reload for file change: /Users/damithch/Repos/nus-cs2103/cs2103-website-base/book/common/macros.njk
2025-06-28T05:28:09.293Z - info: Synchronizing opened pages list before reload
2025-06-28T05:28:09.293Z - info: Current opened pages, from most-to-least recent:
2025-06-28T05:28:09.293Z - info: 1. book/gitAndGithub/log/index
2025-06-28T05:28:09.293Z - info: 2. book/gitAndGithub/trail/usingRevisionHistory/index
2025-06-28T05:28:10.307Z - info: Rebuilding 2 pages
2025-06-28T05:28:10.533Z - info: Site data built
2025-06-28T05:28:10.533Z - info: Pages rebuilt
2025-06-28T05:28:10.533Z - info: Website regeneration complete! Total build time: 0.228s
2025-06-28T05:28:53.178Z - info: [13:28:53] Reload for file change: /Users/damithch/Repos/nus-cs2103/cs2103-website-base/book/common/macros.njk
2025-06-28T05:28:53.179Z - info: Synchronizing opened pages list before reload
2025-06-28T05:28:53.179Z - info: Current opened pages, from most-to-least recent:
2025-06-28T05:28:53.179Z - info: 1. book/gitAndGithub/log/index
2025-06-28T05:28:53.179Z - info: 2. book/gitAndGithub/trail/usingRevisionHistory/index
2025-06-28T05:28:54.198Z - info: Rebuilding 2 pages
2025-06-28T05:28:54.445Z - info: Site data built
2025-06-28T05:28:54.445Z - info: Pages rebuilt
2025-06-28T05:28:54.445Z - info: Website regeneration complete! Total build time: 0.25s
2025-06-28T05:29:54.283Z - info: [13:29:54] Reload for file change: /Users/damithch/Repos/nus-cs2103/cs2103-website-base/book/common/macros.njk
2025-06-28T05:29:54.284Z - info: Synchronizing opened pages list before reload
2025-06-28T05:29:54.284Z - info: Current opened pages, from most-to-least recent:
2025-06-28T05:29:54.285Z - info: 1. book/gitAndGithub/log/index
2025-06-28T05:29:54.285Z - info: 2. book/gitAndGithub/trail/usingRevisionHistory/index
2025-06-28T05:29:55.288Z - info: Rebuilding 2 pages
2025-06-28T05:29:55.527Z - info: Site data built
2025-06-28T05:29:55.527Z - info: Pages rebuilt
2025-06-28T05:29:55.527Z - info: Website regeneration complete! Total build time: 0.241s
2025-06-28T05:30:27.208Z - info: [13:30:27] Reload for file change: /Users/damithch/Repos/nus-cs2103/cs2103-website-base/book/common/macros.njk
2025-06-28T05:30:27.209Z - info: Synchronizing opened pages list before reload
2025-06-28T05:30:27.209Z - info: Current opened pages, from most-to-least recent:
2025-06-28T05:30:27.209Z - info: 1. book/gitAndGithub/log/index
2025-06-28T05:30:27.209Z - info: 2. book/gitAndGithub/trail/usingRevisionHistory/index
2025-06-28T05:30:28.214Z - info: Rebuilding 2 pages
2025-06-28T05:30:28.447Z - info: Site data built
2025-06-28T05:30:28.447Z - info: Pages rebuilt
2025-06-28T05:30:28.447Z - info: Website regeneration complete! Total build time: 0.235s
2025-06-28T05:30:34.990Z - info: [13:30:34] Reload for file change: /Users/damithch/Repos/nus-cs2103/cs2103-website-base/book/common/macros.njk
2025-06-28T05:30:34.991Z - info: Synchronizing opened pages list before reload
2025-06-28T05:30:34.991Z - info: Current opened pages, from most-to-least recent:
2025-06-28T05:30:34.991Z - info: 1. book/gitAndGithub/log/index
2025-06-28T05:30:34.991Z - info: 2. book/gitAndGithub/trail/usingRevisionHistory/index
2025-06-28T05:30:36.004Z - info: Rebuilding 2 pages
2025-06-28T05:30:36.186Z - info: Site data built
2025-06-28T05:30:36.186Z - info: Pages rebuilt
2025-06-28T05:30:36.186Z - info: Website regeneration complete! Total build time: 0.184s
2025-06-28T05:30:48.684Z - info: [13:30:48] Reload for file change: /Users/damithch/Repos/nus-cs2103/cs2103-website-base/book/common/macros.njk
2025-06-28T05:30:48.685Z - info: Synchronizing opened pages list before reload
2025-06-28T05:30:48.685Z - info: Current opened pages, from most-to-least recent:
2025-06-28T05:30:48.685Z - info: 1. book/gitAndGithub/log/index
2025-06-28T05:30:48.685Z - info: 2. book/gitAndGithub/trail/usingRevisionHistory/index
2025-06-28T05:30:49.700Z - info: Rebuilding 2 pages
2025-06-28T05:30:49.930Z - info: Site data built
2025-06-28T05:30:49.930Z - info: Pages rebuilt
2025-06-28T05:30:49.930Z - info: Website regeneration complete! Total build time: 0.232s
2025-06-28T05:31:39.952Z - info: [13:31:39] Reload for file change: /Users/damithch/Repos/nus-cs2103/cs2103-website-base/book/gitAndGithub/log/cli-view-rg-normal.md
2025-06-28T05:31:39.953Z - info: Synchronizing opened pages list before reload
2025-06-28T05:31:39.953Z - info: Current opened pages, from most-to-least recent:
2025-06-28T05:31:39.953Z - info: 1. book/gitAndGithub/log/index
2025-06-28T05:31:39.953Z - info: 2. book/gitAndGithub/trail/usingRevisionHistory/index
2025-06-28T05:31:40.962Z - info: Rebuilding 2 pages
2025-06-28T05:31:41.166Z - info: Site data built
2025-06-28T05:31:41.166Z - info: Pages rebuilt
2025-06-28T05:31:41.166Z - info: Website regeneration complete! Total build time: 0.206s
2025-06-28T05:32:51.891Z - info: [13:32:51] Reload for file change: /Users/damithch/Repos/nus-cs2103/cs2103-website-base/book/common/macros.njk
2025-06-28T05:32:51.892Z - info: Synchronizing opened pages list before reload
2025-06-28T05:32:51.892Z - info: Current opened pages, from most-to-least recent:
2025-06-28T05:32:51.892Z - info: 1. book/gitAndGithub/log/index
2025-06-28T05:32:51.892Z - info: 2. book/gitAndGithub/trail/usingRevisionHistory/index
2025-06-28T05:32:52.904Z - info: Rebuilding 2 pages
2025-06-28T05:32:53.075Z - info: Site data built
2025-06-28T05:32:53.075Z - info: Pages rebuilt
2025-06-28T05:32:53.075Z - info: Website regeneration complete! Total build time: 0.172s
2025-06-28T05:33:03.285Z - info: [13:33:03] Reload for file change: /Users/damithch/Repos/nus-cs2103/cs2103-website-base/book/common/macros.njk
2025-06-28T05:33:03.285Z - info: Synchronizing opened pages list before reload
2025-06-28T05:33:03.285Z - info: Current opened pages, from most-to-least recent:
2025-06-28T05:33:03.285Z - info: 1. book/gitAndGithub/log/index
2025-06-28T05:33:03.286Z - info: 2. book/gitAndGithub/trail/usingRevisionHistory/index
2025-06-28T05:33:04.297Z - info: Rebuilding 2 pages
2025-06-28T05:33:04.523Z - info: Site data built
2025-06-28T05:33:04.523Z - info: Pages rebuilt
2025-06-28T05:33:04.523Z - info: Website regeneration complete! Total build time: 0.228s
2025-06-28T05:33:26.914Z - info: [13:33:26] Reload for file change: /Users/damithch/Repos/nus-cs2103/cs2103-website-base/book/common/macros.njk
2025-06-28T05:33:26.915Z - info: Synchronizing opened pages list before reload
2025-06-28T05:33:26.915Z - info: Current opened pages, from most-to-least recent:
2025-06-28T05:33:26.915Z - info: 1. book/gitAndGithub/log/index
2025-06-28T05:33:26.915Z - info: 2. book/gitAndGithub/trail/usingRevisionHistory/index
2025-06-28T05:33:27.919Z - info: Rebuilding 2 pages
2025-06-28T05:33:28.159Z - info: Site data built
2025-06-28T05:33:28.159Z - info: Pages rebuilt
2025-06-28T05:33:28.159Z - info: Website regeneration complete! Total build time: 0.242s
2025-06-28T05:33:36.328Z - info: [13:33:36] Reload for file change: /Users/damithch/Repos/nus-cs2103/cs2103-website-base/book/common/macros.njk
2025-06-28T05:33:36.329Z - info: Synchronizing opened pages list before reload
2025-06-28T05:33:36.329Z - info: Current opened pages, from most-to-least recent:
2025-06-28T05:33:36.329Z - info: 1. book/gitAndGithub/log/index
2025-06-28T05:33:36.329Z - info: 2. book/gitAndGithub/trail/usingRevisionHistory/index
2025-06-28T05:33:37.345Z - info: Rebuilding 2 pages
2025-06-28T05:33:37.528Z - info: Site data built
2025-06-28T05:33:37.528Z - info: Pages rebuilt
2025-06-28T05:33:37.528Z - info: Website regeneration complete! Total build time: 0.184s
2025-06-28T05:34:22.837Z - info: [13:34:22] Reload for file change: /Users/damithch/Repos/nus-cs2103/cs2103-website-base/book/gitAndGithub/log/text.md
2025-06-28T05:34:22.837Z - info: Synchronizing opened pages list before reload
2025-06-28T05:34:22.837Z - info: Current opened pages, from most-to-least recent:
2025-06-28T05:34:22.837Z - info: 1. book/gitAndGithub/log/index
2025-06-28T05:34:22.837Z - info: 2. book/gitAndGithub/trail/usingRevisionHistory/index
2025-06-28T05:34:23.855Z - info: Rebuilding 2 pages
2025-06-28T05:34:24.081Z - info: Site data built
2025-06-28T05:34:24.081Z - info: Pages rebuilt
2025-06-28T05:34:24.081Z - info: Website regeneration complete! Total build time: 0.227s
2025-06-28T05:35:06.642Z - info: [13:35:06] Reload for file change: /Users/damithch/Repos/nus-cs2103/cs2103-website-base/book/common/macros.njk
2025-06-28T05:35:06.642Z - info: Synchronizing opened pages list before reload
2025-06-28T05:35:06.642Z - info: Current opened pages, from most-to-least recent:
2025-06-28T05:35:06.642Z - info: 1. book/gitAndGithub/log/index
2025-06-28T05:35:06.642Z - info: 2. book/gitAndGithub/trail/usingRevisionHistory/index
2025-06-28T05:35:07.657Z - info: Rebuilding 2 pages
2025-06-28T05:35:07.840Z - info: Site data built
2025-06-28T05:35:07.840Z - info: Pages rebuilt
2025-06-28T05:35:07.840Z - info: Website regeneration complete! Total build time: 0.185s
2025-06-28T05:35:31.022Z - info: [13:35:31] Reload for file change: /Users/damithch/Repos/nus-cs2103/cs2103-website-base/book/common/macros.njk
2025-06-28T05:35:31.022Z - info: Synchronizing opened pages list before reload
2025-06-28T05:35:31.022Z - info: Current opened pages, from most-to-least recent:
2025-06-28T05:35:31.022Z - info: 1. book/gitAndGithub/log/index
2025-06-28T05:35:31.022Z - info: 2. book/gitAndGithub/trail/usingRevisionHistory/index
2025-06-28T05:35:32.039Z - info: Rebuilding 2 pages
2025-06-28T05:35:32.263Z - info: Site data built
2025-06-28T05:35:32.264Z - info: Pages rebuilt
2025-06-28T05:35:32.264Z - info: Website regeneration complete! Total build time: 0.227s
2025-06-28T05:35:43.754Z - info: [13:35:43] Reload for file change: /Users/damithch/Repos/nus-cs2103/cs2103-website-base/book/common/macros.njk
2025-06-28T05:35:43.754Z - info: Synchronizing opened pages list before reload
2025-06-28T05:35:43.754Z - info: Current opened pages, from most-to-least recent:
2025-06-28T05:35:43.754Z - info: 1. book/gitAndGithub/log/index
2025-06-28T05:35:43.754Z - info: 2. book/gitAndGithub/trail/usingRevisionHistory/index
2025-06-28T05:35:44.772Z - info: Rebuilding 2 pages
2025-06-28T05:35:44.954Z - info: Site data built
2025-06-28T05:35:44.955Z - info: Pages rebuilt
2025-06-28T05:35:44.955Z - info: Website regeneration complete! Total build time: 0.185s
2025-06-28T05:36:14.942Z - info: [13:36:14] Reload for file change: /Users/damithch/Repos/nus-cs2103/cs2103-website-base/book/common/macros.njk
2025-06-28T05:36:14.943Z - info: Synchronizing opened pages list before reload
2025-06-28T05:36:14.944Z - info: Current opened pages, from most-to-least recent:
2025-06-28T05:36:14.945Z - info: 1. book/gitAndGithub/log/index
2025-06-28T05:36:14.945Z - info: 2. book/gitAndGithub/trail/usingRevisionHistory/index
2025-06-28T05:36:15.957Z - info: Rebuilding 2 pages
2025-06-28T05:36:16.186Z - info: Site data built
2025-06-28T05:36:16.186Z - info: Pages rebuilt
2025-06-28T05:36:16.186Z - info: Website regeneration complete! Total build time: 0.232s
2025-06-28T05:36:36.954Z - info: [13:36:36] Reload for file change: /Users/damithch/Repos/nus-cs2103/cs2103-website-base/book/common/macros.njk
2025-06-28T05:36:36.954Z - info: Synchronizing opened pages list before reload
2025-06-28T05:36:36.954Z - info: Current opened pages, from most-to-least recent:
2025-06-28T05:36:36.954Z - info: 1. book/gitAndGithub/log/index
2025-06-28T05:36:36.954Z - info: 2. book/gitAndGithub/trail/usingRevisionHistory/index
2025-06-28T05:36:37.970Z - info: Rebuilding 2 pages
2025-06-28T05:36:38.150Z - info: Site data built
2025-06-28T05:36:38.150Z - info: Pages rebuilt
2025-06-28T05:36:38.150Z - info: Website regeneration complete! Total build time: 0.181s
2025-06-28T05:36:59.039Z - info: [13:36:59] Reload for file change: /Users/damithch/Repos/nus-cs2103/cs2103-website-base/book/common/macros.njk
2025-06-28T05:36:59.041Z - info: Synchronizing opened pages list before reload
2025-06-28T05:36:59.041Z - info: Current opened pages, from most-to-least recent:
2025-06-28T05:36:59.041Z - info: 1. book/gitAndGithub/log/index
2025-06-28T05:36:59.041Z - info: 2. book/gitAndGithub/trail/usingRevisionHistory/index
2025-06-28T05:37:00.053Z - info: Rebuilding 2 pages
2025-06-28T05:37:00.296Z - info: Site data built
2025-06-28T05:37:00.296Z - info: Pages rebuilt
2025-06-28T05:37:00.296Z - info: Website regeneration complete! Total build time: 0.246s
2025-06-28T05:39:30.618Z - info: [13:39:30] Reload for file change: /Users/damithch/Repos/nus-cs2103/cs2103-website-base/book/gitAndGithub/log/text.md
2025-06-28T05:39:30.619Z - info: Synchronizing opened pages list before reload
2025-06-28T05:39:30.620Z - info: Current opened pages, from most-to-least recent:
2025-06-28T05:39:30.620Z - info: 1. book/gitAndGithub/log/index
2025-06-28T05:39:30.620Z - info: 2. book/gitAndGithub/trail/usingRevisionHistory/index
2025-06-28T05:39:31.631Z - info: Rebuilding 2 pages
2025-06-28T05:39:31.875Z - info: Site data built
2025-06-28T05:39:31.875Z - info: Pages rebuilt
2025-06-28T05:39:31.875Z - info: Website regeneration complete! Total build time: 0.246s
2025-06-28T05:39:56.685Z - info: [13:39:56] Reload for file change: /Users/damithch/Repos/nus-cs2103/cs2103-website-base/book/gitAndGithub/log/text.md
2025-06-28T05:39:56.686Z - info: Synchronizing opened pages list before reload
2025-06-28T05:39:56.687Z - info: Current opened pages, from most-to-least recent:
2025-06-28T05:39:56.687Z - info: 1. book/gitAndGithub/log/index
2025-06-28T05:39:56.687Z - info: 2. book/gitAndGithub/trail/usingRevisionHistory/index
2025-06-28T05:39:57.700Z - info: Rebuilding 2 pages
2025-06-28T05:39:57.925Z - info: Site data built
2025-06-28T05:39:57.926Z - info: Pages rebuilt
2025-06-28T05:39:57.926Z - info: Website regeneration complete! Total build time: 0.227s
2025-06-28T05:40:56.357Z - info: [13:40:56] Reload for file change: /Users/damithch/Repos/nus-cs2103/cs2103-website-base/book/gitAndGithub/log/text.md
2025-06-28T05:40:56.358Z - info: Synchronizing opened pages list before reload
2025-06-28T05:40:56.358Z - info: Current opened pages, from most-to-least recent:
2025-06-28T05:40:56.360Z - info: 1. book/gitAndGithub/log/index
2025-06-28T05:40:56.360Z - info: 2. book/gitAndGithub/trail/usingRevisionHistory/index
2025-06-28T05:40:57.373Z - info: Rebuilding 2 pages
2025-06-28T05:40:57.677Z - info: Site data built
2025-06-28T05:40:57.677Z - info: Pages rebuilt
2025-06-28T05:40:57.677Z - info: Website regeneration complete! Total build time: 0.307s
2025-06-28T09:06:47.981Z - info: [17:06:47] Reload for file change: /Users/damithch/Repos/nus-cs2103/cs2103-website-base/book/gitAndGithub/log/text.md
2025-06-28T09:06:47.985Z - info: Synchronizing opened pages list before reload
2025-06-28T09:06:47.986Z - info: Current opened pages, from most-to-least recent:
2025-06-28T09:06:47.986Z - info: 1. book/gitAndGithub/log/index
2025-06-28T09:06:49.024Z - info: Rebuilding 1 pages
2025-06-28T09:06:49.233Z - info: Site data built
2025-06-28T09:06:49.233Z - info: Pages rebuilt
2025-06-28T09:06:49.233Z - info: Website regeneration complete! Total build time: 0.229s
2025-06-28T09:09:31.210Z - info: [17:09:31] Reload for file change: /Users/damithch/Repos/nus-cs2103/cs2103-website-base/book/gitAndGithub/log/text.md
2025-06-28T09:09:31.211Z - info: Synchronizing opened pages list before reload
2025-06-28T09:09:31.212Z - info: Current opened pages, from most-to-least recent:
2025-06-28T09:09:31.212Z - info: 1. book/gitAndGithub/log/index
2025-06-28T09:09:32.220Z - info: Rebuilding 1 pages
2025-06-28T09:09:32.334Z - info: Site data built
2025-06-28T09:09:32.334Z - info: Pages rebuilt
2025-06-28T09:09:32.335Z - info: Website regeneration complete! Total build time: 0.117s
2025-06-28T09:10:58.261Z - info: [17:10:58] Reload for file change: /Users/damithch/Repos/nus-cs2103/cs2103-website-base/book/gitAndGithub/log/text.md
2025-06-28T09:10:58.262Z - info: Synchronizing opened pages list before reload
2025-06-28T09:10:58.262Z - info: Current opened pages, from most-to-least recent:
2025-06-28T09:10:58.263Z - info: 1. book/gitAndGithub/log/index
2025-06-28T09:10:59.269Z - info: Rebuilding 1 pages
2025-06-28T09:10:59.406Z - info: Site data built
2025-06-28T09:10:59.406Z - info: Pages rebuilt
2025-06-28T09:10:59.406Z - info: Website regeneration complete! Total build time: 0.139s
2025-06-28T09:11:38.834Z - info: [17:11:38] Reload for file change: /Users/damithch/Repos/nus-cs2103/cs2103-website-base/book/gitAndGithub/log/text.md
2025-06-28T09:11:38.834Z - info: Synchronizing opened pages list before reload
2025-06-28T09:11:38.835Z - info: Current opened pages, from most-to-least recent:
2025-06-28T09:11:38.835Z - info: 1. book/gitAndGithub/log/index
2025-06-28T09:11:38.927Z - info: [17:11:38] Reload for file change: /Users/damithch/Repos/nus-cs2103/cs2103-website-base/book/gitAndGithub/log/text.md
2025-06-28T09:11:38.927Z - info: Synchronizing opened pages list before reload
2025-06-28T09:11:38.927Z - info: Current opened pages, from most-to-least recent:
2025-06-28T09:11:38.927Z - info: 1. book/gitAndGithub/log/index
2025-06-28T09:11:39.839Z - info: Rebuilding 1 pages
2025-06-28T09:11:39.944Z - info: Site data built
2025-06-28T09:11:39.944Z - info: Pages rebuilt
2025-06-28T09:11:39.944Z - info: Website regeneration complete! Total build time: 0.106s
2025-06-28T09:12:12.435Z - info: [17:12:12] Reload for file change: /Users/damithch/Repos/nus-cs2103/cs2103-website-base/book/gitAndGithub/log/text.md
2025-06-28T09:12:12.436Z - info: Synchronizing opened pages list before reload
2025-06-28T09:12:12.436Z - info: Current opened pages, from most-to-least recent:
2025-06-28T09:12:12.436Z - info: 1. book/gitAndGithub/log/index
2025-06-28T09:12:13.439Z - info: Rebuilding 1 pages
2025-06-28T09:12:13.558Z - info: Site data built
2025-06-28T09:12:13.558Z - info: Pages rebuilt
2025-06-28T09:12:13.558Z - info: Website regeneration complete! Total build time: 0.12s
2025-06-28T09:12:50.894Z - info: [17:12:50] Reload for file change: /Users/damithch/Repos/nus-cs2103/cs2103-website-base/book/gitAndGithub/log/text.md
2025-06-28T09:12:50.895Z - info: Synchronizing opened pages list before reload
2025-06-28T09:12:50.895Z - info: Current opened pages, from most-to-least recent:
2025-06-28T09:12:50.895Z - info: 1. book/gitAndGithub/log/index
2025-06-28T09:12:51.911Z - info: Rebuilding 1 pages
2025-06-28T09:12:52.018Z - info: Site data built
2025-06-28T09:12:52.018Z - info: Pages rebuilt
2025-06-28T09:12:52.018Z - info: Website regeneration complete! Total build time: 0.11s
2025-06-28T09:13:12.893Z - info: [17:13:12] Reload for file change: /Users/damithch/Repos/nus-cs2103/cs2103-website-base/book/gitAndGithub/log/text.md
2025-06-28T09:13:12.894Z - info: Synchronizing opened pages list before reload
2025-06-28T09:13:12.894Z - info: Current opened pages, from most-to-least recent:
2025-06-28T09:13:12.894Z - info: 1. book/gitAndGithub/log/index
2025-06-28T09:13:13.898Z - info: Rebuilding 1 pages
2025-06-28T09:13:14.025Z - info: Site data built
2025-06-28T09:13:14.026Z - info: Pages rebuilt
2025-06-28T09:13:14.026Z - info: Website regeneration complete! Total build time: 0.129s
2025-06-28T09:13:31.861Z - info: [17:13:31] Reload for file change: /Users/damithch/Repos/nus-cs2103/cs2103-website-base/book/gitAndGithub/log/text.md
2025-06-28T09:13:31.861Z - info: Synchronizing opened pages list before reload
2025-06-28T09:13:31.862Z - info: Current opened pages, from most-to-least recent:
2025-06-28T09:13:31.862Z - info: 1. book/gitAndGithub/log/index
2025-06-28T09:13:32.878Z - info: Rebuilding 1 pages
2025-06-28T09:13:32.985Z - info: Site data built
2025-06-28T09:13:32.985Z - info: Pages rebuilt
2025-06-28T09:13:32.985Z - info: Website regeneration complete! Total build time: 0.108s
2025-06-28T09:14:10.505Z - info: [17:14:10] Reload for file change: /Users/damithch/Repos/nus-cs2103/cs2103-website-base/book/gitAndGithub/log/text.md
2025-06-28T09:14:10.505Z - info: Synchronizing opened pages list before reload
2025-06-28T09:14:10.505Z - info: Current opened pages, from most-to-least recent:
2025-06-28T09:14:10.505Z - info: 1. book/gitAndGithub/log/index
2025-06-28T09:14:11.523Z - info: Rebuilding 1 pages
2025-06-28T09:14:11.652Z - info: Site data built
2025-06-28T09:14:11.653Z - info: Pages rebuilt
2025-06-28T09:14:11.653Z - info: Website regeneration complete! Total build time: 0.132s
2025-06-28T09:15:15.010Z - info: [17:15:15] Reload for file change: /Users/damithch/Repos/nus-cs2103/cs2103-website-base/book/gitAndGithub/log/text.md
2025-06-28T09:15:15.012Z - info: Synchronizing opened pages list before reload
2025-06-28T09:15:15.013Z - info: Current opened pages, from most-to-least recent:
2025-06-28T09:15:15.013Z - info: 1. book/gitAndGithub/log/index
2025-06-28T09:15:16.025Z - info: Rebuilding 1 pages
2025-06-28T09:15:16.138Z - info: Site data built
2025-06-28T09:15:16.138Z - info: Pages rebuilt
2025-06-28T09:15:16.138Z - info: Website regeneration complete! Total build time: 0.115s
2025-06-28T09:15:26.833Z - info: [17:15:26] Reload for file change: /Users/damithch/Repos/nus-cs2103/cs2103-website-base/book/gitAndGithub/log/text.md
2025-06-28T09:15:26.833Z - info: Synchronizing opened pages list before reload
2025-06-28T09:15:26.833Z - info: Current opened pages, from most-to-least recent:
2025-06-28T09:15:26.833Z - info: 1. book/gitAndGithub/log/index
2025-06-28T09:15:27.845Z - info: Rebuilding 1 pages
2025-06-28T09:15:27.972Z - info: Site data built
2025-06-28T09:15:27.972Z - info: Pages rebuilt
2025-06-28T09:15:27.972Z - info: Website regeneration complete! Total build time: 0.129s
2025-06-28T09:15:55.198Z - info: [17:15:55] Reload for file change: /Users/damithch/Repos/nus-cs2103/cs2103-website-base/book/gitAndGithub/log/text.md
2025-06-28T09:15:55.198Z - info: Synchronizing opened pages list before reload
2025-06-28T09:15:55.198Z - info: Current opened pages, from most-to-least recent:
2025-06-28T09:15:55.198Z - info: 1. book/gitAndGithub/log/index
2025-06-28T09:15:56.209Z - info: Rebuilding 1 pages
2025-06-28T09:15:56.309Z - info: Site data built
2025-06-28T09:15:56.309Z - info: Pages rebuilt
2025-06-28T09:15:56.309Z - info: Website regeneration complete! Total build time: 0.101s
2025-06-28T09:16:10.150Z - info: [17:16:10] Reload for file change: /Users/damithch/Repos/nus-cs2103/cs2103-website-base/book/gitAndGithub/log/text.md
2025-06-28T09:16:10.151Z - info: Synchronizing opened pages list before reload
2025-06-28T09:16:10.151Z - info: Current opened pages, from most-to-least recent:
2025-06-28T09:16:10.151Z - info: 1. book/gitAndGithub/log/index
2025-06-28T09:16:11.154Z - info: Rebuilding 1 pages
2025-06-28T09:16:11.269Z - info: Site data built
2025-06-28T09:16:11.270Z - info: Pages rebuilt
2025-06-28T09:16:11.270Z - info: Website regeneration complete! Total build time: 0.117s
2025-06-28T09:16:56.531Z - info: [17:16:56] Reload for file change: /Users/damithch/Repos/nus-cs2103/cs2103-website-base/book/gitAndGithub/log/text.md
2025-06-28T09:16:56.531Z - info: Synchronizing opened pages list before reload
2025-06-28T09:16:56.531Z - info: Current opened pages, from most-to-least recent:
2025-06-28T09:16:56.531Z - info: 1. book/gitAndGithub/log/index
2025-06-28T09:16:57.552Z - info: Rebuilding 1 pages
2025-06-28T09:16:57.656Z - info: Site data built
2025-06-28T09:16:57.656Z - info: Pages rebuilt
2025-06-28T09:16:57.656Z - info: Website regeneration complete! Total build time: 0.107s
2025-06-28T09:17:03.091Z - info: [17:17:03] Reload for file change: /Users/damithch/Repos/nus-cs2103/cs2103-website-base/book/gitAndGithub/log/text.md
2025-06-28T09:17:03.091Z - info: Synchronizing opened pages list before reload
2025-06-28T09:17:03.091Z - info: Current opened pages, from most-to-least recent:
2025-06-28T09:17:03.091Z - info: 1. book/gitAndGithub/log/index
2025-06-28T09:17:04.095Z - info: Rebuilding 1 pages
2025-06-28T09:17:04.200Z - info: Site data built
2025-06-28T09:17:04.200Z - info: Pages rebuilt
2025-06-28T09:17:04.200Z - info: Website regeneration complete! Total build time: 0.107s
2025-06-28T09:18:43.192Z - info: [17:18:43] Reload for file change: /Users/damithch/Repos/nus-cs2103/cs2103-website-base/book/gitAndGithub/log/text.md
2025-06-28T09:18:43.194Z - info: Synchronizing opened pages list before reload
2025-06-28T09:18:43.194Z - info: Current opened pages, from most-to-least recent:
2025-06-28T09:18:43.194Z - info: 1. book/gitAndGithub/log/index
2025-06-28T09:18:44.200Z - info: Rebuilding 1 pages
2025-06-28T09:18:44.333Z - info: Site data built
2025-06-28T09:18:44.333Z - info: Pages rebuilt
2025-06-28T09:18:44.333Z - info: Website regeneration complete! Total build time: 0.135s
2025-06-28T09:19:14.491Z - info: [17:19:14] Reload for file change: /Users/damithch/Repos/nus-cs2103/cs2103-website-base/book/gitAndGithub/log/text.md
2025-06-28T09:19:14.491Z - info: Synchronizing opened pages list before reload
2025-06-28T09:19:14.492Z - info: Current opened pages, from most-to-least recent:
2025-06-28T09:19:14.492Z - info: 1. book/gitAndGithub/log/index
2025-06-28T09:19:15.504Z - info: Rebuilding 1 pages
2025-06-28T09:19:15.615Z - info: Site data built
2025-06-28T09:19:15.615Z - info: Pages rebuilt
2025-06-28T09:19:15.615Z - info: Website regeneration complete! Total build time: 0.113s
2025-06-28T09:19:22.660Z - info: [17:19:22] Reload for file change: /Users/damithch/Repos/nus-cs2103/cs2103-website-base/book/gitAndGithub/log/text.md
2025-06-28T09:19:22.660Z - info: Synchronizing opened pages list before reload
2025-06-28T09:19:22.660Z - info: Current opened pages, from most-to-least recent:
2025-06-28T09:19:22.661Z - info: 1. book/gitAndGithub/log/index
2025-06-28T09:19:23.665Z - info: Rebuilding 1 pages
2025-06-28T09:19:23.776Z - info: Site data built
2025-06-28T09:19:23.776Z - info: Pages rebuilt
2025-06-28T09:19:23.776Z - info: Website regeneration complete! Total build time: 0.113s
2025-06-28T09:19:50.025Z - info: [17:19:50] Reload for file change: /Users/damithch/Repos/nus-cs2103/cs2103-website-base/book/gitAndGithub/log/text.md
2025-06-28T09:19:50.025Z - info: Synchronizing opened pages list before reload
2025-06-28T09:19:50.025Z - info: Current opened pages, from most-to-least recent:
2025-06-28T09:19:50.026Z - info: 1. book/gitAndGithub/log/index
2025-06-28T09:19:51.033Z - info: Rebuilding 1 pages
2025-06-28T09:19:51.163Z - info: Site data built
2025-06-28T09:19:51.163Z - info: Pages rebuilt
2025-06-28T09:19:51.163Z - info: Website regeneration complete! Total build time: 0.132s
2025-06-28T09:20:12.730Z - info: [17:20:12] Reload for file change: /Users/damithch/Repos/nus-cs2103/cs2103-website-base/book/gitAndGithub/log/text.md
2025-06-28T09:20:12.730Z - info: Synchronizing opened pages list before reload
2025-06-28T09:20:12.731Z - info: Current opened pages, from most-to-least recent:
2025-06-28T09:20:12.731Z - info: 1. book/gitAndGithub/log/index
2025-06-28T09:20:13.741Z - info: Rebuilding 1 pages
2025-06-28T09:20:13.880Z - info: Site data built
2025-06-28T09:20:13.880Z - info: Pages rebuilt
2025-06-28T09:20:13.880Z - info: Website regeneration complete! Total build time: 0.14s
2025-06-28T09:30:56.719Z - info: [17:30:56] Reload for file change: /Users/damithch/Repos/nus-cs2103/cs2103-website-base/book/common/macros.njk
2025-06-28T09:30:56.720Z - info: Synchronizing opened pages list before reload
2025-06-28T09:30:56.720Z - info: Current opened pages, from most-to-least recent:
2025-06-28T09:30:56.720Z - info: 1. book/gitAndGithub/log/index
2025-06-28T09:30:56.723Z - info: [17:30:56] Reload for file change: /Users/damithch/Repos/nus-cs2103/cs2103-website-base/book/gitAndGithub/log/text.md
2025-06-28T09:30:56.723Z - info: Synchronizing opened pages list before reload
2025-06-28T09:30:56.723Z - info: Current opened pages, from most-to-least recent:
2025-06-28T09:30:56.723Z - info: 1. book/gitAndGithub/log/index
2025-06-28T09:30:57.736Z - info: Rebuilding 1 pages
2025-06-28T09:30:57.877Z - info: Site data built
2025-06-28T09:30:57.877Z - info: Pages rebuilt
2025-06-28T09:30:57.877Z - info: Website regeneration complete! Total build time: 0.144s
2025-06-28T09:35:46.277Z - info: [17:35:46] Reload for file change: /Users/damithch/Repos/nus-cs2103/cs2103-website-base/book/common/macros.njk
2025-06-28T09:35:46.277Z - info: Synchronizing opened pages list before reload
2025-06-28T09:35:46.278Z - info: Current opened pages, from most-to-least recent:
2025-06-28T09:35:46.278Z - info: 1. book/gitAndGithub/log/index
2025-06-28T09:35:47.294Z - info: Rebuilding 1 pages
2025-06-28T09:35:47.397Z - info: Site data built
2025-06-28T09:35:47.397Z - info: Pages rebuilt
2025-06-28T09:35:47.397Z - info: Website regeneration complete! Total build time: 0.105s
2025-06-28T09:39:21.890Z - info: [17:39:21] Reload for file change: /Users/damithch/Repos/nus-cs2103/cs2103-website-base/book/common/macros.njk
2025-06-28T09:39:21.891Z - info: Synchronizing opened pages list before reload
2025-06-28T09:39:21.891Z - info: Current opened pages, from most-to-least recent:
2025-06-28T09:39:21.892Z - info: 1. book/gitAndGithub/log/index
2025-06-28T09:39:21.897Z - info: [17:39:21] Reload for file change: /Users/damithch/Repos/nus-cs2103/cs2103-website-base/book/gitAndGithub/log/text.md
2025-06-28T09:39:21.897Z - info: Synchronizing opened pages list before reload
2025-06-28T09:39:21.898Z - info: Current opened pages, from most-to-least recent:
2025-06-28T09:39:21.898Z - info: 1. book/gitAndGithub/log/index
2025-06-28T09:39:22.911Z - info: Rebuilding 1 pages
2025-06-28T09:39:22.984Z - error: No such segment '#update-fruits-text-1' in file: /Users/damithch/Repos/nus-cs2103/cs2103-website-base/book/gitAndGithub/log/text.md
Missing reference in /Users/damithch/Repos/nus-cs2103/cs2103-website-base/book/gitAndGithub/log/text.md
2025-06-28T09:39:22.986Z - error: No such segment '#update-fruits-text-2' in file: /Users/damithch/Repos/nus-cs2103/cs2103-website-base/book/gitAndGithub/log/text.md
Missing reference in /Users/damithch/Repos/nus-cs2103/cs2103-website-base/book/gitAndGithub/log/text.md
2025-06-28T09:39:22.988Z - error: No such segment '#update-fruits-text-3' in file: /Users/damithch/Repos/nus-cs2103/cs2103-website-base/book/gitAndGithub/log/text.md
Missing reference in /Users/damithch/Repos/nus-cs2103/cs2103-website-base/book/gitAndGithub/log/text.md
2025-06-28T09:39:23.062Z - info: Site data built
2025-06-28T09:39:23.062Z - info: Pages rebuilt
2025-06-28T09:39:23.063Z - info: Website regeneration complete! Total build time: 0.155s
2025-06-28T09:40:28.066Z - info: [17:40:28] Reload for file change: /Users/damithch/Repos/nus-cs2103/cs2103-website-base/book/gitAndGithub/log/text.md
2025-06-28T09:40:28.068Z - info: Synchronizing opened pages list before reload
2025-06-28T09:40:28.068Z - info: Current opened pages, from most-to-least recent:
2025-06-28T09:40:28.069Z - info: 1. book/gitAndGithub/log/index
2025-06-28T09:40:29.078Z - info: Rebuilding 1 pages
2025-06-28T09:40:29.141Z - error: No such segment '#update-fruits-text-1' in file: /Users/damithch/Repos/nus-cs2103/cs2103-website-base/book/gitAndGithub/log/text.md
Missing reference in /Users/damithch/Repos/nus-cs2103/cs2103-website-base/book/gitAndGithub/log/text.md
2025-06-28T09:40:29.144Z - error: No such segment '#update-fruits-text-2' in file: /Users/damithch/Repos/nus-cs2103/cs2103-website-base/book/gitAndGithub/log/text.md
Missing reference in /Users/damithch/Repos/nus-cs2103/cs2103-website-base/book/gitAndGithub/log/text.md
2025-06-28T09:40:29.146Z - error: No such segment '#update-fruits-text-3' in file: /Users/damithch/Repos/nus-cs2103/cs2103-website-base/book/gitAndGithub/log/text.md
Missing reference in /Users/damithch/Repos/nus-cs2103/cs2103-website-base/book/gitAndGithub/log/text.md
2025-06-28T09:40:29.209Z - info: Site data built
2025-06-28T09:40:29.209Z - info: Pages rebuilt
2025-06-28T09:40:29.209Z - info: Website regeneration complete! Total build time: 0.134s
2025-06-28T09:40:52.201Z - info: [17:40:52] Reload for file change: /Users/damithch/Repos/nus-cs2103/cs2103-website-base/book/gitAndGithub/log/text.md
2025-06-28T09:40:52.201Z - info: Synchronizing opened pages list before reload
2025-06-28T09:40:52.201Z - info: Current opened pages, from most-to-least recent:
2025-06-28T09:40:52.201Z - info: 1. book/gitAndGithub/log/index
2025-06-28T09:40:53.206Z - info: Rebuilding 1 pages
2025-06-28T09:40:53.345Z - info: Site data built
2025-06-28T09:40:53.345Z - info: Pages rebuilt
2025-06-28T09:40:53.346Z - info: Website regeneration complete! Total build time: 0.141s
2025-06-28T09:42:04.977Z - info: [17:42:04] Reload for file change: /Users/damithch/Repos/nus-cs2103/cs2103-website-base/book/gitAndGithub/log/text.md
2025-06-28T09:42:04.978Z - info: Synchronizing opened pages list before reload
2025-06-28T09:42:04.978Z - info: Current opened pages, from most-to-least recent:
2025-06-28T09:42:04.979Z - info: 1. book/gitAndGithub/log/index
2025-06-28T09:42:05.989Z - info: Rebuilding 1 pages
2025-06-28T09:42:06.134Z - info: Site data built
2025-06-28T09:42:06.134Z - info: Pages rebuilt
2025-06-28T09:42:06.134Z - info: Website regeneration complete! Total build time: 0.148s
2025-06-28T09:44:37.959Z - info: [17:44:37] Reload for file change: /Users/damithch/Repos/nus-cs2103/cs2103-website-base/book/gitAndGithub/log/text.md
2025-06-28T09:44:37.960Z - info: Synchronizing opened pages list before reload
2025-06-28T09:44:37.960Z - info: Current opened pages, from most-to-least recent:
2025-06-28T09:44:37.960Z - info: 1. book/gitAndGithub/log/index
2025-06-28T09:44:38.972Z - info: Rebuilding 1 pages
2025-06-28T09:44:39.078Z - info: Site data built
2025-06-28T09:44:39.078Z - info: Pages rebuilt
2025-06-28T09:44:39.078Z - info: Website regeneration complete! Total build time: 0.108s
2025-06-28T09:45:10.360Z - info: [17:45:10] Reload for file change: /Users/damithch/Repos/nus-cs2103/cs2103-website-base/book/gitAndGithub/log/text.md
2025-06-28T09:45:10.360Z - info: Synchronizing opened pages list before reload
2025-06-28T09:45:10.360Z - info: Current opened pages, from most-to-least recent:
2025-06-28T09:45:10.360Z - info: 1. book/gitAndGithub/log/index
2025-06-28T09:45:11.364Z - info: Rebuilding 1 pages
2025-06-28T09:45:11.513Z - info: Site data built
2025-06-28T09:45:11.513Z - info: Pages rebuilt
2025-06-28T09:45:11.513Z - info: Website regeneration complete! Total build time: 0.151s
2025-06-28T09:45:18.129Z - info: [17:45:18] Reload for file change: /Users/damithch/Repos/nus-cs2103/cs2103-website-base/book/gitAndGithub/log/text.md
2025-06-28T09:45:18.129Z - info: Synchronizing opened pages list before reload
2025-06-28T09:45:18.129Z - info: Current opened pages, from most-to-least recent:
2025-06-28T09:45:18.130Z - info: 1. book/gitAndGithub/log/index
2025-06-28T09:45:19.143Z - info: Rebuilding 1 pages
2025-06-28T09:45:19.255Z - info: Site data built
2025-06-28T09:45:19.255Z - info: Pages rebuilt
2025-06-28T09:45:19.255Z - info: Website regeneration complete! Total build time: 0.114s
2025-06-28T09:49:29.818Z - info: [17:49:29] Reload for file change: /Users/damithch/Repos/nus-cs2103/cs2103-website-base/book/common/macros.njk
2025-06-28T09:49:29.819Z - info: Synchronizing opened pages list before reload
2025-06-28T09:49:29.820Z - info: Current opened pages, from most-to-least recent:
2025-06-28T09:49:29.820Z - info: 1. book/gitAndGithub/log/index
2025-06-28T09:49:29.822Z - info: [17:49:29] Reload for file change: /Users/damithch/Repos/nus-cs2103/cs2103-website-base/book/gitAndGithub/log/text.md
2025-06-28T09:49:29.822Z - info: Synchronizing opened pages list before reload
2025-06-28T09:49:29.822Z - info: Current opened pages, from most-to-least recent:
2025-06-28T09:49:29.822Z - info: 1. book/gitAndGithub/log/index
2025-06-28T09:49:30.840Z - info: Rebuilding 1 pages
2025-06-28T09:49:30.987Z - info: Site data built
2025-06-28T09:49:30.987Z - info: Pages rebuilt
2025-06-28T09:49:30.987Z - info: Website regeneration complete! Total build time: 0.15s
2025-06-28T09:49:37.313Z - info: [17:49:37] Reload for file change: /Users/damithch/Repos/nus-cs2103/cs2103-website-base/book/gitAndGithub/log/text.md
2025-06-28T09:49:37.313Z - info: Synchronizing opened pages list before reload
2025-06-28T09:49:37.313Z - info: Current opened pages, from most-to-least recent:
2025-06-28T09:49:37.313Z - info: 1. book/gitAndGithub/log/index
2025-06-28T09:49:38.320Z - info: Rebuilding 1 pages
2025-06-28T09:49:38.422Z - info: Site data built
2025-06-28T09:49:38.422Z - info: Pages rebuilt
2025-06-28T09:49:38.422Z - info: Website regeneration complete! Total build time: 0.103s
2025-06-28T09:50:02.345Z - info: [17:50:02] Reload for file change: /Users/damithch/Repos/nus-cs2103/cs2103-website-base/book/gitAndGithub/log/text.md
2025-06-28T09:50:02.345Z - info: Synchronizing opened pages list before reload
2025-06-28T09:50:02.346Z - info: Current opened pages, from most-to-least recent:
2025-06-28T09:50:02.346Z - info: 1. book/gitAndGithub/log/index
2025-06-28T09:50:03.359Z - info: Rebuilding 1 pages
2025-06-28T09:50:03.504Z - info: Site data built
2025-06-28T09:50:03.504Z - info: Pages rebuilt
2025-06-28T09:50:03.504Z - info: Website regeneration complete! Total build time: 0.146s
2025-06-28T09:57:54.247Z - info: [17:57:54] Reload for file change: /Users/damithch/Repos/nus-cs2103/cs2103-website-base/book/common/macros.njk
2025-06-28T09:57:54.249Z - info: Synchronizing opened pages list before reload
2025-06-28T09:57:54.249Z - info: Current opened pages, from most-to-least recent:
2025-06-28T09:57:54.249Z - info: 1. book/gitAndGithub/log/index
2025-06-28T09:57:55.261Z - info: Rebuilding 1 pages
2025-06-28T09:57:55.414Z - info: Site data built
2025-06-28T09:57:55.414Z - info: Pages rebuilt
2025-06-28T09:57:55.414Z - info: Website regeneration complete! Total build time: 0.155s
2025-06-28T10:01:08.491Z - info: [18:01:08] Reload for file change: /Users/damithch/Repos/nus-cs2103/cs2103-website-base/book/common/macros.njk
2025-06-28T10:01:08.494Z - info: Synchronizing opened pages list before reload
2025-06-28T10:01:08.496Z - info: Current opened pages, from most-to-least recent:
2025-06-28T10:01:08.496Z - info: 1. book/gitAndGithub/log/index
2025-06-28T10:01:08.506Z - info: [18:01:08] Reload for file change: /Users/damithch/Repos/nus-cs2103/cs2103-website-base/book/gitAndGithub/log/text.md
2025-06-28T10:01:08.506Z - info: Synchronizing opened pages list before reload
2025-06-28T10:01:08.506Z - info: Current opened pages, from most-to-least recent:
2025-06-28T10:01:08.506Z - info: 1. book/gitAndGithub/log/index
2025-06-28T10:01:09.511Z - info: Rebuilding 1 pages
2025-06-28T10:01:09.606Z - info: Site data built
2025-06-28T10:01:09.606Z - info: Pages rebuilt
2025-06-28T10:01:09.606Z - info: Website regeneration complete! Total build time: 0.097s
2025-06-28T10:02:17.811Z - info: [18:02:17] Reload for file change: /Users/damithch/Repos/nus-cs2103/cs2103-website-base/book/gitAndGithub/log/text.md
2025-06-28T10:02:17.812Z - info: Synchronizing opened pages list before reload
2025-06-28T10:02:17.812Z - info: Current opened pages, from most-to-least recent:
2025-06-28T10:02:17.812Z - info: 1. book/gitAndGithub/log/index
2025-06-28T10:02:18.817Z - info: Rebuilding 1 pages
2025-06-28T10:02:18.964Z - info: Site data built
2025-06-28T10:02:18.964Z - info: Pages rebuilt
2025-06-28T10:02:18.964Z - info: Website regeneration complete! Total build time: 0.149s
2025-06-28T10:03:47.514Z - info: [18:03:47] Reload for file change: /Users/damithch/Repos/nus-cs2103/cs2103-website-base/book/gitAndGithub/log/text.md
2025-06-28T10:03:47.518Z - info: Synchronizing opened pages list before reload
2025-06-28T10:03:47.519Z - info: Current opened pages, from most-to-least recent:
2025-06-28T10:03:47.519Z - info: 1. book/gitAndGithub/log/index
2025-06-28T10:03:48.531Z - info: Rebuilding 1 pages
2025-06-28T10:03:48.656Z - info: Site data built
2025-06-28T10:03:48.656Z - info: Pages rebuilt
2025-06-28T10:03:48.656Z - info: Website regeneration complete! Total build time: 0.127s
2025-06-28T10:10:54.165Z - info: [18:10:54] Reload for file change: /Users/damithch/Repos/nus-cs2103/cs2103-website-base/book/gitAndGithub/log/text.md
2025-06-28T10:10:54.169Z - info: Synchronizing opened pages list before reload
2025-06-28T10:10:54.170Z - info: Current opened pages, from most-to-least recent:
2025-06-28T10:10:54.171Z - info: 1. book/gitAndGithub/log/index
2025-06-28T10:10:55.180Z - info: Rebuilding 1 pages
2025-06-28T10:10:55.329Z - info: Site data built
2025-06-28T10:10:55.329Z - info: Pages rebuilt
2025-06-28T10:10:55.329Z - info: Website regeneration complete! Total build time: 0.152s
2025-06-28T10:13:43.702Z - info: [18:13:43] Reload for file change: /Users/damithch/Repos/nus-cs2103/cs2103-website-base/book/gitAndGithub/log/text.md
2025-06-28T10:13:43.703Z - info: Synchronizing opened pages list before reload
2025-06-28T10:13:43.703Z - info: Current opened pages, from most-to-least recent:
2025-06-28T10:13:43.703Z - info: 1. book/gitAndGithub/log/index
2025-06-28T10:13:44.719Z - info: Rebuilding 1 pages
2025-06-28T10:13:44.834Z - info: Site data built
2025-06-28T10:13:44.834Z - info: Pages rebuilt
2025-06-28T10:13:44.834Z - info: Website regeneration complete! Total build time: 0.118s
2025-06-28T10:17:12.854Z - info: [18:17:12] Reload for file add: /Users/damithch/Repos/nus-cs2103/cs2103-website-base/book/gitAndGithub/log/images/sourcetreeAfterPushing.png
2025-06-28T10:17:12.855Z - info: Synchronizing opened pages list before reload
2025-06-28T10:17:12.855Z - info: Current opened pages, from most-to-least recent:
2025-06-28T10:17:12.855Z - info: 1. book/gitAndGithub/log/index
2025-06-28T10:17:13.965Z - info: Assets built
2025-06-28T10:18:36.606Z - info: [18:18:36] Reload for file change: /Users/damithch/Repos/nus-cs2103/cs2103-website-base/book/gitAndGithub/log/text.md
2025-06-28T10:18:36.606Z - info: Synchronizing opened pages list before reload
2025-06-28T10:18:36.606Z - info: Current opened pages, from most-to-least recent:
2025-06-28T10:18:36.606Z - info: 1. book/gitAndGithub/log/index
2025-06-28T10:18:37.615Z - info: Rebuilding 1 pages
2025-06-28T10:18:37.756Z - info: Site data built
2025-06-28T10:18:37.756Z - info: Pages rebuilt
2025-06-28T10:18:37.756Z - info: Website regeneration complete! Total build time: 0.143s
2025-06-28T10:18:54.888Z - info: [18:18:54] Reload for file change: /Users/damithch/Repos/nus-cs2103/cs2103-website-base/book/gitAndGithub/log/text.md
2025-06-28T10:18:54.888Z - info: Synchronizing opened pages list before reload
2025-06-28T10:18:54.888Z - info: Current opened pages, from most-to-least recent:
2025-06-28T10:18:54.888Z - info: 1. book/gitAndGithub/log/index
2025-06-28T10:18:55.902Z - info: Rebuilding 1 pages
2025-06-28T10:18:56.040Z - info: Site data built
2025-06-28T10:18:56.040Z - info: Pages rebuilt
2025-06-28T10:18:56.040Z - info: Website regeneration complete! Total build time: 0.139s
2025-06-28T10:19:04.792Z - info: [18:19:04] Reload for file change: /Users/damithch/Repos/nus-cs2103/cs2103-website-base/book/gitAndGithub/log/text.md
2025-06-28T10:19:04.792Z - info: Synchronizing opened pages list before reload
2025-06-28T10:19:04.792Z - info: Current opened pages, from most-to-least recent:
2025-06-28T10:19:04.792Z - info: 1. book/gitAndGithub/log/index
2025-06-28T10:19:05.803Z - info: Rebuilding 1 pages
2025-06-28T10:19:05.939Z - info: Site data built
2025-06-28T10:19:05.939Z - info: Pages rebuilt
2025-06-28T10:19:05.939Z - info: Website regeneration complete! Total build time: 0.136s
2025-06-28T10:25:12.196Z - info: [18:25:12] Reload for file add: /Users/damithch/Repos/nus-cs2103/cs2103-website-base/book/gitAndGithub/log/images/sourcetreeBeforePushing.png
2025-06-28T10:25:12.196Z - info: Synchronizing opened pages list before reload
2025-06-28T10:25:12.196Z - info: Current opened pages, from most-to-least recent:
2025-06-28T10:25:12.197Z - info: 1. book/gitAndGithub/log/index
2025-06-28T10:25:13.292Z - info: Assets built
2025-06-28T10:28:13.027Z - info: [18:28:13] Reload for file change: /Users/damithch/Repos/nus-cs2103/cs2103-website-base/book/gitAndGithub/log/text.md
2025-06-28T10:28:13.028Z - info: Synchronizing opened pages list before reload
2025-06-28T10:28:13.028Z - info: Current opened pages, from most-to-least recent:
2025-06-28T10:28:13.028Z - info: 1. book/gitAndGithub/log/index
2025-06-28T10:28:14.039Z - info: Rebuilding 1 pages
2025-06-28T10:28:14.174Z - info: Site data built
2025-06-28T10:28:14.174Z - info: Pages rebuilt
2025-06-28T10:28:14.174Z - info: Website regeneration complete! Total build time: 0.138s
2025-06-28T10:30:07.367Z - info: [18:30:07] Reload for file change: /Users/damithch/Repos/nus-cs2103/cs2103-website-base/book/gitAndGithub/log/text.md
2025-06-28T10:30:07.369Z - info: Synchronizing opened pages list before reload
2025-06-28T10:30:07.369Z - info: Current opened pages, from most-to-least recent:
2025-06-28T10:30:07.369Z - info: 1. book/gitAndGithub/log/index
2025-06-28T10:30:08.379Z - info: Rebuilding 1 pages
2025-06-28T10:30:08.555Z - info: Site data built
2025-06-28T10:30:08.555Z - info: Pages rebuilt
2025-06-28T10:30:08.555Z - info: Website regeneration complete! Total build time: 0.181s
2025-06-28T10:31:58.482Z - info: [18:31:58] Reload for file change: /Users/damithch/Repos/nus-cs2103/cs2103-website-base/book/gitAndGithub/log/text.md
2025-06-28T10:31:58.483Z - info: Synchronizing opened pages list before reload
2025-06-28T10:31:58.483Z - info: No pages are currently opened
2025-06-28T10:31:58.488Z - info: [18:31:58] Reload for file change: /Users/damithch/Repos/nus-cs2103/cs2103-website-base/book/gitAndGithub/log/sourcetree-view-rg-normal.md
2025-06-28T10:31:58.488Z - info: Synchronizing opened pages list before reload
2025-06-28T10:31:58.488Z - info: No pages are currently opened
2025-06-28T10:31:59.490Z - info: No pages needed to be rebuilt
2025-06-28T10:32:20.866Z - info: [18:32:20] Reload for file change: /Users/damithch/Repos/nus-cs2103/cs2103-website-base/book/gitAndGithub/log/text.md
2025-06-28T10:32:20.866Z - info: Synchronizing opened pages list before reload
2025-06-28T10:32:20.866Z - info: Current opened pages, from most-to-least recent:
2025-06-28T10:32:20.867Z - info: 1. book/gitAndGithub/log/index
2025-06-28T10:32:21.879Z - info: Rebuilding 1 pages
2025-06-28T10:32:22.008Z - info: Site data built
2025-06-28T10:32:22.008Z - info: Pages rebuilt
2025-06-28T10:32:22.008Z - info: Website regeneration complete! Total build time: 0.13s
2025-06-28T10:32:29.965Z - info: [18:32:29] Reload for file change: /Users/damithch/Repos/nus-cs2103/cs2103-website-base/book/gitAndGithub/log/text.md
2025-06-28T10:32:29.965Z - info: Synchronizing opened pages list before reload
2025-06-28T10:32:29.966Z - info: Current opened pages, from most-to-least recent:
2025-06-28T10:32:29.966Z - info: 1. book/gitAndGithub/log/index
2025-06-28T10:32:30.972Z - info: Rebuilding 1 pages
2025-06-28T10:32:31.124Z - info: Site data built
2025-06-28T10:32:31.125Z - info: Pages rebuilt
2025-06-28T10:32:31.125Z - info: Website regeneration complete! Total build time: 0.155s
2025-06-28T10:32:45.933Z - info: [18:32:45] Reload for file change: /Users/damithch/Repos/nus-cs2103/cs2103-website-base/book/gitAndGithub/log/text.md
2025-06-28T10:32:45.933Z - info: Synchronizing opened pages list before reload
2025-06-28T10:32:45.933Z - info: Current opened pages, from most-to-least recent:
2025-06-28T10:32:45.933Z - info: 1. book/gitAndGithub/log/index
2025-06-28T10:32:46.946Z - info: Rebuilding 1 pages
2025-06-28T10:32:47.062Z - info: Site data built
2025-06-28T10:32:47.062Z - info: Pages rebuilt
2025-06-28T10:32:47.062Z - info: Website regeneration complete! Total build time: 0.118s
2025-06-28T10:33:44.129Z - info: [18:33:44] Reload for file change: /Users/damithch/Repos/nus-cs2103/cs2103-website-base/book/gitAndGithub/log/text.md
2025-06-28T10:33:44.129Z - info: Synchronizing opened pages list before reload
2025-06-28T10:33:44.130Z - info: Current opened pages, from most-to-least recent:
2025-06-28T10:33:44.130Z - info: 1. book/gitAndGithub/log/index
2025-06-28T10:33:45.142Z - info: Rebuilding 1 pages
2025-06-28T10:33:45.308Z - info: Site data built
2025-06-28T10:33:45.308Z - info: Pages rebuilt
2025-06-28T10:33:45.308Z - info: Website regeneration complete! Total build time: 0.167s
2025-06-28T10:35:02.611Z - info: Building /Users/damithch/Repos/nus-cs2103/cs2103-website-base/se-book-adapted/git-trail/index as some of its dependencies were changed since the last visit
2025-06-28T10:35:02.751Z - info: Site data built
2025-06-28T10:35:02.751Z - info: Lazy website regeneration complete! Total build time: 0.14s
2025-06-28T10:35:18.179Z - info: Building /Users/damithch/Repos/nus-cs2103/cs2103-website-base/book/gitAndGithub/trail/backingUpOnCloud/index as some of its dependencies were changed since the last visit
2025-06-28T10:35:18.366Z - info: Site data built
2025-06-28T10:35:18.366Z - info: Lazy website regeneration complete! Total build time: 0.188s
2025-06-28T13:11:03.056Z - info: [21:11:03] Reload for file change: /Users/damithch/Repos/nus-cs2103/cs2103-website-base/book/gitAndGithub/push/cli-subsequent-push-fragment.md
2025-06-28T13:11:03.059Z - info: Synchronizing opened pages list before reload
2025-06-28T13:11:03.060Z - info: Current opened pages, from most-to-least recent:
2025-06-28T13:11:03.060Z - info: 1. book/gitAndGithub/trail/backingUpOnCloud/index
2025-06-28T13:11:04.090Z - info: Rebuilding 1 pages
2025-06-28T13:11:04.287Z - info: Site data built
2025-06-28T13:11:04.287Z - info: Pages rebuilt
2025-06-28T13:11:04.287Z - info: Website regeneration complete! Total build time: 0.217s
2025-06-28T13:13:22.426Z - info: [21:13:22] Reload for file change: /Users/damithch/Repos/nus-cs2103/cs2103-website-base/book/gitAndGithub/push/cli-subsequent-push-fragment.md
2025-06-28T13:13:22.428Z - info: Synchronizing opened pages list before reload
2025-06-28T13:13:22.428Z - info: Current opened pages, from most-to-least recent:
2025-06-28T13:13:22.429Z - info: 1. book/gitAndGithub/trail/backingUpOnCloud/index
2025-06-28T13:13:23.437Z - info: Rebuilding 1 pages
2025-06-28T13:13:23.636Z - info: Site data built
2025-06-28T13:13:23.636Z - info: Pages rebuilt
2025-06-28T13:13:23.636Z - info: Website regeneration complete! Total build time: 0.201s
2025-06-28T13:13:31.074Z - info: [21:13:31] Reload for file change: /Users/damithch/Repos/nus-cs2103/cs2103-website-base/book/gitAndGithub/push/cli-subsequent-push-fragment.md
2025-06-28T13:13:31.074Z - info: Synchronizing opened pages list before reload
2025-06-28T13:13:31.074Z - info: Current opened pages, from most-to-least recent:
2025-06-28T13:13:31.074Z - info: 1. book/gitAndGithub/trail/backingUpOnCloud/index
2025-06-28T13:13:32.081Z - info: Rebuilding 1 pages
2025-06-28T13:13:32.264Z - info: Site data built
2025-06-28T13:13:32.264Z - info: Pages rebuilt
2025-06-28T13:13:32.264Z - info: Website regeneration complete! Total build time: 0.184s
2025-06-28T13:14:17.520Z - info: [21:14:17] Reload for file change: /Users/damithch/Repos/nus-cs2103/cs2103-website-base/book/gitAndGithub/push/cli-subsequent-push-fragment.md
2025-06-28T13:14:17.521Z - info: Synchronizing opened pages list before reload
2025-06-28T13:14:17.522Z - info: Current opened pages, from most-to-least recent:
2025-06-28T13:14:17.522Z - info: 1. book/gitAndGithub/trail/backingUpOnCloud/index
2025-06-28T13:14:18.534Z - info: Rebuilding 1 pages
2025-06-28T13:14:18.737Z - info: Site data built
2025-06-28T13:14:18.738Z - info: Pages rebuilt
2025-06-28T13:14:18.738Z - info: Website regeneration complete! Total build time: 0.206s
2025-06-28T13:15:06.920Z - info: [21:15:06] Reload for file change: /Users/damithch/Repos/nus-cs2103/cs2103-website-base/book/gitAndGithub/push/cli-subsequent-push-fragment.md
2025-06-28T13:15:06.920Z - info: Synchronizing opened pages list before reload
2025-06-28T13:15:06.920Z - info: Current opened pages, from most-to-least recent:
2025-06-28T13:15:06.920Z - info: 1. book/gitAndGithub/trail/backingUpOnCloud/index
2025-06-28T13:15:07.925Z - info: Rebuilding 1 pages
2025-06-28T13:15:08.129Z - info: Site data built
2025-06-28T13:15:08.129Z - info: Pages rebuilt
2025-06-28T13:15:08.129Z - info: Website regeneration complete! Total build time: 0.206s
2025-06-28T13:16:08.863Z - info: [21:16:08] Reload for file change: /Users/damithch/Repos/nus-cs2103/cs2103-website-base/book/gitAndGithub/push/cli-subsequent-push-fragment.md
2025-06-28T13:16:08.866Z - info: Synchronizing opened pages list before reload
2025-06-28T13:16:08.866Z - info: Current opened pages, from most-to-least recent:
2025-06-28T13:16:08.866Z - info: 1. book/gitAndGithub/trail/backingUpOnCloud/index
2025-06-28T13:16:09.877Z - info: Rebuilding 1 pages
2025-06-28T13:16:10.063Z - info: Site data built
2025-06-28T13:16:10.063Z - info: Pages rebuilt
2025-06-28T13:16:10.063Z - info: Website regeneration complete! Total build time: 0.188s
2025-06-28T13:19:28.630Z - info: [21:19:28] Reload for file add: /Users/damithch/Repos/nus-cs2103/cs2103-website-base/book/gitAndGithub/push/images/sourcetreeLocalBranchAhead.png
2025-06-28T13:19:28.631Z - info: Synchronizing opened pages list before reload
2025-06-28T13:19:28.631Z - info: Current opened pages, from most-to-least recent:
2025-06-28T13:19:28.632Z - info: 1. book/gitAndGithub/trail/backingUpOnCloud/index
2025-06-28T13:19:29.776Z - info: Assets built
2025-06-28T13:20:04.696Z - info: [21:20:04] Reload for file add: /Users/damithch/Repos/nus-cs2103/cs2103-website-base/book/gitAndGithub/push/images/sourcetreeBeforePushing.png
2025-06-28T13:20:04.696Z - info: Synchronizing opened pages list before reload
2025-06-28T13:20:04.696Z - info: Current opened pages, from most-to-least recent:
2025-06-28T13:20:04.696Z - info: 1. book/gitAndGithub/trail/backingUpOnCloud/index
2025-06-28T13:20:05.833Z - info: Assets built
2025-06-28T13:20:20.757Z - info: [21:20:20] Reload for file add: /Users/damithch/Repos/nus-cs2103/cs2103-website-base/book/gitAndGithub/push/images/sourcetreeAfterPushing.png
2025-06-28T13:20:20.757Z - info: Synchronizing opened pages list before reload
2025-06-28T13:20:20.757Z - info: Current opened pages, from most-to-least recent:
2025-06-28T13:20:20.757Z - info: 1. book/gitAndGithub/trail/backingUpOnCloud/index
2025-06-28T13:20:21.847Z - info: Assets built
2025-06-28T13:22:08.303Z - info: [21:22:08] Reload for file change: /Users/damithch/Repos/nus-cs2103/cs2103-website-base/book/gitAndGithub/push/sourcetree-subsequent-push-fragment.md
2025-06-28T13:22:08.303Z - info: Synchronizing opened pages list before reload
2025-06-28T13:22:08.304Z - info: Current opened pages, from most-to-least recent:
2025-06-28T13:22:08.304Z - info: 1. book/gitAndGithub/trail/backingUpOnCloud/index
2025-06-28T13:22:09.312Z - info: Rebuilding 1 pages
2025-06-28T13:22:09.497Z - info: Site data built
2025-06-28T13:22:09.497Z - info: Pages rebuilt
2025-06-28T13:22:09.497Z - info: Website regeneration complete! Total build time: 0.188s
2025-06-28T13:22:30.971Z - info: [21:22:30] Reload for file deletion: /Users/damithch/Repos/nus-cs2103/cs2103-website-base/book/gitAndGithub/push/images/sourcetreeBeforePushing.png
2025-06-28T13:22:30.972Z - info: Synchronizing opened pages list before reload
2025-06-28T13:22:30.972Z - info: Current opened pages, from most-to-least recent:
2025-06-28T13:22:30.972Z - info: 1. book/gitAndGithub/trail/backingUpOnCloud/index
2025-06-28T13:22:30.974Z - info: [21:22:30] Reload for file deletion: /Users/damithch/Repos/nus-cs2103/cs2103-website-base/book/gitAndGithub/push/images/sourcetreeAfterPushing.png
2025-06-28T13:22:30.974Z - info: Synchronizing opened pages list before reload
2025-06-28T13:22:30.974Z - info: Current opened pages, from most-to-least recent:
2025-06-28T13:22:30.974Z - info: 1. book/gitAndGithub/trail/backingUpOnCloud/index
2025-06-28T13:22:32.075Z - debug: Assets removed
2025-06-28T13:22:52.824Z - info: [21:22:52] Reload for file change: /Users/damithch/Repos/nus-cs2103/cs2103-website-base/book/gitAndGithub/log/images/sourcetreeAfterPushing.png
2025-06-28T13:22:52.825Z - info: Synchronizing opened pages list before reload
2025-06-28T13:22:52.825Z - info: Current opened pages, from most-to-least recent:
2025-06-28T13:22:52.825Z - info: 1. book/gitAndGithub/trail/backingUpOnCloud/index
2025-06-28T13:22:53.839Z - info: Assets built
2025-06-28T13:23:27.929Z - info: [21:23:27] Reload for file change: /Users/damithch/Repos/nus-cs2103/cs2103-website-base/book/gitAndGithub/log/images/sourcetreeAfterPushing.png
2025-06-28T13:23:27.929Z - info: Synchronizing opened pages list before reload
2025-06-28T13:23:27.929Z - info: Current opened pages, from most-to-least recent:
2025-06-28T13:23:27.929Z - info: 1. book/gitAndGithub/trail/backingUpOnCloud/index
2025-06-28T13:23:28.933Z - info: Assets built
2025-06-28T13:23:53.235Z - info: [21:23:53] Reload for file change: /Users/damithch/Repos/nus-cs2103/cs2103-website-base/book/gitAndGithub/push/sourcetree-subsequent-push-fragment.md
2025-06-28T13:23:53.235Z - info: Synchronizing opened pages list before reload
2025-06-28T13:23:53.235Z - info: Current opened pages, from most-to-least recent:
2025-06-28T13:23:53.235Z - info: 1. book/gitAndGithub/trail/backingUpOnCloud/index
2025-06-28T13:23:54.240Z - info: Rebuilding 1 pages
2025-06-28T13:23:54.488Z - info: Site data built
2025-06-28T13:23:54.488Z - info: Pages rebuilt
2025-06-28T13:23:54.488Z - info: Website regeneration complete! Total build time: 0.251s
2025-06-28T13:24:31.789Z - info: [21:24:31] Reload for file change: /Users/damithch/Repos/nus-cs2103/cs2103-website-base/book/gitAndGithub/push/sourcetree-subsequent-push-fragment.md
2025-06-28T13:24:31.790Z - info: Synchronizing opened pages list before reload
2025-06-28T13:24:31.790Z - info: Current opened pages, from most-to-least recent:
2025-06-28T13:24:31.790Z - info: 1. book/gitAndGithub/trail/backingUpOnCloud/index
2025-06-28T13:24:32.799Z - info: Rebuilding 1 pages
2025-06-28T13:24:33.006Z - info: Site data built
2025-06-28T13:24:33.006Z - info: Pages rebuilt
2025-06-28T13:24:33.006Z - info: Website regeneration complete! Total build time: 0.209s
2025-06-28T14:53:17.502Z - info: [22:53:17] Reload for file add: /Users/damithch/Repos/nus-cs2103/cs2103-website-base/book/gitAndGithub/show/index.md
2025-06-28T14:53:17.504Z - info: Synchronizing opened pages list before reload
2025-06-28T14:53:17.505Z - info: No pages are currently opened
2025-06-28T14:53:17.505Z - info: [22:53:17] Reload for file add: /Users/damithch/Repos/nus-cs2103/cs2103-website-base/book/gitAndGithub/show/text.md
2025-06-28T14:53:17.507Z - info: Synchronizing opened pages list before reload
2025-06-28T14:53:17.507Z - info: No pages are currently opened
2025-06-28T14:53:18.632Z - info: Pages or site config modified, updating pages...
2025-06-28T14:53:18.753Z - info: Assets built
2025-06-28T14:53:19.798Z - warn:  RangeError: Invalid array length
    at ProgressBar.render (/opt/homebrew/lib/node_modules/markbind-cli/node_modules/@markbind/core/src/lib/progress/node-progress.js:188:14)
    at Site.<anonymous> (/opt/homebrew/lib/node_modules/markbind-cli/node_modules/@markbind/core/src/Site/index.js:875:25)
    at Generator.next (<anonymous>)
    at /opt/homebrew/lib/node_modules/markbind-cli/node_modules/@markbind/core/src/Site/index.js:31:71
    at new Promise (<anonymous>)
    at __awaiter (/opt/homebrew/lib/node_modules/markbind-cli/node_modules/@markbind/core/src/Site/index.js:27:12)
    at Site.runPageGenerationTasks (/opt/homebrew/lib/node_modules/markbind-cli/node_modules/@markbind/core/src/Site/index.js:872:16)
    at Site.<anonymous> (/opt/homebrew/lib/node_modules/markbind-cli/node_modules/@markbind/core/src/Site/index.js:580:28)
    at Generator.next (<anonymous>)
    at /opt/homebrew/lib/node_modules/markbind-cli/node_modules/@markbind/core/src/Site/index.js:31:71
    at new Promise (<anonymous>)
    at __awaiter (/opt/homebrew/lib/node_modules/markbind-cli/node_modules/@markbind/core/src/Site/index.js:27:12)
    at Site._rebuildPagesBeingViewed (/opt/homebrew/lib/node_modules/markbind-cli/node_modules/@markbind/core/src/Site/index.js:568:16)
    at Site.<anonymous> (/opt/homebrew/lib/node_modules/markbind-cli/node_modules/@markbind/core/src/Site/index.js:656:28)
    at Generator.next (<anonymous>)
    at /opt/homebrew/lib/node_modules/markbind-cli/node_modules/@markbind/core/src/Site/index.js:31:71
2025-06-28T14:57:01.194Z - info: [22:57:01] Reload for file change: /Users/damithch/Repos/nus-cs2103/cs2103-website-base/book/gitAndGithub/show/index.md
2025-06-28T14:57:01.195Z - info: Synchronizing opened pages list before reload
2025-06-28T14:57:01.195Z - info: No pages are currently opened
2025-06-28T14:57:01.242Z - info: [22:57:01] Reload for file change: /Users/damithch/Repos/nus-cs2103/cs2103-website-base/book/common/macros.njk
2025-06-28T14:57:01.242Z - info: Synchronizing opened pages list before reload
2025-06-28T14:57:01.242Z - info: No pages are currently opened
2025-06-28T14:57:01.245Z - info: [22:57:01] Reload for file change: /Users/damithch/Repos/nus-cs2103/cs2103-website-base/book/gitAndGithub/show/text.md
2025-06-28T14:57:01.245Z - info: Synchronizing opened pages list before reload
2025-06-28T14:57:01.245Z - info: No pages are currently opened
2025-06-28T14:57:02.205Z - info: No pages needed to be rebuilt
2025-06-28T14:57:02.265Z - info: Assets built
2025-06-28T15:12:05.950Z - info: Website generation (lazy) started at 23:12:05
2025-06-28T15:12:06.315Z - warn: ENOENT: no such file or directory, open '/Users/damithch/Repos/nus-cs2103/cs2103-website-base/node_modules/.cache/gh-pages/https!github.com!nus-cs2103-AY2526S1!website.git/book/_markbind/variables.md'
2025-06-28T15:12:06.315Z - warn: ENOENT: no such file or directory, open '/Users/damithch/Repos/nus-cs2103/cs2103-website-base/node_modules/.cache/gh-pages/https!github.com!nus-cs2103-AY2526S1!website.git/_markbind/variables.md'
2025-06-28T15:12:06.335Z - info: Building assets...
2025-06-28T15:12:08.352Z - info: Assets built
2025-06-28T15:12:08.353Z - info: Generating landing page...
2025-06-28T15:12:08.606Z - info: Landing page built, other pages will be built as you navigate to them!
2025-06-28T15:12:08.671Z - info: Site data built
2025-06-28T15:12:08.671Z - info: Website generation (lazy) complete! Total build time: 2.747s
2025-06-28T15:12:08.681Z - info: Serving "/Users/damithch/Repos/nus-cs2103/cs2103-website-base/_site" at http://127.0.0.1:8080
2025-06-28T15:12:08.681Z - info: Press CTRL+C to stop ...
2025-06-28T15:12:14.560Z - info: Building /Users/damithch/Repos/nus-cs2103/cs2103-website-base/se-book-adapted/git-trail/index as some of its dependencies were changed since the last visit
2025-06-28T15:12:14.719Z - info: Site data built
2025-06-28T15:12:14.719Z - info: Lazy website regeneration complete! Total build time: 0.16s
2025-06-28T15:12:21.439Z - info: Building /Users/damithch/Repos/nus-cs2103/cs2103-website-base/book/gitAndGithub/trail/usingRevisionHistory/index as some of its dependencies were changed since the last visit
2025-06-28T15:12:21.711Z - info: Site data built
2025-06-28T15:12:21.711Z - info: Lazy website regeneration complete! Total build time: 0.272s
2025-06-28T15:12:33.839Z - info: Building /Users/damithch/Repos/nus-cs2103/cs2103-website-base/book/gitAndGithub/show/index as some of its dependencies were changed since the last visit
2025-06-28T15:12:33.928Z - info: Site data built
2025-06-28T15:12:33.928Z - info: Lazy website regeneration complete! Total build time: 0.09s
2025-06-28T15:16:07.818Z - info: Building /Users/damithch/Repos/nus-cs2103/cs2103-website-base/se-book-adapted/index as some of its dependencies were changed since the last visit
2025-06-28T15:16:07.940Z - info: Site data built
2025-06-28T15:16:07.940Z - info: Lazy website regeneration complete! Total build time: 0.123s
2025-06-28T15:16:15.548Z - info: Building /Users/damithch/Repos/nus-cs2103/cs2103-website-base/se-book-adapted/chapters-printable/gitAndGithub-printable as some of its dependencies were changed since the last visit
2025-06-28T15:16:16.004Z - info: Site data built
2025-06-28T15:16:16.004Z - info: Lazy website regeneration complete! Total build time: 0.456s
2025-06-28T15:18:44.747Z - info: [23:18:44] Reload for file change: /Users/damithch/Repos/nus-cs2103/cs2103-website-base/book/gitAndGithub/log/text.md
2025-06-28T15:18:44.748Z - info: Synchronizing opened pages list before reload
2025-06-28T15:18:44.748Z - info: Current opened pages, from most-to-least recent:
2025-06-28T15:18:44.749Z - info: 1. se-book-adapted/chapters-printable/gitAndGithub-printable
2025-06-28T15:18:44.749Z - info: 2. book/gitAndGithub/trail/usingRevisionHistory/index
2025-06-28T15:18:45.766Z - info: Rebuilding 2 pages
2025-06-28T15:18:46.357Z - info: Site data built
2025-06-28T15:18:46.357Z - info: Pages rebuilt
2025-06-28T15:18:46.357Z - info: Website regeneration complete! Total build time: 0.594s
2025-06-28T15:20:27.402Z - info: [23:20:27] Reload for file change: /Users/damithch/Repos/nus-cs2103/cs2103-website-base/book/gitAndGithub/show/text.md
2025-06-28T15:20:27.402Z - info: Synchronizing opened pages list before reload
2025-06-28T15:20:27.402Z - info: Current opened pages, from most-to-least recent:
2025-06-28T15:20:27.402Z - info: 1. book/gitAndGithub/trail/usingRevisionHistory/index
2025-06-28T15:20:28.414Z - info: Rebuilding 1 pages
2025-06-28T15:20:28.613Z - info: Site data built
2025-06-28T15:20:28.613Z - info: Pages rebuilt
2025-06-28T15:20:28.613Z - info: Website regeneration complete! Total build time: 0.199s
2025-06-28T15:20:38.369Z - info: Building /Users/damithch/Repos/nus-cs2103/cs2103-website-base/book/gitAndGithub/show/index as some of its dependencies were changed since the last visit
2025-06-28T15:20:38.428Z - info: Site data built
2025-06-28T15:20:38.428Z - info: Lazy website regeneration complete! Total build time: 0.059s
2025-06-28T15:24:57.281Z - info: [23:24:57] Reload for file change: /Users/damithch/Repos/nus-cs2103/cs2103-website-base/book/gitAndGithub/show/text.md
2025-06-28T15:24:57.282Z - info: Synchronizing opened pages list before reload
2025-06-28T15:24:57.283Z - info: Current opened pages, from most-to-least recent:
2025-06-28T15:24:57.283Z - info: 1. book/gitAndGithub/show/index
2025-06-28T15:24:57.283Z - info: 2. book/gitAndGithub/trail/usingRevisionHistory/index
2025-06-28T15:24:58.289Z - info: Rebuilding 2 pages
2025-06-28T15:24:58.487Z - info: Site data built
2025-06-28T15:24:58.487Z - info: Pages rebuilt
2025-06-28T15:24:58.487Z - info: Website regeneration complete! Total build time: 0.202s
2025-06-28T15:26:22.909Z - info: [23:26:22] Reload for file change: /Users/damithch/Repos/nus-cs2103/cs2103-website-base/book/gitAndGithub/show/text.md
2025-06-28T15:26:22.912Z - info: Synchronizing opened pages list before reload
2025-06-28T15:26:22.912Z - info: Current opened pages, from most-to-least recent:
2025-06-28T15:26:22.913Z - info: 1. book/gitAndGithub/show/index
2025-06-28T15:26:22.913Z - info: 2. book/gitAndGithub/trail/usingRevisionHistory/index
2025-06-28T15:26:23.923Z - info: Rebuilding 2 pages
2025-06-28T15:26:24.126Z - info: Site data built
2025-06-28T15:26:24.126Z - info: Pages rebuilt
2025-06-28T15:26:24.126Z - info: Website regeneration complete! Total build time: 0.205s
2025-06-28T15:27:55.340Z - info: [23:27:55] Reload for file change: /Users/damithch/Repos/nus-cs2103/cs2103-website-base/book/gitAndGithub/show/text.md
2025-06-28T15:27:55.340Z - info: Synchronizing opened pages list before reload
2025-06-28T15:27:55.340Z - info: Current opened pages, from most-to-least recent:
2025-06-28T15:27:55.340Z - info: 1. book/gitAndGithub/show/index
2025-06-28T15:27:55.340Z - info: 2. book/gitAndGithub/trail/usingRevisionHistory/index
2025-06-28T15:27:56.348Z - info: Rebuilding 2 pages
2025-06-28T15:27:56.549Z - info: Site data built
2025-06-28T15:27:56.549Z - info: Pages rebuilt
2025-06-28T15:27:56.549Z - info: Website regeneration complete! Total build time: 0.202s
2025-06-28T15:29:23.323Z - info: [23:29:23] Reload for file change: /Users/damithch/Repos/nus-cs2103/cs2103-website-base/book/gitAndGithub/show/text.md
2025-06-28T15:29:23.324Z - info: Synchronizing opened pages list before reload
2025-06-28T15:29:23.324Z - info: Current opened pages, from most-to-least recent:
2025-06-28T15:29:23.324Z - info: 1. book/gitAndGithub/show/index
2025-06-28T15:29:23.324Z - info: 2. book/gitAndGithub/trail/usingRevisionHistory/index
2025-06-28T15:29:24.335Z - info: Rebuilding 2 pages
2025-06-28T15:29:24.550Z - info: Site data built
2025-06-28T15:29:24.550Z - info: Pages rebuilt
2025-06-28T15:29:24.550Z - info: Website regeneration complete! Total build time: 0.217s
2025-06-28T15:31:56.207Z - info: [23:31:56] Reload for file change: /Users/damithch/Repos/nus-cs2103/cs2103-website-base/book/gitAndGithub/show/text.md
2025-06-28T15:31:56.212Z - info: Synchronizing opened pages list before reload
2025-06-28T15:31:56.215Z - info: Current opened pages, from most-to-least recent:
2025-06-28T15:31:56.215Z - info: 1. book/gitAndGithub/show/index
2025-06-28T15:31:56.215Z - info: 2. book/gitAndGithub/trail/usingRevisionHistory/index
2025-06-28T15:31:57.231Z - info: Rebuilding 2 pages
2025-06-28T15:31:57.463Z - info: Site data built
2025-06-28T15:31:57.463Z - info: Pages rebuilt
2025-06-28T15:31:57.463Z - info: Website regeneration complete! Total build time: 0.236s
2025-06-28T15:33:30.984Z - info: [23:33:30] Reload for file change: /Users/damithch/Repos/nus-cs2103/cs2103-website-base/book/gitAndGithub/show/text.md
2025-06-28T15:33:30.984Z - info: Synchronizing opened pages list before reload
2025-06-28T15:33:30.985Z - info: Current opened pages, from most-to-least recent:
2025-06-28T15:33:30.985Z - info: 1. book/gitAndGithub/show/index
2025-06-28T15:33:30.985Z - info: 2. book/gitAndGithub/trail/usingRevisionHistory/index
2025-06-28T15:33:31.990Z - info: Rebuilding 2 pages
2025-06-28T15:33:32.204Z - info: Site data built
2025-06-28T15:33:32.204Z - info: Pages rebuilt
2025-06-28T15:33:32.204Z - info: Website regeneration complete! Total build time: 0.215s
2025-06-28T15:36:28.675Z - info: [23:36:28] Reload for file change: /Users/damithch/Repos/nus-cs2103/cs2103-website-base/book/gitAndGithub/show/text.md
2025-06-28T15:36:28.676Z - info: Synchronizing opened pages list before reload
2025-06-28T15:36:28.677Z - info: Current opened pages, from most-to-least recent:
2025-06-28T15:36:28.677Z - info: 1. book/gitAndGithub/show/index
2025-06-28T15:36:28.677Z - info: 2. book/gitAndGithub/trail/usingRevisionHistory/index
2025-06-28T15:36:29.685Z - info: Rebuilding 2 pages
2025-06-28T15:36:29.940Z - info: Site data built
2025-06-28T15:36:29.940Z - info: Pages rebuilt
2025-06-28T15:36:29.940Z - info: Website regeneration complete! Total build time: 0.257s
2025-06-28T15:37:22.951Z - info: [23:37:22] Reload for file change: /Users/damithch/Repos/nus-cs2103/cs2103-website-base/book/gitAndGithub/show/text.md
2025-06-28T15:37:22.951Z - info: Synchronizing opened pages list before reload
2025-06-28T15:37:22.951Z - info: Current opened pages, from most-to-least recent:
2025-06-28T15:37:22.951Z - info: 1. book/gitAndGithub/show/index
2025-06-28T15:37:22.951Z - info: 2. book/gitAndGithub/trail/usingRevisionHistory/index
2025-06-28T15:37:23.957Z - info: Rebuilding 2 pages
2025-06-28T15:37:24.167Z - info: Site data built
2025-06-28T15:37:24.167Z - info: Pages rebuilt
2025-06-28T15:37:24.167Z - info: Website regeneration complete! Total build time: 0.211s
2025-06-28T15:39:52.173Z - info: [23:39:52] Reload for file change: /Users/damithch/Repos/nus-cs2103/cs2103-website-base/book/gitAndGithub/show/text.md
2025-06-28T15:39:52.174Z - info: Synchronizing opened pages list before reload
2025-06-28T15:39:52.174Z - info: Current opened pages, from most-to-least recent:
2025-06-28T15:39:52.175Z - info: 1. book/gitAndGithub/show/index
2025-06-28T15:39:52.175Z - info: 2. book/gitAndGithub/trail/usingRevisionHistory/index
2025-06-28T15:39:53.185Z - info: Rebuilding 2 pages
2025-06-28T15:39:53.410Z - info: Site data built
2025-06-28T15:39:53.410Z - info: Pages rebuilt
2025-06-28T15:39:53.410Z - info: Website regeneration complete! Total build time: 0.226s
2025-06-28T15:46:58.721Z - info: [23:46:58] Reload for file change: /Users/damithch/Repos/nus-cs2103/cs2103-website-base/book/gitAndGithub/show/text.md
2025-06-28T15:46:58.723Z - info: Synchronizing opened pages list before reload
2025-06-28T15:46:58.723Z - info: Current opened pages, from most-to-least recent:
2025-06-28T15:46:58.724Z - info: 1. book/gitAndGithub/show/index
2025-06-28T15:46:58.724Z - info: 2. book/gitAndGithub/trail/usingRevisionHistory/index
2025-06-28T15:46:59.731Z - info: Rebuilding 2 pages
2025-06-28T15:47:00.066Z - info: Site data built
2025-06-28T15:47:00.066Z - info: Pages rebuilt
2025-06-28T15:47:00.066Z - info: Website regeneration complete! Total build time: 0.338s
2025-06-28T15:48:04.134Z - info: [23:48:04] Reload for file change: /Users/damithch/Repos/nus-cs2103/cs2103-website-base/book/gitAndGithub/show/text.md
2025-06-28T15:48:04.137Z - info: Synchronizing opened pages list before reload
2025-06-28T15:48:04.143Z - info: Current opened pages, from most-to-least recent:
2025-06-28T15:48:04.144Z - info: 1. book/gitAndGithub/show/index
2025-06-28T15:48:04.144Z - info: 2. book/gitAndGithub/trail/usingRevisionHistory/index
2025-06-28T15:48:05.150Z - info: Rebuilding 2 pages
2025-06-28T15:48:05.412Z - info: Site data built
2025-06-28T15:48:05.412Z - info: Pages rebuilt
2025-06-28T15:48:05.412Z - info: Website regeneration complete! Total build time: 0.265s
2025-06-28T15:48:42.028Z - info: [23:48:42] Reload for file change: /Users/damithch/Repos/nus-cs2103/cs2103-website-base/book/gitAndGithub/show/text.md
2025-06-28T15:48:42.028Z - info: Synchronizing opened pages list before reload
2025-06-28T15:48:42.028Z - info: Current opened pages, from most-to-least recent:
2025-06-28T15:48:42.028Z - info: 1. book/gitAndGithub/show/index
2025-06-28T15:48:42.028Z - info: 2. book/gitAndGithub/trail/usingRevisionHistory/index
2025-06-28T15:48:43.030Z - info: Rebuilding 2 pages
2025-06-28T15:48:43.272Z - info: Site data built
2025-06-28T15:48:43.272Z - info: Pages rebuilt
2025-06-28T15:48:43.272Z - info: Website regeneration complete! Total build time: 0.243s
2025-06-28T15:51:46.286Z - info: [23:51:46] Reload for file change: /Users/damithch/Repos/nus-cs2103/cs2103-website-base/book/gitAndGithub/show/text.md
2025-06-28T15:51:46.287Z - info: Synchronizing opened pages list before reload
2025-06-28T15:51:46.287Z - info: Current opened pages, from most-to-least recent:
2025-06-28T15:51:46.288Z - info: 1. book/gitAndGithub/show/index
2025-06-28T15:51:46.288Z - info: 2. book/gitAndGithub/trail/usingRevisionHistory/index
2025-06-28T15:51:47.292Z - info: Rebuilding 2 pages
2025-06-28T15:51:47.523Z - info: Site data built
2025-06-28T15:51:47.523Z - info: Pages rebuilt
2025-06-28T15:51:47.523Z - info: Website regeneration complete! Total build time: 0.233s
2025-06-28T15:52:07.982Z - info: [23:52:07] Reload for file change: /Users/damithch/Repos/nus-cs2103/cs2103-website-base/book/gitAndGithub/show/text.md
2025-06-28T15:52:07.982Z - info: Synchronizing opened pages list before reload
2025-06-28T15:52:07.982Z - info: Current opened pages, from most-to-least recent:
2025-06-28T15:52:07.982Z - info: 1. book/gitAndGithub/show/index
2025-06-28T15:52:07.982Z - info: 2. book/gitAndGithub/trail/usingRevisionHistory/index
2025-06-28T15:52:08.997Z - info: Rebuilding 2 pages
2025-06-28T15:52:09.220Z - info: Site data built
2025-06-28T15:52:09.220Z - info: Pages rebuilt
2025-06-28T15:52:09.220Z - info: Website regeneration complete! Total build time: 0.224s
2025-06-28T15:52:28.583Z - info: [23:52:28] Reload for file change: /Users/damithch/Repos/nus-cs2103/cs2103-website-base/book/gitAndGithub/show/text.md
2025-06-28T15:52:28.583Z - info: Synchronizing opened pages list before reload
2025-06-28T15:52:28.583Z - info: Current opened pages, from most-to-least recent:
2025-06-28T15:52:28.583Z - info: 1. book/gitAndGithub/show/index
2025-06-28T15:52:28.583Z - info: 2. book/gitAndGithub/trail/usingRevisionHistory/index
2025-06-28T15:52:29.588Z - info: Rebuilding 2 pages
2025-06-28T15:52:29.821Z - info: Site data built
2025-06-28T15:52:29.821Z - info: Pages rebuilt
2025-06-28T15:52:29.821Z - info: Website regeneration complete! Total build time: 0.236s
2025-06-28T15:53:20.951Z - info: [23:53:20] Reload for file change: /Users/damithch/Repos/nus-cs2103/cs2103-website-base/book/gitAndGithub/show/text.md
2025-06-28T15:53:20.952Z - info: Synchronizing opened pages list before reload
2025-06-28T15:53:20.952Z - info: Current opened pages, from most-to-least recent:
2025-06-28T15:53:20.952Z - info: 1. book/gitAndGithub/show/index
2025-06-28T15:53:20.952Z - info: 2. book/gitAndGithub/trail/usingRevisionHistory/index
2025-06-28T15:53:21.960Z - info: Rebuilding 2 pages
2025-06-28T15:53:22.186Z - info: Site data built
2025-06-28T15:53:22.186Z - info: Pages rebuilt
2025-06-28T15:53:22.186Z - info: Website regeneration complete! Total build time: 0.228s
2025-06-28T15:55:38.236Z - info: [23:55:38] Reload for file change: /Users/damithch/Repos/nus-cs2103/cs2103-website-base/book/gitAndGithub/show/text.md
2025-06-28T15:55:38.236Z - info: Synchronizing opened pages list before reload
2025-06-28T15:55:38.237Z - info: Current opened pages, from most-to-least recent:
2025-06-28T15:55:38.237Z - info: 1. book/gitAndGithub/show/index
2025-06-28T15:55:38.237Z - info: 2. book/gitAndGithub/trail/usingRevisionHistory/index
2025-06-28T15:55:39.242Z - info: Rebuilding 2 pages
2025-06-28T15:55:39.475Z - info: Site data built
2025-06-28T15:55:39.475Z - info: Pages rebuilt
2025-06-28T15:55:39.475Z - info: Website regeneration complete! Total build time: 0.236s
2025-06-28T15:56:11.038Z - info: [23:56:11] Reload for file change: /Users/damithch/Repos/nus-cs2103/cs2103-website-base/book/gitAndGithub/show/text.md
2025-06-28T15:56:11.039Z - info: Synchronizing opened pages list before reload
2025-06-28T15:56:11.039Z - info: Current opened pages, from most-to-least recent:
2025-06-28T15:56:11.039Z - info: 1. book/gitAndGithub/show/index
2025-06-28T15:56:11.039Z - info: 2. book/gitAndGithub/trail/usingRevisionHistory/index
2025-06-28T15:56:12.053Z - info: Rebuilding 2 pages
2025-06-28T15:56:12.311Z - info: Site data built
2025-06-28T15:56:12.311Z - info: Pages rebuilt
2025-06-28T15:56:12.311Z - info: Website regeneration complete! Total build time: 0.261s
2025-06-28T15:57:15.672Z - info: [23:57:15] Reload for file change: /Users/damithch/Repos/nus-cs2103/cs2103-website-base/book/gitAndGithub/show/text.md
2025-06-28T15:57:15.673Z - info: Synchronizing opened pages list before reload
2025-06-28T15:57:15.673Z - info: Current opened pages, from most-to-least recent:
2025-06-28T15:57:15.673Z - info: 1. book/gitAndGithub/show/index
2025-06-28T15:57:15.673Z - info: 2. book/gitAndGithub/trail/usingRevisionHistory/index
2025-06-28T15:57:16.676Z - info: Rebuilding 2 pages
2025-06-28T15:57:16.917Z - info: Site data built
2025-06-28T15:57:16.917Z - info: Pages rebuilt
2025-06-28T15:57:16.917Z - info: Website regeneration complete! Total build time: 0.242s
