2025-10-30T16:17:00.519Z - info: Website generation (lazy) started at 00:16:59
2025-10-30T16:17:01.336Z - warn: ENOENT: no such file or directory, open '/Users/damithch/Repos/nus-cs2103/cs2103-website-base/node_modules/.cache/gh-pages/https!github.com!nus-cs2103-AY2526S1!website.git/book/_markbind/variables.md'
2025-10-30T16:17:01.336Z - warn: ENOENT: no such file or directory, open '/Users/damithch/Repos/nus-cs2103/cs2103-website-base/node_modules/.cache/gh-pages/https!github.com!nus-cs2103-AY2526S1!website.git/_markbind/variables.md'
2025-10-30T16:17:01.356Z - info: Building assets...
2025-10-30T16:17:03.970Z - info: Assets built
2025-10-30T16:17:03.971Z - info: Generating landing page...
2025-10-30T16:17:04.546Z - info: Landing page built, other pages will be built as you navigate to them!
2025-10-30T16:17:04.617Z - info: Site data built
2025-10-30T16:17:04.617Z - info: Website generation (lazy) complete! Total build time: 5.462s
2025-10-30T16:17:04.629Z - info: Serving "/Users/damithch/Repos/nus-cs2103/cs2103-website-base/_site" at http://127.0.0.1:8080
2025-10-30T16:17:04.629Z - info: Press CTRL+C to stop ...
2025-10-30T16:17:08.756Z - info: Building /Users/damithch/Repos/nus-cs2103/cs2103-website-base/admin/tp-ped as some of its dependencies were changed since the last visit
2025-10-30T16:17:09.640Z - info: Site data built
2025-10-30T16:17:09.640Z - info: Lazy website regeneration complete! Total build time: 0.885s
2025-10-30T16:21:26.060Z - info: [00:21:26] Reload for file change: /Users/damithch/Repos/nus-cs2103/cs2103-website-base/admin/tp-ped-fragment.md
2025-10-30T16:21:26.061Z - info: Synchronizing opened pages list before reload
2025-10-30T16:21:26.062Z - info: Current opened pages, from most-to-least recent:
2025-10-30T16:21:26.062Z - info: 1. admin/tp-ped
2025-10-30T16:21:27.078Z - info: Rebuilding 1 pages
2025-10-30T16:21:28.035Z - info: Site data built
2025-10-30T16:21:28.035Z - info: Pages rebuilt
2025-10-30T16:21:28.035Z - info: Website regeneration complete! Total build time: 0.96s
2025-10-30T16:21:56.264Z - info: [00:21:56] Reload for file change: /Users/damithch/Repos/nus-cs2103/cs2103-website-base/admin/tp-ped-fragment.md
2025-10-30T16:21:56.265Z - info: Synchronizing opened pages list before reload
2025-10-30T16:21:56.266Z - info: Current opened pages, from most-to-least recent:
2025-10-30T16:21:56.267Z - info: 1. admin/tp-ped
2025-10-30T16:21:57.277Z - info: Rebuilding 1 pages
2025-10-30T16:21:58.213Z - info: Site data built
2025-10-30T16:21:58.213Z - info: Pages rebuilt
2025-10-30T16:21:58.213Z - info: Website regeneration complete! Total build time: 0.937s
2025-10-30T16:22:55.801Z - info: [00:22:55] Reload for file change: /Users/damithch/Repos/nus-cs2103/cs2103-website-base/admin/tp-ped-fragment.md
2025-10-30T16:22:55.802Z - info: Synchronizing opened pages list before reload
2025-10-30T16:22:55.803Z - info: Current opened pages, from most-to-least recent:
2025-10-30T16:22:55.803Z - info: 1. admin/tp-ped
2025-10-30T16:22:56.820Z - info: Rebuilding 1 pages
2025-10-30T16:22:57.754Z - info: Site data built
2025-10-30T16:22:57.754Z - info: Pages rebuilt
2025-10-30T16:22:57.754Z - info: Website regeneration complete! Total build time: 0.937s
2025-10-30T16:23:23.954Z - info: [00:23:23] Reload for file change: /Users/damithch/Repos/nus-cs2103/cs2103-website-base/admin/tp-ped-fragment.md
2025-10-30T16:23:23.954Z - info: Synchronizing opened pages list before reload
2025-10-30T16:23:23.954Z - info: Current opened pages, from most-to-least recent:
2025-10-30T16:23:23.954Z - info: 1. admin/tp-ped
2025-10-30T16:23:24.960Z - info: Rebuilding 1 pages
2025-10-30T16:23:25.894Z - info: Site data built
2025-10-30T16:23:25.894Z - info: Pages rebuilt
2025-10-30T16:23:25.894Z - info: Website regeneration complete! Total build time: 0.936s
2025-10-30T16:25:32.067Z - info: [00:25:32] Reload for file change: /Users/damithch/Repos/nus-cs2103/cs2103-website-base/admin/tp-pe-bug-triaging-guidelines-fragment.md
2025-10-30T16:25:32.068Z - info: Synchronizing opened pages list before reload
2025-10-30T16:25:32.068Z - info: Current opened pages, from most-to-least recent:
2025-10-30T16:25:32.069Z - info: 1. admin/tp-ped
2025-10-30T16:25:33.076Z - info: Rebuilding 1 pages
2025-10-30T16:25:34.047Z - info: Site data built
2025-10-30T16:25:34.047Z - info: Pages rebuilt
2025-10-30T16:25:34.047Z - info: Website regeneration complete! Total build time: 0.974s
2025-10-30T16:26:15.656Z - info: [00:26:15] Reload for file change: /Users/damithch/Repos/nus-cs2103/cs2103-website-base/admin/tp-pe-bug-triaging-guidelines-fragment.md
2025-10-30T16:26:15.656Z - info: Synchronizing opened pages list before reload
2025-10-30T16:26:15.657Z - info: Current opened pages, from most-to-least recent:
2025-10-30T16:26:15.657Z - info: 1. admin/tp-ped
2025-10-30T16:26:16.671Z - info: Rebuilding 1 pages
2025-10-30T16:26:17.599Z - info: Site data built
2025-10-30T16:26:17.599Z - info: Pages rebuilt
2025-10-30T16:26:17.599Z - info: Website regeneration complete! Total build time: 0.929s
2025-10-30T16:26:30.860Z - info: Building /Users/damithch/Repos/nus-cs2103/cs2103-website-base/admin/tp-constraints as some of its dependencies were changed since the last visit
2025-10-30T16:26:31.096Z - info: Site data built
2025-10-30T16:26:31.096Z - info: Lazy website regeneration complete! Total build time: 0.237s
2025-10-30T16:27:18.285Z - info: [00:27:18] Reload for file change: /Users/damithch/Repos/nus-cs2103/cs2103-website-base/admin/tp-pe-bug-triaging-guidelines-fragment.md
2025-10-30T16:27:18.286Z - info: Synchronizing opened pages list before reload
2025-10-30T16:27:18.286Z - info: Current opened pages, from most-to-least recent:
2025-10-30T16:27:18.286Z - info: 1. admin/tp-constraints
2025-10-30T16:27:19.297Z - info: No pages needed to be rebuilt
2025-10-30T16:27:41.182Z - info: [00:27:41] Reload for file change: /Users/damithch/Repos/nus-cs2103/cs2103-website-base/admin/tp-pe-bug-triaging-guidelines-fragment.md
2025-10-30T16:27:41.182Z - info: Synchronizing opened pages list before reload
2025-10-30T16:27:41.182Z - info: Current opened pages, from most-to-least recent:
2025-10-30T16:27:41.182Z - info: 1. admin/tp-constraints
2025-10-30T16:27:42.188Z - info: No pages needed to be rebuilt
2025-10-30T16:27:58.045Z - info: [00:27:58] Reload for file change: /Users/damithch/Repos/nus-cs2103/cs2103-website-base/admin/tp-pe-bug-triaging-guidelines-fragment.md
2025-10-30T16:27:58.045Z - info: Synchronizing opened pages list before reload
2025-10-30T16:27:58.046Z - info: Current opened pages, from most-to-least recent:
2025-10-30T16:27:58.046Z - info: 1. admin/tp-constraints
2025-10-30T16:27:59.053Z - info: No pages needed to be rebuilt
2025-10-30T16:28:07.828Z - info: Building /Users/damithch/Repos/nus-cs2103/cs2103-website-base/admin/tp-ped as some of its dependencies were changed since the last visit
2025-10-30T16:28:08.763Z - info: Site data built
2025-10-30T16:28:08.763Z - info: Lazy website regeneration complete! Total build time: 0.936s
2025-10-30T16:28:30.818Z - info: [00:28:30] Reload for file change: /Users/damithch/Repos/nus-cs2103/cs2103-website-base/admin/tp-pe-bug-triaging-guidelines-fragment.md
2025-10-30T16:28:30.819Z - info: Synchronizing opened pages list before reload
2025-10-30T16:28:30.819Z - info: Current opened pages, from most-to-least recent:
2025-10-30T16:28:30.819Z - info: 1. admin/tp-ped
2025-10-30T16:28:31.835Z - info: Rebuilding 1 pages
2025-10-30T16:28:32.762Z - info: Site data built
2025-10-30T16:28:32.762Z - info: Pages rebuilt
2025-10-30T16:28:32.762Z - info: Website regeneration complete! Total build time: 0.928s
2025-10-30T16:29:00.685Z - info: [00:29:00] Reload for file change: /Users/damithch/Repos/nus-cs2103/cs2103-website-base/admin/tp-pe-bug-triaging-guidelines-fragment.md
2025-10-30T16:29:00.688Z - info: Synchronizing opened pages list before reload
2025-10-30T16:29:00.689Z - info: Current opened pages, from most-to-least recent:
2025-10-30T16:29:00.689Z - info: 1. admin/tp-ped
2025-10-30T16:29:01.700Z - info: Rebuilding 1 pages
2025-10-30T16:29:02.641Z - info: Site data built
2025-10-30T16:29:02.641Z - info: Pages rebuilt
2025-10-30T16:29:02.641Z - info: Website regeneration complete! Total build time: 0.944s
2025-10-30T16:29:34.379Z - info: Website generation started at 00:29:33
2025-10-30T16:29:34.805Z - warn: ENOENT: no such file or directory, open '/Users/damithch/Repos/nus-cs2103/cs2103-website-base/node_modules/.cache/gh-pages/https!github.com!nus-cs2103-AY2526S1!website.git/book/_markbind/variables.md'
2025-10-30T16:29:34.806Z - warn: ENOENT: no such file or directory, open '/Users/damithch/Repos/nus-cs2103/cs2103-website-base/node_modules/.cache/gh-pages/https!github.com!nus-cs2103-AY2526S1!website.git/_markbind/variables.md'
2025-10-30T16:29:34.825Z - info: Building assets...
