2025-10-07T07:18:49.820Z - info: Website generation (lazy) started at 15:18:48
2025-10-07T07:18:50.562Z - warn: ENOENT: no such file or directory, open '/Users/damithch/Repos/nus-cs2103/cs2103-website-base/node_modules/.cache/gh-pages/https!github.com!nus-cs2103-AY2526S1!website.git/book/_markbind/variables.md'
2025-10-07T07:18:50.563Z - warn: ENOENT: no such file or directory, open '/Users/damithch/Repos/nus-cs2103/cs2103-website-base/node_modules/.cache/gh-pages/https!github.com!nus-cs2103-AY2526S1!website.git/_markbind/variables.md'
2025-10-07T07:18:50.584Z - info: Building assets...
2025-10-07T07:18:53.286Z - info: Assets built
2025-10-07T07:18:53.286Z - info: Generating landing page...
2025-10-07T07:18:53.792Z - info: Landing page built, other pages will be built as you navigate to them!
2025-10-07T07:18:53.864Z - info: Site data built
2025-10-07T07:18:53.864Z - info: Website generation (lazy) complete! Total build time: 5.51s
2025-10-07T07:18:53.875Z - info: Serving "/Users/damithch/Repos/nus-cs2103/cs2103-website-base/_site" at http://127.0.0.1:8080
2025-10-07T07:18:53.875Z - info: Press CTRL+C to stop ...
2025-10-07T07:19:02.917Z - info: Building /Users/damithch/Repos/nus-cs2103/cs2103-website-base/admin/uml-reference-sheet as some of its dependencies were changed since the last visit
2025-10-07T07:19:03.061Z - info: Site data built
2025-10-07T07:19:03.061Z - info: Lazy website regeneration complete! Total build time: 0.144s
2025-10-07T07:20:53.963Z - info: [15:20:53] Reload for file deletion: /Users/damithch/Repos/nus-cs2103/cs2103-website-base/admin/images/uml/ad-1.png
2025-10-07T07:20:53.965Z - info: Synchronizing opened pages list before reload
2025-10-07T07:20:53.966Z - info: Current opened pages, from most-to-least recent:
2025-10-07T07:20:53.966Z - info: 1. admin/uml-reference-sheet
2025-10-07T07:20:53.966Z - info: 2. index
2025-10-07T07:20:53.968Z - info: [15:20:53] Reload for file deletion: /Users/damithch/Repos/nus-cs2103/cs2103-website-base/admin/images/uml/ad-2.png
2025-10-07T07:20:53.968Z - info: Synchronizing opened pages list before reload
2025-10-07T07:20:53.969Z - info: Current opened pages, from most-to-least recent:
2025-10-07T07:20:53.969Z - info: 1. admin/uml-reference-sheet
2025-10-07T07:20:53.969Z - info: 2. index
2025-10-07T07:20:53.970Z - info: [15:20:53] Reload for file deletion: /Users/damithch/Repos/nus-cs2103/cs2103-website-base/admin/images/uml/cd-1.png
2025-10-07T07:20:53.971Z - info: Synchronizing opened pages list before reload
2025-10-07T07:20:53.971Z - info: Current opened pages, from most-to-least recent:
2025-10-07T07:20:53.971Z - info: 1. admin/uml-reference-sheet
2025-10-07T07:20:53.971Z - info: 2. index
2025-10-07T07:20:54.195Z - info: [15:20:54] Reload for file deletion: /Users/damithch/Repos/nus-cs2103/cs2103-website-base/admin/images/uml/cd-2.png
2025-10-07T07:20:54.195Z - info: Synchronizing opened pages list before reload
2025-10-07T07:20:54.195Z - info: Current opened pages, from most-to-least recent:
2025-10-07T07:20:54.195Z - info: 1. admin/uml-reference-sheet
2025-10-07T07:20:54.195Z - info: 2. index
2025-10-07T07:20:54.196Z - info: [15:20:54] Reload for file deletion: /Users/damithch/Repos/nus-cs2103/cs2103-website-base/admin/images/uml/cd-3.png
2025-10-07T07:20:54.196Z - info: Synchronizing opened pages list before reload
2025-10-07T07:20:54.196Z - info: Current opened pages, from most-to-least recent:
2025-10-07T07:20:54.196Z - info: 1. admin/uml-reference-sheet
2025-10-07T07:20:54.196Z - info: 2. index
2025-10-07T07:20:54.196Z - info: [15:20:54] Reload for file deletion: /Users/damithch/Repos/nus-cs2103/cs2103-website-base/admin/images/uml/notes.png
2025-10-07T07:20:54.196Z - info: Synchronizing opened pages list before reload
2025-10-07T07:20:54.196Z - info: Current opened pages, from most-to-least recent:
2025-10-07T07:20:54.196Z - info: 1. admin/uml-reference-sheet
2025-10-07T07:20:54.196Z - info: 2. index
2025-10-07T07:20:54.196Z - info: [15:20:54] Reload for file deletion: /Users/damithch/Repos/nus-cs2103/cs2103-website-base/admin/images/uml/od.png
2025-10-07T07:20:54.196Z - info: Synchronizing opened pages list before reload
2025-10-07T07:20:54.196Z - info: Current opened pages, from most-to-least recent:
2025-10-07T07:20:54.196Z - info: 1. admin/uml-reference-sheet
2025-10-07T07:20:54.196Z - info: 2. index
2025-10-07T07:20:54.196Z - info: [15:20:54] Reload for file deletion: /Users/damithch/Repos/nus-cs2103/cs2103-website-base/admin/images/uml/sd-1.png
2025-10-07T07:20:54.196Z - info: Synchronizing opened pages list before reload
2025-10-07T07:20:54.196Z - info: Current opened pages, from most-to-least recent:
2025-10-07T07:20:54.196Z - info: 1. admin/uml-reference-sheet
2025-10-07T07:20:54.196Z - info: 2. index
2025-10-07T07:20:54.196Z - info: [15:20:54] Reload for file deletion: /Users/damithch/Repos/nus-cs2103/cs2103-website-base/admin/images/uml/sd-2.png
2025-10-07T07:20:54.196Z - info: Synchronizing opened pages list before reload
2025-10-07T07:20:54.196Z - info: Current opened pages, from most-to-least recent:
2025-10-07T07:20:54.196Z - info: 1. admin/uml-reference-sheet
2025-10-07T07:20:54.196Z - info: 2. index
2025-10-07T07:20:54.196Z - info: [15:20:54] Reload for file deletion: /Users/damithch/Repos/nus-cs2103/cs2103-website-base/admin/images/uml/uc.png
2025-10-07T07:20:54.196Z - info: Synchronizing opened pages list before reload
2025-10-07T07:20:54.196Z - info: Current opened pages, from most-to-least recent:
2025-10-07T07:20:54.196Z - info: 1. admin/uml-reference-sheet
2025-10-07T07:20:54.196Z - info: 2. index
2025-10-07T07:20:55.082Z - debug: Assets removed
2025-10-07T07:31:21.022Z - info: [15:31:21] Reload for file add: /Users/damithch/Repos/nus-cs2103/cs2103-website-base/admin/images/uml/Slide1.png
2025-10-07T07:31:21.023Z - info: Synchronizing opened pages list before reload
2025-10-07T07:31:21.023Z - info: Current opened pages, from most-to-least recent:
2025-10-07T07:31:21.023Z - info: 1. admin/uml-reference-sheet
2025-10-07T07:31:21.023Z - info: 2. index
2025-10-07T07:31:21.024Z - info: [15:31:21] Reload for file add: /Users/damithch/Repos/nus-cs2103/cs2103-website-base/admin/images/uml/Slide2.png
2025-10-07T07:31:21.024Z - info: Synchronizing opened pages list before reload
2025-10-07T07:31:21.024Z - info: Current opened pages, from most-to-least recent:
2025-10-07T07:31:21.024Z - info: 1. admin/uml-reference-sheet
2025-10-07T07:31:21.024Z - info: 2. index
2025-10-07T07:31:21.024Z - info: [15:31:21] Reload for file add: /Users/damithch/Repos/nus-cs2103/cs2103-website-base/admin/images/uml/Slide3.png
2025-10-07T07:31:21.024Z - info: Synchronizing opened pages list before reload
2025-10-07T07:31:21.024Z - info: Current opened pages, from most-to-least recent:
2025-10-07T07:31:21.024Z - info: 1. admin/uml-reference-sheet
2025-10-07T07:31:21.024Z - info: 2. index
2025-10-07T07:31:21.024Z - info: [15:31:21] Reload for file add: /Users/damithch/Repos/nus-cs2103/cs2103-website-base/admin/images/uml/Slide4.png
2025-10-07T07:31:21.024Z - info: Synchronizing opened pages list before reload
2025-10-07T07:31:21.024Z - info: Current opened pages, from most-to-least recent:
2025-10-07T07:31:21.024Z - info: 1. admin/uml-reference-sheet
2025-10-07T07:31:21.024Z - info: 2. index
2025-10-07T07:31:21.024Z - info: [15:31:21] Reload for file add: /Users/damithch/Repos/nus-cs2103/cs2103-website-base/admin/images/uml/Slide5.png
2025-10-07T07:31:21.024Z - info: Synchronizing opened pages list before reload
2025-10-07T07:31:21.025Z - info: Current opened pages, from most-to-least recent:
2025-10-07T07:31:21.025Z - info: 1. admin/uml-reference-sheet
2025-10-07T07:31:21.025Z - info: 2. index
2025-10-07T07:31:21.025Z - info: [15:31:21] Reload for file add: /Users/damithch/Repos/nus-cs2103/cs2103-website-base/admin/images/uml/Slide6.png
2025-10-07T07:31:21.025Z - info: Synchronizing opened pages list before reload
2025-10-07T07:31:21.025Z - info: Current opened pages, from most-to-least recent:
2025-10-07T07:31:21.025Z - info: 1. admin/uml-reference-sheet
2025-10-07T07:31:21.025Z - info: 2. index
2025-10-07T07:31:21.025Z - info: [15:31:21] Reload for file add: /Users/damithch/Repos/nus-cs2103/cs2103-website-base/admin/images/uml/Slide7.png
2025-10-07T07:31:21.025Z - info: Synchronizing opened pages list before reload
2025-10-07T07:31:21.025Z - info: Current opened pages, from most-to-least recent:
2025-10-07T07:31:21.026Z - info: 1. admin/uml-reference-sheet
2025-10-07T07:31:21.026Z - info: 2. index
2025-10-07T07:31:21.026Z - info: [15:31:21] Reload for file add: /Users/damithch/Repos/nus-cs2103/cs2103-website-base/admin/images/uml/Slide8.png
2025-10-07T07:31:21.026Z - info: Synchronizing opened pages list before reload
2025-10-07T07:31:21.027Z - info: Current opened pages, from most-to-least recent:
2025-10-07T07:31:21.027Z - info: 1. admin/uml-reference-sheet
2025-10-07T07:31:21.027Z - info: 2. index
2025-10-07T07:31:21.027Z - info: [15:31:21] Reload for file add: /Users/damithch/Repos/nus-cs2103/cs2103-website-base/admin/images/uml/Slide9.png
2025-10-07T07:31:21.027Z - info: Synchronizing opened pages list before reload
2025-10-07T07:31:21.027Z - info: Current opened pages, from most-to-least recent:
2025-10-07T07:31:21.027Z - info: 1. admin/uml-reference-sheet
2025-10-07T07:31:21.027Z - info: 2. index
2025-10-07T07:31:21.500Z - info: [15:31:21] Reload for file add: /Users/damithch/Repos/nus-cs2103/cs2103-website-base/admin/images/uml/Slide10.png
2025-10-07T07:31:21.500Z - info: Synchronizing opened pages list before reload
2025-10-07T07:31:21.500Z - info: Current opened pages, from most-to-least recent:
2025-10-07T07:31:21.500Z - info: 1. admin/uml-reference-sheet
2025-10-07T07:31:21.500Z - info: 2. index
2025-10-07T07:31:22.126Z - info: Assets built
2025-10-07T07:32:04.284Z - info: [15:32:04] Reload for file change: /Users/damithch/Repos/nus-cs2103/cs2103-website-base/admin/uml-reference-sheet.md
2025-10-07T07:32:04.285Z - info: Synchronizing opened pages list before reload
2025-10-07T07:32:04.285Z - info: Current opened pages, from most-to-least recent:
2025-10-07T07:32:04.285Z - info: 1. admin/uml-reference-sheet
2025-10-07T07:32:04.285Z - info: 2. index
2025-10-07T07:32:05.300Z - info: Rebuilding 1 pages
2025-10-07T07:32:05.403Z - info: Site data built
2025-10-07T07:32:05.403Z - info: Pages rebuilt
2025-10-07T07:32:05.403Z - info: Website regeneration complete! Total build time: 0.106s
2025-10-07T07:32:14.712Z - info: [15:32:14] Reload for file change: /Users/damithch/Repos/nus-cs2103/cs2103-website-base/admin/uml-reference-sheet.md
2025-10-07T07:32:14.712Z - info: Synchronizing opened pages list before reload
2025-10-07T07:32:14.712Z - info: Current opened pages, from most-to-least recent:
2025-10-07T07:32:14.713Z - info: 1. admin/uml-reference-sheet
2025-10-07T07:32:15.725Z - info: Rebuilding 1 pages
2025-10-07T07:32:15.781Z - info: Site data built
2025-10-07T07:32:15.781Z - info: Pages rebuilt
2025-10-07T07:32:15.781Z - info: Website regeneration complete! Total build time: 0.058s
2025-10-07T07:37:11.689Z - info: [15:37:11] Reload for file deletion: /Users/damithch/Repos/nus-cs2103/cs2103-website-base/admin/images/uml/Slide3.png
2025-10-07T07:37:11.690Z - info: Synchronizing opened pages list before reload
2025-10-07T07:37:11.691Z - info: Current opened pages, from most-to-least recent:
2025-10-07T07:37:11.691Z - info: 1. admin/uml-reference-sheet
2025-10-07T07:37:11.832Z - info: [15:37:11] Reload for file add: /Users/damithch/Repos/nus-cs2103/cs2103-website-base/admin/images/uml/Slide3.png
2025-10-07T07:37:11.832Z - info: Synchronizing opened pages list before reload
2025-10-07T07:37:11.832Z - info: Current opened pages, from most-to-least recent:
2025-10-07T07:37:11.832Z - info: 1. admin/uml-reference-sheet
2025-10-07T07:37:11.885Z - info: [15:37:11] Reload for file change: /Users/damithch/Repos/nus-cs2103/cs2103-website-base/admin/images/uml/Slide7.png
2025-10-07T07:37:11.885Z - info: Synchronizing opened pages list before reload
2025-10-07T07:37:11.885Z - info: Current opened pages, from most-to-least recent:
2025-10-07T07:37:11.885Z - info: 1. admin/uml-reference-sheet
2025-10-07T07:37:11.885Z - info: [15:37:11] Reload for file change: /Users/damithch/Repos/nus-cs2103/cs2103-website-base/admin/images/uml/Slide1.png
2025-10-07T07:37:11.885Z - info: Synchronizing opened pages list before reload
2025-10-07T07:37:11.885Z - info: Current opened pages, from most-to-least recent:
2025-10-07T07:37:11.885Z - info: 1. admin/uml-reference-sheet
2025-10-07T07:37:11.885Z - info: [15:37:11] Reload for file change: /Users/damithch/Repos/nus-cs2103/cs2103-website-base/admin/images/uml/Slide5.png
2025-10-07T07:37:11.885Z - info: Synchronizing opened pages list before reload
2025-10-07T07:37:11.885Z - info: Current opened pages, from most-to-least recent:
2025-10-07T07:37:11.885Z - info: 1. admin/uml-reference-sheet
2025-10-07T07:37:11.885Z - info: [15:37:11] Reload for file change: /Users/damithch/Repos/nus-cs2103/cs2103-website-base/admin/images/uml/Slide4.png
2025-10-07T07:37:11.885Z - info: Synchronizing opened pages list before reload
2025-10-07T07:37:11.885Z - info: Current opened pages, from most-to-least recent:
2025-10-07T07:37:11.885Z - info: 1. admin/uml-reference-sheet
2025-10-07T07:37:11.885Z - info: [15:37:11] Reload for file change: /Users/damithch/Repos/nus-cs2103/cs2103-website-base/admin/images/uml/Slide8.png
2025-10-07T07:37:11.885Z - info: Synchronizing opened pages list before reload
2025-10-07T07:37:11.885Z - info: Current opened pages, from most-to-least recent:
2025-10-07T07:37:11.885Z - info: 1. admin/uml-reference-sheet
2025-10-07T07:37:11.885Z - info: [15:37:11] Reload for file change: /Users/damithch/Repos/nus-cs2103/cs2103-website-base/admin/images/uml/Slide9.png
2025-10-07T07:37:11.885Z - info: Synchronizing opened pages list before reload
2025-10-07T07:37:11.885Z - info: Current opened pages, from most-to-least recent:
2025-10-07T07:37:11.885Z - info: 1. admin/uml-reference-sheet
2025-10-07T07:37:11.885Z - info: [15:37:11] Reload for file change: /Users/damithch/Repos/nus-cs2103/cs2103-website-base/admin/images/uml/Slide2.png
2025-10-07T07:37:11.885Z - info: Synchronizing opened pages list before reload
2025-10-07T07:37:11.885Z - info: Current opened pages, from most-to-least recent:
2025-10-07T07:37:11.885Z - info: 1. admin/uml-reference-sheet
2025-10-07T07:37:11.885Z - info: [15:37:11] Reload for file change: /Users/damithch/Repos/nus-cs2103/cs2103-website-base/admin/images/uml/Slide6.png
2025-10-07T07:37:11.885Z - info: Synchronizing opened pages list before reload
2025-10-07T07:37:11.885Z - info: Current opened pages, from most-to-least recent:
2025-10-07T07:37:11.885Z - info: 1. admin/uml-reference-sheet
2025-10-07T07:37:11.987Z - info: [15:37:11] Reload for file change: /Users/damithch/Repos/nus-cs2103/cs2103-website-base/admin/images/uml/Slide10.png
2025-10-07T07:37:11.987Z - info: Synchronizing opened pages list before reload
2025-10-07T07:37:11.987Z - info: Current opened pages, from most-to-least recent:
2025-10-07T07:37:11.987Z - info: 1. admin/uml-reference-sheet
2025-10-07T07:37:12.831Z - debug: Assets removed
2025-10-07T07:37:12.892Z - info: Assets built
2025-10-07T07:38:10.651Z - info: Website generation started at 15:38:09
2025-10-07T07:38:11.065Z - warn: ENOENT: no such file or directory, open '/Users/damithch/Repos/nus-cs2103/cs2103-website-base/node_modules/.cache/gh-pages/https!github.com!nus-cs2103-AY2526S1!website.git/book/_markbind/variables.md'
2025-10-07T07:38:11.065Z - warn: ENOENT: no such file or directory, open '/Users/damithch/Repos/nus-cs2103/cs2103-website-base/node_modules/.cache/gh-pages/https!github.com!nus-cs2103-AY2526S1!website.git/_markbind/variables.md'
2025-10-07T07:38:11.084Z - info: Building assets...
